{"/Users/zhongjiafeng/Desktop/5000_Project/github/githubuniver/univer/packages/docs-drawing-ui/tailwind.config.ts": {"path":"/Users/zhongjiafeng/Desktop/5000_Project/github/githubuniver/univer/packages/docs-drawing-ui/tailwind.config.ts","statementMap":{"0":{"start":{"line":20,"column":23},"end":{"line":25,"column":null}}},"fnMap":{},"branchMap":{},"s":{"0":0},"f":{},"b":{}}
,"/Users/zhongjiafeng/Desktop/5000_Project/github/githubuniver/univer/packages/docs-drawing-ui/src/plugin.ts": {"path":"/Users/zhongjiafeng/Desktop/5000_Project/github/githubuniver/univer/packages/docs-drawing-ui/src/plugin.ts","statementMap":{"0":{"start":{"line":35,"column":20},"end":{"line":35,"column":null}},"1":{"start":{"line":38,"column":7},"end":{"line":87,"column":null}},"2":{"start":{"line":48,"column":8},"end":{"line":48,"column":null}},"3":{"start":{"line":43,"column":25},"end":{"line":43,"column":72}},"4":{"start":{"line":44,"column":36},"end":{"line":44,"column":null}},"5":{"start":{"line":45,"column":48},"end":{"line":45,"column":null}},"6":{"start":{"line":46,"column":41},"end":{"line":46,"column":null}},"7":{"start":{"line":51,"column":28},"end":{"line":55,"column":null}},"8":{"start":{"line":56,"column":8},"end":{"line":56,"column":null}},"9":{"start":{"line":60,"column":43},"end":{"line":67,"column":null}},"10":{"start":{"line":69,"column":8},"end":{"line":69,"column":null}},"11":{"start":{"line":69,"column":45},"end":{"line":69,"column":75}},"12":{"start":{"line":73,"column":9},"end":{"line":76,"column":null}},"13":{"start":{"line":76,"column":42},"end":{"line":76,"column":119}},"14":{"start":{"line":78,"column":8},"end":{"line":78,"column":null}},"15":{"start":{"line":79,"column":8},"end":{"line":79,"column":null}},"16":{"start":{"line":80,"column":8},"end":{"line":80,"column":null}},"17":{"start":{"line":84,"column":8},"end":{"line":84,"column":null}},"18":{"start":{"line":85,"column":8},"end":{"line":85,"column":null}},"19":{"start":{"line":39,"column":4},"end":{"line":39,"column":null}},"20":{"start":{"line":40,"column":4},"end":{"line":40,"column":null}},"21":{"start":{"line":38,"column":13},"end":{"line":38,"column":47}}},"fnMap":{"0":{"name":"(anonymous_5)","decl":{"start":{"line":42,"column":4},"end":{"line":42,"column":null}},"loc":{"start":{"line":47,"column":6},"end":{"line":57,"column":null}}},"1":{"name":"(anonymous_6)","decl":{"start":{"line":59,"column":13},"end":{"line":59,"column":32}},"loc":{"start":{"line":59,"column":32},"end":{"line":70,"column":null}}},"2":{"name":"(anonymous_7)","decl":{"start":{"line":69,"column":29},"end":{"line":69,"column":30}},"loc":{"start":{"line":69,"column":45},"end":{"line":69,"column":75}}},"3":{"name":"(anonymous_8)","decl":{"start":{"line":72,"column":13},"end":{"line":72,"column":29}},"loc":{"start":{"line":72,"column":29},"end":{"line":81,"column":null}}},"4":{"name":"(anonymous_9)","decl":{"start":{"line":76,"column":35},"end":{"line":76,"column":36}},"loc":{"start":{"line":76,"column":42},"end":{"line":76,"column":119}}},"5":{"name":"(anonymous_10)","decl":{"start":{"line":83,"column":13},"end":{"line":83,"column":32}},"loc":{"start":{"line":83,"column":32},"end":{"line":86,"column":null}}}},"branchMap":{"0":{"loc":{"start":{"line":43,"column":25},"end":{"line":43,"column":null}},"type":"default-arg","locations":[{"start":{"line":43,"column":72},"end":{"line":43,"column":null}}]}},"s":{"0":0,"1":0,"2":0,"3":0,"4":0,"5":0,"6":0,"7":0,"8":0,"9":0,"10":0,"11":0,"12":0,"13":0,"14":0,"15":0,"16":0,"17":0,"18":0,"19":0,"20":0,"21":0},"f":{"0":0,"1":0,"2":0,"3":0,"4":0,"5":0},"b":{"0":[0]}}
,"/Users/zhongjiafeng/Desktop/5000_Project/github/githubuniver/univer/packages/docs-drawing-ui/src/commands/commands/delete-doc-drawing.command.ts": {"path":"/Users/zhongjiafeng/Desktop/5000_Project/github/githubuniver/univer/packages/docs-drawing-ui/src/commands/commands/delete-doc-drawing.command.ts","statementMap":{"0":{"start":{"line":24,"column":50},"end":{"line":54,"column":null}},"1":{"start":{"line":28,"column":31},"end":{"line":28,"column":null}},"2":{"start":{"line":29,"column":34},"end":{"line":29,"column":null}},"3":{"start":{"line":31,"column":25},"end":{"line":31,"column":null}},"4":{"start":{"line":33,"column":8},"end":{"line":35,"column":null}},"5":{"start":{"line":34,"column":12},"end":{"line":34,"column":null}},"6":{"start":{"line":37,"column":27},"end":{"line":37,"column":null}},"7":{"start":{"line":39,"column":28},"end":{"line":48,"column":null}},"8":{"start":{"line":40,"column":66},"end":{"line":40,"column":null}},"9":{"start":{"line":42,"column":12},"end":{"line":47,"column":null}},"10":{"start":{"line":49,"column":8},"end":{"line":52,"column":null}}},"fnMap":{"0":{"name":"(anonymous_0)","decl":{"start":{"line":27,"column":13},"end":{"line":27,"column":14}},"loc":{"start":{"line":27,"column":38},"end":{"line":53,"column":null}}},"1":{"name":"(anonymous_1)","decl":{"start":{"line":39,"column":41},"end":{"line":39,"column":42}},"loc":{"start":{"line":39,"column":54},"end":{"line":48,"column":9}}}},"branchMap":{"0":{"loc":{"start":{"line":33,"column":8},"end":{"line":35,"column":null}},"type":"if","locations":[{"start":{"line":33,"column":8},"end":{"line":35,"column":null}},{"start":{},"end":{}}]}},"s":{"0":0,"1":0,"2":0,"3":0,"4":0,"5":0,"6":0,"7":0,"8":0,"9":0,"10":0},"f":{"0":0,"1":0},"b":{"0":[0,0]}}
,"/Users/zhongjiafeng/Desktop/5000_Project/github/githubuniver/univer/packages/docs-drawing-ui/src/commands/commands/group-doc-drawing.command.ts": {"path":"/Users/zhongjiafeng/Desktop/5000_Project/github/githubuniver/univer/packages/docs-drawing-ui/src/commands/commands/group-doc-drawing.command.ts","statementMap":{"0":{"start":{"line":29,"column":48},"end":{"line":72,"column":null}},"1":{"start":{"line":33,"column":31},"end":{"line":33,"column":null}},"2":{"start":{"line":34,"column":32},"end":{"line":34,"column":null}},"3":{"start":{"line":35,"column":34},"end":{"line":35,"column":null}},"4":{"start":{"line":37,"column":8},"end":{"line":37,"column":null}},"5":{"start":{"line":37,"column":21},"end":{"line":37,"column":null}},"6":{"start":{"line":39,"column":34},"end":{"line":39,"column":null}},"7":{"start":{"line":40,"column":8},"end":{"line":45,"column":null}},"8":{"start":{"line":41,"column":12},"end":{"line":41,"column":null}},"9":{"start":{"line":42,"column":12},"end":{"line":44,"column":null}},"10":{"start":{"line":43,"column":16},"end":{"line":43,"column":null}},"11":{"start":{"line":48,"column":23},"end":{"line":48,"column":null}},"12":{"start":{"line":50,"column":59},"end":{"line":50,"column":null}},"13":{"start":{"line":70,"column":8},"end":{"line":70,"column":null}}},"fnMap":{"0":{"name":"(anonymous_0)","decl":{"start":{"line":32,"column":13},"end":{"line":32,"column":14}},"loc":{"start":{"line":32,"column":75},"end":{"line":71,"column":null}}},"1":{"name":"(anonymous_1)","decl":{"start":{"line":40,"column":23},"end":{"line":40,"column":24}},"loc":{"start":{"line":40,"column":49},"end":{"line":45,"column":9}}},"2":{"name":"(anonymous_2)","decl":{"start":{"line":42,"column":29},"end":{"line":42,"column":30}},"loc":{"start":{"line":42,"column":40},"end":{"line":44,"column":13}}}},"branchMap":{"0":{"loc":{"start":{"line":37,"column":8},"end":{"line":37,"column":null}},"type":"if","locations":[{"start":{"line":37,"column":8},"end":{"line":37,"column":null}},{"start":{},"end":{}}]}},"s":{"0":0,"1":0,"2":0,"3":0,"4":0,"5":0,"6":0,"7":0,"8":0,"9":0,"10":0,"11":0,"12":0,"13":0},"f":{"0":0,"1":0,"2":0},"b":{"0":[0,0]}}
,"/Users/zhongjiafeng/Desktop/5000_Project/github/githubuniver/univer/packages/docs-drawing-ui/src/commands/commands/insert-doc-drawing.command.ts": {"path":"/Users/zhongjiafeng/Desktop/5000_Project/github/githubuniver/univer/packages/docs-drawing-ui/src/commands/commands/insert-doc-drawing.command.ts","statementMap":{"0":{"start":{"line":35,"column":49},"end":{"line":161,"column":null}},"1":{"start":{"line":42,"column":8},"end":{"line":44,"column":null}},"2":{"start":{"line":43,"column":12},"end":{"line":43,"column":null}},"3":{"start":{"line":45,"column":31},"end":{"line":45,"column":null}},"4":{"start":{"line":46,"column":43},"end":{"line":46,"column":null}},"5":{"start":{"line":47,"column":38},"end":{"line":47,"column":null}},"6":{"start":{"line":49,"column":32},"end":{"line":49,"column":null}},"7":{"start":{"line":50,"column":34},"end":{"line":50,"column":null}},"8":{"start":{"line":51,"column":8},"end":{"line":53,"column":null}},"9":{"start":{"line":52,"column":12},"end":{"line":52,"column":null}},"10":{"start":{"line":55,"column":23},"end":{"line":55,"column":null}},"11":{"start":{"line":56,"column":29},"end":{"line":56,"column":null}},"12":{"start":{"line":57,"column":54},"end":{"line":57,"column":null}},"13":{"start":{"line":58,"column":21},"end":{"line":58,"column":null}},"14":{"start":{"line":60,"column":8},"end":{"line":62,"column":null}},"15":{"start":{"line":61,"column":12},"end":{"line":61,"column":null}},"16":{"start":{"line":64,"column":22},"end":{"line":64,"column":null}},"17":{"start":{"line":65,"column":22},"end":{"line":65,"column":null}},"18":{"start":{"line":66,"column":41},"end":{"line":66,"column":null}},"19":{"start":{"line":67,"column":35},"end":{"line":67,"column":null}},"20":{"start":{"line":68,"column":31},"end":{"line":68,"column":null}},"21":{"start":{"line":71,"column":8},"end":{"line":112,"column":null}},"22":{"start":{"line":72,"column":12},"end":{"line":77,"column":null}},"23":{"start":{"line":73,"column":16},"end":{"line":76,"column":null}},"24":{"start":{"line":79,"column":24},"end":{"line":79,"column":null}},"25":{"start":{"line":80,"column":12},"end":{"line":80,"column":null}},"26":{"start":{"line":82,"column":42},"end":{"line":82,"column":null}},"27":{"start":{"line":83,"column":29},"end":{"line":83,"column":null}},"28":{"start":{"line":84,"column":33},"end":{"line":84,"column":null}},"29":{"start":{"line":85,"column":48},"end":{"line":93,"column":null}},"30":{"start":{"line":86,"column":16},"end":{"line":90,"column":null}},"31":{"start":{"line":87,"column":20},"end":{"line":87,"column":null}},"32":{"start":{"line":88,"column":16},"end":{"line":90,"column":null}},"33":{"start":{"line":89,"column":20},"end":{"line":89,"column":null}},"34":{"start":{"line":92,"column":16},"end":{"line":92,"column":null}},"35":{"start":{"line":95,"column":12},"end":{"line":111,"column":null}},"36":{"start":{"line":96,"column":16},"end":{"line":110,"column":null}},"37":{"start":{"line":97,"column":36},"end":{"line":97,"column":null}},"38":{"start":{"line":98,"column":41},"end":{"line":98,"column":null}},"39":{"start":{"line":99,"column":20},"end":{"line":101,"column":null}},"40":{"start":{"line":100,"column":24},"end":{"line":100,"column":null}},"41":{"start":{"line":103,"column":48},"end":{"line":103,"column":null}},"42":{"start":{"line":104,"column":53},"end":{"line":104,"column":null}},"43":{"start":{"line":106,"column":20},"end":{"line":106,"column":null}},"44":{"start":{"line":107,"column":20},"end":{"line":107,"column":null}},"45":{"start":{"line":109,"column":20},"end":{"line":109,"column":null}},"46":{"start":{"line":114,"column":8},"end":{"line":124,"column":null}},"47":{"start":{"line":118,"column":60},"end":{"line":121,"column":18}},"48":{"start":{"line":126,"column":21},"end":{"line":126,"column":null}},"49":{"start":{"line":127,"column":34},"end":{"line":127,"column":null}},"50":{"start":{"line":129,"column":8},"end":{"line":129,"column":null}},"51":{"start":{"line":132,"column":8},"end":{"line":139,"column":null}},"52":{"start":{"line":133,"column":34},"end":{"line":133,"column":null}},"53":{"start":{"line":134,"column":37},"end":{"line":134,"column":null}},"54":{"start":{"line":135,"column":42},"end":{"line":135,"column":null}},"55":{"start":{"line":137,"column":12},"end":{"line":137,"column":null}},"56":{"start":{"line":138,"column":12},"end":{"line":138,"column":null}},"57":{"start":{"line":141,"column":74},"end":{"line":148,"column":null}},"58":{"start":{"line":150,"column":8},"end":{"line":152,"column":null}},"59":{"start":{"line":151,"column":12},"end":{"line":151,"column":null}},"60":{"start":{"line":154,"column":23},"end":{"line":157,"column":null}},"61":{"start":{"line":159,"column":8},"end":{"line":159,"column":null}}},"fnMap":{"0":{"name":"(anonymous_0)","decl":{"start":{"line":41,"column":13},"end":{"line":41,"column":14}},"loc":{"start":{"line":41,"column":76},"end":{"line":160,"column":null}}},"1":{"name":"(anonymous_1)","decl":{"start":{"line":85,"column":75},"end":{"line":85,"column":76}},"loc":{"start":{"line":85,"column":85},"end":{"line":93,"column":13}}},"2":{"name":"(anonymous_2)","decl":{"start":{"line":118,"column":43},"end":{"line":118,"column":44}},"loc":{"start":{"line":118,"column":60},"end":{"line":121,"column":18}}},"3":{"name":"(anonymous_3)","decl":{"start":{"line":150,"column":54},"end":{"line":150,"column":55}},"loc":{"start":{"line":150,"column":68},"end":{"line":152,"column":11}}}},"branchMap":{"0":{"loc":{"start":{"line":42,"column":8},"end":{"line":44,"column":null}},"type":"if","locations":[{"start":{"line":42,"column":8},"end":{"line":44,"column":null}},{"start":{},"end":{}}]},"1":{"loc":{"start":{"line":51,"column":8},"end":{"line":53,"column":null}},"type":"if","locations":[{"start":{"line":51,"column":8},"end":{"line":53,"column":null}},{"start":{},"end":{}}]},"2":{"loc":{"start":{"line":51,"column":12},"end":{"line":51,"column":66}},"type":"binary-expr","locations":[{"start":{"line":51,"column":12},"end":{"line":51,"column":39}},{"start":{"line":51,"column":39},"end":{"line":51,"column":66}}]},"3":{"loc":{"start":{"line":60,"column":8},"end":{"line":62,"column":null}},"type":"if","locations":[{"start":{"line":60,"column":8},"end":{"line":62,"column":null}},{"start":{},"end":{}}]},"4":{"loc":{"start":{"line":67,"column":35},"end":{"line":67,"column":null}},"type":"binary-expr","locations":[{"start":{"line":67,"column":35},"end":{"line":67,"column":92}},{"start":{"line":67,"column":92},"end":{"line":67,"column":null}}]},"5":{"loc":{"start":{"line":71,"column":8},"end":{"line":112,"column":null}},"type":"if","locations":[{"start":{"line":71,"column":8},"end":{"line":112,"column":null}},{"start":{"line":78,"column":15},"end":{"line":112,"column":null}}]},"6":{"loc":{"start":{"line":72,"column":12},"end":{"line":77,"column":null}},"type":"if","locations":[{"start":{"line":72,"column":12},"end":{"line":77,"column":null}},{"start":{},"end":{}}]},"7":{"loc":{"start":{"line":83,"column":29},"end":{"line":83,"column":null}},"type":"binary-expr","locations":[{"start":{"line":83,"column":29},"end":{"line":83,"column":64}},{"start":{"line":83,"column":64},"end":{"line":83,"column":null}}]},"8":{"loc":{"start":{"line":84,"column":33},"end":{"line":84,"column":null}},"type":"binary-expr","locations":[{"start":{"line":84,"column":33},"end":{"line":84,"column":73}},{"start":{"line":84,"column":73},"end":{"line":84,"column":null}}]},"9":{"loc":{"start":{"line":86,"column":16},"end":{"line":90,"column":null}},"type":"if","locations":[{"start":{"line":86,"column":16},"end":{"line":90,"column":null}},{"start":{"line":88,"column":16},"end":{"line":90,"column":null}}]},"10":{"loc":{"start":{"line":88,"column":16},"end":{"line":90,"column":null}},"type":"if","locations":[{"start":{"line":88,"column":16},"end":{"line":90,"column":null}},{"start":{},"end":{}}]},"11":{"loc":{"start":{"line":95,"column":12},"end":{"line":111,"column":null}},"type":"if","locations":[{"start":{"line":95,"column":12},"end":{"line":111,"column":null}},{"start":{},"end":{}}]},"12":{"loc":{"start":{"line":99,"column":20},"end":{"line":101,"column":null}},"type":"if","locations":[{"start":{"line":99,"column":20},"end":{"line":101,"column":null}},{"start":{},"end":{}}]},"13":{"loc":{"start":{"line":99,"column":24},"end":{"line":99,"column":61}},"type":"binary-expr","locations":[{"start":{"line":99,"column":24},"end":{"line":99,"column":43}},{"start":{"line":99,"column":43},"end":{"line":99,"column":61}}]}},"s":{"0":0,"1":0,"2":0,"3":0,"4":0,"5":0,"6":0,"7":0,"8":0,"9":0,"10":0,"11":0,"12":0,"13":0,"14":0,"15":0,"16":0,"17":0,"18":0,"19":0,"20":0,"21":0,"22":0,"23":0,"24":0,"25":0,"26":0,"27":0,"28":0,"29":0,"30":0,"31":0,"32":0,"33":0,"34":0,"35":0,"36":0,"37":0,"38":0,"39":0,"40":0,"41":0,"42":0,"43":0,"44":0,"45":0,"46":0,"47":0,"48":0,"49":0,"50":0,"51":0,"52":0,"53":0,"54":0,"55":0,"56":0,"57":0,"58":0,"59":0,"60":0,"61":0},"f":{"0":0,"1":0,"2":0,"3":0},"b":{"0":[0,0],"1":[0,0],"2":[0,0],"3":[0,0],"4":[0,0],"5":[0,0],"6":[0,0],"7":[0,0],"8":[0,0],"9":[0,0],"10":[0,0],"11":[0,0],"12":[0,0],"13":[0,0]}}
,"/Users/zhongjiafeng/Desktop/5000_Project/github/githubuniver/univer/packages/docs-drawing-ui/src/commands/commands/insert-image.command.ts": {"path":"/Users/zhongjiafeng/Desktop/5000_Project/github/githubuniver/univer/packages/docs-drawing-ui/src/commands/commands/insert-image.command.ts","statementMap":{"0":{"start":{"line":26,"column":77},"end":{"line":36,"column":null}},"1":{"start":{"line":30,"column":38},"end":{"line":30,"column":null}},"2":{"start":{"line":31,"column":37},"end":{"line":31,"column":null}},"3":{"start":{"line":32,"column":8},"end":{"line":34,"column":null}}},"fnMap":{"0":{"name":"(anonymous_0)","decl":{"start":{"line":29,"column":13},"end":{"line":29,"column":14}},"loc":{"start":{"line":29,"column":27},"end":{"line":35,"column":null}}}},"branchMap":{"0":{"loc":{"start":{"line":32,"column":15},"end":{"line":34,"column":null}},"type":"binary-expr","locations":[{"start":{"line":32,"column":15},"end":{"line":34,"column":33}},{"start":{"line":34,"column":33},"end":{"line":34,"column":null}}]}},"s":{"0":0,"1":0,"2":0,"3":0},"f":{"0":0},"b":{"0":[0,0]}}
,"/Users/zhongjiafeng/Desktop/5000_Project/github/githubuniver/univer/packages/docs-drawing-ui/src/commands/commands/move-drawings.command.ts": {"path":"/Users/zhongjiafeng/Desktop/5000_Project/github/githubuniver/univer/packages/docs-drawing-ui/src/commands/commands/move-drawings.command.ts","statementMap":{"0":{"start":{"line":29,"column":48},"end":{"line":104,"column":null}},"1":{"start":{"line":35,"column":31},"end":{"line":35,"column":null}},"2":{"start":{"line":36,"column":34},"end":{"line":36,"column":null}},"3":{"start":{"line":37,"column":38},"end":{"line":37,"column":null}},"4":{"start":{"line":38,"column":37},"end":{"line":38,"column":null}},"5":{"start":{"line":40,"column":30},"end":{"line":40,"column":null}},"6":{"start":{"line":42,"column":25},"end":{"line":42,"column":null}},"7":{"start":{"line":44,"column":8},"end":{"line":46,"column":null}},"8":{"start":{"line":45,"column":12},"end":{"line":45,"column":null}},"9":{"start":{"line":48,"column":23},"end":{"line":48,"column":null}},"10":{"start":{"line":50,"column":29},"end":{"line":50,"column":null}},"11":{"start":{"line":51,"column":22},"end":{"line":51,"column":null}},"12":{"start":{"line":52,"column":8},"end":{"line":54,"column":null}},"13":{"start":{"line":53,"column":12},"end":{"line":53,"column":null}},"14":{"start":{"line":55,"column":28},"end":{"line":55,"column":null}},"15":{"start":{"line":57,"column":34},"end":{"line":57,"column":null}},"16":{"start":{"line":59,"column":28},"end":{"line":88,"column":null}},"17":{"start":{"line":60,"column":34},"end":{"line":60,"column":null}},"18":{"start":{"line":61,"column":32},"end":{"line":61,"column":null}},"19":{"start":{"line":64,"column":12},"end":{"line":66,"column":null}},"20":{"start":{"line":65,"column":16},"end":{"line":65,"column":null}},"21":{"start":{"line":68,"column":45},"end":{"line":68,"column":null}},"22":{"start":{"line":70,"column":33},"end":{"line":70,"column":null}},"23":{"start":{"line":71,"column":33},"end":{"line":71,"column":null}},"24":{"start":{"line":73,"column":12},"end":{"line":81,"column":null}},"25":{"start":{"line":74,"column":16},"end":{"line":74,"column":null}},"26":{"start":{"line":75,"column":12},"end":{"line":81,"column":null}},"27":{"start":{"line":76,"column":16},"end":{"line":76,"column":null}},"28":{"start":{"line":77,"column":12},"end":{"line":81,"column":null}},"29":{"start":{"line":78,"column":16},"end":{"line":78,"column":null}},"30":{"start":{"line":79,"column":12},"end":{"line":81,"column":null}},"31":{"start":{"line":80,"column":16},"end":{"line":80,"column":null}},"32":{"start":{"line":83,"column":12},"end":{"line":87,"column":null}},"33":{"start":{"line":88,"column":31},"end":{"line":88,"column":46}},"34":{"start":{"line":90,"column":8},"end":{"line":92,"column":null}},"35":{"start":{"line":91,"column":12},"end":{"line":91,"column":null}},"36":{"start":{"line":94,"column":23},"end":{"line":98,"column":null}},"37":{"start":{"line":100,"column":8},"end":{"line":100,"column":null}},"38":{"start":{"line":102,"column":8},"end":{"line":102,"column":null}}},"fnMap":{"0":{"name":"(anonymous_0)","decl":{"start":{"line":34,"column":13},"end":{"line":34,"column":14}},"loc":{"start":{"line":34,"column":74},"end":{"line":103,"column":null}}},"1":{"name":"(anonymous_1)","decl":{"start":{"line":59,"column":41},"end":{"line":59,"column":42}},"loc":{"start":{"line":59,"column":54},"end":{"line":88,"column":9}}},"2":{"name":"(anonymous_2)","decl":{"start":{"line":88,"column":18},"end":{"line":88,"column":19}},"loc":{"start":{"line":88,"column":31},"end":{"line":88,"column":46}}}},"branchMap":{"0":{"loc":{"start":{"line":44,"column":8},"end":{"line":46,"column":null}},"type":"if","locations":[{"start":{"line":44,"column":8},"end":{"line":46,"column":null}},{"start":{},"end":{}}]},"1":{"loc":{"start":{"line":52,"column":8},"end":{"line":54,"column":null}},"type":"if","locations":[{"start":{"line":52,"column":8},"end":{"line":54,"column":null}},{"start":{},"end":{}}]},"2":{"loc":{"start":{"line":64,"column":12},"end":{"line":66,"column":null}},"type":"if","locations":[{"start":{"line":64,"column":12},"end":{"line":66,"column":null}},{"start":{},"end":{}}]},"3":{"loc":{"start":{"line":64,"column":16},"end":{"line":64,"column":101}},"type":"binary-expr","locations":[{"start":{"line":64,"column":16},"end":{"line":64,"column":39}},{"start":{"line":64,"column":39},"end":{"line":64,"column":101}}]},"4":{"loc":{"start":{"line":73,"column":12},"end":{"line":81,"column":null}},"type":"if","locations":[{"start":{"line":73,"column":12},"end":{"line":81,"column":null}},{"start":{"line":75,"column":12},"end":{"line":81,"column":null}}]},"5":{"loc":{"start":{"line":74,"column":42},"end":{"line":74,"column":73}},"type":"binary-expr","locations":[{"start":{"line":74,"column":42},"end":{"line":74,"column":68}},{"start":{"line":74,"column":68},"end":{"line":74,"column":73}}]},"6":{"loc":{"start":{"line":75,"column":12},"end":{"line":81,"column":null}},"type":"if","locations":[{"start":{"line":75,"column":12},"end":{"line":81,"column":null}},{"start":{"line":77,"column":12},"end":{"line":81,"column":null}}]},"7":{"loc":{"start":{"line":76,"column":42},"end":{"line":76,"column":73}},"type":"binary-expr","locations":[{"start":{"line":76,"column":42},"end":{"line":76,"column":68}},{"start":{"line":76,"column":68},"end":{"line":76,"column":73}}]},"8":{"loc":{"start":{"line":77,"column":12},"end":{"line":81,"column":null}},"type":"if","locations":[{"start":{"line":77,"column":12},"end":{"line":81,"column":null}},{"start":{"line":79,"column":12},"end":{"line":81,"column":null}}]},"9":{"loc":{"start":{"line":78,"column":42},"end":{"line":78,"column":73}},"type":"binary-expr","locations":[{"start":{"line":78,"column":42},"end":{"line":78,"column":68}},{"start":{"line":78,"column":68},"end":{"line":78,"column":73}}]},"10":{"loc":{"start":{"line":79,"column":12},"end":{"line":81,"column":null}},"type":"if","locations":[{"start":{"line":79,"column":12},"end":{"line":81,"column":null}},{"start":{},"end":{}}]},"11":{"loc":{"start":{"line":80,"column":42},"end":{"line":80,"column":73}},"type":"binary-expr","locations":[{"start":{"line":80,"column":42},"end":{"line":80,"column":68}},{"start":{"line":80,"column":68},"end":{"line":80,"column":73}}]},"12":{"loc":{"start":{"line":85,"column":21},"end":{"line":85,"column":null}},"type":"cond-expr","locations":[{"start":{"line":85,"column":82},"end":{"line":85,"column":96}},{"start":{"line":85,"column":96},"end":{"line":85,"column":null}}]},"13":{"loc":{"start":{"line":85,"column":21},"end":{"line":85,"column":82}},"type":"binary-expr","locations":[{"start":{"line":85,"column":21},"end":{"line":85,"column":51}},{"start":{"line":85,"column":51},"end":{"line":85,"column":82}}]},"14":{"loc":{"start":{"line":86,"column":23},"end":{"line":86,"column":null}},"type":"cond-expr","locations":[{"start":{"line":86,"column":84},"end":{"line":86,"column":99}},{"start":{"line":86,"column":99},"end":{"line":86,"column":null}}]},"15":{"loc":{"start":{"line":86,"column":23},"end":{"line":86,"column":84}},"type":"binary-expr","locations":[{"start":{"line":86,"column":23},"end":{"line":86,"column":53}},{"start":{"line":86,"column":53},"end":{"line":86,"column":84}}]},"16":{"loc":{"start":{"line":90,"column":8},"end":{"line":92,"column":null}},"type":"if","locations":[{"start":{"line":90,"column":8},"end":{"line":92,"column":null}},{"start":{},"end":{}}]}},"s":{"0":0,"1":0,"2":0,"3":0,"4":0,"5":0,"6":0,"7":0,"8":0,"9":0,"10":0,"11":0,"12":0,"13":0,"14":0,"15":0,"16":0,"17":0,"18":0,"19":0,"20":0,"21":0,"22":0,"23":0,"24":0,"25":0,"26":0,"27":0,"28":0,"29":0,"30":0,"31":0,"32":0,"33":0,"34":0,"35":0,"36":0,"37":0,"38":0},"f":{"0":0,"1":0,"2":0},"b":{"0":[0,0],"1":[0,0],"2":[0,0],"3":[0,0],"4":[0,0],"5":[0,0],"6":[0,0],"7":[0,0],"8":[0,0],"9":[0,0],"10":[0,0],"11":[0,0],"12":[0,0],"13":[0,0],"14":[0,0],"15":[0,0],"16":[0,0]}}
,"/Users/zhongjiafeng/Desktop/5000_Project/github/githubuniver/univer/packages/docs-drawing-ui/src/commands/commands/remove-doc-drawing.command.ts": {"path":"/Users/zhongjiafeng/Desktop/5000_Project/github/githubuniver/univer/packages/docs-drawing-ui/src/commands/commands/remove-doc-drawing.command.ts","statementMap":{"0":{"start":{"line":36,"column":49},"end":{"line":135,"column":null}},"1":{"start":{"line":41,"column":31},"end":{"line":41,"column":null}},"2":{"start":{"line":42,"column":38},"end":{"line":42,"column":null}},"3":{"start":{"line":43,"column":37},"end":{"line":43,"column":null}},"4":{"start":{"line":44,"column":34},"end":{"line":44,"column":null}},"5":{"start":{"line":46,"column":8},"end":{"line":48,"column":null}},"6":{"start":{"line":47,"column":12},"end":{"line":47,"column":null}},"7":{"start":{"line":50,"column":42},"end":{"line":50,"column":null}},"8":{"start":{"line":52,"column":45},"end":{"line":52,"column":null}},"9":{"start":{"line":54,"column":26},"end":{"line":54,"column":null}},"10":{"start":{"line":56,"column":22},"end":{"line":56,"column":null}},"11":{"start":{"line":57,"column":22},"end":{"line":57,"column":null}},"12":{"start":{"line":58,"column":29},"end":{"line":58,"column":null}},"13":{"start":{"line":59,"column":35},"end":{"line":62,"column":null}},"14":{"start":{"line":60,"column":30},"end":{"line":60,"column":107}},"15":{"start":{"line":60,"column":65},"end":{"line":60,"column":106}},"16":{"start":{"line":61,"column":31},"end":{"line":61,"column":38}},"17":{"start":{"line":62,"column":28},"end":{"line":62,"column":66}},"18":{"start":{"line":64,"column":23},"end":{"line":64,"column":null}},"19":{"start":{"line":66,"column":29},"end":{"line":66,"column":null}},"20":{"start":{"line":68,"column":8},"end":{"line":68,"column":null}},"21":{"start":{"line":70,"column":28},"end":{"line":70,"column":null}},"22":{"start":{"line":71,"column":27},"end":{"line":76,"column":null}},"23":{"start":{"line":78,"column":74},"end":{"line":85,"column":null}},"24":{"start":{"line":87,"column":41},"end":{"line":87,"column":null}},"25":{"start":{"line":89,"column":8},"end":{"line":105,"column":null}},"26":{"start":{"line":90,"column":35},"end":{"line":90,"column":null}},"27":{"start":{"line":92,"column":12},"end":{"line":97,"column":null}},"28":{"start":{"line":93,"column":16},"end":{"line":96,"column":null}},"29":{"start":{"line":99,"column":12},"end":{"line":102,"column":null}},"30":{"start":{"line":104,"column":12},"end":{"line":104,"column":null}},"31":{"start":{"line":107,"column":21},"end":{"line":107,"column":null}},"32":{"start":{"line":108,"column":8},"end":{"line":108,"column":null}},"33":{"start":{"line":110,"column":8},"end":{"line":122,"column":null}},"34":{"start":{"line":111,"column":32},"end":{"line":111,"column":null}},"35":{"start":{"line":113,"column":18},"end":{"line":113,"column":null}},"36":{"start":{"line":114,"column":33},"end":{"line":114,"column":null}},"37":{"start":{"line":115,"column":33},"end":{"line":115,"column":null}},"38":{"start":{"line":117,"column":40},"end":{"line":117,"column":null}},"39":{"start":{"line":118,"column":45},"end":{"line":118,"column":null}},"40":{"start":{"line":120,"column":12},"end":{"line":120,"column":null}},"41":{"start":{"line":121,"column":12},"end":{"line":121,"column":null}},"42":{"start":{"line":124,"column":8},"end":{"line":126,"column":null}},"43":{"start":{"line":125,"column":12},"end":{"line":125,"column":null}},"44":{"start":{"line":128,"column":23},"end":{"line":131,"column":null}},"45":{"start":{"line":133,"column":8},"end":{"line":133,"column":null}}},"fnMap":{"0":{"name":"(anonymous_0)","decl":{"start":{"line":40,"column":13},"end":{"line":40,"column":14}},"loc":{"start":{"line":40,"column":76},"end":{"line":134,"column":null}}},"1":{"name":"(anonymous_1)","decl":{"start":{"line":60,"column":17},"end":{"line":60,"column":18}},"loc":{"start":{"line":60,"column":30},"end":{"line":60,"column":107}}},"2":{"name":"(anonymous_2)","decl":{"start":{"line":60,"column":48},"end":{"line":60,"column":49}},"loc":{"start":{"line":60,"column":65},"end":{"line":60,"column":106}}},"3":{"name":"(anonymous_3)","decl":{"start":{"line":61,"column":20},"end":{"line":61,"column":21}},"loc":{"start":{"line":61,"column":31},"end":{"line":61,"column":38}}},"4":{"name":"(anonymous_4)","decl":{"start":{"line":62,"column":18},"end":{"line":62,"column":19}},"loc":{"start":{"line":62,"column":28},"end":{"line":62,"column":66}}},"5":{"name":"(anonymous_5)","decl":{"start":{"line":124,"column":54},"end":{"line":124,"column":55}},"loc":{"start":{"line":124,"column":68},"end":{"line":126,"column":11}}}},"branchMap":{"0":{"loc":{"start":{"line":46,"column":8},"end":{"line":48,"column":null}},"type":"if","locations":[{"start":{"line":46,"column":8},"end":{"line":48,"column":null}},{"start":{},"end":{}}]},"1":{"loc":{"start":{"line":46,"column":12},"end":{"line":46,"column":57}},"type":"binary-expr","locations":[{"start":{"line":46,"column":12},"end":{"line":46,"column":30}},{"start":{"line":46,"column":30},"end":{"line":46,"column":57}}]},"2":{"loc":{"start":{"line":54,"column":26},"end":{"line":54,"column":null}},"type":"binary-expr","locations":[{"start":{"line":54,"column":26},"end":{"line":54,"column":68}},{"start":{"line":54,"column":68},"end":{"line":54,"column":null}}]},"3":{"loc":{"start":{"line":58,"column":29},"end":{"line":58,"column":null}},"type":"binary-expr","locations":[{"start":{"line":58,"column":29},"end":{"line":58,"column":112}},{"start":{"line":58,"column":112},"end":{"line":58,"column":null}}]},"4":{"loc":{"start":{"line":62,"column":28},"end":{"line":62,"column":66}},"type":"cond-expr","locations":[{"start":{"line":62,"column":60},"end":{"line":62,"column":64}},{"start":{"line":62,"column":64},"end":{"line":62,"column":66}}]},"5":{"loc":{"start":{"line":92,"column":12},"end":{"line":97,"column":null}},"type":"if","locations":[{"start":{"line":92,"column":12},"end":{"line":97,"column":null}},{"start":{},"end":{}}]},"6":{"loc":{"start":{"line":113,"column":29},"end":{"line":113,"column":68}},"type":"binary-expr","locations":[{"start":{"line":113,"column":29},"end":{"line":113,"column":64}},{"start":{"line":113,"column":64},"end":{"line":113,"column":68}}]}},"s":{"0":0,"1":0,"2":0,"3":0,"4":0,"5":0,"6":0,"7":0,"8":0,"9":0,"10":0,"11":0,"12":0,"13":0,"14":0,"15":0,"16":0,"17":0,"18":0,"19":0,"20":0,"21":0,"22":0,"23":0,"24":0,"25":0,"26":0,"27":0,"28":0,"29":0,"30":0,"31":0,"32":0,"33":0,"34":0,"35":0,"36":0,"37":0,"38":0,"39":0,"40":0,"41":0,"42":0,"43":0,"44":0,"45":0},"f":{"0":0,"1":0,"2":0,"3":0,"4":0,"5":0},"b":{"0":[0,0],"1":[0,0],"2":[0,0],"3":[0,0],"4":[0,0],"5":[0,0],"6":[0,0]}}
,"/Users/zhongjiafeng/Desktop/5000_Project/github/githubuniver/univer/packages/docs-drawing-ui/src/commands/commands/set-drawing-arrange.command.ts": {"path":"/Users/zhongjiafeng/Desktop/5000_Project/github/githubuniver/univer/packages/docs-drawing-ui/src/commands/commands/set-drawing-arrange.command.ts","statementMap":{"0":{"start":{"line":37,"column":53},"end":{"line":103,"column":null}},"1":{"start":{"line":43,"column":31},"end":{"line":43,"column":null}},"2":{"start":{"line":44,"column":34},"end":{"line":44,"column":null}},"3":{"start":{"line":46,"column":8},"end":{"line":48,"column":null}},"4":{"start":{"line":47,"column":12},"end":{"line":47,"column":null}},"5":{"start":{"line":50,"column":63},"end":{"line":50,"column":null}},"6":{"start":{"line":52,"column":37},"end":{"line":52,"column":null}},"7":{"start":{"line":55,"column":8},"end":{"line":63,"column":null}},"8":{"start":{"line":56,"column":12},"end":{"line":56,"column":null}},"9":{"start":{"line":57,"column":8},"end":{"line":63,"column":null}},"10":{"start":{"line":58,"column":12},"end":{"line":58,"column":null}},"11":{"start":{"line":59,"column":8},"end":{"line":63,"column":null}},"12":{"start":{"line":60,"column":12},"end":{"line":60,"column":null}},"13":{"start":{"line":61,"column":8},"end":{"line":63,"column":null}},"14":{"start":{"line":62,"column":12},"end":{"line":62,"column":null}},"15":{"start":{"line":65,"column":8},"end":{"line":67,"column":null}},"16":{"start":{"line":66,"column":12},"end":{"line":66,"column":null}},"17":{"start":{"line":69,"column":25},"end":{"line":69,"column":null}},"18":{"start":{"line":71,"column":8},"end":{"line":73,"column":null}},"19":{"start":{"line":72,"column":12},"end":{"line":72,"column":null}},"20":{"start":{"line":75,"column":41},"end":{"line":75,"column":null}},"21":{"start":{"line":78,"column":23},"end":{"line":78,"column":null}},"22":{"start":{"line":79,"column":8},"end":{"line":79,"column":null}},"23":{"start":{"line":80,"column":8},"end":{"line":80,"column":null}},"24":{"start":{"line":81,"column":8},"end":{"line":81,"column":null}},"25":{"start":{"line":83,"column":74},"end":{"line":90,"column":null}},"26":{"start":{"line":92,"column":8},"end":{"line":94,"column":null}},"27":{"start":{"line":93,"column":12},"end":{"line":93,"column":null}},"28":{"start":{"line":96,"column":23},"end":{"line":99,"column":null}},"29":{"start":{"line":101,"column":8},"end":{"line":101,"column":null}}},"fnMap":{"0":{"name":"(anonymous_0)","decl":{"start":{"line":42,"column":13},"end":{"line":42,"column":14}},"loc":{"start":{"line":42,"column":80},"end":{"line":102,"column":null}}},"1":{"name":"(anonymous_1)","decl":{"start":{"line":92,"column":54},"end":{"line":92,"column":55}},"loc":{"start":{"line":92,"column":68},"end":{"line":94,"column":11}}}},"branchMap":{"0":{"loc":{"start":{"line":46,"column":8},"end":{"line":48,"column":null}},"type":"if","locations":[{"start":{"line":46,"column":8},"end":{"line":48,"column":null}},{"start":{},"end":{}}]},"1":{"loc":{"start":{"line":55,"column":8},"end":{"line":63,"column":null}},"type":"if","locations":[{"start":{"line":55,"column":8},"end":{"line":63,"column":null}},{"start":{"line":57,"column":8},"end":{"line":63,"column":null}}]},"2":{"loc":{"start":{"line":57,"column":8},"end":{"line":63,"column":null}},"type":"if","locations":[{"start":{"line":57,"column":8},"end":{"line":63,"column":null}},{"start":{"line":59,"column":8},"end":{"line":63,"column":null}}]},"3":{"loc":{"start":{"line":59,"column":8},"end":{"line":63,"column":null}},"type":"if","locations":[{"start":{"line":59,"column":8},"end":{"line":63,"column":null}},{"start":{"line":61,"column":8},"end":{"line":63,"column":null}}]},"4":{"loc":{"start":{"line":61,"column":8},"end":{"line":63,"column":null}},"type":"if","locations":[{"start":{"line":61,"column":8},"end":{"line":63,"column":null}},{"start":{},"end":{}}]},"5":{"loc":{"start":{"line":65,"column":8},"end":{"line":67,"column":null}},"type":"if","locations":[{"start":{"line":65,"column":8},"end":{"line":67,"column":null}},{"start":{},"end":{}}]},"6":{"loc":{"start":{"line":71,"column":8},"end":{"line":73,"column":null}},"type":"if","locations":[{"start":{"line":71,"column":8},"end":{"line":73,"column":null}},{"start":{},"end":{}}]}},"s":{"0":0,"1":0,"2":0,"3":0,"4":0,"5":0,"6":0,"7":0,"8":0,"9":0,"10":0,"11":0,"12":0,"13":0,"14":0,"15":0,"16":0,"17":0,"18":0,"19":0,"20":0,"21":0,"22":0,"23":0,"24":0,"25":0,"26":0,"27":0,"28":0,"29":0},"f":{"0":0,"1":0},"b":{"0":[0,0],"1":[0,0],"2":[0,0],"3":[0,0],"4":[0,0],"5":[0,0],"6":[0,0]}}
,"/Users/zhongjiafeng/Desktop/5000_Project/github/githubuniver/univer/packages/docs-drawing-ui/src/commands/commands/ungroup-doc-drawing.command.ts": {"path":"/Users/zhongjiafeng/Desktop/5000_Project/github/githubuniver/univer/packages/docs-drawing-ui/src/commands/commands/ungroup-doc-drawing.command.ts","statementMap":{"0":{"start":{"line":30,"column":50},"end":{"line":73,"column":null}},"1":{"start":{"line":34,"column":31},"end":{"line":34,"column":null}},"2":{"start":{"line":35,"column":32},"end":{"line":35,"column":null}},"3":{"start":{"line":36,"column":34},"end":{"line":36,"column":null}},"4":{"start":{"line":38,"column":8},"end":{"line":38,"column":null}},"5":{"start":{"line":38,"column":21},"end":{"line":38,"column":null}},"6":{"start":{"line":40,"column":34},"end":{"line":40,"column":null}},"7":{"start":{"line":41,"column":8},"end":{"line":46,"column":null}},"8":{"start":{"line":42,"column":12},"end":{"line":42,"column":null}},"9":{"start":{"line":43,"column":12},"end":{"line":45,"column":null}},"10":{"start":{"line":44,"column":16},"end":{"line":44,"column":null}},"11":{"start":{"line":49,"column":23},"end":{"line":49,"column":null}},"12":{"start":{"line":51,"column":59},"end":{"line":51,"column":null}},"13":{"start":{"line":71,"column":8},"end":{"line":71,"column":null}}},"fnMap":{"0":{"name":"(anonymous_0)","decl":{"start":{"line":33,"column":13},"end":{"line":33,"column":14}},"loc":{"start":{"line":33,"column":75},"end":{"line":72,"column":null}}},"1":{"name":"(anonymous_1)","decl":{"start":{"line":41,"column":23},"end":{"line":41,"column":24}},"loc":{"start":{"line":41,"column":49},"end":{"line":46,"column":9}}},"2":{"name":"(anonymous_2)","decl":{"start":{"line":43,"column":29},"end":{"line":43,"column":30}},"loc":{"start":{"line":43,"column":40},"end":{"line":45,"column":13}}}},"branchMap":{"0":{"loc":{"start":{"line":38,"column":8},"end":{"line":38,"column":null}},"type":"if","locations":[{"start":{"line":38,"column":8},"end":{"line":38,"column":null}},{"start":{},"end":{}}]}},"s":{"0":0,"1":0,"2":0,"3":0,"4":0,"5":0,"6":0,"7":0,"8":0,"9":0,"10":0,"11":0,"12":0,"13":0},"f":{"0":0,"1":0,"2":0},"b":{"0":[0,0]}}
,"/Users/zhongjiafeng/Desktop/5000_Project/github/githubuniver/univer/packages/docs-drawing-ui/src/commands/commands/update-doc-drawing.command.ts": {"path":"/Users/zhongjiafeng/Desktop/5000_Project/github/githubuniver/univer/packages/docs-drawing-ui/src/commands/commands/update-doc-drawing.command.ts","statementMap":{"0":{"start":{"line":38,"column":7},"end":{"line":38,"column":null}},"1":{"start":{"line":39,"column":4},"end":{"line":39,"column":null}},"2":{"start":{"line":40,"column":4},"end":{"line":40,"column":null}},"3":{"start":{"line":41,"column":4},"end":{"line":41,"column":null}},"4":{"start":{"line":42,"column":4},"end":{"line":42,"column":null}},"5":{"start":{"line":43,"column":4},"end":{"line":43,"column":null}},"6":{"start":{"line":38,"column":12},"end":{"line":38,"column":null}},"7":{"start":{"line":46,"column":38},"end":{"line":52,"column":null}},"8":{"start":{"line":64,"column":18},"end":{"line":64,"column":null}},"9":{"start":{"line":65,"column":18},"end":{"line":65,"column":null}},"10":{"start":{"line":66,"column":37},"end":{"line":66,"column":null}},"11":{"start":{"line":68,"column":20},"end":{"line":68,"column":null}},"12":{"start":{"line":69,"column":17},"end":{"line":69,"column":null}},"13":{"start":{"line":71,"column":4},"end":{"line":73,"column":null}},"14":{"start":{"line":72,"column":8},"end":{"line":72,"column":null}},"15":{"start":{"line":75,"column":22},"end":{"line":75,"column":null}},"16":{"start":{"line":75,"column":60},"end":{"line":75,"column":87}},"17":{"start":{"line":77,"column":4},"end":{"line":79,"column":null}},"18":{"start":{"line":78,"column":8},"end":{"line":78,"column":null}},"19":{"start":{"line":82,"column":4},"end":{"line":82,"column":null}},"20":{"start":{"line":84,"column":4},"end":{"line":198,"column":null}},"21":{"start":{"line":85,"column":8},"end":{"line":147,"column":null}},"22":{"start":{"line":87,"column":12},"end":{"line":92,"column":null}},"23":{"start":{"line":88,"column":16},"end":{"line":91,"column":null}},"24":{"start":{"line":94,"column":12},"end":{"line":104,"column":null}},"25":{"start":{"line":106,"column":12},"end":{"line":109,"column":null}},"26":{"start":{"line":111,"column":12},"end":{"line":114,"column":null}},"27":{"start":{"line":117,"column":12},"end":{"line":122,"column":null}},"28":{"start":{"line":118,"column":16},"end":{"line":121,"column":null}},"29":{"start":{"line":124,"column":12},"end":{"line":127,"column":null}},"30":{"start":{"line":129,"column":12},"end":{"line":134,"column":null}},"31":{"start":{"line":130,"column":16},"end":{"line":133,"column":null}},"32":{"start":{"line":136,"column":12},"end":{"line":146,"column":null}},"33":{"start":{"line":149,"column":8},"end":{"line":153,"column":null}},"34":{"start":{"line":150,"column":25},"end":{"line":150,"column":null}},"35":{"start":{"line":151,"column":27},"end":{"line":151,"column":null}},"36":{"start":{"line":152,"column":12},"end":{"line":152,"column":null}},"37":{"start":{"line":155,"column":8},"end":{"line":160,"column":null}},"38":{"start":{"line":156,"column":12},"end":{"line":159,"column":null}},"39":{"start":{"line":162,"column":8},"end":{"line":165,"column":null}},"40":{"start":{"line":167,"column":19},"end":{"line":167,"column":null}},"41":{"start":{"line":168,"column":21},"end":{"line":168,"column":null}},"42":{"start":{"line":169,"column":8},"end":{"line":169,"column":null}},"43":{"start":{"line":171,"column":8},"end":{"line":171,"column":null}},"44":{"start":{"line":173,"column":8},"end":{"line":178,"column":null}},"45":{"start":{"line":174,"column":12},"end":{"line":177,"column":null}},"46":{"start":{"line":180,"column":8},"end":{"line":190,"column":null}},"47":{"start":{"line":192,"column":8},"end":{"line":192,"column":null}},"48":{"start":{"line":193,"column":8},"end":{"line":193,"column":null}},"49":{"start":{"line":194,"column":8},"end":{"line":194,"column":null}},"50":{"start":{"line":196,"column":8},"end":{"line":196,"column":null}},"51":{"start":{"line":197,"column":8},"end":{"line":197,"column":null}},"52":{"start":{"line":200,"column":4},"end":{"line":200,"column":null}},"53":{"start":{"line":213,"column":62},"end":{"line":395,"column":null}},"54":{"start":{"line":220,"column":8},"end":{"line":222,"column":null}},"55":{"start":{"line":221,"column":12},"end":{"line":221,"column":null}},"56":{"start":{"line":224,"column":52},"end":{"line":224,"column":null}},"57":{"start":{"line":226,"column":31},"end":{"line":226,"column":null}},"58":{"start":{"line":227,"column":38},"end":{"line":227,"column":null}},"59":{"start":{"line":228,"column":37},"end":{"line":228,"column":null}},"60":{"start":{"line":230,"column":29},"end":{"line":230,"column":null}},"61":{"start":{"line":231,"column":29},"end":{"line":233,"column":null}},"62":{"start":{"line":234,"column":26},"end":{"line":234,"column":null}},"63":{"start":{"line":235,"column":22},"end":{"line":235,"column":null}},"64":{"start":{"line":236,"column":34},"end":{"line":236,"column":null}},"65":{"start":{"line":238,"column":8},"end":{"line":240,"column":null}},"66":{"start":{"line":239,"column":12},"end":{"line":239,"column":null}},"67":{"start":{"line":242,"column":25},"end":{"line":242,"column":null}},"68":{"start":{"line":243,"column":28},"end":{"line":243,"column":null}},"69":{"start":{"line":245,"column":50},"end":{"line":245,"column":null}},"70":{"start":{"line":247,"column":22},"end":{"line":247,"column":null}},"71":{"start":{"line":248,"column":41},"end":{"line":248,"column":null}},"72":{"start":{"line":250,"column":47},"end":{"line":250,"column":null}},"73":{"start":{"line":253,"column":8},"end":{"line":371,"column":null}},"74":{"start":{"line":254,"column":34},"end":{"line":254,"column":null}},"75":{"start":{"line":257,"column":34},"end":{"line":257,"column":null}},"76":{"start":{"line":258,"column":34},"end":{"line":258,"column":null}},"77":{"start":{"line":260,"column":12},"end":{"line":264,"column":null}},"78":{"start":{"line":261,"column":47},"end":{"line":261,"column":null}},"79":{"start":{"line":263,"column":16},"end":{"line":263,"column":null}},"80":{"start":{"line":267,"column":12},"end":{"line":276,"column":null}},"81":{"start":{"line":268,"column":37},"end":{"line":268,"column":null}},"82":{"start":{"line":269,"column":37},"end":{"line":269,"column":null}},"83":{"start":{"line":271,"column":16},"end":{"line":275,"column":null}},"84":{"start":{"line":272,"column":50},"end":{"line":272,"column":null}},"85":{"start":{"line":274,"column":20},"end":{"line":274,"column":null}},"86":{"start":{"line":278,"column":12},"end":{"line":280,"column":null}},"87":{"start":{"line":279,"column":16},"end":{"line":279,"column":null}},"88":{"start":{"line":283,"column":29},"end":{"line":283,"column":null}},"89":{"start":{"line":284,"column":32},"end":{"line":284,"column":null}},"90":{"start":{"line":285,"column":33},"end":{"line":285,"column":null}},"91":{"start":{"line":286,"column":12},"end":{"line":325,"column":null}},"92":{"start":{"line":287,"column":107},"end":{"line":287,"column":null}},"93":{"start":{"line":289,"column":16},"end":{"line":320,"column":null}},"94":{"start":{"line":291,"column":42},"end":{"line":291,"column":null}},"95":{"start":{"line":293,"column":24},"end":{"line":297,"column":null}},"96":{"start":{"line":294,"column":28},"end":{"line":294,"column":null}},"97":{"start":{"line":295,"column":28},"end":{"line":295,"column":null}},"98":{"start":{"line":296,"column":28},"end":{"line":296,"column":null}},"99":{"start":{"line":299,"column":24},"end":{"line":299,"column":null}},"100":{"start":{"line":303,"column":42},"end":{"line":303,"column":null}},"101":{"start":{"line":304,"column":24},"end":{"line":308,"column":null}},"102":{"start":{"line":305,"column":28},"end":{"line":305,"column":null}},"103":{"start":{"line":306,"column":28},"end":{"line":306,"column":null}},"104":{"start":{"line":307,"column":28},"end":{"line":307,"column":null}},"105":{"start":{"line":309,"column":24},"end":{"line":309,"column":null}},"106":{"start":{"line":313,"column":24},"end":{"line":317,"column":null}},"107":{"start":{"line":314,"column":28},"end":{"line":314,"column":null}},"108":{"start":{"line":315,"column":28},"end":{"line":315,"column":null}},"109":{"start":{"line":316,"column":28},"end":{"line":316,"column":null}},"110":{"start":{"line":318,"column":24},"end":{"line":318,"column":null}},"111":{"start":{"line":322,"column":16},"end":{"line":324,"column":null}},"112":{"start":{"line":323,"column":20},"end":{"line":323,"column":null}},"113":{"start":{"line":327,"column":12},"end":{"line":370,"column":null}},"114":{"start":{"line":328,"column":40},"end":{"line":328,"column":null}},"115":{"start":{"line":329,"column":37},"end":{"line":329,"column":null}},"116":{"start":{"line":330,"column":33},"end":{"line":330,"column":null}},"117":{"start":{"line":332,"column":16},"end":{"line":336,"column":null}},"118":{"start":{"line":333,"column":20},"end":{"line":333,"column":null}},"119":{"start":{"line":334,"column":16},"end":{"line":336,"column":null}},"120":{"start":{"line":335,"column":20},"end":{"line":335,"column":null}},"121":{"start":{"line":338,"column":37},"end":{"line":341,"column":null}},"122":{"start":{"line":343,"column":16},"end":{"line":347,"column":null}},"123":{"start":{"line":344,"column":35},"end":{"line":344,"column":null}},"124":{"start":{"line":346,"column":20},"end":{"line":346,"column":null}},"125":{"start":{"line":349,"column":37},"end":{"line":349,"column":null}},"126":{"start":{"line":350,"column":33},"end":{"line":350,"column":null}},"127":{"start":{"line":352,"column":16},"end":{"line":358,"column":null}},"128":{"start":{"line":353,"column":20},"end":{"line":353,"column":null}},"129":{"start":{"line":354,"column":16},"end":{"line":358,"column":null}},"130":{"start":{"line":355,"column":20},"end":{"line":355,"column":null}},"131":{"start":{"line":356,"column":16},"end":{"line":358,"column":null}},"132":{"start":{"line":357,"column":20},"end":{"line":357,"column":null}},"133":{"start":{"line":360,"column":37},"end":{"line":363,"column":null}},"134":{"start":{"line":365,"column":16},"end":{"line":369,"column":null}},"135":{"start":{"line":366,"column":35},"end":{"line":366,"column":null}},"136":{"start":{"line":368,"column":20},"end":{"line":368,"column":null}},"137":{"start":{"line":373,"column":74},"end":{"line":380,"column":null}},"138":{"start":{"line":382,"column":8},"end":{"line":384,"column":null}},"139":{"start":{"line":383,"column":12},"end":{"line":383,"column":null}},"140":{"start":{"line":386,"column":23},"end":{"line":389,"column":null}},"141":{"start":{"line":391,"column":8},"end":{"line":391,"column":null}},"142":{"start":{"line":393,"column":8},"end":{"line":393,"column":null}},"143":{"start":{"line":414,"column":57},"end":{"line":473,"column":null}},"144":{"start":{"line":420,"column":8},"end":{"line":422,"column":null}},"145":{"start":{"line":421,"column":12},"end":{"line":421,"column":null}},"146":{"start":{"line":424,"column":31},"end":{"line":424,"column":null}},"147":{"start":{"line":425,"column":38},"end":{"line":425,"column":null}},"148":{"start":{"line":427,"column":34},"end":{"line":427,"column":null}},"149":{"start":{"line":428,"column":8},"end":{"line":430,"column":null}},"150":{"start":{"line":429,"column":12},"end":{"line":429,"column":null}},"151":{"start":{"line":432,"column":43},"end":{"line":432,"column":null}},"152":{"start":{"line":434,"column":22},"end":{"line":434,"column":null}},"153":{"start":{"line":435,"column":41},"end":{"line":435,"column":null}},"154":{"start":{"line":437,"column":47},"end":{"line":437,"column":null}},"155":{"start":{"line":439,"column":8},"end":{"line":451,"column":null}},"156":{"start":{"line":440,"column":34},"end":{"line":440,"column":null}},"157":{"start":{"line":442,"column":12},"end":{"line":450,"column":null}},"158":{"start":{"line":443,"column":33},"end":{"line":443,"column":null}},"159":{"start":{"line":445,"column":16},"end":{"line":449,"column":null}},"160":{"start":{"line":446,"column":35},"end":{"line":446,"column":null}},"161":{"start":{"line":448,"column":20},"end":{"line":448,"column":null}},"162":{"start":{"line":453,"column":74},"end":{"line":460,"column":null}},"163":{"start":{"line":462,"column":8},"end":{"line":464,"column":null}},"164":{"start":{"line":463,"column":12},"end":{"line":463,"column":null}},"165":{"start":{"line":466,"column":23},"end":{"line":469,"column":null}},"166":{"start":{"line":471,"column":8},"end":{"line":471,"column":null}},"167":{"start":{"line":485,"column":57},"end":{"line":543,"column":null}},"168":{"start":{"line":491,"column":8},"end":{"line":493,"column":null}},"169":{"start":{"line":492,"column":12},"end":{"line":492,"column":null}},"170":{"start":{"line":495,"column":31},"end":{"line":495,"column":null}},"171":{"start":{"line":496,"column":38},"end":{"line":496,"column":null}},"172":{"start":{"line":498,"column":34},"end":{"line":498,"column":null}},"173":{"start":{"line":499,"column":8},"end":{"line":501,"column":null}},"174":{"start":{"line":500,"column":12},"end":{"line":500,"column":null}},"175":{"start":{"line":503,"column":47},"end":{"line":503,"column":null}},"176":{"start":{"line":505,"column":22},"end":{"line":505,"column":null}},"177":{"start":{"line":506,"column":41},"end":{"line":506,"column":null}},"178":{"start":{"line":508,"column":47},"end":{"line":508,"column":null}},"179":{"start":{"line":511,"column":8},"end":{"line":521,"column":null}},"180":{"start":{"line":512,"column":34},"end":{"line":512,"column":null}},"181":{"start":{"line":514,"column":32},"end":{"line":514,"column":null}},"182":{"start":{"line":516,"column":12},"end":{"line":520,"column":null}},"183":{"start":{"line":517,"column":31},"end":{"line":517,"column":null}},"184":{"start":{"line":519,"column":16},"end":{"line":519,"column":null}},"185":{"start":{"line":523,"column":74},"end":{"line":530,"column":null}},"186":{"start":{"line":532,"column":8},"end":{"line":534,"column":null}},"187":{"start":{"line":533,"column":12},"end":{"line":533,"column":null}},"188":{"start":{"line":536,"column":23},"end":{"line":539,"column":null}},"189":{"start":{"line":541,"column":8},"end":{"line":541,"column":null}},"190":{"start":{"line":560,"column":58},"end":{"line":629,"column":null}},"191":{"start":{"line":566,"column":8},"end":{"line":568,"column":null}},"192":{"start":{"line":567,"column":12},"end":{"line":567,"column":null}},"193":{"start":{"line":570,"column":31},"end":{"line":570,"column":null}},"194":{"start":{"line":571,"column":38},"end":{"line":571,"column":null}},"195":{"start":{"line":572,"column":37},"end":{"line":572,"column":null}},"196":{"start":{"line":574,"column":29},"end":{"line":574,"column":null}},"197":{"start":{"line":575,"column":22},"end":{"line":575,"column":null}},"198":{"start":{"line":576,"column":8},"end":{"line":578,"column":null}},"199":{"start":{"line":577,"column":12},"end":{"line":577,"column":null}},"200":{"start":{"line":579,"column":28},"end":{"line":579,"column":null}},"201":{"start":{"line":581,"column":34},"end":{"line":581,"column":null}},"202":{"start":{"line":582,"column":8},"end":{"line":584,"column":null}},"203":{"start":{"line":583,"column":12},"end":{"line":583,"column":null}},"204":{"start":{"line":586,"column":37},"end":{"line":586,"column":null}},"205":{"start":{"line":588,"column":22},"end":{"line":588,"column":null}},"206":{"start":{"line":589,"column":41},"end":{"line":589,"column":null}},"207":{"start":{"line":591,"column":47},"end":{"line":591,"column":null}},"208":{"start":{"line":594,"column":8},"end":{"line":604,"column":null}},"209":{"start":{"line":595,"column":46},"end":{"line":595,"column":null}},"210":{"start":{"line":597,"column":29},"end":{"line":597,"column":null}},"211":{"start":{"line":599,"column":12},"end":{"line":603,"column":null}},"212":{"start":{"line":600,"column":31},"end":{"line":600,"column":null}},"213":{"start":{"line":602,"column":16},"end":{"line":602,"column":null}},"214":{"start":{"line":606,"column":74},"end":{"line":614,"column":null}},"215":{"start":{"line":616,"column":8},"end":{"line":618,"column":null}},"216":{"start":{"line":617,"column":12},"end":{"line":617,"column":null}},"217":{"start":{"line":620,"column":23},"end":{"line":623,"column":null}},"218":{"start":{"line":625,"column":8},"end":{"line":625,"column":null}},"219":{"start":{"line":627,"column":8},"end":{"line":627,"column":null}},"220":{"start":{"line":644,"column":51},"end":{"line":728,"column":null}},"221":{"start":{"line":650,"column":8},"end":{"line":652,"column":null}},"222":{"start":{"line":651,"column":12},"end":{"line":651,"column":null}},"223":{"start":{"line":654,"column":37},"end":{"line":654,"column":null}},"224":{"start":{"line":655,"column":42},"end":{"line":655,"column":null}},"225":{"start":{"line":657,"column":42},"end":{"line":657,"column":null}},"226":{"start":{"line":658,"column":29},"end":{"line":658,"column":null}},"227":{"start":{"line":659,"column":22},"end":{"line":659,"column":null}},"228":{"start":{"line":660,"column":25},"end":{"line":660,"column":null}},"229":{"start":{"line":661,"column":8},"end":{"line":663,"column":null}},"230":{"start":{"line":662,"column":12},"end":{"line":662,"column":null}},"231":{"start":{"line":664,"column":28},"end":{"line":664,"column":null}},"232":{"start":{"line":666,"column":31},"end":{"line":666,"column":null}},"233":{"start":{"line":667,"column":38},"end":{"line":667,"column":null}},"234":{"start":{"line":669,"column":34},"end":{"line":669,"column":null}},"235":{"start":{"line":670,"column":8},"end":{"line":672,"column":null}},"236":{"start":{"line":671,"column":12},"end":{"line":671,"column":null}},"237":{"start":{"line":674,"column":103},"end":{"line":674,"column":null}},"238":{"start":{"line":677,"column":8},"end":{"line":681,"column":null}},"239":{"start":{"line":678,"column":12},"end":{"line":678,"column":null}},"240":{"start":{"line":679,"column":12},"end":{"line":679,"column":null}},"241":{"start":{"line":680,"column":12},"end":{"line":680,"column":null}},"242":{"start":{"line":683,"column":41},"end":{"line":683,"column":null}},"243":{"start":{"line":685,"column":30},"end":{"line":685,"column":null}},"244":{"start":{"line":686,"column":26},"end":{"line":686,"column":null}},"245":{"start":{"line":688,"column":24},"end":{"line":696,"column":null}},"246":{"start":{"line":698,"column":8},"end":{"line":702,"column":null}},"247":{"start":{"line":699,"column":12},"end":{"line":699,"column":null}},"248":{"start":{"line":700,"column":12},"end":{"line":700,"column":null}},"249":{"start":{"line":701,"column":12},"end":{"line":701,"column":null}},"250":{"start":{"line":704,"column":8},"end":{"line":704,"column":null}},"251":{"start":{"line":706,"column":74},"end":{"line":713,"column":null}},"252":{"start":{"line":715,"column":8},"end":{"line":717,"column":null}},"253":{"start":{"line":716,"column":12},"end":{"line":716,"column":null}},"254":{"start":{"line":719,"column":23},"end":{"line":722,"column":null}},"255":{"start":{"line":724,"column":8},"end":{"line":724,"column":null}},"256":{"start":{"line":726,"column":8},"end":{"line":726,"column":null}},"257":{"start":{"line":743,"column":59},"end":{"line":851,"column":null}},"258":{"start":{"line":750,"column":8},"end":{"line":752,"column":null}},"259":{"start":{"line":751,"column":12},"end":{"line":751,"column":null}},"260":{"start":{"line":754,"column":37},"end":{"line":754,"column":null}},"261":{"start":{"line":756,"column":42},"end":{"line":756,"column":null}},"262":{"start":{"line":758,"column":29},"end":{"line":758,"column":null}},"263":{"start":{"line":759,"column":22},"end":{"line":759,"column":null}},"264":{"start":{"line":760,"column":8},"end":{"line":762,"column":null}},"265":{"start":{"line":761,"column":12},"end":{"line":761,"column":null}},"266":{"start":{"line":763,"column":28},"end":{"line":763,"column":null}},"267":{"start":{"line":765,"column":31},"end":{"line":765,"column":null}},"268":{"start":{"line":766,"column":38},"end":{"line":766,"column":null}},"269":{"start":{"line":768,"column":34},"end":{"line":768,"column":null}},"270":{"start":{"line":769,"column":8},"end":{"line":771,"column":null}},"271":{"start":{"line":770,"column":12},"end":{"line":770,"column":null}},"272":{"start":{"line":773,"column":96},"end":{"line":773,"column":null}},"273":{"start":{"line":774,"column":41},"end":{"line":774,"column":null}},"274":{"start":{"line":776,"column":30},"end":{"line":776,"column":null}},"275":{"start":{"line":778,"column":26},"end":{"line":778,"column":null}},"276":{"start":{"line":780,"column":24},"end":{"line":788,"column":null}},"277":{"start":{"line":790,"column":8},"end":{"line":792,"column":null}},"278":{"start":{"line":791,"column":12},"end":{"line":791,"column":null}},"279":{"start":{"line":794,"column":8},"end":{"line":796,"column":null}},"280":{"start":{"line":795,"column":12},"end":{"line":795,"column":null}},"281":{"start":{"line":798,"column":22},"end":{"line":798,"column":null}},"282":{"start":{"line":800,"column":47},"end":{"line":800,"column":null}},"283":{"start":{"line":801,"column":32},"end":{"line":801,"column":null}},"284":{"start":{"line":802,"column":101},"end":{"line":802,"column":null}},"285":{"start":{"line":804,"column":8},"end":{"line":808,"column":null}},"286":{"start":{"line":805,"column":33},"end":{"line":805,"column":null}},"287":{"start":{"line":807,"column":12},"end":{"line":807,"column":null}},"288":{"start":{"line":810,"column":8},"end":{"line":814,"column":null}},"289":{"start":{"line":811,"column":33},"end":{"line":811,"column":null}},"290":{"start":{"line":813,"column":12},"end":{"line":813,"column":null}},"291":{"start":{"line":816,"column":8},"end":{"line":820,"column":null}},"292":{"start":{"line":817,"column":33},"end":{"line":817,"column":null}},"293":{"start":{"line":819,"column":12},"end":{"line":819,"column":null}},"294":{"start":{"line":822,"column":8},"end":{"line":826,"column":null}},"295":{"start":{"line":823,"column":33},"end":{"line":823,"column":null}},"296":{"start":{"line":825,"column":12},"end":{"line":825,"column":null}},"297":{"start":{"line":828,"column":74},"end":{"line":836,"column":null}},"298":{"start":{"line":838,"column":8},"end":{"line":840,"column":null}},"299":{"start":{"line":839,"column":12},"end":{"line":839,"column":null}},"300":{"start":{"line":842,"column":23},"end":{"line":845,"column":null}},"301":{"start":{"line":847,"column":8},"end":{"line":847,"column":null}},"302":{"start":{"line":849,"column":8},"end":{"line":849,"column":null}}},"fnMap":{"0":{"name":"(anonymous_0)","decl":{"start":{"line":38,"column":7},"end":{"line":38,"column":12}},"loc":{"start":{"line":38,"column":7},"end":{"line":38,"column":null}}},"1":{"name":"getDeleteAndInsertCustomBlockActions","decl":{"start":{"line":55,"column":9},"end":{"line":55,"column":null}},"loc":{"start":{"line":63,"column":2},"end":{"line":201,"column":null}}},"2":{"name":"(anonymous_2)","decl":{"start":{"line":75,"column":49},"end":{"line":75,"column":50}},"loc":{"start":{"line":75,"column":60},"end":{"line":75,"column":87}}},"3":{"name":"(anonymous_3)","decl":{"start":{"line":219,"column":13},"end":{"line":219,"column":14}},"loc":{"start":{"line":219,"column":85},"end":{"line":394,"column":null}}},"4":{"name":"(anonymous_4)","decl":{"start":{"line":382,"column":54},"end":{"line":382,"column":55}},"loc":{"start":{"line":382,"column":68},"end":{"line":384,"column":11}}},"5":{"name":"(anonymous_5)","decl":{"start":{"line":419,"column":13},"end":{"line":419,"column":14}},"loc":{"start":{"line":419,"column":80},"end":{"line":472,"column":null}}},"6":{"name":"(anonymous_6)","decl":{"start":{"line":462,"column":54},"end":{"line":462,"column":55}},"loc":{"start":{"line":462,"column":68},"end":{"line":464,"column":11}}},"7":{"name":"(anonymous_7)","decl":{"start":{"line":490,"column":13},"end":{"line":490,"column":14}},"loc":{"start":{"line":490,"column":80},"end":{"line":542,"column":null}}},"8":{"name":"(anonymous_8)","decl":{"start":{"line":532,"column":54},"end":{"line":532,"column":55}},"loc":{"start":{"line":532,"column":68},"end":{"line":534,"column":11}}},"9":{"name":"(anonymous_9)","decl":{"start":{"line":565,"column":13},"end":{"line":565,"column":14}},"loc":{"start":{"line":565,"column":81},"end":{"line":628,"column":null}}},"10":{"name":"(anonymous_10)","decl":{"start":{"line":616,"column":54},"end":{"line":616,"column":55}},"loc":{"start":{"line":616,"column":68},"end":{"line":618,"column":11}}},"11":{"name":"(anonymous_11)","decl":{"start":{"line":649,"column":13},"end":{"line":649,"column":14}},"loc":{"start":{"line":649,"column":72},"end":{"line":727,"column":null}}},"12":{"name":"(anonymous_12)","decl":{"start":{"line":715,"column":54},"end":{"line":715,"column":55}},"loc":{"start":{"line":715,"column":68},"end":{"line":717,"column":11}}},"13":{"name":"(anonymous_13)","decl":{"start":{"line":749,"column":13},"end":{"line":749,"column":14}},"loc":{"start":{"line":749,"column":81},"end":{"line":850,"column":null}}},"14":{"name":"(anonymous_14)","decl":{"start":{"line":838,"column":54},"end":{"line":838,"column":55}},"loc":{"start":{"line":838,"column":68},"end":{"line":840,"column":11}}}},"branchMap":{"0":{"loc":{"start":{"line":38,"column":12},"end":{"line":38,"column":null}},"type":"binary-expr","locations":[{"start":{"line":38,"column":12},"end":{"line":38,"column":null}},{"start":{"line":38,"column":12},"end":{"line":38,"column":null}}]},"1":{"loc":{"start":{"line":71,"column":4},"end":{"line":73,"column":null}},"type":"if","locations":[{"start":{"line":71,"column":4},"end":{"line":73,"column":null}},{"start":{},"end":{}}]},"2":{"loc":{"start":{"line":71,"column":8},"end":{"line":71,"column":41}},"type":"binary-expr","locations":[{"start":{"line":71,"column":8},"end":{"line":71,"column":27}},{"start":{"line":71,"column":27},"end":{"line":71,"column":41}}]},"3":{"loc":{"start":{"line":77,"column":4},"end":{"line":79,"column":null}},"type":"if","locations":[{"start":{"line":77,"column":4},"end":{"line":79,"column":null}},{"start":{},"end":{}}]},"4":{"loc":{"start":{"line":84,"column":4},"end":{"line":198,"column":null}},"type":"if","locations":[{"start":{"line":84,"column":4},"end":{"line":198,"column":null}},{"start":{"line":154,"column":11},"end":{"line":198,"column":null}}]},"5":{"loc":{"start":{"line":85,"column":8},"end":{"line":147,"column":null}},"type":"if","locations":[{"start":{"line":85,"column":8},"end":{"line":147,"column":null}},{"start":{"line":115,"column":15},"end":{"line":147,"column":null}}]},"6":{"loc":{"start":{"line":87,"column":12},"end":{"line":92,"column":null}},"type":"if","locations":[{"start":{"line":87,"column":12},"end":{"line":92,"column":null}},{"start":{},"end":{}}]},"7":{"loc":{"start":{"line":117,"column":12},"end":{"line":122,"column":null}},"type":"if","locations":[{"start":{"line":117,"column":12},"end":{"line":122,"column":null}},{"start":{},"end":{}}]},"8":{"loc":{"start":{"line":129,"column":12},"end":{"line":134,"column":null}},"type":"if","locations":[{"start":{"line":129,"column":12},"end":{"line":134,"column":null}},{"start":{},"end":{}}]},"9":{"loc":{"start":{"line":149,"column":8},"end":{"line":153,"column":null}},"type":"if","locations":[{"start":{"line":149,"column":8},"end":{"line":153,"column":null}},{"start":{},"end":{}}]},"10":{"loc":{"start":{"line":155,"column":8},"end":{"line":160,"column":null}},"type":"if","locations":[{"start":{"line":155,"column":8},"end":{"line":160,"column":null}},{"start":{},"end":{}}]},"11":{"loc":{"start":{"line":173,"column":8},"end":{"line":178,"column":null}},"type":"if","locations":[{"start":{"line":173,"column":8},"end":{"line":178,"column":null}},{"start":{},"end":{}}]},"12":{"loc":{"start":{"line":220,"column":8},"end":{"line":222,"column":null}},"type":"if","locations":[{"start":{"line":220,"column":8},"end":{"line":222,"column":null}},{"start":{},"end":{}}]},"13":{"loc":{"start":{"line":238,"column":8},"end":{"line":240,"column":null}},"type":"if","locations":[{"start":{"line":238,"column":8},"end":{"line":240,"column":null}},{"start":{},"end":{}}]},"14":{"loc":{"start":{"line":238,"column":12},"end":{"line":238,"column":101}},"type":"binary-expr","locations":[{"start":{"line":238,"column":12},"end":{"line":238,"column":41}},{"start":{"line":238,"column":41},"end":{"line":238,"column":65}},{"start":{"line":238,"column":65},"end":{"line":238,"column":82}},{"start":{"line":238,"column":82},"end":{"line":238,"column":101}}]},"15":{"loc":{"start":{"line":250,"column":26},"end":{"line":250,"column":43}},"type":"default-arg","locations":[{"start":{"line":250,"column":40},"end":{"line":250,"column":43}}]},"16":{"loc":{"start":{"line":260,"column":12},"end":{"line":264,"column":null}},"type":"if","locations":[{"start":{"line":260,"column":12},"end":{"line":264,"column":null}},{"start":{},"end":{}}]},"17":{"loc":{"start":{"line":267,"column":12},"end":{"line":276,"column":null}},"type":"if","locations":[{"start":{"line":267,"column":12},"end":{"line":276,"column":null}},{"start":{},"end":{}}]},"18":{"loc":{"start":{"line":267,"column":16},"end":{"line":267,"column":121}},"type":"binary-expr","locations":[{"start":{"line":267,"column":16},"end":{"line":267,"column":67}},{"start":{"line":267,"column":67},"end":{"line":267,"column":121}}]},"19":{"loc":{"start":{"line":269,"column":37},"end":{"line":269,"column":null}},"type":"cond-expr","locations":[{"start":{"line":269,"column":87},"end":{"line":269,"column":108}},{"start":{"line":269,"column":108},"end":{"line":269,"column":null}}]},"20":{"loc":{"start":{"line":271,"column":16},"end":{"line":275,"column":null}},"type":"if","locations":[{"start":{"line":271,"column":16},"end":{"line":275,"column":null}},{"start":{},"end":{}}]},"21":{"loc":{"start":{"line":278,"column":12},"end":{"line":280,"column":null}},"type":"if","locations":[{"start":{"line":278,"column":12},"end":{"line":280,"column":null}},{"start":{},"end":{}}]},"22":{"loc":{"start":{"line":289,"column":16},"end":{"line":320,"column":null}},"type":"switch","locations":[{"start":{"line":290,"column":20},"end":{"line":300,"column":null}},{"start":{"line":302,"column":20},"end":{"line":310,"column":null}},{"start":{"line":312,"column":20},"end":{"line":319,"column":null}}]},"23":{"loc":{"start":{"line":293,"column":24},"end":{"line":297,"column":null}},"type":"if","locations":[{"start":{"line":293,"column":24},"end":{"line":297,"column":null}},{"start":{},"end":{}}]},"24":{"loc":{"start":{"line":293,"column":28},"end":{"line":293,"column":87}},"type":"binary-expr","locations":[{"start":{"line":293,"column":28},"end":{"line":293,"column":49}},{"start":{"line":293,"column":49},"end":{"line":293,"column":87}}]},"25":{"loc":{"start":{"line":304,"column":24},"end":{"line":308,"column":null}},"type":"if","locations":[{"start":{"line":304,"column":24},"end":{"line":308,"column":null}},{"start":{},"end":{}}]},"26":{"loc":{"start":{"line":304,"column":28},"end":{"line":304,"column":87}},"type":"binary-expr","locations":[{"start":{"line":304,"column":28},"end":{"line":304,"column":49}},{"start":{"line":304,"column":49},"end":{"line":304,"column":87}}]},"27":{"loc":{"start":{"line":313,"column":24},"end":{"line":317,"column":null}},"type":"if","locations":[{"start":{"line":313,"column":24},"end":{"line":317,"column":null}},{"start":{},"end":{}}]},"28":{"loc":{"start":{"line":322,"column":16},"end":{"line":324,"column":null}},"type":"if","locations":[{"start":{"line":322,"column":16},"end":{"line":324,"column":null}},{"start":{},"end":{}}]},"29":{"loc":{"start":{"line":327,"column":12},"end":{"line":370,"column":null}},"type":"if","locations":[{"start":{"line":327,"column":12},"end":{"line":370,"column":null}},{"start":{},"end":{}}]},"30":{"loc":{"start":{"line":332,"column":16},"end":{"line":336,"column":null}},"type":"if","locations":[{"start":{"line":332,"column":16},"end":{"line":336,"column":null}},{"start":{"line":334,"column":16},"end":{"line":336,"column":null}}]},"31":{"loc":{"start":{"line":334,"column":16},"end":{"line":336,"column":null}},"type":"if","locations":[{"start":{"line":334,"column":16},"end":{"line":336,"column":null}},{"start":{},"end":{}}]},"32":{"loc":{"start":{"line":343,"column":16},"end":{"line":347,"column":null}},"type":"if","locations":[{"start":{"line":343,"column":16},"end":{"line":347,"column":null}},{"start":{},"end":{}}]},"33":{"loc":{"start":{"line":352,"column":16},"end":{"line":358,"column":null}},"type":"if","locations":[{"start":{"line":352,"column":16},"end":{"line":358,"column":null}},{"start":{"line":354,"column":16},"end":{"line":358,"column":null}}]},"34":{"loc":{"start":{"line":354,"column":16},"end":{"line":358,"column":null}},"type":"if","locations":[{"start":{"line":354,"column":16},"end":{"line":358,"column":null}},{"start":{"line":356,"column":16},"end":{"line":358,"column":null}}]},"35":{"loc":{"start":{"line":356,"column":16},"end":{"line":358,"column":null}},"type":"if","locations":[{"start":{"line":356,"column":16},"end":{"line":358,"column":null}},{"start":{},"end":{}}]},"36":{"loc":{"start":{"line":365,"column":16},"end":{"line":369,"column":null}},"type":"if","locations":[{"start":{"line":365,"column":16},"end":{"line":369,"column":null}},{"start":{},"end":{}}]},"37":{"loc":{"start":{"line":420,"column":8},"end":{"line":422,"column":null}},"type":"if","locations":[{"start":{"line":420,"column":8},"end":{"line":422,"column":null}},{"start":{},"end":{}}]},"38":{"loc":{"start":{"line":428,"column":8},"end":{"line":430,"column":null}},"type":"if","locations":[{"start":{"line":428,"column":8},"end":{"line":430,"column":null}},{"start":{},"end":{}}]},"39":{"loc":{"start":{"line":437,"column":26},"end":{"line":437,"column":43}},"type":"default-arg","locations":[{"start":{"line":437,"column":40},"end":{"line":437,"column":43}}]},"40":{"loc":{"start":{"line":445,"column":16},"end":{"line":449,"column":null}},"type":"if","locations":[{"start":{"line":445,"column":16},"end":{"line":449,"column":null}},{"start":{},"end":{}}]},"41":{"loc":{"start":{"line":491,"column":8},"end":{"line":493,"column":null}},"type":"if","locations":[{"start":{"line":491,"column":8},"end":{"line":493,"column":null}},{"start":{},"end":{}}]},"42":{"loc":{"start":{"line":499,"column":8},"end":{"line":501,"column":null}},"type":"if","locations":[{"start":{"line":499,"column":8},"end":{"line":501,"column":null}},{"start":{},"end":{}}]},"43":{"loc":{"start":{"line":508,"column":26},"end":{"line":508,"column":43}},"type":"default-arg","locations":[{"start":{"line":508,"column":40},"end":{"line":508,"column":43}}]},"44":{"loc":{"start":{"line":516,"column":12},"end":{"line":520,"column":null}},"type":"if","locations":[{"start":{"line":516,"column":12},"end":{"line":520,"column":null}},{"start":{},"end":{}}]},"45":{"loc":{"start":{"line":566,"column":8},"end":{"line":568,"column":null}},"type":"if","locations":[{"start":{"line":566,"column":8},"end":{"line":568,"column":null}},{"start":{},"end":{}}]},"46":{"loc":{"start":{"line":576,"column":8},"end":{"line":578,"column":null}},"type":"if","locations":[{"start":{"line":576,"column":8},"end":{"line":578,"column":null}},{"start":{},"end":{}}]},"47":{"loc":{"start":{"line":582,"column":8},"end":{"line":584,"column":null}},"type":"if","locations":[{"start":{"line":582,"column":8},"end":{"line":584,"column":null}},{"start":{},"end":{}}]},"48":{"loc":{"start":{"line":591,"column":26},"end":{"line":591,"column":43}},"type":"default-arg","locations":[{"start":{"line":591,"column":40},"end":{"line":591,"column":43}}]},"49":{"loc":{"start":{"line":599,"column":12},"end":{"line":603,"column":null}},"type":"if","locations":[{"start":{"line":599,"column":12},"end":{"line":603,"column":null}},{"start":{},"end":{}}]},"50":{"loc":{"start":{"line":650,"column":8},"end":{"line":652,"column":null}},"type":"if","locations":[{"start":{"line":650,"column":8},"end":{"line":652,"column":null}},{"start":{},"end":{}}]},"51":{"loc":{"start":{"line":661,"column":8},"end":{"line":663,"column":null}},"type":"if","locations":[{"start":{"line":661,"column":8},"end":{"line":663,"column":null}},{"start":{},"end":{}}]},"52":{"loc":{"start":{"line":661,"column":12},"end":{"line":661,"column":64}},"type":"binary-expr","locations":[{"start":{"line":661,"column":12},"end":{"line":661,"column":29}},{"start":{"line":661,"column":29},"end":{"line":661,"column":64}}]},"53":{"loc":{"start":{"line":670,"column":8},"end":{"line":672,"column":null}},"type":"if","locations":[{"start":{"line":670,"column":8},"end":{"line":672,"column":null}},{"start":{},"end":{}}]},"54":{"loc":{"start":{"line":677,"column":8},"end":{"line":681,"column":null}},"type":"if","locations":[{"start":{"line":677,"column":8},"end":{"line":681,"column":null}},{"start":{},"end":{}}]},"55":{"loc":{"start":{"line":686,"column":26},"end":{"line":686,"column":null}},"type":"binary-expr","locations":[{"start":{"line":686,"column":26},"end":{"line":686,"column":68}},{"start":{"line":686,"column":68},"end":{"line":686,"column":null}}]},"56":{"loc":{"start":{"line":698,"column":8},"end":{"line":702,"column":null}},"type":"if","locations":[{"start":{"line":698,"column":8},"end":{"line":702,"column":null}},{"start":{},"end":{}}]},"57":{"loc":{"start":{"line":698,"column":12},"end":{"line":698,"column":53}},"type":"binary-expr","locations":[{"start":{"line":698,"column":12},"end":{"line":698,"column":31}},{"start":{"line":698,"column":31},"end":{"line":698,"column":53}}]},"58":{"loc":{"start":{"line":750,"column":8},"end":{"line":752,"column":null}},"type":"if","locations":[{"start":{"line":750,"column":8},"end":{"line":752,"column":null}},{"start":{},"end":{}}]},"59":{"loc":{"start":{"line":760,"column":8},"end":{"line":762,"column":null}},"type":"if","locations":[{"start":{"line":760,"column":8},"end":{"line":762,"column":null}},{"start":{},"end":{}}]},"60":{"loc":{"start":{"line":760,"column":12},"end":{"line":760,"column":64}},"type":"binary-expr","locations":[{"start":{"line":760,"column":12},"end":{"line":760,"column":29}},{"start":{"line":760,"column":29},"end":{"line":760,"column":64}}]},"61":{"loc":{"start":{"line":769,"column":8},"end":{"line":771,"column":null}},"type":"if","locations":[{"start":{"line":769,"column":8},"end":{"line":771,"column":null}},{"start":{},"end":{}}]},"62":{"loc":{"start":{"line":778,"column":26},"end":{"line":778,"column":null}},"type":"binary-expr","locations":[{"start":{"line":778,"column":26},"end":{"line":778,"column":68}},{"start":{"line":778,"column":68},"end":{"line":778,"column":null}}]},"63":{"loc":{"start":{"line":790,"column":8},"end":{"line":792,"column":null}},"type":"if","locations":[{"start":{"line":790,"column":8},"end":{"line":792,"column":null}},{"start":{},"end":{}}]},"64":{"loc":{"start":{"line":794,"column":8},"end":{"line":796,"column":null}},"type":"if","locations":[{"start":{"line":794,"column":8},"end":{"line":796,"column":null}},{"start":{},"end":{}}]},"65":{"loc":{"start":{"line":800,"column":26},"end":{"line":800,"column":43}},"type":"default-arg","locations":[{"start":{"line":800,"column":40},"end":{"line":800,"column":43}}]},"66":{"loc":{"start":{"line":804,"column":8},"end":{"line":808,"column":null}},"type":"if","locations":[{"start":{"line":804,"column":8},"end":{"line":808,"column":null}},{"start":{},"end":{}}]},"67":{"loc":{"start":{"line":810,"column":8},"end":{"line":814,"column":null}},"type":"if","locations":[{"start":{"line":810,"column":8},"end":{"line":814,"column":null}},{"start":{},"end":{}}]},"68":{"loc":{"start":{"line":816,"column":8},"end":{"line":820,"column":null}},"type":"if","locations":[{"start":{"line":816,"column":8},"end":{"line":820,"column":null}},{"start":{},"end":{}}]},"69":{"loc":{"start":{"line":822,"column":8},"end":{"line":826,"column":null}},"type":"if","locations":[{"start":{"line":822,"column":8},"end":{"line":826,"column":null}},{"start":{},"end":{}}]}},"s":{"0":0,"1":0,"2":0,"3":0,"4":0,"5":0,"6":0,"7":0,"8":0,"9":0,"10":0,"11":0,"12":0,"13":0,"14":0,"15":0,"16":0,"17":0,"18":0,"19":0,"20":0,"21":0,"22":0,"23":0,"24":0,"25":0,"26":0,"27":0,"28":0,"29":0,"30":0,"31":0,"32":0,"33":0,"34":0,"35":0,"36":0,"37":0,"38":0,"39":0,"40":0,"41":0,"42":0,"43":0,"44":0,"45":0,"46":0,"47":0,"48":0,"49":0,"50":0,"51":0,"52":0,"53":0,"54":0,"55":0,"56":0,"57":0,"58":0,"59":0,"60":0,"61":0,"62":0,"63":0,"64":0,"65":0,"66":0,"67":0,"68":0,"69":0,"70":0,"71":0,"72":0,"73":0,"74":0,"75":0,"76":0,"77":0,"78":0,"79":0,"80":0,"81":0,"82":0,"83":0,"84":0,"85":0,"86":0,"87":0,"88":0,"89":0,"90":0,"91":0,"92":0,"93":0,"94":0,"95":0,"96":0,"97":0,"98":0,"99":0,"100":0,"101":0,"102":0,"103":0,"104":0,"105":0,"106":0,"107":0,"108":0,"109":0,"110":0,"111":0,"112":0,"113":0,"114":0,"115":0,"116":0,"117":0,"118":0,"119":0,"120":0,"121":0,"122":0,"123":0,"124":0,"125":0,"126":0,"127":0,"128":0,"129":0,"130":0,"131":0,"132":0,"133":0,"134":0,"135":0,"136":0,"137":0,"138":0,"139":0,"140":0,"141":0,"142":0,"143":0,"144":0,"145":0,"146":0,"147":0,"148":0,"149":0,"150":0,"151"
[...]
{"start":{"line":85,"column":8},"end":{"line":87,"column":null}},"28":{"start":{"line":86,"column":12},"end":{"line":86,"column":null}},"29":{"start":{"line":89,"column":38},"end":{"line":89,"column":null}},"30":{"start":{"line":91,"column":25},"end":{"line":95,"column":null}},"31":{"start":{"line":91,"column":82},"end":{"line":95,"column":10}},"32":{"start":{"line":97,"column":8},"end":{"line":102,"column":null}},"33":{"start":{"line":106,"column":8},"end":{"line":106,"column":null}},"34":{"start":{"line":108,"column":30},"end":{"line":108,"column":null}},"35":{"start":{"line":109,"column":8},"end":{"line":111,"column":null}},"36":{"start":{"line":110,"column":12},"end":{"line":110,"column":null}},"37":{"start":{"line":113,"column":25},"end":{"line":119,"column":null}},"38":{"start":{"line":114,"column":12},"end":{"line":118,"column":null}},"39":{"start":{"line":121,"column":8},"end":{"line":126,"column":null}},"40":{"start":{"line":130,"column":8},"end":{"line":132,"column":null}},"41":{"start":{"line":131,"column":12},"end":{"line":131,"column":null}},"42":{"start":{"line":134,"column":30},"end":{"line":134,"column":null}},"43":{"start":{"line":135,"column":8},"end":{"line":135,"column":null}},"44":{"start":{"line":137,"column":30},"end":{"line":137,"column":null}},"45":{"start":{"line":138,"column":8},"end":{"line":140,"column":null}},"46":{"start":{"line":139,"column":12},"end":{"line":139,"column":null}},"47":{"start":{"line":142,"column":25},"end":{"line":148,"column":null}},"48":{"start":{"line":143,"column":12},"end":{"line":147,"column":null}},"49":{"start":{"line":150,"column":8},"end":{"line":157,"column":null}},"50":{"start":{"line":161,"column":30},"end":{"line":161,"column":null}},"51":{"start":{"line":162,"column":8},"end":{"line":164,"column":null}},"52":{"start":{"line":163,"column":12},"end":{"line":163,"column":null}},"53":{"start":{"line":166,"column":8},"end":{"line":166,"column":null}},"54":{"start":{"line":170,"column":24},"end":{"line":170,"column":null}},"55":{"start":{"line":171,"column":8},"end":{"line":173,"column":null}},"56":{"start":{"line":172,"column":12},"end":{"line":172,"column":null}},"57":{"start":{"line":183,"column":12},"end":{"line":183,"column":null}},"58":{"start":{"line":184,"column":27},"end":{"line":189,"column":null}},"59":{"start":{"line":191,"column":8},"end":{"line":191,"column":null}},"60":{"start":{"line":193,"column":8},"end":{"line":193,"column":null}},"61":{"start":{"line":195,"column":8},"end":{"line":195,"column":null}},"62":{"start":{"line":197,"column":8},"end":{"line":204,"column":null}},"63":{"start":{"line":201,"column":12},"end":{"line":201,"column":null}},"64":{"start":{"line":203,"column":12},"end":{"line":203,"column":null}},"65":{"start":{"line":206,"column":8},"end":{"line":214,"column":null}},"66":{"start":{"line":211,"column":12},"end":{"line":211,"column":null}},"67":{"start":{"line":213,"column":12},"end":{"line":213,"column":null}},"68":{"start":{"line":216,"column":8},"end":{"line":236,"column":null}},"69":{"start":{"line":217,"column":12},"end":{"line":221,"column":null}},"70":{"start":{"line":218,"column":16},"end":{"line":218,"column":null}},"71":{"start":{"line":220,"column":16},"end":{"line":220,"column":null}},"72":{"start":{"line":223,"column":12},"end":{"line":235,"column":null}},"73":{"start":{"line":225,"column":20},"end":{"line":225,"column":null}},"74":{"start":{"line":226,"column":20},"end":{"line":226,"column":null}},"75":{"start":{"line":228,"column":20},"end":{"line":228,"column":null}},"76":{"start":{"line":229,"column":20},"end":{"line":229,"column":null}},"77":{"start":{"line":231,"column":20},"end":{"line":231,"column":null}},"78":{"start":{"line":232,"column":20},"end":{"line":232,"column":null}},"79":{"start":{"line":234,"column":20},"end":{"line":234,"column":null}},"80":{"start":{"line":239,"column":4},"end":{"line":263,"column":null}},"81":{"start":{"line":240,"column":8},"end":{"line":240,"column":null}},"82":{"start":{"line":242,"column":29},"end":{"line":250,"column":null}},"83":{"start":{"line":243,"column":12},"end":{"line":246,"column":null}},"84":{"start":{"line":244,"column":16},"end":{"line":244,"column":null}},"85":{"start":{"line":245,"column":16},"end":{"line":245,"column":null}},"86":{"start":{"line":248,"column":12},"end":{"line":248,"column":null}},"87":{"start":{"line":249,"column":12},"end":{"line":249,"column":null}},"88":{"start":{"line":253,"column":33},"end":{"line":257,"column":null}},"89":{"start":{"line":254,"column":12},"end":{"line":256,"column":null}},"90":{"start":{"line":255,"column":16},"end":{"line":255,"column":null}},"91":{"start":{"line":259,"column":8},"end":{"line":262,"column":null}},"92":{"start":{"line":260,"column":12},"end":{"line":260,"column":null}},"93":{"start":{"line":261,"column":12},"end":{"line":261,"column":null}},"94":{"start":{"line":265,"column":4},"end":{"line":402,"column":null}},"95":{"start":{"line":326,"column":57},"end":{"line":326,"column":95}},"96":{"start":{"line":348,"column":57},"end":{"line":348,"column":95}},"97":{"start":{"line":372,"column":57},"end":{"line":372,"column":95}},"98":{"start":{"line":394,"column":57},"end":{"line":394,"column":95}}},"fnMap":{"0":{"name":"(anonymous_0)","decl":{"start":{"line":43,"column":34},"end":{"line":43,"column":35}},"loc":{"start":{"line":43,"column":71},"end":{"line":404,"column":null}}},"1":{"name":"handleWrappingStyleChange","decl":{"start":{"line":81,"column":13},"end":{"line":81,"column":39}},"loc":{"start":{"line":81,"column":73},"end":{"line":103,"column":null}}},"2":{"name":"(anonymous_2)","decl":{"start":{"line":91,"column":43},"end":{"line":91,"column":44}},"loc":{"start":{"line":91,"column":82},"end":{"line":95,"column":10}}},"3":{"name":"handleWrapTextChange","decl":{"start":{"line":105,"column":13},"end":{"line":105,"column":34}},"loc":{"start":{"line":105,"column":68},"end":{"line":127,"column":null}}},"4":{"name":"(anonymous_4)","decl":{"start":{"line":113,"column":43},"end":{"line":113,"column":44}},"loc":{"start":{"line":113,"column":56},"end":{"line":119,"column":9}}},"5":{"name":"handleDistToTextChange","decl":{"start":{"line":129,"column":13},"end":{"line":129,"column":36}},"loc":{"start":{"line":129,"column":91},"end":{"line":158,"column":null}}},"6":{"name":"(anonymous_6)","decl":{"start":{"line":142,"column":43},"end":{"line":142,"column":44}},"loc":{"start":{"line":142,"column":56},"end":{"line":148,"column":9}}},"7":{"name":"updateFocusDrawingState","decl":{"start":{"line":160,"column":13},"end":{"line":160,"column":39}},"loc":{"start":{"line":160,"column":39},"end":{"line":167,"column":null}}},"8":{"name":"updateState","decl":{"start":{"line":169,"column":13},"end":{"line":169,"column":25}},"loc":{"start":{"line":169,"column":54},"end":{"line":237,"column":null}}},"9":{"name":"(anonymous_9)","decl":{"start":{"line":239,"column":14},"end":{"line":239,"column":20}},"loc":{"start":{"line":239,"column":20},"end":{"line":263,"column":7}}},"10":{"name":"(anonymous_10)","decl":{"start":{"line":242,"column":68},"end":{"line":242,"column":69}},"loc":{"start":{"line":242,"column":87},"end":{"line":250,"column":9}}},"11":{"name":"(anonymous_11)","decl":{"start":{"line":253,"column":66},"end":{"line":253,"column":73}},"loc":{"start":{"line":253,"column":99},"end":{"line":257,"column":9}}},"12":{"name":"(anonymous_12)","decl":{"start":{"line":259,"column":15},"end":{"line":259,"column":21}},"loc":{"start":{"line":259,"column":21},"end":{"line":262,"column":null}}},"13":{"name":"(anonymous_13)","decl":{"start":{"line":326,"column":46},"end":{"line":326,"column":47}},"loc":{"start":{"line":326,"column":55},"end":{"line":326,"column":null}}},"14":{"name":"(anonymous_14)","decl":{"start":{"line":348,"column":46},"end":{"line":348,"column":47}},"loc":{"start":{"line":348,"column":55},"end":{"line":348,"column":null}}},"15":{"name":"(anonymous_15)","decl":{"start":{"line":372,"column":46},"end":{"line":372,"column":47}},"loc":{"start":{"line":372,"column":55},"end":{"line":372,"column":null}}},"16":{"name":"(anonymous_16)","decl":{"start":{"line":394,"column":46},"end":{"line":394,"column":47}},"loc":{"start":{"line":394,"column":55},"end":{"line":394,"column":null}}}},"branchMap":{"0":{"loc":{"start":{"line":54,"column":4},"end":{"line":56,"column":null}},"type":"if","locations":[{"start":{"line":54,"column":4},"end":{"line":56,"column":null}},{"start":{},"end":{}}]},"1":{"loc":{"start":{"line":64,"column":4},"end":{"line":66,"column":null}},"type":"if","locations":[{"start":{"line":64,"column":4},"end":{"line":66,"column":null}},{"start":{},"end":{}}]},"2":{"loc":{"start":{"line":85,"column":8},"end":{"line":87,"column":null}},"type":"if","locations":[{"start":{"line":85,"column":8},"end":{"line":87,"column":null}},{"start":{},"end":{}}]},"3":{"loc":{"start":{"line":109,"column":8},"end":{"line":111,"column":null}},"type":"if","locations":[{"start":{"line":109,"column":8},"end":{"line":111,"column":null}},{"start":{},"end":{}}]},"4":{"loc":{"start":{"line":130,"column":8},"end":{"line":132,"column":null}},"type":"if","locations":[{"start":{"line":130,"column":8},"end":{"line":132,"column":null}},{"start":{},"end":{}}]},"5":{"loc":{"start":{"line":138,"column":8},"end":{"line":140,"column":null}},"type":"if","locations":[{"start":{"line":138,"column":8},"end":{"line":140,"column":null}},{"start":{},"end":{}}]},"6":{"loc":{"start":{"line":162,"column":8},"end":{"line":164,"column":null}},"type":"if","locations":[{"start":{"line":162,"column":8},"end":{"line":164,"column":null}},{"start":{},"end":{}}]},"7":{"loc":{"start":{"line":171,"column":8},"end":{"line":173,"column":null}},"type":"if","locations":[{"start":{"line":171,"column":8},"end":{"line":173,"column":null}},{"start":{},"end":{}}]},"8":{"loc":{"start":{"line":176,"column":12},"end":{"line":176,"column":null}},"type":"default-arg","locations":[{"start":{"line":176,"column":20},"end":{"line":176,"column":null}}]},"9":{"loc":{"start":{"line":177,"column":12},"end":{"line":177,"column":null}},"type":"default-arg","locations":[{"start":{"line":177,"column":20},"end":{"line":177,"column":null}}]},"10":{"loc":{"start":{"line":178,"column":12},"end":{"line":178,"column":null}},"type":"default-arg","locations":[{"start":{"line":178,"column":20},"end":{"line":178,"column":null}}]},"11":{"loc":{"start":{"line":179,"column":12},"end":{"line":179,"column":null}},"type":"default-arg","locations":[{"start":{"line":179,"column":20},"end":{"line":179,"column":null}}]},"12":{"loc":{"start":{"line":180,"column":12},"end":{"line":180,"column":null}},"type":"default-arg","locations":[{"start":{"line":180,"column":25},"end":{"line":180,"column":null}}]},"13":{"loc":{"start":{"line":181,"column":12},"end":{"line":181,"column":null}},"type":"default-arg","locations":[{"start":{"line":181,"column":24},"end":{"line":181,"column":null}}]},"14":{"loc":{"start":{"line":182,"column":12},"end":{"line":182,"column":null}},"type":"default-arg","locations":[{"start":{"line":182,"column":23},"end":{"line":182,"column":null}}]},"15":{"loc":{"start":{"line":197,"column":8},"end":{"line":204,"column":null}},"type":"if","locations":[{"start":{"line":197,"column":8},"end":{"line":204,"column":null}},{"start":{"line":202,"column":15},"end":{"line":204,"column":null}}]},"16":{"loc":{"start":{"line":198,"column":12},"end":{"line":199,"column":null}},"type":"binary-expr","locations":[{"start":{"line":198,"column":12},"end":{"line":198,"column":null}},{"start":{"line":199,"column":12},"end":{"line":199,"column":null}}]},"17":{"loc":{"start":{"line":206,"column":8},"end":{"line":214,"column":null}},"type":"if","locations":[{"start":{"line":206,"column":8},"end":{"line":214,"column":null}},{"start":{"line":212,"column":15},"end":{"line":214,"column":null}}]},"18":{"loc":{"start":{"line":207,"column":12},"end":{"line":209,"column":null}},"type":"binary-expr","locations":[{"start":{"line":207,"column":12},"end":{"line":207,"column":null}},{"start":{"line":208,"column":12},"end":{"line":208,"column":null}},{"start":{"line":209,"column":12},"end":{"line":209,"column":null}}]},"19":{"loc":{"start":{"line":216,"column":8},"end":{"line":236,"column":null}},"type":"if","locations":[{"start":{"line":216,"column":8},"end":{"line":236,"column":null}},{"start":{"line":222,"column":15},"end":{"line":236,"column":null}}]},"20":{"loc":{"start":{"line":217,"column":12},"end":{"line":221,"column":null}},"type":"if","locations":[{"start":{"line":217,"column":12},"end":{"line":221,"column":null}},{"start":{"line":219,"column":19},"end":{"line":221,"column":null}}]},"21":{"loc":{"start":{"line":223,"column":12},"end":{"line":235,"column":null}},"type":"switch","locations":[{"start":{"line":224,"column":16},"end":{"line":226,"column":null}},{"start":{"line":227,"column":16},"end":{"line":229,"column":null}},{"start":{"line":230,"column":16},"end":{"line":232,"column":null}},{"start":{"line":233,"column":16},"end":{"line":234,"column":null}}]},"22":{"loc":{"start":{"line":243,"column":12},"end":{"line":246,"column":null}},"type":"if","locations":[{"start":{"line":243,"column":12},"end":{"line":246,"column":null}},{"start":{},"end":{}}]},"23":{"loc":{"start":{"line":254,"column":12},"end":{"line":256,"column":null}},"type":"if","locations":[{"start":{"line":254,"column":12},"end":{"line":256,"column":null}},{"start":{},"end":{}}]},"24":{"loc":{"start":{"line":266,"column":108},"end":{"line":266,"column":137}},"type":"cond-expr","locations":[{"start":{"line":266,"column":120},"end":{"line":266,"column":130}},{"start":{"line":266,"column":130},"end":{"line":266,"column":137}}]}},"s":{"0":0,"1":0,"2":0,"3":0,"4":0,"5":0,"6":0,"7":0,"8":0,"9":0,"10":0,"11":0,"12":0,"13":0,"14":0,"15":0,"16":0,"17":0,"18":0,"19":0,"20":0,"21":0,"22":0,"23":0,"24":0,"25":0,"26":0,"27":0,"28":0,"29":0,"30":0,"31":0,"32":0,"33":0,"34":0,"35":0,"36":0,"37":0,"38":0,"39":0,"40":0,"41":0,"42":0,"43":0,"44":0,"45":0,"46":0,"47":0,"48":0,"49":0,"50":0,"51":0,"52":0,"53":0,"54":0,"55":0,"56":0,"57":0,"58":0,"59":0,"60":0,"61":0,"62":0,"63":0,"64":0,"65":0,"66":0,"67":0,"68":0,"69":0,"70":0,"71":0,"72":0,"73":0,"74":0,"75":0,"76":0,"77":0,"78":0,"79":0,"80":0,"81":0,"82":0,"83":0,"84":0,"85":0,"86":0,"87":0,"88":0,"89":0,"90":0,"91":0,"92":0,"93":0,"94":0,"95":0,"96":0,"97":0,"98":0},"f":{"0":0,"1":0,"2":0,"3":0,"4":0,"5":0,"6":0,"7":0,"8":0,"9":0,"10":0,"11":0,"12":0,"13":0,"14":0,"15":0,"16":0},"b":{"0":[0,0],"1":[0,0],"2":[0,0],"3":[0,0],"4":[0,0],"5":[0,0],"6":[0,0],"7":[0,0],"8":[0],"9":[0],"10":[0],"11":[0],"12":[0],"13":[0],"14":[0],"15":[0,0],"16":[0,0],"17":[0,0],"18":[0,0,0],"19":[0,0],"20":[0,0],"21":[0,0,0,0],"22":[0,0],"23":[0,0],"24":[0,0]}}
,"/Users/zhongjiafeng/Desktop/5000_Project/github/githubuniver/univer/packages/docs-drawing-ui/src/views/doc-image-panel/component-name.ts": {"path":"/Users/zhongjiafeng/Desktop/5000_Project/github/githubuniver/univer/packages/docs-drawing-ui/src/views/doc-image-panel/component-name.ts","statementMap":{"0":{"start":{"line":17,"column":43},"end":{"line":17,"column":null}}},"fnMap":{},"branchMap":{},"s":{"0":0},"f":{},"b":{}}
,"/Users/zhongjiafeng/Desktop/5000_Project/github/githubuniver/univer/packages/docs-drawing-ui/src/views/menu/image.menu.ts": {"path":"/Users/zhongjiafeng/Desktop/5000_Project/github/githubuniver/univer/packages/docs-drawing-ui/src/views/menu/image.menu.ts","statementMap":{"0":{"start":{"line":26,"column":31},"end":{"line":26,"column":null}},"1":{"start":{"line":27,"column":34},"end":{"line":27,"column":null}},"2":{"start":{"line":28,"column":42},"end":{"line":28,"column":null}},"3":{"start":{"line":31,"column":49},"end":{"line":63,"column":null}},"4":{"start":{"line":32,"column":39},"end":{"line":32,"column":null}},"5":{"start":{"line":33,"column":34},"end":{"line":33,"column":null}},"6":{"start":{"line":35,"column":4},"end":{"line":62,"column":null}},"7":{"start":{"line":36,"column":27},"end":{"line":59,"column":null}},"8":{"start":{"line":37,"column":32},"end":{"line":37,"column":null}},"9":{"start":{"line":39,"column":12},"end":{"line":56,"column":null}},"10":{"start":{"line":40,"column":62},"end":{"line":40,"column":null}},"11":{"start":{"line":41,"column":37},"end":{"line":41,"column":null}},"12":{"start":{"line":42,"column":31},"end":{"line":42,"column":null}},"13":{"start":{"line":44,"column":16},"end":{"line":52,"column":null}},"14":{"start":{"line":45,"column":20},"end":{"line":51,"column":null}},"15":{"start":{"line":46,"column":57},"end":{"line":46,"column":null}},"16":{"start":{"line":47,"column":24},"end":{"line":47,"column":null}},"17":{"start":{"line":49,"column":24},"end":{"line":49,"column":null}},"18":{"start":{"line":50,"column":24},"end":{"line":50,"column":null}},"19":{"start":{"line":54,"column":16},"end":{"line":54,"column":null}},"20":{"start":{"line":55,"column":16},"end":{"line":55,"column":null}},"21":{"start":{"line":58,"column":12},"end":{"line":58,"column":null}},"22":{"start":{"line":61,"column":8},"end":{"line":61,"column":null}},"23":{"start":{"line":61,"column":21},"end":{"line":61,"column":null}},"24":{"start":{"line":66,"column":4},"end":{"line":73,"column":null}},"25":{"start":{"line":77,"column":4},"end":{"line":82,"column":null}}},"fnMap":{"0":{"name":"(anonymous_0)","decl":{"start":{"line":31,"column":49},"end":{"line":31,"column":50}},"loc":{"start":{"line":31,"column":74},"end":{"line":63,"column":null}}},"1":{"name":"(anonymous_1)","decl":{"start":{"line":35,"column":35},"end":{"line":35,"column":36}},"loc":{"start":{"line":35,"column":51},"end":{"line":62,"column":5}}},"2":{"name":"(anonymous_2)","decl":{"start":{"line":36,"column":79},"end":{"line":36,"column":85}},"loc":{"start":{"line":36,"column":85},"end":{"line":59,"column":9}}},"3":{"name":"(anonymous_3)","decl":{"start":{"line":45,"column":36},"end":{"line":45,"column":37}},"loc":{"start":{"line":45,"column":47},"end":{"line":48,"column":21}}},"4":{"name":"(anonymous_4)","decl":{"start":{"line":61,"column":15},"end":{"line":61,"column":21}},"loc":{"start":{"line":61,"column":21},"end":{"line":61,"column":null}}},"5":{"name":"ImageMenuFactory","decl":{"start":{"line":65,"column":16},"end":{"line":65,"column":33}},"loc":{"start":{"line":65,"column":65},"end":{"line":74,"column":null}}},"6":{"name":"UploadFloatImageMenuFactory","decl":{"start":{"line":76,"column":16},"end":{"line":76,"column":44}},"loc":{"start":{"line":76,"column":77},"end":{"line":83,"column":null}}}},"branchMap":{"0":{"loc":{"start":{"line":39,"column":12},"end":{"line":56,"column":null}},"type":"if","locations":[{"start":{"line":39,"column":12},"end":{"line":56,"column":null}},{"start":{"line":53,"column":19},"end":{"line":56,"column":null}}]},"1":{"loc":{"start":{"line":44,"column":16},"end":{"line":52,"column":null}},"type":"if","locations":[{"start":{"line":44,"column":16},"end":{"line":52,"column":null}},{"start":{},"end":{}}]},"2":{"loc":{"start":{"line":44,"column":20},"end":{"line":44,"column":45}},"type":"binary-expr","locations":[{"start":{"line":44,"column":20},"end":{"line":44,"column":30}},{"start":{"line":44,"column":30},"end":{"line":44,"column":45}}]},"3":{"loc":{"start":{"line":45,"column":20},"end":{"line":51,"column":null}},"type":"if","locations":[{"start":{"line":45,"column":20},"end":{"line":51,"column":null}},{"start":{},"end":{}}]},"4":{"loc":{"start":{"line":47,"column":32},"end":{"line":47,"column":null}},"type":"binary-expr","locations":[{"start":{"line":47,"column":32},"end":{"line":47,"column":61}},{"start":{"line":47,"column":61},"end":{"line":47,"column":89}},{"start":{"line":47,"column":89},"end":{"line":47,"column":116}},{"start":{"line":47,"column":116},"end":{"line":47,"column":null}}]}},"s":{"0":0,"1":0,"2":0,"3":0,"4":0,"5":0,"6":0,"7":0,"8":0,"9":0,"10":0,"11":0,"12":0,"13":0,"14":0,"15":0,"16":0,"17":0,"18":0,"19":0,"20":0,"21":0,"22":0,"23":0,"24":0,"25":0},"f":{"0":0,"1":0,"2":0,"3":0,"4":0,"5":0,"6":0},"b":{"0":[0,0],"1":[0,0],"2":[0,0],"3":[0,0],"4":[0,0,0,0]}}
}
