{"/Users/zhongjiafeng/Desktop/5000_Project/github/githubuniver/univer/packages/sheets-hyper-link-ui/tailwind.config.ts": {"path":"/Users/zhongjiafeng/Desktop/5000_Project/github/githubuniver/univer/packages/sheets-hyper-link-ui/tailwind.config.ts","statementMap":{"0":{"start":{"line":20,"column":23},"end":{"line":25,"column":null}}},"fnMap":{},"branchMap":{},"s":{"0":0},"f":{},"b":{}}
,"/Users/zhongjiafeng/Desktop/5000_Project/github/githubuniver/univer/packages/sheets-hyper-link-ui/src/plugin.ts": {"path":"/Users/zhongjiafeng/Desktop/5000_Project/github/githubuniver/univer/packages/sheets-hyper-link-ui/src/plugin.ts","statementMap":{"0":{"start":{"line":37,"column":7},"end":{"line":95,"column":null}},"1":{"start":{"line":46,"column":8},"end":{"line":46,"column":null}},"2":{"start":{"line":42,"column":25},"end":{"line":42,"column":76}},"3":{"start":{"line":43,"column":45},"end":{"line":43,"column":null}},"4":{"start":{"line":44,"column":41},"end":{"line":44,"column":null}},"5":{"start":{"line":49,"column":34},"end":{"line":53,"column":null}},"6":{"start":{"line":54,"column":8},"end":{"line":56,"column":null}},"7":{"start":{"line":55,"column":12},"end":{"line":55,"column":null}},"8":{"start":{"line":57,"column":8},"end":{"line":57,"column":null}},"9":{"start":{"line":61,"column":43},"end":{"line":75,"column":null}},"10":{"start":{"line":76,"column":8},"end":{"line":76,"column":null}},"11":{"start":{"line":76,"column":38},"end":{"line":76,"column":61}},"12":{"start":{"line":78,"column":8},"end":{"line":78,"column":null}},"13":{"start":{"line":82,"column":30},"end":{"line":82,"column":null}},"14":{"start":{"line":83,"column":8},"end":{"line":83,"column":null}},"15":{"start":{"line":85,"column":8},"end":{"line":85,"column":null}},"16":{"start":{"line":86,"column":8},"end":{"line":86,"column":null}},"17":{"start":{"line":87,"column":8},"end":{"line":87,"column":null}},"18":{"start":{"line":91,"column":8},"end":{"line":91,"column":null}},"19":{"start":{"line":92,"column":8},"end":{"line":92,"column":null}},"20":{"start":{"line":93,"column":8},"end":{"line":93,"column":null}},"21":{"start":{"line":38,"column":4},"end":{"line":38,"column":null}},"22":{"start":{"line":39,"column":4},"end":{"line":39,"column":null}},"23":{"start":{"line":37,"column":13},"end":{"line":37,"column":51}}},"fnMap":{"0":{"name":"(anonymous_5)","decl":{"start":{"line":41,"column":4},"end":{"line":41,"column":null}},"loc":{"start":{"line":45,"column":6},"end":{"line":58,"column":null}}},"1":{"name":"(anonymous_6)","decl":{"start":{"line":60,"column":13},"end":{"line":60,"column":32}},"loc":{"start":{"line":60,"column":32},"end":{"line":79,"column":null}}},"2":{"name":"(anonymous_7)","decl":{"start":{"line":76,"column":29},"end":{"line":76,"column":30}},"loc":{"start":{"line":76,"column":38},"end":{"line":76,"column":61}}},"3":{"name":"(anonymous_8)","decl":{"start":{"line":81,"column":13},"end":{"line":81,"column":29}},"loc":{"start":{"line":81,"column":29},"end":{"line":88,"column":null}}},"4":{"name":"(anonymous_9)","decl":{"start":{"line":90,"column":13},"end":{"line":90,"column":32}},"loc":{"start":{"line":90,"column":32},"end":{"line":94,"column":null}}}},"branchMap":{"0":{"loc":{"start":{"line":42,"column":25},"end":{"line":42,"column":null}},"type":"default-arg","locations":[{"start":{"line":42,"column":76},"end":{"line":42,"column":null}}]},"1":{"loc":{"start":{"line":54,"column":8},"end":{"line":56,"column":null}},"type":"if","locations":[{"start":{"line":54,"column":8},"end":{"line":56,"column":null}},{"start":{},"end":{}}]}},"s":{"0":0,"1":0,"2":0,"3":0,"4":0,"5":0,"6":0,"7":0,"8":0,"9":0,"10":0,"11":0,"12":0,"13":0,"14":0,"15":0,"16":0,"17":0,"18":0,"19":0,"20":0,"21":0,"22":0,"23":0},"f":{"0":0,"1":0,"2":0,"3":0,"4":0},"b":{"0":[0],"1":[0,0]}}
,"/Users/zhongjiafeng/Desktop/5000_Project/github/githubuniver/univer/packages/sheets-hyper-link-ui/src/commands/operations/popup.operations.ts": {"path":"/Users/zhongjiafeng/Desktop/5000_Project/github/githubuniver/univer/packages/sheets-hyper-link-ui/src/commands/operations/popup.operations.ts","statementMap":{"0":{"start":{"line":31,"column":97},"end":{"line":47,"column":null}},"1":{"start":{"line":35,"column":8},"end":{"line":37,"column":null}},"2":{"start":{"line":36,"column":12},"end":{"line":36,"column":null}},"3":{"start":{"line":39,"column":29},"end":{"line":39,"column":null}},"4":{"start":{"line":40,"column":8},"end":{"line":44,"column":null}},"5":{"start":{"line":41,"column":12},"end":{"line":41,"column":null}},"6":{"start":{"line":43,"column":12},"end":{"line":43,"column":null}},"7":{"start":{"line":45,"column":8},"end":{"line":45,"column":null}},"8":{"start":{"line":49,"column":54},"end":{"line":58,"column":null}},"9":{"start":{"line":53,"column":29},"end":{"line":53,"column":null}},"10":{"start":{"line":55,"column":8},"end":{"line":55,"column":null}},"11":{"start":{"line":56,"column":8},"end":{"line":56,"column":null}},"12":{"start":{"line":60,"column":50},"end":{"line":91,"column":null}},"13":{"start":{"line":64,"column":38},"end":{"line":64,"column":null}},"14":{"start":{"line":65,"column":23},"end":{"line":65,"column":null}},"15":{"start":{"line":66,"column":36},"end":{"line":66,"column":null}},"16":{"start":{"line":67,"column":8},"end":{"line":69,"column":null}},"17":{"start":{"line":68,"column":12},"end":{"line":68,"column":null}},"18":{"start":{"line":70,"column":31},"end":{"line":70,"column":null}},"19":{"start":{"line":71,"column":40},"end":{"line":71,"column":null}},"20":{"start":{"line":72,"column":26},"end":{"line":72,"column":null}},"21":{"start":{"line":73,"column":8},"end":{"line":75,"column":null}},"22":{"start":{"line":74,"column":12},"end":{"line":74,"column":null}},"23":{"start":{"line":77,"column":20},"end":{"line":77,"column":null}},"24":{"start":{"line":78,"column":20},"end":{"line":78,"column":null}},"25":{"start":{"line":79,"column":24},"end":{"line":79,"column":null}},"26":{"start":{"line":80,"column":28},"end":{"line":80,"column":null}},"27":{"start":{"line":81,"column":8},"end":{"line":89,"column":null}},"28":{"start":{"line":93,"column":57},"end":{"line":108,"column":null}},"29":{"start":{"line":97,"column":8},"end":{"line":99,"column":null}},"30":{"start":{"line":98,"column":12},"end":{"line":98,"column":null}},"31":{"start":{"line":100,"column":31},"end":{"line":100,"column":null}},"32":{"start":{"line":101,"column":29},"end":{"line":101,"column":null}},"33":{"start":{"line":102,"column":8},"end":{"line":106,"column":null}},"34":{"start":{"line":103,"column":12},"end":{"line":103,"column":null}},"35":{"start":{"line":105,"column":12},"end":{"line":105,"column":null}}},"fnMap":{"0":{"name":"(anonymous_0)","decl":{"start":{"line":34,"column":4},"end":{"line":34,"column":12}},"loc":{"start":{"line":34,"column":30},"end":{"line":46,"column":null}}},"1":{"name":"(anonymous_1)","decl":{"start":{"line":52,"column":4},"end":{"line":52,"column":12}},"loc":{"start":{"line":52,"column":22},"end":{"line":57,"column":null}}},"2":{"name":"(anonymous_2)","decl":{"start":{"line":63,"column":4},"end":{"line":63,"column":12}},"loc":{"start":{"line":63,"column":22},"end":{"line":90,"column":null}}},"3":{"name":"(anonymous_3)","decl":{"start":{"line":96,"column":4},"end":{"line":96,"column":12}},"loc":{"start":{"line":96,"column":22},"end":{"line":107,"column":null}}}},"branchMap":{"0":{"loc":{"start":{"line":35,"column":8},"end":{"line":37,"column":null}},"type":"if","locations":[{"start":{"line":35,"column":8},"end":{"line":37,"column":null}},{"start":{},"end":{}}]},"1":{"loc":{"start":{"line":40,"column":8},"end":{"line":44,"column":null}},"type":"if","locations":[{"start":{"line":40,"column":8},"end":{"line":44,"column":null}},{"start":{"line":42,"column":15},"end":{"line":44,"column":null}}]},"2":{"loc":{"start":{"line":67,"column":8},"end":{"line":69,"column":null}},"type":"if","locations":[{"start":{"line":67,"column":8},"end":{"line":69,"column":null}},{"start":{},"end":{}}]},"3":{"loc":{"start":{"line":73,"column":8},"end":{"line":75,"column":null}},"type":"if","locations":[{"start":{"line":73,"column":8},"end":{"line":75,"column":null}},{"start":{},"end":{}}]},"4":{"loc":{"start":{"line":86,"column":18},"end":{"line":88,"column":null}},"type":"cond-expr","locations":[{"start":{"line":87,"column":16},"end":{"line":87,"column":null}},{"start":{"line":88,"column":18},"end":{"line":88,"column":null}}]},"5":{"loc":{"start":{"line":88,"column":18},"end":{"line":88,"column":null}},"type":"cond-expr","locations":[{"start":{"line":88,"column":36},"end":{"line":88,"column":70}},{"start":{"line":88,"column":70},"end":{"line":88,"column":null}}]},"6":{"loc":{"start":{"line":97,"column":8},"end":{"line":99,"column":null}},"type":"if","locations":[{"start":{"line":97,"column":8},"end":{"line":99,"column":null}},{"start":{},"end":{}}]},"7":{"loc":{"start":{"line":102,"column":8},"end":{"line":106,"column":null}},"type":"if","locations":[{"start":{"line":102,"column":8},"end":{"line":106,"column":null}},{"start":{"line":104,"column":15},"end":{"line":106,"column":null}}]}},"s":{"0":0,"1":0,"2":0,"3":0,"4":0,"5":0,"6":0,"7":0,"8":0,"9":0,"10":0,"11":0,"12":0,"13":0,"14":0,"15":0,"16":0,"17":0,"18":0,"19":0,"20":0,"21":0,"22":0,"23":0,"24":0,"25":0,"26":0,"27":0,"28":0,"29":0,"30":0,"31":0,"32":0,"33":0,"34":0,"35":0},"f":{"0":0,"1":0,"2":0,"3":0},"b":{"0":[0,0],"1":[0,0],"2":[0,0],"3":[0,0],"4":[0,0],"5":[0,0],"6":[0,0],"7":[0,0]}}
,"/Users/zhongjiafeng/Desktop/5000_Project/github/githubuniver/univer/packages/sheets-hyper-link-ui/src/common/util.ts": {"path":"/Users/zhongjiafeng/Desktop/5000_Project/github/githubuniver/univer/packages/sheets-hyper-link-ui/src/common/util.ts","statementMap":{"0":{"start":{"line":20,"column":4},"end":{"line":20,"column":null}},"1":{"start":{"line":24,"column":20},"end":{"line":24,"column":null}},"2":{"start":{"line":25,"column":4},"end":{"line":25,"column":null}},"3":{"start":{"line":29,"column":20},"end":{"line":29,"column":null}},"4":{"start":{"line":30,"column":4},"end":{"line":30,"column":null}},"5":{"start":{"line":34,"column":4},"end":{"line":56,"column":null}},"6":{"start":{"line":35,"column":31},"end":{"line":35,"column":null}},"7":{"start":{"line":38,"column":8},"end":{"line":42,"column":null}},"8":{"start":{"line":39,"column":12},"end":{"line":39,"column":null}},"9":{"start":{"line":41,"column":12},"end":{"line":41,"column":null}},"10":{"start":{"line":44,"column":8},"end":{"line":53,"column":null}},"11":{"start":{"line":52,"column":12},"end":{"line":52,"column":null}},"12":{"start":{"line":55,"column":8},"end":{"line":55,"column":null}},"13":{"start":{"line":58,"column":4},"end":{"line":58,"column":null}}},"fnMap":{"0":{"name":"isLegalLink","decl":{"start":{"line":19,"column":16},"end":{"line":19,"column":28}},"loc":{"start":{"line":19,"column":42},"end":{"line":21,"column":null}}},"1":{"name":"hasProtocol","decl":{"start":{"line":23,"column":16},"end":{"line":23,"column":28}},"loc":{"start":{"line":23,"column":47},"end":{"line":26,"column":null}}},"2":{"name":"isEmail","decl":{"start":{"line":28,"column":16},"end":{"line":28,"column":24}},"loc":{"start":{"line":28,"column":37},"end":{"line":31,"column":null}}},"3":{"name":"serializeUrl","decl":{"start":{"line":33,"column":16},"end":{"line":33,"column":29}},"loc":{"start":{"line":33,"column":45},"end":{"line":59,"column":null}}}},"branchMap":{"0":{"loc":{"start":{"line":34,"column":4},"end":{"line":56,"column":null}},"type":"if","locations":[{"start":{"line":34,"column":4},"end":{"line":56,"column":null}},{"start":{},"end":{}}]},"1":{"loc":{"start":{"line":35,"column":31},"end":{"line":35,"column":null}},"type":"cond-expr","locations":[{"start":{"line":35,"column":53},"end":{"line":35,"column":62}},{"start":{"line":35,"column":62},"end":{"line":35,"column":null}}]},"2":{"loc":{"start":{"line":35,"column":62},"end":{"line":35,"column":null}},"type":"cond-expr","locations":[{"start":{"line":35,"column":80},"end":{"line":35,"column":103}},{"start":{"line":35,"column":103},"end":{"line":35,"column":null}}]},"3":{"loc":{"start":{"line":44,"column":8},"end":{"line":53,"column":null}},"type":"if","locations":[{"start":{"line":44,"column":8},"end":{"line":53,"column":null}},{"start":{},"end":{}}]},"4":{"loc":{"start":{"line":45,"column":12},"end":{"line":50,"column":null}},"type":"binary-expr","locations":[{"start":{"line":45,"column":12},"end":{"line":45,"column":null}},{"start":{"line":46,"column":12},"end":{"line":46,"column":null}},{"start":{"line":47,"column":12},"end":{"line":47,"column":null}},{"start":{"line":48,"column":12},"end":{"line":48,"column":null}},{"start":{"line":49,"column":12},"end":{"line":49,"column":null}},{"start":{"line":50,"column":12},"end":{"line":50,"column":null}}]}},"s":{"0":0,"1":0,"2":0,"3":0,"4":0,"5":0,"6":0,"7":0,"8":0,"9":0,"10":0,"11":0,"12":0,"13":0},"f":{"0":0,"1":0,"2":0,"3":0},"b":{"0":[0,0],"1":[0,0],"2":[0,0],"3":[0,0],"4":[0,0,0,0,0,0]}}
,"/Users/zhongjiafeng/Desktop/5000_Project/github/githubuniver/univer/packages/sheets-hyper-link-ui/src/controllers/auto-fill.controller.ts": {"path":"/Users/zhongjiafeng/Desktop/5000_Project/github/githubuniver/univer/packages/sheets-hyper-link-ui/src/controllers/auto-fill.controller.ts","statementMap":{"0":{"start":{"line":24,"column":7},"end":{"line":158,"column":null}},"1":{"start":{"line":29,"column":8},"end":{"line":29,"column":null}},"2":{"start":{"line":26,"column":43},"end":{"line":26,"column":null}},"3":{"start":{"line":27,"column":49},"end":{"line":27,"column":null}},"4":{"start":{"line":30,"column":8},"end":{"line":30,"column":null}},"5":{"start":{"line":35,"column":31},"end":{"line":35,"column":null}},"6":{"start":{"line":35,"column":38},"end":{"line":35,"column":null}},"7":{"start":{"line":38,"column":33},"end":{"line":141,"column":null}},"8":{"start":{"line":39,"column":84},"end":{"line":39,"column":null}},"9":{"start":{"line":41,"column":33},"end":{"line":41,"column":null}},"10":{"start":{"line":42,"column":49},"end":{"line":42,"column":null}},"11":{"start":{"line":43,"column":32},"end":{"line":43,"column":null}},"12":{"start":{"line":44,"column":36},"end":{"line":47,"column":null}},"13":{"start":{"line":48,"column":28},"end":{"line":48,"column":null}},"14":{"start":{"line":49,"column":43},"end":{"line":49,"column":null}},"15":{"start":{"line":50,"column":43},"end":{"line":50,"column":null}},"16":{"start":{"line":53,"column":12},"end":{"line":136,"column":null}},"17":{"start":{"line":54,"column":40},"end":{"line":54,"column":null}},"18":{"start":{"line":55,"column":38},"end":{"line":55,"column":null}},"19":{"start":{"line":56,"column":36},"end":{"line":61,"column":null}},"20":{"start":{"line":62,"column":36},"end":{"line":67,"column":null}},"21":{"start":{"line":68,"column":16},"end":{"line":135,"column":null}},"22":{"start":{"line":69,"column":48},"end":{"line":77,"column":null}},"23":{"start":{"line":78,"column":63},"end":{"line":78,"column":null}},"24":{"start":{"line":79,"column":33},"end":{"line":79,"column":null}},"25":{"start":{"line":80,"column":48},"end":{"line":88,"column":null}},"26":{"start":{"line":89,"column":63},"end":{"line":89,"column":null}},"27":{"start":{"line":90,"column":31},"end":{"line":90,"column":null}},"28":{"start":{"line":91,"column":40},"end":{"line":91,"column":null}},"29":{"start":{"line":92,"column":20},"end":{"line":101,"column":null}},"30":{"start":{"line":93,"column":24},"end":{"line":100,"column":null}},"31":{"start":{"line":102,"column":20},"end":{"line":124,"column":null}},"32":{"start":{"line":103,"column":24},"end":{"line":115,"column":null}},"33":{"start":{"line":116,"column":24},"end":{"line":123,"column":null}},"34":{"start":{"line":125,"column":20},"end":{"line":134,"column":null}},"35":{"start":{"line":126,"column":24},"end":{"line":133,"column":null}},"36":{"start":{"line":137,"column":12},"end":{"line":140,"column":null}},"37":{"start":{"line":142,"column":41},"end":{"line":155,"column":null}},"38":{"start":{"line":145,"column":16},"end":{"line":151,"column":null}},"39":{"start":{"line":150,"column":20},"end":{"line":150,"column":null}},"40":{"start":{"line":153,"column":16},"end":{"line":153,"column":null}},"41":{"start":{"line":156,"column":8},"end":{"line":156,"column":null}},"42":{"start":{"line":24,"column":13},"end":{"line":24,"column":55}}},"fnMap":{"0":{"name":"(anonymous_3)","decl":{"start":{"line":25,"column":4},"end":{"line":25,"column":null}},"loc":{"start":{"line":28,"column":6},"end":{"line":31,"column":null}}},"1":{"name":"(anonymous_4)","decl":{"start":{"line":34,"column":12},"end":{"line":34,"column":28}},"loc":{"start":{"line":34,"column":28},"end":{"line":157,"column":null}}},"2":{"name":"(anonymous_5)","decl":{"start":{"line":35,"column":31},"end":{"line":35,"column":38}},"loc":{"start":{"line":35,"column":38},"end":{"line":35,"column":null}}},"3":{"name":"(anonymous_6)","decl":{"start":{"line":38,"column":33},"end":{"line":38,"column":34}},"loc":{"start":{"line":38,"column":89},"end":{"line":141,"column":null}}},"4":{"name":"(anonymous_7)","decl":{"start":{"line":53,"column":28},"end":{"line":53,"column":29}},"loc":{"start":{"line":53,"column":40},"end":{"line":136,"column":13}}},"5":{"name":"(anonymous_8)","decl":{"start":{"line":68,"column":45},"end":{"line":68,"column":46}},"loc":{"start":{"line":68,"column":59},"end":{"line":135,"column":17}}},"6":{"name":"(anonymous_9)","decl":{"start":{"line":144,"column":24},"end":{"line":144,"column":25}},"loc":{"start":{"line":144,"column":60},"end":{"line":154,"column":null}}}},"branchMap":{"0":{"loc":{"start":{"line":92,"column":20},"end":{"line":101,"column":null}},"type":"if","locations":[{"start":{"line":92,"column":20},"end":{"line":101,"column":null}},{"start":{},"end":{}}]},"1":{"loc":{"start":{"line":102,"column":20},"end":{"line":124,"column":null}},"type":"if","locations":[{"start":{"line":102,"column":20},"end":{"line":124,"column":null}},{"start":{},"end":{}}]},"2":{"loc":{"start":{"line":102,"column":20},"end":{"line":102,"column":100}},"type":"binary-expr","locations":[{"start":{"line":102,"column":25},"end":{"line":102,"column":58}},{"start":{"line":102,"column":58},"end":{"line":102,"column":94}},{"start":{"line":102,"column":94},"end":{"line":102,"column":100}}]},"3":{"loc":{"start":{"line":125,"column":20},"end":{"line":134,"column":null}},"type":"if","locations":[{"start":{"line":125,"column":20},"end":{"line":134,"column":null}},{"start":{},"end":{}}]},"4":{"loc":{"start":{"line":145,"column":16},"end":{"line":151,"column":null}},"type":"if","locations":[{"start":{"line":145,"column":16},"end":{"line":151,"column":null}},{"start":{},"end":{}}]},"5":{"loc":{"start":{"line":146,"column":20},"end":{"line":148,"column":null}},"type":"binary-expr","locations":[{"start":{"line":146,"column":20},"end":{"line":146,"column":null}},{"start":{"line":147,"column":20},"end":{"line":147,"column":null}},{"start":{"line":148,"column":20},"end":{"line":148,"column":null}}]}},"s":{"0":0,"1":0,"2":0,"3":0,"4":0,"5":0,"6":0,"7":0,"8":0,"9":0,"10":0,"11":0,"12":0,"13":0,"14":0,"15":0,"16":0,"17":0,"18":0,"19":0,"20":0,"21":0,"22":0,"23":0,"24":0,"25":0,"26":0,"27":0,"28":0,"29":0,"30":0,"31":0,"32":0,"33":0,"34":0,"35":0,"36":0,"37":0,"38":0,"39":0,"40":0,"41":0,"42":0},"f":{"0":0,"1":0,"2":0,"3":0,"4":0,"5":0,"6":0},"b":{"0":[0,0],"1":[0,0],"2":[0,0,0],"3":[0,0],"4":[0,0],"5":[0,0,0]}}
,"/Users/zhongjiafeng/Desktop/5000_Project/github/githubuniver/univer/packages/sheets-hyper-link-ui/src/controllers/config.schema.ts": {"path":"/Users/zhongjiafeng/Desktop/5000_Project/github/githubuniver/univer/packages/sheets-hyper-link-ui/src/controllers/config.schema.ts","statementMap":{"0":{"start":{"line":19,"column":54},"end":{"line":19,"column":null}},"1":{"start":{"line":21,"column":28},"end":{"line":21,"column":null}},"2":{"start":{"line":31,"column":67},"end":{"line":31,"column":null}}},"fnMap":{},"branchMap":{},"s":{"0":0,"1":0,"2":0},"f":{},"b":{}}
,"/Users/zhongjiafeng/Desktop/5000_Project/github/githubuniver/univer/packages/sheets-hyper-link-ui/src/controllers/copy-paste.controller.ts": {"path":"/Users/zhongjiafeng/Desktop/5000_Project/github/githubuniver/univer/packages/sheets-hyper-link-ui/src/controllers/copy-paste.controller.ts","statementMap":{"0":{"start":{"line":27,"column":7},"end":{"line":240,"column":null}},"1":{"start":{"line":55,"column":8},"end":{"line":55,"column":null}},"2":{"start":{"line":50,"column":40},"end":{"line":50,"column":null}},"3":{"start":{"line":51,"column":40},"end":{"line":51,"column":null}},"4":{"start":{"line":52,"column":34},"end":{"line":52,"column":null}},"5":{"start":{"line":53,"column":56},"end":{"line":53,"column":null}},"6":{"start":{"line":56,"column":8},"end":{"line":56,"column":null}},"7":{"start":{"line":57,"column":8},"end":{"line":59,"column":null}},"8":{"start":{"line":58,"column":12},"end":{"line":58,"column":null}},"9":{"start":{"line":28,"column":31},"end":{"line":28,"column":null}},"10":{"start":{"line":31,"column":8},"end":{"line":31,"column":null}},"11":{"start":{"line":35,"column":8},"end":{"line":35,"column":null}},"12":{"start":{"line":40,"column":8},"end":{"line":40,"column":null}},"13":{"start":{"line":40,"column":67},"end":{"line":40,"column":79}},"14":{"start":{"line":63,"column":8},"end":{"line":110,"column":null}},"15":{"start":{"line":65,"column":56},"end":{"line":65,"column":null}},"16":{"start":{"line":67,"column":65},"end":{"line":67,"column":null}},"17":{"start":{"line":68,"column":45},"end":{"line":68,"column":null}},"18":{"start":{"line":69,"column":66},"end":{"line":69,"column":null}},"19":{"start":{"line":70,"column":16},"end":{"line":70,"column":null}},"20":{"start":{"line":73,"column":37},"end":{"line":73,"column":null}},"21":{"start":{"line":75,"column":16},"end":{"line":105,"column":null}},"22":{"start":{"line":76,"column":57},"end":{"line":76,"column":null}},"23":{"start":{"line":77,"column":64},"end":{"line":77,"column":null}},"24":{"start":{"line":78,"column":51},"end":{"line":78,"column":null}},"25":{"start":{"line":79,"column":51},"end":{"line":79,"column":null}},"26":{"start":{"line":80,"column":20},"end":{"line":103,"column":null}},"27":{"start":{"line":81,"column":53},"end":{"line":81,"column":null}},"28":{"start":{"line":82,"column":37},"end":{"line":82,"column":null}},"29":{"start":{"line":83,"column":24},"end":{"line":92,"column":null}},"30":{"start":{"line":84,"column":28},"end":{"line":91,"column":null}},"31":{"start":{"line":93,"column":24},"end":{"line":102,"column":null}},"32":{"start":{"line":94,"column":28},"end":{"line":101,"column":null}},"33":{"start":{"line":104,"column":20},"end":{"line":104,"column":null}},"34":{"start":{"line":107,"column":16},"end":{"line":107,"column":null}},"35":{"start":{"line":114,"column":23},"end":{"line":114,"column":null}},"36":{"start":{"line":115,"column":8},"end":{"line":119,"column":null}},"37":{"start":{"line":121,"column":30},"end":{"line":123,"column":null}},"38":{"start":{"line":122,"column":12},"end":{"line":122,"column":null}},"39":{"start":{"line":124,"column":8},"end":{"line":126,"column":null}},"40":{"start":{"line":125,"column":12},"end":{"line":125,"column":null}},"41":{"start":{"line":127,"column":31},"end":{"line":127,"column":null}},"42":{"start":{"line":128,"column":8},"end":{"line":134,"column":null}},"43":{"start":{"line":129,"column":12},"end":{"line":133,"column":null}},"44":{"start":{"line":130,"column":29},"end":{"line":130,"column":null}},"45":{"start":{"line":132,"column":16},"end":{"line":132,"column":null}},"46":{"start":{"line":148,"column":8},"end":{"line":150,"column":null}},"47":{"start":{"line":149,"column":12},"end":{"line":149,"column":null}},"48":{"start":{"line":152,"column":8},"end":{"line":154,"column":null}},"49":{"start":{"line":153,"column":12},"end":{"line":153,"column":null}},"50":{"start":{"line":156,"column":53},"end":{"line":161,"column":null}},"51":{"start":{"line":163,"column":8},"end":{"line":165,"column":null}},"52":{"start":{"line":164,"column":12},"end":{"line":164,"column":null}},"53":{"start":{"line":167,"column":38},"end":{"line":167,"column":null}},"54":{"start":{"line":169,"column":39},"end":{"line":169,"column":null}},"55":{"start":{"line":170,"column":39},"end":{"line":170,"column":null}},"56":{"start":{"line":172,"column":64},"end":{"line":172,"column":null}},"57":{"start":{"line":173,"column":28},"end":{"line":173,"column":null}},"58":{"start":{"line":175,"column":8},"end":{"line":236,"column":null}},"59":{"start":{"line":176,"column":12},"end":{"line":235,"column":null}},"60":{"start":{"line":177,"column":30},"end":{"line":185,"column":null}},"61":{"start":{"line":186,"column":32},"end":{"line":186,"column":null}},"62":{"start":{"line":188,"column":60},"end":{"line":188,"column":null}},"63":{"start":{"line":189,"column":36},"end":{"line":189,"column":null}},"64":{"start":{"line":190,"column":27},"end":{"line":190,"column":null}},"65":{"start":{"line":191,"column":16},"end":{"line":200,"column":null}},"66":{"start":{"line":192,"column":20},"end":{"line":199,"column":null}},"67":{"start":{"line":201,"column":16},"end":{"line":223,"column":null}},"68":{"start":{"line":202,"column":20},"end":{"line":214,"column":null}},"69":{"start":{"line":215,"column":20},"end":{"line":222,"column":null}},"70":{"start":{"line":225,"column":16},"end":{"line":234,"column":null}},"71":{"start":{"line":226,"column":20},"end":{"line":233,"column":null}},"72":{"start":{"line":238,"column":8},"end":{"line":238,"column":null}},"73":{"start":{"line":27,"column":13},"end":{"line":27,"column":56}}},"fnMap":{"0":{"name":"(anonymous_3)","decl":{"start":{"line":49,"column":4},"end":{"line":49,"column":null}},"loc":{"start":{"line":54,"column":6},"end":{"line":60,"column":null}}},"1":{"name":"(anonymous_4)","decl":{"start":{"line":57,"column":27},"end":{"line":57,"column":33}},"loc":{"start":{"line":57,"column":33},"end":{"line":59,"column":9}}},"2":{"name":"(anonymous_5)","decl":{"start":{"line":30,"column":4},"end":{"line":30,"column":28}},"loc":{"start":{"line":30,"column":63},"end":{"line":32,"column":null}}},"3":{"name":"(anonymous_6)","decl":{"start":{"line":34,"column":4},"end":{"line":34,"column":26}},"loc":{"start":{"line":34,"column":61},"end":{"line":36,"column":null}}},"4":{"name":"(anonymous_7)","decl":{"start":{"line":39,"column":12},"end":{"line":39,"column":29}},"loc":{"start":{"line":39,"column":43},"end":{"line":41,"column":null}}},"5":{"name":"(anonymous_8)","decl":{"start":{"line":40,"column":55},"end":{"line":40,"column":56}},"loc":{"start":{"line":40,"column":67},"end":{"line":40,"column":79}}},"6":{"name":"(anonymous_9)","decl":{"start":{"line":62,"column":12},"end":{"line":62,"column":29}},"loc":{"start":{"line":62,"column":29},"end":{"line":111,"column":null}}},"7":{"name":"(anonymous_10)","decl":{"start":{"line":65,"column":26},"end":{"line":65,"column":27}},"loc":{"start":{"line":65,"column":56},"end":{"line":65,"column":null}}},"8":{"name":"(anonymous_11)","decl":{"start":{"line":66,"column":26},"end":{"line":66,"column":27}},"loc":{"start":{"line":66,"column":65},"end":{"line":71,"column":null}}},"9":{"name":"(anonymous_12)","decl":{"start":{"line":72,"column":30},"end":{"line":72,"column":31}},"loc":{"start":{"line":72,"column":90},"end":{"line":108,"column":null}}},"10":{"name":"(anonymous_13)","decl":{"start":{"line":80,"column":48},"end":{"line":80,"column":49}},"loc":{"start":{"line":80,"column":74},"end":{"line":103,"column":21}}},"11":{"name":"(anonymous_14)","decl":{"start":{"line":113,"column":12},"end":{"line":113,"column":21}},"loc":{"start":{"line":113,"column":71},"end":{"line":135,"column":null}}},"12":{"name":"(anonymous_15)","decl":{"start":{"line":121,"column":52},"end":{"line":121,"column":53}},"loc":{"start":{"line":121,"column":66},"end":{"line":123,"column":9}}},"13":{"name":"(anonymous_16)","decl":{"start":{"line":128,"column":21},"end":{"line":128,"column":22}},"loc":{"start":{"line":128,"column":40},"end":{"line":134,"column":9}}},"14":{"name":"(anonymous_17)","decl":{"start":{"line":129,"column":25},"end":{"line":129,"column":26}},"loc":{"start":{"line":129,"column":44},"end":{"line":133,"column":13}}},"15":{"name":"(anonymous_18)","decl":{"start":{"line":138,"column":12},"end":{"line":138,"column":null}},"loc":{"start":{"line":147,"column":6},"end":{"line":239,"column":null}}},"16":{"name":"(anonymous_19)","decl":{"start":{"line":175,"column":28},"end":{"line":175,"column":29}},"loc":{"start":{"line":175,"column":48},"end":{"line":236,"column":9}}},"17":{"name":"(anonymous_20)","decl":{"start":{"line":176,"column":44},"end":{"line":176,"column":45}},"loc":{"start":{"line":176,"column":66},"end":{"line":235,"column":13}}}},"branchMap":{"0":{"loc":{"start":{"line":67,"column":24},"end":{"line":67,"column":51}},"type":"default-arg","locations":[{"start":{"line":67,"column":35},"end":{"line":67,"column":51}}]},"1":{"loc":{"start":{"line":68,"column":45},"end":{"line":68,"column":null}},"type":"binary-expr","locations":[{"start":{"line":68,"column":45},"end":{"line":68,"column":58}},{"start":{"line":68,"column":58},"end":{"line":68,"column":null}}]},"2":{"loc":{"start":{"line":75,"column":16},"end":{"line":105,"column":null}},"type":"if","locations":[{"start":{"line":75,"column":16},"end":{"line":105,"column":null}},{"start":{},"end":{}}]},"3":{"loc":{"start":{"line":75,"column":20},"end":{"line":75,"column":59}},"type":"binary-expr","locations":[{"start":{"line":75,"column":20},"end":{"line":75,"column":45}},{"start":{"line":75,"column":45},"end":{"line":75,"column":59}}]},"4":{"loc":{"start":{"line":83,"column":24},"end":{"line":92,"column":null}},"type":"if","locations":[{"start":{"line":83,"column":24},"end":{"line":92,"column":null}},{"start":{},"end":{}}]},"5":{"loc":{"start":{"line":93,"column":24},"end":{"line":102,"column":null}},"type":"if","locations":[{"start":{"line":93,"column":24},"end":{"line":102,"column":null}},{"start":{},"end":{}}]},"6":{"loc":{"start":{"line":124,"column":8},"end":{"line":126,"column":null}},"type":"if","locations":[{"start":{"line":124,"column":8},"end":{"line":126,"column":null}},{"start":{},"end":{}}]},"7":{"loc":{"start":{"line":132,"column":52},"end":{"line":132,"column":66}},"type":"binary-expr","locations":[{"start":{"line":132,"column":52},"end":{"line":132,"column":64}},{"start":{"line":132,"column":64},"end":{"line":132,"column":66}}]},"8":{"loc":{"start":{"line":148,"column":8},"end":{"line":150,"column":null}},"type":"if","locations":[{"start":{"line":148,"column":8},"end":{"line":150,"column":null}},{"start":{},"end":{}}]},"9":{"loc":{"start":{"line":152,"column":8},"end":{"line":154,"column":null}},"type":"if","locations":[{"start":{"line":152,"column":8},"end":{"line":154,"column":null}},{"start":{},"end":{}}]},"10":{"loc":{"start":{"line":152,"column":12},"end":{"line":152,"column":90}},"type":"binary-expr","locations":[{"start":{"line":152,"column":12},"end":{"line":152,"column":31}},{"start":{"line":152,"column":31},"end":{"line":152,"column":69}},{"start":{"line":152,"column":69},"end":{"line":152,"column":90}}]},"11":{"loc":{"start":{"line":163,"column":8},"end":{"line":165,"column":null}},"type":"if","locations":[{"start":{"line":163,"column":8},"end":{"line":165,"column":null}},{"start":{},"end":{}}]},"12":{"loc":{"start":{"line":191,"column":16},"end":{"line":200,"column":null}},"type":"if","locations":[{"start":{"line":191,"column":16},"end":{"line":200,"column":null}},{"start":{},"end":{}}]},"13":{"loc":{"start":{"line":201,"column":16},"end":{"line":223,"column":null}},"type":"if","locations":[{"start":{"line":201,"column":16},"end":{"line":223,"column":null}},{"start":{},"end":{}}]},"14":{"loc":{"start":{"line":225,"column":16},"end":{"line":234,"column":null}},"type":"if","locations":[{"start":{"line":225,"column":16},"end":{"line":234,"column":null}},{"start":{},"end":{}}]}},"s":{"0":0,"1":0,"2":0,"3":0,"4":0,"5":0,"6":0,"7":0,"8":0,"9":0,"10":0,"11":0,"12":0,"13":0,"14":0,"15":0,"16":0,"17":0,"18":0,"19":0,"20":0,"21":0,"22":0,"23":0,"24":0,"25":0,"26":0,"27":0,"28":0,"29":0,"30":0,"31":0,"32":0,"33":0,"34":0,"35":0,"36":0,"37":0,"38":0,"39":0,"40":0,"41":0,"42":0,"43":0,"44":0,"45":0,"46":0,"47":0,"48":0,"49":0,"50":0,"51":0,"52":0,"53":0,"54":0,"55":0,"56":0,"57":0,"58":0,"59":0,"60":0,"61":0,"62":0,"63":0,"64":0,"65":0,"66":0,"67":0,"68":0,"69":0,"70":0,"71":0,"72":0,"73":0},"f":{"0":0,"1":0,"2":0,"3":0,"4":0,"5":0,"6":0,"7":0,"8":0,"9":0,"10":0,"11":0,"12":0,"13":0,"14":0,"15":0,"16":0,"17":0},"b":{"0":[0],"1":[0,0],"2":[0,0],"3":[0,0],"4":[0,0],"5":[0,0],"6":[0,0],"7":[0,0],"8":[0,0],"9":[0,0],"10":[0,0,0],"11":[0,0],"12":[0,0],"13":[0,0],"14":[0,0]}}
,"/Users/zhongjiafeng/Desktop/5000_Project/github/githubuniver/univer/packages/sheets-hyper-link-ui/src/controllers/hyper-link-permission.controller.ts": {"path":"/Users/zhongjiafeng/Desktop/5000_Project/github/githubuniver/univer/packages/sheets-hyper-link-ui/src/controllers/hyper-link-permission.controller.ts","statementMap":{"0":{"start":{"line":22,"column":7},"end":{"line":49,"column":null}},"1":{"start":{"line":28,"column":8},"end":{"line":28,"column":null}},"2":{"start":{"line":24,"column":39},"end":{"line":24,"column":null}},"3":{"start":{"line":25,"column":42},"end":{"line":25,"column":null}},"4":{"start":{"line":26,"column":65},"end":{"line":26,"column":null}},"5":{"start":{"line":30,"column":8},"end":{"line":30,"column":null}},"6":{"start":{"line":34,"column":8},"end":{"line":47,"column":null}},"7":{"start":{"line":36,"column":16},"end":{"line":45,"column":null}},"8":{"start":{"line":37,"column":39},"end":{"line":41,"column":null}},"9":{"start":{"line":42,"column":20},"end":{"line":44,"column":null}},"10":{"start":{"line":43,"column":24},"end":{"line":43,"column":null}},"11":{"start":{"line":22,"column":13},"end":{"line":22,"column":57}}},"fnMap":{"0":{"name":"(anonymous_3)","decl":{"start":{"line":23,"column":4},"end":{"line":23,"column":null}},"loc":{"start":{"line":27,"column":6},"end":{"line":31,"column":null}}},"1":{"name":"(anonymous_4)","decl":{"start":{"line":33,"column":12},"end":{"line":33,"column":39}},"loc":{"start":{"line":33,"column":39},"end":{"line":48,"column":null}}},"2":{"name":"(anonymous_5)","decl":{"start":{"line":35,"column":55},"end":{"line":35,"column":56}},"loc":{"start":{"line":35,"column":82},"end":{"line":46,"column":13}}}},"branchMap":{"0":{"loc":{"start":{"line":36,"column":16},"end":{"line":45,"column":null}},"type":"if","locations":[{"start":{"line":36,"column":16},"end":{"line":45,"column":null}},{"start":{},"end":{}}]},"1":{"loc":{"start":{"line":42,"column":20},"end":{"line":44,"column":null}},"type":"if","locations":[{"start":{"line":42,"column":20},"end":{"line":44,"column":null}},{"start":{},"end":{}}]}},"s":{"0":0,"1":0,"2":0,"3":0,"4":0,"5":0,"6":0,"7":0,"8":0,"9":0,"10":0,"11":0},"f":{"0":0,"1":0,"2":0},"b":{"0":[0,0],"1":[0,0]}}
,"/Users/zhongjiafeng/Desktop/5000_Project/github/githubuniver/univer/packages/sheets-hyper-link-ui/src/controllers/menu.schema.ts": {"path":"/Users/zhongjiafeng/Desktop/5000_Project/github/githubuniver/univer/packages/sheets-hyper-link-ui/src/controllers/menu.schema.ts","statementMap":{"0":{"start":{"line":22,"column":42},"end":{"line":46,"column":null}}},"fnMap":{},"branchMap":{},"s":{"0":0},"f":{},"b":{}}
,"/Users/zhongjiafeng/Desktop/5000_Project/github/githubuniver/univer/packages/sheets-hyper-link-ui/src/controllers/menu.ts": {"path":"/Users/zhongjiafeng/Desktop/5000_Project/github/githubuniver/univer/packages/sheets-hyper-link-ui/src/controllers/menu.ts","statementMap":{"0":{"start":{"line":30,"column":31},"end":{"line":54,"column":null}},"1":{"start":{"line":31,"column":34},"end":{"line":31,"column":null}},"2":{"start":{"line":32,"column":31},"end":{"line":32,"column":null}},"3":{"start":{"line":33,"column":4},"end":{"line":35,"column":null}},"4":{"start":{"line":34,"column":8},"end":{"line":34,"column":null}},"5":{"start":{"line":37,"column":4},"end":{"line":53,"column":null}},"6":{"start":{"line":38,"column":36},"end":{"line":38,"column":null}},"7":{"start":{"line":39,"column":22},"end":{"line":39,"column":null}},"8":{"start":{"line":40,"column":8},"end":{"line":42,"column":null}},"9":{"start":{"line":41,"column":12},"end":{"line":41,"column":null}},"10":{"start":{"line":43,"column":23},"end":{"line":43,"column":null}},"11":{"start":{"line":44,"column":8},"end":{"line":46,"column":null}},"12":{"start":{"line":45,"column":12},"end":{"line":45,"column":null}},"13":{"start":{"line":48,"column":8},"end":{"line":50,"column":null}},"14":{"start":{"line":49,"column":12},"end":{"line":49,"column":null}},"15":{"start":{"line":52,"column":8},"end":{"line":52,"column":null}},"16":{"start":{"line":56,"column":24},"end":{"line":102,"column":null}},"17":{"start":{"line":57,"column":26},"end":{"line":57,"column":null}},"18":{"start":{"line":58,"column":34},"end":{"line":58,"column":null}},"19":{"start":{"line":59,"column":32},"end":{"line":59,"column":null}},"20":{"start":{"line":61,"column":25},"end":{"line":91,"column":null}},"21":{"start":{"line":63,"column":12},"end":{"line":65,"column":null}},"22":{"start":{"line":64,"column":16},"end":{"line":64,"column":null}},"23":{"start":{"line":66,"column":27},"end":{"line":66,"column":null}},"24":{"start":{"line":67,"column":12},"end":{"line":69,"column":null}},"25":{"start":{"line":68,"column":16},"end":{"line":68,"column":null}},"26":{"start":{"line":71,"column":12},"end":{"line":71,"column":null}},"27":{"start":{"line":74,"column":12},"end":{"line":76,"column":null}},"28":{"start":{"line":75,"column":16},"end":{"line":75,"column":null}},"29":{"start":{"line":78,"column":32},"end":{"line":78,"column":null}},"30":{"start":{"line":79,"column":12},"end":{"line":89,"column":null}},"31":{"start":{"line":82,"column":24},"end":{"line":86,"column":null}},"32":{"start":{"line":93,"column":4},"end":{"line":101,"column":null}},"33":{"start":{"line":95,"column":12},"end":{"line":99,"column":null}},"34":{"start":{"line":96,"column":16},"end":{"line":96,"column":null}},"35":{"start":{"line":98,"column":16},"end":{"line":98,"column":null}},"36":{"start":{"line":104,"column":17},"end":{"line":109,"column":null}},"37":{"start":{"line":111,"column":34},"end":{"line":111,"column":null}},"38":{"start":{"line":111,"column":50},"end":{"line":111,"column":null}},"39":{"start":{"line":113,"column":37},"end":{"line":121,"column":null}},"40":{"start":{"line":114,"column":4},"end":{"line":120,"column":null}},"41":{"start":{"line":123,"column":46},"end":{"line":130,"column":null}},"42":{"start":{"line":124,"column":4},"end":{"line":129,"column":null}},"43":{"start":{"line":132,"column":24},"end":{"line":137,"column":null}},"44":{"start":{"line":139,"column":44},"end":{"line":146,"column":null}},"45":{"start":{"line":140,"column":4},"end":{"line":145,"column":null}},"46":{"start":{"line":148,"column":53},"end":{"line":155,"column":null}},"47":{"start":{"line":149,"column":4},"end":{"line":154,"column":null}},"48":{"start":{"line":157,"column":49},"end":{"line":161,"column":null}}},"fnMap":{"0":{"name":"(anonymous_0)","decl":{"start":{"line":30,"column":31},"end":{"line":30,"column":32}},"loc":{"start":{"line":30,"column":94},"end":{"line":54,"column":null}}},"1":{"name":"(anonymous_1)","decl":{"start":{"line":37,"column":59},"end":{"line":37,"column":65}},"loc":{"start":{"line":37,"column":65},"end":{"line":53,"column":5}}},"2":{"name":"(anonymous_2)","decl":{"start":{"line":56,"column":24},"end":{"line":56,"column":25}},"loc":{"start":{"line":56,"column":49},"end":{"line":102,"column":null}}},"3":{"name":"(anonymous_3)","decl":{"start":{"line":62,"column":12},"end":{"line":62,"column":13}},"loc":{"start":{"line":62,"column":23},"end":{"line":72,"column":9}}},"4":{"name":"(anonymous_4)","decl":{"start":{"line":73,"column":18},"end":{"line":73,"column":19}},"loc":{"start":{"line":73,"column":35},"end":{"line":90,"column":9}}},"5":{"name":"(anonymous_5)","decl":{"start":{"line":81,"column":20},"end":{"line":81,"column":21}},"loc":{"start":{"line":81,"column":48},"end":{"line":87,"column":null}}},"6":{"name":"(anonymous_6)","decl":{"start":{"line":94,"column":18},"end":{"line":94,"column":19}},"loc":{"start":{"line":94,"column":35},"end":{"line":100,"column":9}}},"7":{"name":"(anonymous_7)","decl":{"start":{"line":111,"column":34},"end":{"line":111,"column":35}},"loc":{"start":{"line":111,"column":50},"end":{"line":111,"column":null}}},"8":{"name":"(anonymous_8)","decl":{"start":{"line":113,"column":37},"end":{"line":113,"column":38}},"loc":{"start":{"line":113,"column":62},"end":{"line":121,"column":null}}},"9":{"name":"(anonymous_9)","decl":{"start":{"line":123,"column":46},"end":{"line":123,"column":47}},"loc":{"start":{"line":123,"column":71},"end":{"line":130,"column":null}}},"10":{"name":"(anonymous_10)","decl":{"start":{"line":139,"column":44},"end":{"line":139,"column":45}},"loc":{"start":{"line":139,"column":69},"end":{"line":146,"column":null}}},"11":{"name":"(anonymous_11)","decl":{"start":{"line":148,"column":53},"end":{"line":148,"column":54}},"loc":{"start":{"line":148,"column":78},"end":{"line":155,"column":null}}}},"branchMap":{"0":{"loc":{"start":{"line":30,"column":53},"end":{"line":30,"column":94}},"type":"default-arg","locations":[{"start":{"line":30,"column":62},"end":{"line":30,"column":94}}]},"1":{"loc":{"start":{"line":33,"column":4},"end":{"line":35,"column":null}},"type":"if","locations":[{"start":{"line":33,"column":4},"end":{"line":35,"column":null}},{"start":{},"end":{}}]},"2":{"loc":{"start":{"line":40,"column":8},"end":{"line":42,"column":null}},"type":"if","locations":[{"start":{"line":40,"column":8},"end":{"line":42,"column":null}},{"start":{},"end":{}}]},"3":{"loc":{"start":{"line":44,"column":8},"end":{"line":46,"column":null}},"type":"if","locations":[{"start":{"line":44,"column":8},"end":{"line":46,"column":null}},{"start":{},"end":{}}]},"4":{"loc":{"start":{"line":48,"column":8},"end":{"line":50,"column":null}},"type":"if","locations":[{"start":{"line":48,"column":8},"end":{"line":50,"column":null}},{"start":{},"end":{}}]},"5":{"loc":{"start":{"line":59,"column":32},"end":{"line":59,"column":null}},"type":"cond-expr","locations":[{"start":{"line":59,"column":69},"end":{"line":59,"column":106}},{"start":{"line":59,"column":106},"end":{"line":59,"column":null}}]},"6":{"loc":{"start":{"line":61,"column":25},"end":{"line":91,"column":null}},"type":"binary-expr","locations":[{"start":{"line":61,"column":25},"end":{"line":91,"column":9}},{"start":{"line":91,"column":9},"end":{"line":91,"column":null}}]},"7":{"loc":{"start":{"line":63,"column":12},"end":{"line":65,"column":null}},"type":"if","locations":[{"start":{"line":63,"column":12},"end":{"line":65,"column":null}},{"start":{},"end":{}}]},"8":{"loc":{"start":{"line":67,"column":12},"end":{"line":69,"column":null}},"type":"if","locations":[{"start":{"line":67,"column":12},"end":{"line":69,"column":null}},{"start":{},"end":{}}]},"9":{"loc":{"start":{"line":74,"column":12},"end":{"line":76,"column":null}},"type":"if","locations":[{"start":{"line":74,"column":12},"end":{"line":76,"column":null}},{"start":{},"end":{}}]},"10":{"loc":{"start":{"line":78,"column":32},"end":{"line":78,"column":null}},"type":"cond-expr","locations":[{"start":{"line":78,"column":54},"end":{"line":78,"column":85}},{"start":{"line":78,"column":85},"end":{"line":78,"column":null}}]},"11":{"loc":{"start":{"line":82,"column":31},"end":{"line":86,"column":null}},"type":"cond-expr","locations":[{"start":{"line":83,"column":28},"end":{"line":85,"column":null}},{"start":{"line":86,"column":30},"end":{"line":86,"column":null}}]},"12":{"loc":{"start":{"line":83,"column":28},"end":{"line":85,"column":null}},"type":"cond-expr","locations":[{"start":{"line":84,"column":34},"end":{"line":84,"column":null}},{"start":{"line":85,"column":34},"end":{"line":85,"column":null}}]},"13":{"loc":{"start":{"line":95,"column":12},"end":{"line":99,"column":null}},"type":"if","locations":[{"start":{"line":95,"column":12},"end":{"line":99,"column":null}},{"start":{"line":97,"column":19},"end":{"line":99,"column":null}}]}},"s":{"0":0,"1":0,"2":0,"3":0,"4":0,"5":0,"6":0,"7":0,"8":0,"9":0,"10":0,"11":0,"12":0,"13":0,"14":0,"15":0,"16":0,"17":0,"18":0,"19":0,"20":0,"21":0,"22":0,"23":0,"24":0,"25":0,"26":0,"27":0,"28":0,"29":0,"30":0,"31":0,"32":0,"33":0,"34":0,"35":0,"36":0,"37":0,"38":0,"39":0,"40":0,"41":0,"42":0,"43":0,"44":0,"45":0,"46":0,"47":0,"48":0},"f":{"0":0,"1":0,"2":0,"3":0,"4":0,"5":0,"6":0,"7":0,"8":0,"9":0,"10":0,"11":0},"b":{"0":[0],"1":[0,0],"2":[0,0],"3":[0,0],"4":[0,0],"5":[0,0],"6":[0,0],"7":[0,0],"8":[0,0],"9":[0,0],"10":[0,0],"11":[0,0],"12":[0,0],"13":[0,0]}}
,"/Users/zhongjiafeng/Desktop/5000_Project/github/githubuniver/univer/packages/sheets-hyper-link-ui/src/controllers/popup.controller.ts": {"path":"/Users/zhongjiafeng/Desktop/5000_Project/github/githubuniver/univer/packages/sheets-hyper-link-ui/src/controllers/popup.controller.ts","statementMap":{"0":{"start":{"line":45,"column":7},"end":{"line":315,"column":null}},"1":{"start":{"line":58,"column":8},"end":{"line":58,"column":null}},"2":{"start":{"line":47,"column":54},"end":{"line":47,"column":null}},"3":{"start":{"line":48,"column":62},"end":{"line":48,"column":null}},"4":{"start":{"line":49,"column":56},"end":{"line":49,"column":null}},"5":{"start":{"line":50,"column":53},"end":{"line":50,"column":null}},"6":{"start":{"line":51,"column":65},"end":{"line":51,"column":null}},"7":{"start":{"line":52,"column":42},"end":{"line":52,"column":null}},"8":{"start":{"line":53,"column":47},"end":{"line":53,"column":null}},"9":{"start":{"line":54,"column":61},"end":{"line":54,"column":null}},"10":{"start":{"line":55,"column":49},"end":{"line":55,"column":null}},"11":{"start":{"line":56,"column":42},"end":{"line":56,"column":null}},"12":{"start":{"line":60,"column":8},"end":{"line":60,"column":null}},"13":{"start":{"line":61,"column":8},"end":{"line":61,"column":null}},"14":{"start":{"line":62,"column":8},"end":{"line":62,"column":null}},"15":{"start":{"line":63,"column":8},"end":{"line":63,"column":null}},"16":{"start":{"line":64,"column":8},"end":{"line":64,"column":null}},"17":{"start":{"line":68,"column":72},"end":{"line":68,"column":null}},"18":{"start":{"line":69,"column":25},"end":{"line":69,"column":null}},"19":{"start":{"line":70,"column":26},"end":{"line":70,"column":null}},"20":{"start":{"line":71,"column":8},"end":{"line":77,"column":null}},"21":{"start":{"line":72,"column":12},"end":{"line":76,"column":null}},"22":{"start":{"line":79,"column":31},"end":{"line":83,"column":null}},"23":{"start":{"line":85,"column":31},"end":{"line":89,"column":null}},"24":{"start":{"line":91,"column":31},"end":{"line":91,"column":null}},"25":{"start":{"line":91,"column":187},"end":{"line":91,"column":203}},"26":{"start":{"line":93,"column":8},"end":{"line":97,"column":null}},"27":{"start":{"line":101,"column":8},"end":{"line":170,"column":null}},"28":{"start":{"line":104,"column":16},"end":{"line":107,"column":null}},"29":{"start":{"line":105,"column":20},"end":{"line":105,"column":null}},"30":{"start":{"line":106,"column":20},"end":{"line":106,"column":null}},"31":{"start":{"line":108,"column":56},"end":{"line":108,"column":null}},"32":{"start":{"line":109,"column":33},"end":{"line":109,"column":null}},"33":{"start":{"line":110,"column":16},"end":{"line":112,"column":null}},"34":{"start":{"line":111,"column":20},"end":{"line":111,"column":null}},"35":{"start":{"line":113,"column":33},"end":{"line":113,"column":null}},"36":{"start":{"line":114,"column":34},"end":{"line":114,"column":null}},"37":{"start":{"line":115,"column":16},"end":{"line":117,"column":null}},"38":{"start":{"line":116,"column":20},"end":{"line":116,"column":null}},"39":{"start":{"line":118,"column":46},"end":{"line":118,"column":null}},"40":{"start":{"line":119,"column":16},"end":{"line":122,"column":null}},"41":{"start":{"line":120,"column":20},"end":{"line":120,"column":null}},"42":{"start":{"line":121,"column":20},"end":{"line":121,"column":null}},"43":{"start":{"line":124,"column":33},"end":{"line":126,"column":null}},"44":{"start":{"line":128,"column":35},"end":{"line":128,"column":null}},"45":{"start":{"line":129,"column":35},"end":{"line":129,"column":null}},"46":{"start":{"line":130,"column":32},"end":{"line":130,"column":null}},"47":{"start":{"line":131,"column":32},"end":{"line":131,"column":null}},"48":{"start":{"line":133,"column":16},"end":{"line":140,"column":null}},"49":{"start":{"line":134,"column":20},"end":{"line":139,"column":null}},"50":{"start":{"line":135,"column":24},"end":{"line":138,"column":null}},"51":{"start":{"line":136,"column":28},"end":{"line":136,"column":null}},"52":{"start":{"line":137,"column":28},"end":{"line":137,"column":null}},"53":{"start":{"line":142,"column":75},"end":{"line":142,"column":null}},"54":{"start":{"line":144,"column":16},"end":{"line":147,"column":null}},"55":{"start":{"line":145,"column":20},"end":{"line":145,"column":null}},"56":{"start":{"line":146,"column":20},"end":{"line":146,"column":null}},"57":{"start":{"line":148,"column":29},"end":{"line":148,"column":null}},"58":{"start":{"line":149,"column":30},"end":{"line":149,"column":null}},"59":{"start":{"line":150,"column":27},"end":{"line":150,"column":null}},"60":{"start":{"line":152,"column":16},"end":{"line":155,"column":null}},"61":{"start":{"line":153,"column":20},"end":{"line":153,"column":null}},"62":{"start":{"line":154,"column":20},"end":{"line":154,"column":null}},"63":{"start":{"line":157,"column":16},"end":{"line":168,"column":null}},"64":{"start":{"line":174,"column":48},"end":{"line":174,"column":null}},"65":{"start":{"line":175,"column":8},"end":{"line":238,"column":null}},"66":{"start":{"line":177,"column":43},"end":{"line":177,"column":122}},"67":{"start":{"line":177,"column":101},"end":{"line":177,"column":120}},"68":{"start":{"line":179,"column":20},"end":{"line":181,"column":null}},"69":{"start":{"line":180,"column":24},"end":{"line":180,"column":null}},"70":{"start":{"line":182,"column":20},"end":{"line":184,"column":null}},"71":{"start":{"line":183,"column":24},"end":{"line":183,"column":null}},"72":{"start":{"line":186,"column":20},"end":{"line":191,"column":null}},"73":{"start":{"line":187,"column":24},"end":{"line":187,"column":null}},"74":{"start":{"line":188,"column":24},"end":{"line":188,"column":null}},"75":{"start":{"line":189,"column":24},"end":{"line":189,"column":null}},"76":{"start":{"line":190,"column":24},"end":{"line":190,"column":null}},"77":{"start":{"line":193,"column":75},"end":{"line":193,"column":null}},"78":{"start":{"line":194,"column":37},"end":{"line":194,"column":null}},"79":{"start":{"line":195,"column":20},"end":{"line":197,"column":null}},"80":{"start":{"line":196,"column":24},"end":{"line":196,"column":null}},"81":{"start":{"line":198,"column":79},"end":{"line":198,"column":null}},"82":{"start":{"line":199,"column":44},"end":{"line":199,"column":null}},"83":{"start":{"line":200,"column":20},"end":{"line":202,"column":null}},"84":{"start":{"line":201,"column":24},"end":{"line":201,"column":null}},"85":{"start":{"line":203,"column":20},"end":{"line":203,"column":null}},"86":{"start":{"line":204,"column":20},"end":{"line":236,"column":null}},"87":{"start":{"line":205,"column":44},"end":{"line":205,"column":null}},"88":{"start":{"line":205,"column":79},"end":{"line":205,"column":136}},"89":{"start":{"line":206,"column":24},"end":{"line":209,"column":null}},"90":{"start":{"line":207,"column":28},"end":{"line":207,"column":null}},"91":{"start":{"line":208,"column":28},"end":{"line":208,"column":null}},"92":{"start":{"line":210,"column":37},"end":{"line":210,"column":null}},"93":{"start":{"line":211,"column":41},"end":{"line":214,"column":null}},"94":{"start":{"line":215,"column":24},"end":{"line":217,"column":null}},"95":{"start":{"line":216,"column":28},"end":{"line":216,"column":null}},"96":{"start":{"line":218,"column":49},"end":{"line":218,"column":null}},"97":{"start":{"line":220,"column":24},"end":{"line":235,"column":null}},"98":{"start":{"line":240,"column":8},"end":{"line":242,"column":null}},"99":{"start":{"line":241,"column":12},"end":{"line":241,"column":null}},"100":{"start":{"line":246,"column":8},"end":{"line":258,"column":null}},"101":{"start":{"line":248,"column":16},"end":{"line":256,"column":null}},"102":{"start":{"line":249,"column":20},"end":{"line":249,"column":null}},"103":{"start":{"line":250,"column":20},"end":{"line":250,"column":null}},"104":{"start":{"line":251,"column":20},"end":{"line":251,"column":null}},"105":{"start":{"line":252,"column":20},"end":{"line":252,"column":null}},"106":{"start":{"line":254,"column":20},"end":{"line":254,"column":null}},"107":{"start":{"line":255,"column":20},"end":{"line":255,"column":null}},"108":{"start":{"line":260,"column":8},"end":{"line":294,"column":null}},"109":{"start":{"line":263,"column":35},"end":{"line":263,"column":null}},"110":{"start":{"line":264,"column":20},"end":{"line":266,"column":null}},"111":{"start":{"line":265,"column":24},"end":{"line":265,"column":null}},"112":{"start":{"line":268,"column":20},"end":{"line":270,"column":null}},"113":{"start":{"line":269,"column":24},"end":{"line":269,"column":null}},"114":{"start":{"line":273,"column":30},"end":{"line":273,"column":null}},"115":{"start":{"line":273,"column":53},"end":{"line":273,"column":104}},"116":{"start":{"line":274,"column":30},"end":{"line":274,"column":null}},"117":{"start":{"line":275,"column":16},"end":{"line":292,"column":null}},"118":{"start":{"line":276,"column":61},"end":{"line":276,"column":null}},"119":{"start":{"line":277,"column":79},"end":{"line":277,"column":null}},"120":{"start":{"line":278,"column":20},"end":{"line":289,"column":null}},"121":{"start":{"line":279,"column":24},"end":{"line":288,"column":null}},"122":{"start":{"line":291,"column":20},"end":{"line":291,"column":null}},"123":{"start":{"line":298,"column":8},"end":{"line":304,"column":null}},"124":{"start":{"line":300,"column":16},"end":{"line":302,"column":null}},"125":{"start":{"line":301,"column":20},"end":{"line":301,"column":null}},"126":{"start":{"line":308,"column":34},"end":{"line":308,"column":null}},"127":{"start":{"line":309,"column":8},"end":{"line":313,"column":null}},"128":{"start":{"line":310,"column":12},"end":{"line":312,"column":null}},"129":{"start":{"line":311,"column":16},"end":{"line":311,"column":null}},"130":{"start":{"line":45,"column":13},"end":{"line":45,"column":52}}},"fnMap":{"0":{"name":"(anonymous_3)","decl":{"start":{"line":46,"column":4},"end":{"line":46,"column":null}},"loc":{"start":{"line":57,"column":6},"end":{"line":65,"column":null}}},"1":{"name":"(anonymous_4)","decl":{"start":{"line":67,"column":12},"end":{"line":67,"column":31}},"loc":{"start":{"line":67,"column":61},"end":{"line":98,"column":null}}},"2":{"name":"(anonymous_5)","decl":{"start":{"line":91,"column":171},"end":{"line":91,"column":172}},"loc":{"start":{"line":91,"column":187},"end":{"line":91,"column":203}}},"3":{"name":"(anonymous_6)","decl":{"start":{"line":100,"column":12},"end":{"line":100,"column":33}},"loc":{"start":{"line":100,"column":33},"end":{"line":171,"column":null}}},"4":{"name":"(anonymous_7)","decl":{"start":{"line":103,"column":89},"end":{"line":103,"column":90}},"loc":{"start":{"line":103,"column":106},"end":{"line":169,"column":13}}},"5":{"name":"(anonymous_8)","decl":{"start":{"line":134,"column":52},"end":{"line":134,"column":53}},"loc":{"start":{"line":134,"column":73},"end":{"line":139,"column":21}}},"6":{"name":"(anonymous_9)","decl":{"start":{"line":173,"column":12},"end":{"line":173,"column":40}},"loc":{"start":{"line":173,"column":40},"end":{"line":243,"column":null}}},"7":{"name":"(anonymous_10)","decl":{"start":{"line":177,"column":32},"end":{"line":177,"column":33}},"loc":{"start":{"line":177,"column":43},"end":{"line":177,"column":122}}},"8":{"name":"(anonymous_11)","decl":{"start":{"line":177,"column":87},"end":{"line":177,"column":88}},"loc":{"start":{"line":177,"column":101},"end":{"line":177,"column":120}}},"9":{"name":"(anonymous_12)","decl":{"start":{"line":178,"column":27},"end":{"line":178,"column":28}},"loc":{"start":{"line":178,"column":51},"end":{"line":237,"column":17}}},"10":{"name":"(anonymous_13)","decl":{"start":{"line":204,"column":101},"end":{"line":204,"column":102}},"loc":{"start":{"line":204,"column":119},"end":{"line":236,"column":21}}},"11":{"name":"(anonymous_14)","decl":{"start":{"line":205,"column":62},"end":{"line":205,"column":63}},"loc":{"start":{"line":205,"column":79},"end":{"line":205,"column":136}}},"12":{"name":"(anonymous_15)","decl":{"start":{"line":240,"column":27},"end":{"line":240,"column":33}},"loc":{"start":{"line":240,"column":33},"end":{"line":242,"column":9}}},"13":{"name":"(anonymous_16)","decl":{"start":{"line":245,"column":12},"end":{"line":245,"column":29}},"loc":{"start":{"line":245,"column":29},"end":{"line":295,"column":null}}},"14":{"name":"(anonymous_17)","decl":{"start":{"line":247,"column":52},"end":{"line":247,"column":53}},"loc":{"start":{"line":247,"column":65},"end":{"line":257,"column":13}}},"15":{"name":"(anonymous_18)","decl":{"start":{"line":262,"column":26},"end":{"line":262,"column":27}},"loc":{"start":{"line":262,"column":34},"end":{"line":271,"column":17}}},"16":{"name":"(anonymous_19)","decl":{"start":{"line":268,"column":48},"end":{"line":268,"column":49}},"loc":{"start":{"line":268,"column":57},"end":{"line":270,"column":21}}},"17":{"name":"(anonymous_20)","decl":{"start":{"line":272,"column":24},"end":{"line":272,"column":25}},"loc":{"start":{"line":272,"column":35},"end":{"line":293,"column":13}}},"18":{"name":"(anonymous_21)","decl":{"start":{"line":273,"column":42},"end":{"line":273,"column":43}},"loc":{"start":{"line":273,"column":53},"end":{"line":273,"column":104}}},"19":{"name":"(anonymous_22)","decl":{"start":{"line":297,"column":12},"end":{"line":297,"column":41}},"loc":{"start":{"line":297,"column":41},"end":{"line":305,"column":null}}},"20":{"name":"(anonymous_23)","decl":{"start":{"line":299,"column":71},"end":{"line":299,"column":72}},"loc":{"start":{"line":299,"column":86},"end":{"line":303,"column":13}}},"21":{"name":"(anonymous_24)","decl":{"start":{"line":307,"column":12},"end":{"line":307,"column":35}},"loc":{"start":{"line":307,"column":35},"end":{"line":314,"column":null}}},"22":{"name":"(anonymous_25)","decl":{"start":{"line":309,"column":66},"end":{"line":309,"column":67}},"loc":{"start":{"line":309,"column":79},"end":{"line":313,"column":9}}}},"branchMap":{"0":{"loc":{"start":{"line":71,"column":8},"end":{"line":77,"column":null}},"type":"if","locations":[{"start":{"line":71,"column":8},"end":{"line":77,"column":null}},{"start":{},"end":{}}]},"1":{"loc":{"start":{"line":104,"column":16},"end":{"line":107,"column":null}},"type":"if","locations":[{"start":{"line":104,"column":16},"end":{"line":107,"column":null}},{"start":{},"end":{}}]},"2":{"loc":{"start":{"line":110,"column":16},"end":{"line":112,"column":null}},"type":"if","locations":[{"start":{"line":110,"column":16},"end":{"line":112,"column":null}},{"start":{},"end":{}}]},"3":{"loc":{"start":{"line":115,"column":16},"end":{"line":117,"column":null}},"type":"if","locations":[{"start":{"line":115,"column":16},"end":{"line":117,"column":null}},{"start":{},"end":{}}]},"4":{"loc":{"start":{"line":119,"column":16},"end":{"line":122,"column":null}},"type":"if","locations":[{"start":{"line":119,"column":16},"end":{"line":122,"column":null}},{"start":{},"end":{}}]},"5":{"loc":{"start":{"line":133,"column":16},"end":{"line":140,"column":null}},"type":"if","locations":[{"start":{"line":133,"column":16},"end":{"line":140,"column":null}},{"start":{},"end":{}}]},"6":{"loc":{"start":{"line":135,"column":24},"end":{"line":138,"column":null}},"type":"if","locations":[{"start":{"line":135,"column":24},"end":{"line":138,"column":null}},{"start":{},"end":{}}]},"7":{"loc":{"start":{"line":144,"column":16},"end":{"line":147,"column":null}},"type":"if","locations":[{"start":{"line":144,"column":16},"end":{"line":147,"column":null}},{"start":{},"end":{}}]},"8":{"loc":{"start":{"line":152,"column":16},"end":{"line":155,"column":null}},"type":"if","locations":[{"start":{"line":152,"column":16},"end":{"line":155,"column":null}},{"start":{},"end":{}}]},"9":{"loc":{"start":{"line":152,"column":20},"end":{"line":152,"column":53}},"type":"binary-expr","locations":[{"start":{"line":152,"column":20},"end":{"line":152,"column":27}},{"start":{"line":152,"column":27},"end":{"line":152,"column":53}}]},"10":{"loc":{"start":{"line":179,"column":20},"end":{"line":181,"column":null}},"type":"if","locations":[{"start":{"line":179,"column":20},"end":{"line":181,"column":null}},{"start":{},"end":{}}]},"11":{"loc":{"start":{"line":182,"column":20},"end":{"line":184,"column":null}},"type":"if","locations":[{"start":{"line":182,"column":20},"end":{"line":184,"column":null}},{"start":{},"end":{}}]},"12":{"loc":{"start":{"line":186,"column":20},"end":{"line":191,"column":null}},"type":"if","locations":[{"start":{"line":186,"column":20},"end":{"line":191,"column":null}},{"start":{},"end":{}}]},"13":{"loc":{"start":{"line":195,"column":20},"end":{"line":197,"column":null}},"type":"if","locations":[{"start":{"line":195,"column":20},"end":{"line":197,"column":null}},{"start":{},"end":{}}]},"14":{"loc":{"start":{"line":200,"column":20},"end":{"line":202,"column":null}},"type":"if","locations":[{"start":{"line":200,"column":20},"end":{"line":202,"column":null}},{"start":{},"end":{}}]},"15":{"loc":{"start":{"line":206,"column":24},"end":{"line":209,"column":null}},"type":"if","locations":[{"start":{"line":206,"column":24},"end":{"line":209,"column":null}},{"start":{},"end":{}}]},"16":{"loc":{"start":{"line":215,"column":24},"end":{"line":217,"column":null}},"type":"if","locations":[{"start":{"line":215,"column":24},"end":{"line":217,"column":null}},{"start":{},"end":{}}]},"17":{"loc":{"start":{"line":215,"column":28},"end":{"line":215,"column":48}},"type":"binary-expr","locations":[{"start":{"line":215,"column":28},"end":{"line":215,"column":41}},{"start":{"line":215,"column":41},"end":{"line":215,"column":48}}]},"18":{"loc":{"start":{"line":248,"column":16},"end":{"line":256,"column":null}},"type":"if","locations":[{"start":{"line":248,"column":16},"end":{"line":256,"column":null}},{"start":{"line":253,"column":23},"end":{"line":256,"column":null}}]},"19":{"loc":{"start":{"line":263,"column":35},"end":{"line":263,"column":null}},"type":"cond-expr","locations":[{"start":{"line":263,"column":72},"end":{"line":263,"column":119}},{"start":{"line":263,"column":119},"end":{"line":263,"column":null}}]},"20":{"loc":{"start":{"line":264,"column":20},"end":{"line":266,"column":null}},"type":"if","locations":[{"start":{"line":264,"column":20},"end":{"line":266,"column":null}},{"start":{},"end":{}}]},"21":{"loc":{"start":{"line":275,"column":16},"end":{"line":292,"column":null}},"type":"if","locations":[{"start":{"line":275,"column":16},"end":{"line":292,"column":null}},{"start":{"line":290,"column":23},"end":{"line":292,"column":null}}]},"22":{"loc":{"start":{"line":275,"column":20},"end":{"line":275,"column":36}},"type":"binary-expr","locations":[{"start":{"line":275,"column":20},"end":{"line":275,"column":29}},{"start":{"line":275,"column":29},"end":{"line":275,"column":36}}]},"23":{"loc":{"start":{"line":278,"column":20},"end":{"line":289,"column":null}},"type":"if","locations":[{"start":{"line":278,"column":20},"end":{"line":289,"column":null}},{"start":{},"end":{}}]},"24":{"loc":{"start":{"line":300,"column":16},"end":{"line":302,"column":null}},"type":"if","locations":[{"start":{"line":300,"column":16},"end":{"line":302,"column":null}},{"start":{},"end":{}}]},"25":{"loc":{"start":{"line":300,"column":20},"end":{"line":300,"column":86}},"type":"binary-expr","locations":[{"start":{"line":300,"column":20},"end":{"line":300,"column":33}},{"start":{"line":300,"column":33},"end":{"line":300,"column":86}}]},"26":{"loc":{"start":{"line":310,"column":12},"end":{"line":312,"column":null}},"type":"if","locations":[{"start":{"line":310,"column":12},"end":{"line":312,"column":null}},{"start":{},"end":{}}]}},"s":{"0":0,"1":0,"2":0,"3":0,"4":0,"5":0,"6":0,"7":0,"8":0,"9":0,"10":0,"11":0,"12":0,"13":0,"14":0,"15":0,"16":0,"17":0,"18":0,"19":0,"20":0,"21":0,"22":0,"23":0,"24":0,"25":0,"26":0,"27":0,"28":0,"29":0,"30":0,"31":0,"32":0,"33":0,"34":0,"35":0,"36":0,"37":0,"38":0,"39":0,"40":0,"41":0,"42":0,"43":0,"44":0,"45":0,"46":0,"47":0,"48":0,"49":0,"50":0,"51":0,"52":0,"53":0,"54":0,"55":0,"56":0,"57":0,"58":0,"59":0,"60":0,"61":0,"62":0,"63":0,"64":0,"65":0,"66":0,"67":0,"68":0,"69":0,"70":0,"71":0,"72":0,"73":0,"74":0,"75":0,"76":0,"77":0,"78":0,"79":0,"80":0,"81":0,"82":0,"83":0,"84":0,"85":0,"86":0,"87":0,"88":0,"89":0,"90":0,"91":0,"92":0,"93":0,"94":0,"95":0,"96":0,"97":0,"98":0,"99":0,"100":0,"101":0,"102":0,"103":0,"104":0,"105":0,"106":0,"107":0,"108":0,"109":0,"110":0,"111":0,"112":0,"113":0,"114":0,"115":0,"116":0,"117":0,"118":0,"119":0,"120":0,"121":0,"122":0,"123":0,"124":0,"125":0,"126":0,"127":0,"128":0,"129":0,"130":0},"f":{"0":0,"1":0,"2":0,"3":0,"4":0,"5":0,"6":0,"7":0,"8":0,"9":0,"10":0,"11":0,"12":0,"13":0,"14":0,"15":0,"16":0,"17":0,"18":0,"19":0,"20":0,"21":0,"22":0},"b":{"0":[0,0],"1":[0,0],"2":[0,0],"3":[0,0],"4":[0,0],"5":[0,0],"6":[0,0],"7":[0,0],"8":[0,0],"9":[0,0],"10":[0,0],"11":[0,0],"12":[0,0],"13":[0,0],"14":[0,0],"15":[0,0],"16":[0,0],"17":[0,0],"18":[0,0],"19":[0,0],"20":[0,0],"21":[0,0],"22":[0,0],"23":[0,0],"24":[0,0],"25":[0,0],"26":[0,0]}}
,"/Users/zhongjiafeng/Desktop/5000_Project/github/githubuniver/univer/packages/sheets-hyper-link-ui/src/controllers/ui.controller.ts": {"path":"/Users/zhongjiafeng/Desktop/5000_Project/github/githubuniver/univer/packages/sheets-hyper-link-ui/src/controllers/ui.controller.ts","statementMap":{"0":{"start":{"line":26,"column":7},"end":{"line":70,"column":null}},"1":{"start":{"line":34,"column":8},"end":{"line":34,"column":null}},"2":{"start":{"line":28,"column":42},"end":{"line":28,"column":null}},"3":{"start":{"line":29,"column":33},"end":{"line":29,"column":null}},"4":{"start":{"line":30,"column":46},"end":{"line":30,"column":null}},"5":{"start":{"line":31,"column":34},"end":{"line":31,"column":null}},"6":{"start":{"line":32,"column":42},"end":{"line":32,"column":null}},"7":{"start":{"line":36,"column":8},"end":{"line":36,"column":null}},"8":{"start":{"line":37,"column":8},"end":{"line":37,"column":null}},"9":{"start":{"line":38,"column":8},"end":{"line":38,"column":null}},"10":{"start":{"line":39,"column":8},"end":{"line":39,"column":null}},"11":{"start":{"line":43,"column":9},"end":{"line":49,"column":null}},"12":{"start":{"line":48,"column":12},"end":{"line":48,"column":null}},"13":{"start":{"line":53,"column":8},"end":{"line":60,"column":null}},"14":{"start":{"line":59,"column":12},"end":{"line":59,"column":null}},"15":{"start":{"line":64,"column":8},"end":{"line":64,"column":null}},"16":{"start":{"line":68,"column":8},"end":{"line":68,"column":null}},"17":{"start":{"line":26,"column":13},"end":{"line":26,"column":49}}},"fnMap":{"0":{"name":"(anonymous_3)","decl":{"start":{"line":27,"column":4},"end":{"line":27,"column":null}},"loc":{"start":{"line":33,"column":6},"end":{"line":40,"column":null}}},"1":{"name":"(anonymous_4)","decl":{"start":{"line":42,"column":12},"end":{"line":42,"column":30}},"loc":{"start":{"line":42,"column":30},"end":{"line":50,"column":null}}},"2":{"name":"(anonymous_5)","decl":{"start":{"line":47,"column":28},"end":{"line":47,"column":29}},"loc":{"start":{"line":47,"column":45},"end":{"line":49,"column":9}}},"3":{"name":"(anonymous_6)","decl":{"start":{"line":52,"column":12},"end":{"line":52,"column":28}},"loc":{"start":{"line":52,"column":28},"end":{"line":61,"column":null}}},"4":{"name":"(anonymous_7)","decl":{"start":{"line":58,"column":18},"end":{"line":58,"column":19}},"loc":{"start":{"line":58,"column":31},"end":{"line":60,"column":9}}},"5":{"name":"(anonymous_8)","decl":{"start":{"line":63,"column":12},"end":{"line":63,"column":25}},"loc":{"start":{"line":63,"column":25},"end":{"line":65,"column":null}}},"6":{"name":"(anonymous_9)","decl":{"start":{"line":67,"column":12},"end":{"line":67,"column":28}},"loc":{"start":{"line":67,"column":28},"end":{"line":69,"column":null}}}},"branchMap":{},"s":{"0":0,"1":0,"2":0,"3":0,"4":0,"5":0,"6":0,"7":0,"8":0,"9":0,"10":0,"11":0,"12":0,"13":0,"14":0,"15":0,"16":0,"17":0},"f":{"0":0,"1":0,"2":0,"3":0,"4":0,"5":0,"6":0},"b":{}}
,"/Users/zhongjiafeng/Desktop/5000_Project/github/githubuniver/univer/packages/sheets-hyper-link-ui/src/controllers/url.controller.ts": {"path":"/Users/zhongjiafeng/Desktop/5000_Project/github/githubuniver/univer/packages/sheets-hyper-link-ui/src/controllers/url.controller.ts","statementMap":{"0":{"start":{"line":21,"column":7},"end":{"line":37,"column":null}},"1":{"start":{"line":26,"column":8},"end":{"line":26,"column":null}},"2":{"start":{"line":23,"column":63},"end":{"line":23,"column":null}},"3":{"start":{"line":24,"column":56},"end":{"line":24,"column":null}},"4":{"start":{"line":27,"column":8},"end":{"line":27,"column":null}},"5":{"start":{"line":31,"column":21},"end":{"line":31,"column":null}},"6":{"start":{"line":32,"column":8},"end":{"line":35,"column":null}},"7":{"start":{"line":33,"column":29},"end":{"line":33,"column":null}},"8":{"start":{"line":34,"column":12},"end":{"line":34,"column":null}},"9":{"start":{"line":21,"column":13},"end":{"line":21,"column":49}}},"fnMap":{"0":{"name":"(anonymous_3)","decl":{"start":{"line":22,"column":4},"end":{"line":22,"column":null}},"loc":{"start":{"line":25,"column":6},"end":{"line":28,"column":null}}},"1":{"name":"(anonymous_4)","decl":{"start":{"line":30,"column":12},"end":{"line":30,"column":29}},"loc":{"start":{"line":30,"column":29},"end":{"line":36,"column":null}}}},"branchMap":{"0":{"loc":{"start":{"line":32,"column":8},"end":{"line":35,"column":null}},"type":"if","locations":[{"start":{"line":32,"column":8},"end":{"line":35,"column":null}},{"start":{},"end":{}}]}},"s":{"0":0,"1":0,"2":0,"3":0,"4":0,"5":0,"6":0,"7":0,"8":0,"9":0},"f":{"0":0,"1":0},"b":{"0":[0,0]}}
,"/Users/zhongjiafeng/Desktop/5000_Project/github/githubuniver/univer/packages/sheets-hyper-link-ui/src/controllers/render-controllers/render.controller.ts": {"path":"/Users/zhongjiafeng/Desktop/5000_Project/github/githubuniver/univer/packages/sheets-hyper-link-ui/src/controllers/render-controllers/render.controller.ts","statementMap":{"0":{"start":{"line":24,"column":7},"end":{"line":42,"column":null}},"1":{"start":{"line":29,"column":8},"end":{"line":29,"column":null}},"2":{"start":{"line":26,"column":25},"end":{"line":26,"column":null}},"3":{"start":{"line":27,"column":49},"end":{"line":27,"column":null}},"4":{"start":{"line":30,"column":8},"end":{"line":30,"column":null}},"5":{"start":{"line":34,"column":34},"end":{"line":36,"column":null}},"6":{"start":{"line":35,"column":12},"end":{"line":35,"column":null}},"7":{"start":{"line":38,"column":8},"end":{"line":40,"column":null}},"8":{"start":{"line":39,"column":12},"end":{"line":39,"column":null}},"9":{"start":{"line":24,"column":13},"end":{"line":24,"column":53}},"10":{"start":{"line":44,"column":7},"end":{"line":79,"column":null}},"11":{"start":{"line":49,"column":8},"end":{"line":49,"column":null}},"12":{"start":{"line":46,"column":58},"end":{"line":46,"column":null}},"13":{"start":{"line":47,"column":49},"end":{"line":47,"column":null}},"14":{"start":{"line":51,"column":8},"end":{"line":51,"column":null}},"15":{"start":{"line":55,"column":8},"end":{"line":77,"column":null}},"16":{"start":{"line":62,"column":64},"end":{"line":62,"column":null}},"17":{"start":{"line":63,"column":37},"end":{"line":63,"column":null}},"18":{"start":{"line":65,"column":24},"end":{"line":71,"column":null}},"19":{"start":{"line":66,"column":28},"end":{"line":70,"column":null}},"20":{"start":{"line":73,"column":24},"end":{"line":73,"column":null}},"21":{"start":{"line":44,"column":13},"end":{"line":44,"column":60}}},"fnMap":{"0":{"name":"(anonymous_3)","decl":{"start":{"line":25,"column":4},"end":{"line":25,"column":null}},"loc":{"start":{"line":28,"column":6},"end":{"line":31,"column":null}}},"1":{"name":"(anonymous_4)","decl":{"start":{"line":33,"column":12},"end":{"line":33,"column":34}},"loc":{"start":{"line":33,"column":34},"end":{"line":41,"column":null}}},"2":{"name":"(anonymous_5)","decl":{"start":{"line":34,"column":34},"end":{"line":34,"column":40}},"loc":{"start":{"line":34,"column":40},"end":{"line":36,"column":null}}},"3":{"name":"(anonymous_6)","decl":{"start":{"line":38,"column":93},"end":{"line":38,"column":99}},"loc":{"start":{"line":38,"column":99},"end":{"line":40,"column":9}}},"4":{"name":"(anonymous_7)","decl":{"start":{"line":45,"column":4},"end":{"line":45,"column":null}},"loc":{"start":{"line":48,"column":6},"end":{"line":52,"column":null}}},"5":{"name":"(anonymous_8)","decl":{"start":{"line":54,"column":12},"end":{"line":54,"column":38}},"loc":{"start":{"line":54,"column":38},"end":{"line":78,"column":null}}},"6":{"name":"(anonymous_9)","decl":{"start":{"line":61,"column":29},"end":{"line":61,"column":30}},"loc":{"start":{"line":61,"column":50},"end":{"line":74,"column":null}}}},"branchMap":{"0":{"loc":{"start":{"line":65,"column":24},"end":{"line":71,"column":null}},"type":"if","locations":[{"start":{"line":65,"column":24},"end":{"line":71,"column":null}},{"start":{},"end":{}}]}},"s":{"0":0,"1":0,"2":0,"3":0,"4":0,"5":0,"6":0,"7":0,"8":0,"9":0,"10":0,"11":0,"12":0,"13":0,"14":0,"15":0,"16":0,"17":0,"18":0,"19":0,"20":0,"21":0},"f":{"0":0,"1":0,"2":0,"3":0,"4":0,"5":0,"6":0},"b":{"0":[0,0]}}
,"/Users/zhongjiafeng/Desktop/5000_Project/github/githubuniver/univer/packages/sheets-hyper-link-ui/src/facade/f-workbook.ts": {"path":"/Users/zhongjiafeng/Desktop/5000_Project/github/githubuniver/univer/packages/sheets-hyper-link-ui/src/facade/f-workbook.ts","statementMap":{"0":{"start":{"line":53,"column":30},"end":{"line":53,"column":null}},"1":{"start":{"line":54,"column":32},"end":{"line":54,"column":null}},"2":{"start":{"line":55,"column":21},"end":{"line":55,"column":null}},"3":{"start":{"line":56,"column":8},"end":{"line":56,"column":null}},"4":{"start":{"line":60,"column":0},"end":{"line":60,"column":null}}},"fnMap":{"0":{"name":"(anonymous_0)","decl":{"start":{"line":52,"column":13},"end":{"line":52,"column":38}},"loc":{"start":{"line":52,"column":63},"end":{"line":57,"column":null}}}},"branchMap":{},"s":{"0":0,"1":0,"2":0,"3":0,"4":0},"f":{"0":0},"b":{}}
,"/Users/zhongjiafeng/Desktop/5000_Project/github/githubuniver/univer/packages/sheets-hyper-link-ui/src/services/popup.service.ts": {"path":"/Users/zhongjiafeng/Desktop/5000_Project/github/githubuniver/univer/packages/sheets-hyper-link-ui/src/services/popup.service.ts","statementMap":{"0":{"start":{"line":54,"column":20},"end":{"line":63,"column":null}},"1":{"start":{"line":55,"column":4},"end":{"line":61,"column":null}},"2":{"start":{"line":74,"column":7},"end":{"line":429,"column":null}},"3":{"start":{"line":102,"column":8},"end":{"line":102,"column":null}},"4":{"start":{"line":94,"column":63},"end":{"line":94,"column":null}},"5":{"start":{"line":95,"column":43},"end":{"line":95,"column":null}},"6":{"start":{"line":96,"column":49},"end":{"line":96,"column":null}},"7":{"start":{"line":97,"column":47},"end":{"line":97,"column":null}},"8":{"start":{"line":98,"column":61},"end":{"line":98,"column":null}},"9":{"start":{"line":99,"column":61},"end":{"line":99,"column":null}},"10":{"start":{"line":100,"column":42},"end":{"line":100,"column":null}},"11":{"start":{"line":104,"column":8},"end":{"line":110,"column":null}},"12":{"start":{"line":105,"column":12},"end":{"line":105,"column":null}},"13":{"start":{"line":106,"column":12},"end":{"line":106,"column":null}},"14":{"start":{"line":108,"column":12},"end":{"line":108,"column":null}},"15":{"start":{"line":109,"column":12},"end":{"line":109,"column":null}},"16":{"start":{"line":75,"column":52},"end":{"line":75,"column":null}},"17":{"start":{"line":76,"column":29},"end":{"line":76,"column":null}},"18":{"start":{"line":77,"column":20},"end":{"line":77,"column":null}},"19":{"start":{"line":78,"column":58},"end":{"line":78,"column":null}},"20":{"start":{"line":80,"column":31},"end":{"line":80,"column":null}},"21":{"start":{"line":81,"column":22},"end":{"line":81,"column":null}},"22":{"start":{"line":83,"column":38},"end":{"line":83,"column":null}},"23":{"start":{"line":86,"column":8},"end":{"line":86,"column":null}},"24":{"start":{"line":90,"column":8},"end":{"line":90,"column":null}},"25":{"start":{"line":114,"column":8},"end":{"line":114,"column":null}},"26":{"start":{"line":118,"column":8},"end":{"line":118,"column":null}},"27":{"start":{"line":122,"column":8},"end":{"line":124,"column":null}},"28":{"start":{"line":123,"column":12},"end":{"line":123,"column":null}},"29":{"start":{"line":126,"column":8},"end":{"line":126,"column":null}},"30":{"start":{"line":127,"column":8},"end":{"line":129,"column":null}},"31":{"start":{"line":128,"column":12},"end":{"line":128,"column":null}},"32":{"start":{"line":130,"column":31},"end":{"line":130,"column":null}},"33":{"start":{"line":131,"column":8},"end":{"line":133,"column":null}},"34":{"start":{"line":132,"column":12},"end":{"line":132,"column":null}},"35":{"start":{"line":135,"column":78},"end":{"line":135,"column":null}},"36":{"start":{"line":137,"column":36},"end":{"line":146,"column":null}},"37":{"start":{"line":141,"column":16},"end":{"line":141,"column":null}},"38":{"start":{"line":144,"column":16},"end":{"line":144,"column":null}},"39":{"start":{"line":147,"column":8},"end":{"line":182,"column":null}},"40":{"start":{"line":148,"column":12},"end":{"line":150,"column":null}},"41":{"start":{"line":149,"column":16},"end":{"line":149,"column":null}},"42":{"start":{"line":151,"column":12},"end":{"line":154,"column":null}},"43":{"start":{"line":155,"column":8},"end":{"line":182,"column":null}},"44":{"start":{"line":156,"column":12},"end":{"line":158,"column":null}},"45":{"start":{"line":157,"column":16},"end":{"line":157,"column":null}},"46":{"start":{"line":159,"column":12},"end":{"line":167,"column":null}},"47":{"start":{"line":169,"column":12},"end":{"line":181,"column":null}},"48":{"start":{"line":170,"column":16},"end":{"line":170,"column":null}},"49":{"start":{"line":172,"column":16},"end":{"line":174,"column":null}},"50":{"start":{"line":173,"column":20},"end":{"line":173,"column":null}},"51":{"start":{"line":176,"column":16},"end":{"line":180,"column":null}},"52":{"start":{"line":184,"column":8},"end":{"line":198,"column":null}},"53":{"start":{"line":185,"column":12},"end":{"line":196,"column":null}},"54":{"start":{"line":197,"column":12},"end":{"line":197,"column":null}},"55":{"start":{"line":202,"column":8},"end":{"line":204,"column":null}},"56":{"start":{"line":203,"column":12},"end":{"line":203,"column":null}},"57":{"start":{"line":206,"column":8},"end":{"line":210,"column":null}},"58":{"start":{"line":207,"column":12},"end":{"line":207,"column":null}},"59":{"start":{"line":208,"column":12},"end":{"line":208,"column":null}},"60":{"start":{"line":209,"column":12},"end":{"line":209,"column":null}},"61":{"start":{"line":214,"column":24},"end":{"line":214,"column":null}},"62":{"start":{"line":215,"column":22},"end":{"line":215,"column":null}},"63":{"start":{"line":216,"column":8},"end":{"line":243,"column":null}},"64":{"start":{"line":217,"column":30},"end":{"line":217,"column":null}},"65":{"start":{"line":218,"column":25},"end":{"line":218,"column":null}},"66":{"start":{"line":219,"column":12},"end":{"line":221,"column":null}},"67":{"start":{"line":220,"column":16},"end":{"line":220,"column":null}},"68":{"start":{"line":222,"column":12},"end":{"line":229,"column":null}},"69":{"start":{"line":223,"column":16},"end":{"line":228,"column":null}},"70":{"start":{"line":230,"column":26},"end":{"line":230,"colu
[...]
n":16},"end":{"line":474,"column":null}}]},"67":{"loc":{"start":{"line":455,"column":27},"end":{"line":455,"column":null}},"type":"cond-expr","locations":[{"start":{"line":455,"column":39},"end":{"line":455,"column":172}},{"start":{"line":455,"column":172},"end":{"line":455,"column":null}}]},"68":{"loc":{"start":{"line":455,"column":39},"end":{"line":455,"column":172}},"type":"cond-expr","locations":[{"start":{"line":455,"column":50},"end":{"line":455,"column":97}},{"start":{"line":455,"column":97},"end":{"line":455,"column":172}}]},"69":{"loc":{"start":{"line":455,"column":97},"end":{"line":455,"column":172}},"type":"cond-expr","locations":[{"start":{"line":455,"column":121},"end":{"line":455,"column":167}},{"start":{"line":455,"column":167},"end":{"line":455,"column":172}}]},"70":{"loc":{"start":{"line":461,"column":28},"end":{"line":464,"column":null}},"type":"if","locations":[{"start":{"line":461,"column":28},"end":{"line":464,"column":null}},{"start":{},"end":{}}]},"71":{"loc":{"start":{"line":461,"column":32},"end":{"line":461,"column":102}},"type":"binary-expr","locations":[{"start":{"line":461,"column":32},"end":{"line":461,"column":44}},{"start":{"line":461,"column":44},"end":{"line":461,"column":68}},{"start":{"line":461,"column":68},"end":{"line":461,"column":80}},{"start":{"line":461,"column":80},"end":{"line":461,"column":102}}]},"72":{"loc":{"start":{"line":469,"column":28},"end":{"line":471,"column":null}},"type":"if","locations":[{"start":{"line":469,"column":28},"end":{"line":471,"column":null}},{"start":{},"end":{}}]},"73":{"loc":{"start":{"line":476,"column":13},"end":{"line":522,"column":null}},"type":"binary-expr","locations":[{"start":{"line":476,"column":13},"end":{"line":476,"column":null}},{"start":{"line":477,"column":16},"end":{"line":522,"column":null}}]},"74":{"loc":{"start":{"line":477,"column":35},"end":{"line":477,"column":null}},"type":"cond-expr","locations":[{"start":{"line":477,"column":59},"end":{"line":477,"column":106}},{"start":{"line":477,"column":106},"end":{"line":477,"column":null}}]},"75":{"loc":{"start":{"line":477,"column":35},"end":{"line":477,"column":59}},"type":"binary-expr","locations":[{"start":{"line":477,"column":35},"end":{"line":477,"column":48}},{"start":{"line":477,"column":48},"end":{"line":477,"column":59}}]},"76":{"loc":{"start":{"line":488,"column":28},"end":{"line":518,"column":null}},"type":"if","locations":[{"start":{"line":488,"column":28},"end":{"line":518,"column":null}},{"start":{"line":497,"column":35},"end":{"line":518,"column":null}}]},"77":{"loc":{"start":{"line":489,"column":32},"end":{"line":492,"column":null}},"type":"if","locations":[{"start":{"line":489,"column":32},"end":{"line":492,"column":null}},{"start":{},"end":{}}]},"78":{"loc":{"start":{"line":493,"column":32},"end":{"line":495,"column":null}},"type":"if","locations":[{"start":{"line":493,"column":32},"end":{"line":495,"column":null}},{"start":{},"end":{}}]},"79":{"loc":{"start":{"line":499,"column":32},"end":{"line":515,"column":null}},"type":"if","locations":[{"start":{"line":499,"column":32},"end":{"line":515,"column":null}},{"start":{},"end":{}}]},"80":{"loc":{"start":{"line":511,"column":36},"end":{"line":514,"column":null}},"type":"if","locations":[{"start":{"line":511,"column":36},"end":{"line":514,"column":null}},{"start":{},"end":{}}]},"81":{"loc":{"start":{"line":511,"column":40},"end":{"line":511,"column":80}},"type":"binary-expr","locations":[{"start":{"line":511,"column":40},"end":{"line":511,"column":73}},{"start":{"line":511,"column":73},"end":{"line":511,"column":80}}]},"82":{"loc":{"start":{"line":524,"column":13},"end":{"line":539,"column":null}},"type":"binary-expr","locations":[{"start":{"line":524,"column":13},"end":{"line":524,"column":null}},{"start":{"line":525,"column":16},"end":{"line":539,"column":null}}]},"83":{"loc":{"start":{"line":525,"column":35},"end":{"line":525,"column":null}},"type":"cond-expr","locations":[{"start":{"line":525,"column":59},"end":{"line":525,"column":107}},{"start":{"line":525,"column":107},"end":{"line":525,"column":null}}]},"84":{"loc":{"start":{"line":525,"column":35},"end":{"line":525,"column":59}},"type":"binary-expr","locations":[{"start":{"line":525,"column":35},"end":{"line":525,"column":48}},{"start":{"line":525,"column":48},"end":{"line":525,"column":59}}]},"85":{"loc":{"start":{"line":533,"column":28},"end":{"line":536,"column":null}},"type":"if","locations":[{"start":{"line":533,"column":28},"end":{"line":536,"column":null}},{"start":{},"end":{}}]},"86":{"loc":{"start":{"line":533,"column":32},"end":{"line":533,"column":101}},"type":"binary-expr","locations":[{"start":{"line":533,"column":32},"end":{"line":533,"column":42}},{"start":{"line":533,"column":42},"end":{"line":533,"column":66}},{"start":{"line":533,"column":66},"end":{"line":533,"column":78}},{"start":{"line":533,"column":78},"end":{"line":533,"column":101}}]},"87":{"loc":{"start":{"line":541,"column":13},"end":{"line":556,"column":null}},"type":"binary-expr","locations":[{"start":{"line":541,"column":13},"end":{"line":541,"column":null}},{"start":{"line":542,"column":16},"end":{"line":556,"column":null}}]},"88":{"loc":{"start":{"line":542,"column":35},"end":{"line":542,"column":null}},"type":"cond-expr","locations":[{"start":{"line":542,"column":59},"end":{"line":542,"column":107}},{"start":{"line":542,"column":107},"end":{"line":542,"column":null}}]},"89":{"loc":{"start":{"line":542,"column":35},"end":{"line":542,"column":59}},"type":"binary-expr","locations":[{"start":{"line":542,"column":35},"end":{"line":542,"column":48}},{"start":{"line":542,"column":48},"end":{"line":542,"column":59}}]},"90":{"loc":{"start":{"line":550,"column":28},"end":{"line":553,"column":null}},"type":"if","locations":[{"start":{"line":550,"column":28},"end":{"line":553,"column":null}},{"start":{},"end":{}}]},"91":{"loc":{"start":{"line":550,"column":32},"end":{"line":550,"column":101}},"type":"binary-expr","locations":[{"start":{"line":550,"column":32},"end":{"line":550,"column":42}},{"start":{"line":550,"column":42},"end":{"line":550,"column":66}},{"start":{"line":550,"column":66},"end":{"line":550,"column":78}},{"start":{"line":550,"column":78},"end":{"line":550,"column":101}}]},"92":{"loc":{"start":{"line":558,"column":13},"end":{"line":570,"column":null}},"type":"binary-expr","locations":[{"start":{"line":558,"column":13},"end":{"line":558,"column":null}},{"start":{"line":559,"column":16},"end":{"line":570,"column":null}}]},"93":{"loc":{"start":{"line":575,"column":24},"end":{"line":577,"column":null}},"type":"if","locations":[{"start":{"line":575,"column":24},"end":{"line":577,"column":null}},{"start":{},"end":{}}]}},"s":{"0":0,"1":0,"2":0,"3":0,"4":0,"5":0,"6":0,"7":0,"8":0,"9":0,"10":0,"11":0,"12":0,"13":0,"14":0,"15":0,"16":0,"17":0,"18":0,"19":0,"20":0,"21":0,"22":0,"23":0,"24":0,"25":0,"26":0,"27":0,"28":0,"29":0,"30":0,"31":0,"32":0,"33":0,"34":0,"35":0,"36":0,"37":0,"38":0,"39":0,"40":0,"41":0,"42":0,"43":0,"44":0,"45":0,"46":0,"47":0,"48":0,"49":0,"50":0,"51":0,"52":0,"53":0,"54":0,"55":0,"56":0,"57":0,"58":0,"59":0,"60":0,"61":0,"62":0,"63":0,"64":0,"65":0,"66":0,"67":0,"68":0,"69":0,"70":0,"71":0,"72":0,"73":0,"74":0,"75":0,"76":0,"77":0,"78":0,"79":0,"80":0,"81":0,"82":0,"83":0,"84":0,"85":0,"86":0,"87":0,"88":0,"89":0,"90":0,"91":0,"92":0,"93":0,"94":0,"95":0,"96":0,"97":0,"98":0,"99":0,"100":0,"101":0,"102":0,"103":0,"104":0,"105":0,"106":0,"107":0,"108":0,"109":0,"110":0,"111":0,"112":0,"113":0,"114":0,"115":0,"116":0,"117":0,"118":0,"119":0,"120":0,"121":0,"122":0,"123":0,"124":0,"125":0,"126":0,"127":0,"128":0,"129":0,"130":0,"131":0,"132":0,"133":0,"134":0,"135":0,"136":0,"137":0,"138":0,"139":0,"140":0,"141":0,"142":0,"143":0,"144":0,"145":0,"146":0,"147":0,"148":0,"149":0,"150":0,"151":0,"152":0,"153":0,"154":0,"155":0,"156":0,"157":0,"158":0,"159":0,"160":0,"161":0,"162":0,"163":0,"164":0,"165":0,"166":0,"167":0,"168":0,"169":0,"170":0,"171":0,"172":0,"173":0,"174":0,"175":0,"176":0,"177":0,"178":0,"179":0,"180":0,"181":0,"182":0,"183":0,"184":0,"185":0,"186":0,"187":0,"188":0,"189":0,"190":0,"191":0,"192":0,"193":0,"194":0,"195":0,"196":0,"197":0,"198":0,"199":0,"200":0,"201":0,"202":0,"203":0,"204":0,"205":0,"206":0,"207":0,"208":0,"209":0,"210":0,"211":0,"212":0,"213":0,"214":0,"215":0,"216":0,"217":0,"218":0,"219":0,"220":0,"221":0,"222":0,"223":0,"224":0,"225":0,"226":0,"227":0,"228":0,"229":0,"230":0,"231":0,"232":0,"233":0,"234":0,"235":0,"236":0,"237":0,"238":0,"239":0,"240":0,"241":0},"f":{"0":0,"1":0,"2":0,"3":0,"4":0,"5":0,"6":0,"7":0,"8":0,"9":0,"10":0,"11":0,"12":0,"13":0,"14":0,"15":0,"16":0,"17":0,"18":0,"19":0,"20":0,"21":0,"22":0,"23":0,"24":0,"25":0,"26":0,"27":0,"28":0,"29":0,"30":0,"31":0,"32":0,"33":0,"34":0,"35":0,"36":0,"37":0,"38":0,"39":0,"40":0,"41":0},"b":{"0":[0,0],"1":[0,0],"2":[0,0],"3":[0,0],"4":[0,0],"5":[0,0],"6":[0,0],"7":[0,0],"8":[0,0],"9":[0,0],"10":[0,0],"11":[0,0],"12":[0,0,0],"13":[0,0],"14":[0,0],"15":[0,0],"16":[0,0],"17":[0,0],"18":[0,0],"19":[0,0],"20":[0,0],"21":[0,0],"22":[0,0,0,0,0],"23":[0,0],"24":[0,0],"25":[0,0],"26":[0,0],"27":[0,0],"28":[0,0,0,0,0],"29":[0,0],"30":[0,0],"31":[0,0],"32":[0,0],"33":[0,0],"34":[0,0],"35":[0,0],"36":[0,0],"37":[0,0],"38":[0,0],"39":[0,0],"40":[0,0],"41":[0,0],"42":[0,0],"43":[0,0],"44":[0,0],"45":[0,0],"46":[0,0,0],"47":[0,0],"48":[0,0,0,0,0],"49":[0,0],"50":[0,0],"51":[0,0],"52":[0,0],"53":[0,0],"54":[0,0],"55":[0,0],"56":[0,0],"57":[0,0],"58":[0,0],"59":[0,0],"60":[0,0],"61":[0,0],"62":[0,0],"63":[0,0],"64":[0,0],"65":[0,0],"66":[0,0],"67":[0,0],"68":[0,0],"69":[0,0],"70":[0,0],"71":[0,0,0,0],"72":[0,0],"73":[0,0],"74":[0,0],"75":[0,0],"76":[0,0],"77":[0,0],"78":[0,0],"79":[0,0],"80":[0,0],"81":[0,0],"82":[0,0],"83":[0,0],"84":[0,0],"85":[0,0],"86":[0,0,0,0],"87":[0,0],"88":[0,0],"89":[0,0],"90":[0,0],"91":[0,0,0,0],"92":[0,0],"93":[0,0]}}
,"/Users/zhongjiafeng/Desktop/5000_Project/github/githubuniver/univer/packages/sheets-hyper-link-ui/src/views/CellLinkPopup/index.tsx": {"path":"/Users/zhongjiafeng/Desktop/5000_Project/github/githubuniver/univer/packages/sheets-hyper-link-ui/src/views/CellLinkPopup/index.tsx","statementMap":{"0":{"start":{"line":32,"column":17},"end":{"line":38,"column":null}},"1":{"start":{"line":51,"column":33},"end":{"line":164,"column":null}},"2":{"start":{"line":52,"column":25},"end":{"line":52,"column":null}},"3":{"start":{"line":53,"column":27},"end":{"line":53,"column":null}},"4":{"start":{"line":54,"column":27},"end":{"line":54,"column":null}},"5":{"start":{"line":55,"column":26},"end":{"line":55,"column":null}},"6":{"start":{"line":56,"column":28},"end":{"line":56,"column":null}},"7":{"start":{"line":57,"column":32},"end":{"line":57,"column":null}},"8":{"start":{"line":58,"column":35},"end":{"line":58,"column":null}},"9":{"start":{"line":59,"column":27},"end":{"line":59,"column":null}},"10":{"start":{"line":60,"column":95},"end":{"line":60,"column":null}},"11":{"start":{"line":62,"column":4},"end":{"line":64,"column":null}},"12":{"start":{"line":63,"column":8},"end":{"line":63,"column":null}},"13":{"start":{"line":65,"column":20},"end":{"line":65,"column":null}},"14":{"start":{"line":66,"column":20},"end":{"line":66,"column":null}},"15":{"start":{"line":68,"column":4},"end":{"line":162,"column":null}},"16":{"start":{"line":69,"column":56},"end":{"line":69,"column":null}},"17":{"start":{"line":73,"column":20},"end":{"line":75,"column":null}},"18":{"start":{"line":74,"column":24},"end":{"line":74,"column":null}},"19":{"start":{"line":77,"column":20},"end":{"line":79,"column":null}},"20":{"start":{"line":78,"column":24},"end":{"line":78,"column":null}},"21":{"start":{"line":81,"column":20},"end":{"line":81,"column":null}},"22":{"start":{"line":96,"column":28},"end":{"line":98,"column":null}},"23":{"start":{"line":97,"column":32},"end":{"line":97,"column":null}},"24":{"start":{"line":99,"column":28},"end":{"line":105,"column":null}},"25":{"start":{"line":100,"column":44},"end":{"line":100,"column":null}},"26":{"start":{"line":101,"column":32},"end":{"line":101,"column":null}},"27":{"start":{"line":102,"column":32},"end":{"line":102,"column":null}},"28":{"start":{"line":104,"column":32},"end":{"line":104,"column":null}},"29":{"start":{"line":106,"column":28},"end":{"line":109,"column":null}},"30":{"start":{"line":123,"column":32},"end":{"line":130,"column":null}},"31":{"start":{"line":140,"column":51},"end":{"line":140,"column":null}},"32":{"start":{"line":141,"column":32},"end":{"line":152,"column":null}},"33":{"start":{"line":151,"column":36},"end":{"line":151,"column":null}},"34":{"start":{"line":166,"column":29},"end":{"line":200,"column":null}},"35":{"start":{"line":167,"column":25},"end":{"line":167,"column":null}},"36":{"start":{"line":168,"column":44},"end":{"line":168,"column":null}},"37":{"start":{"line":169,"column":34},"end":{"line":169,"column":null}},"38":{"start":{"line":171,"column":4},"end":{"line":179,"column":null}},"39":{"start":{"line":172,"column":8},"end":{"line":172,"column":null}},"40":{"start":{"line":173,"column":19},"end":{"line":175,"column":null}},"41":{"start":{"line":174,"column":12},"end":{"line":174,"column":null}},"42":{"start":{"line":176,"column":8},"end":{"line":178,"column":null}},"43":{"start":{"line":177,"column":12},"end":{"line":177,"column":null}},"44":{"start":{"line":181,"column":4},"end":{"line":183,"column":null}},"45":{"start":{"line":182,"column":8},"end":{"line":182,"column":null}},"46":{"start":{"line":184,"column":4},"end":{"line":198,"column":null}},"47":{"start":{"line":185,"column":25},"end":{"line":185,"column":null}},"48":{"start":{"line":186,"column":26},"end":{"line":186,"column":null}},"49":{"start":{"line":187,"column":21},"end":{"line":187,"column":null}},"50":{"start":{"line":188,"column":29},"end":{"line":188,"column":null}},"51":{"start":{"line":189,"column":8},"end":{"line":197,"column":null}},"52":{"start":{"line":193,"column":24},"end":{"line":193,"column":null}},"53":{"start":{"line":199,"column":4},"end":{"line":199,"column":null}},"54":{"start":{"line":202,"column":0},"end":{"line":202,"column":null}}},"fnMap":{"0":{"name":"(anonymous_0)","decl":{"start":{"line":51,"column":33},"end":{"line":51,"column":34}},"loc":{"start":{"line":51,"column":69},"end":{"line":164,"column":null}}},"1":{"name":"(anonymous_1)","decl":{"start":{"line":69,"column":50},"end":{"line":69,"column":56}},"loc":{"start":{"line":69,"column":56},"end":{"line":69,"column":null}}},"2":{"name":"(anonymous_2)","decl":{"start":{"line":72,"column":25},"end":{"line":72,"column":31}},"loc":{"start":{"line":72,"column":31},"end":{"line":82,"column":null}}},"3":{"name":"(anonymous_3)","decl":{"start":{"line":95,"column":33},"end":{"line":95,"column":39}},"loc":{"start":{"line":95,"column":39},"end":{"line":110,"column":null}}},"4":{"name":"(anonymous_4)","decl":{"start":{"line":122,"column":37},"end":{"line":122,"column":43}},"loc":{"start":{"line":122,"column":43},"end":{"line":131,"column":null}}},"5":{"name":"(anonymous_5)","decl":{"start":{"line":139,"column":37},"end":{"line":139,"column":43}},"loc":{"start":{"line":139,"column":43},"end":{"line":153,"column":null}}},"6":{"name":"(anonymous_6)","decl":{"start":{"line":166,"column":29},"end":{"line":166,"column":35}},"loc":{"start":{"line":166,"column":35},"end":{"line":200,"column":null}}},"7":{"name":"(anonymous_7)","decl":{"start":{"line":171,"column":14},"end":{"line":171,"column":20}},"loc":{"start":{"line":171,"column":20},"end":{"line":179,"column":7}}},"8":{"name":"(anonymous_8)","decl":{"start":{"line":173,"column":56},"end":{"line":173,"column":57}},"loc":{"start":{"line":173,"column":67},"end":{"line":175,"column":9}}},"9":{"name":"(anonymous_9)","decl":{"start":{"line":176,"column":15},"end":{"line":176,"column":21}},"loc":{"start":{"line":176,"column":21},"end":{"line":178,"column":null}}},"10":{"name":"(anonymous_10)","decl":{"start":{"line":192,"column":38},"end":{"line":192,"column":39}},"loc":{"start":{"line":192,"column":55},"end":{"line":194,"column":21}}}},"branchMap":{"0":{"loc":{"start":{"line":62,"column":4},"end":{"line":64,"column":null}},"type":"if","locations":[{"start":{"line":62,"column":4},"end":{"line":64,"column":null}},{"start":{},"end":{}}]},"1":{"loc":{"start":{"line":65,"column":58},"end":{"line":65,"column":90}},"type":"binary-expr","locations":[{"start":{"line":65,"column":58},"end":{"line":65,"column":88}},{"start":{"line":65,"column":88},"end":{"line":65,"column":90}}]},"2":{"loc":{"start":{"line":73,"column":20},"end":{"line":75,"column":null}},"type":"if","locations":[{"start":{"line":73,"column":20},"end":{"line":75,"column":null}},{"start":{},"end":{}}]},"3":{"loc":{"start":{"line":77,"column":20},"end":{"line":79,"column":null}},"type":"if","locations":[{"start":{"line":77,"column":20},"end":{"line":79,"column":null}},{"start":{},"end":{}}]},"4":{"loc":{"start":{"line":92,"column":17},"end":{"line":116,"column":null}},"type":"binary-expr","locations":[{"start":{"line":92,"column":17},"end":{"line":92,"column":null}},{"start":{"line":93,"column":20},"end":{"line":116,"column":null}}]},"5":{"loc":{"start":{"line":96,"column":28},"end":{"line":98,"column":null}},"type":"if","locations":[{"start":{"line":96,"column":28},"end":{"line":98,"column":null}},{"start":{},"end":{}}]},"6":{"loc":{"start":{"line":99,"column":28},"end":{"line":105,"column":null}},"type":"if","locations":[{"start":{"line":99,"column":28},"end":{"line":105,"column":null}},{"start":{"line":103,"column":35},"end":{"line":105,"column":null}}]},"7":{"loc":{"start":{"line":118,"column":17},"end":{"line":159,"column":null}},"type":"binary-expr","locations":[{"start":{"line":118,"column":17},"end":{"line":118,"column":null}},{"start":{"line":119,"column":20},"end":{"line":159,"column":null}}]},"8":{"loc":{"start":{"line":140,"column":51},"end":{"line":140,"column":null}},"type":"cond-expr","locations":[{"start":{"line":140,"column":142},"end":{"line":140,"column":174}},{"start":{"line":140,"column":174},"end":{"line":140,"column":null}}]},"9":{"loc":{"start":{"line":140,"column":51},"end":{"line":140,"column":142}},"type":"binary-expr","locations":[{"start":{"line":140,"column":51},"end":{"line":140,"column":95}},{"start":{"line":140,"column":95},"end":{"line":140,"column":142}}]},"10":{"loc":{"start":{"line":141,"column":32},"end":{"line":152,"column":null}},"type":"if","locations":[{"start":{"line":141,"column":32},"end":{"line":152,"column":null}},{"start":{},"end":{}}]},"11":{"loc":{"start":{"line":147,"column":48},"end":{"line":149,"column":null}},"type":"cond-expr","locations":[{"start":{"line":148,"column":40},"end":{"line":148,"column":null}},{"start":{"line":149,"column":42},"end":{"line":149,"column":null}}]},"12":{"loc":{"start":{"line":181,"column":4},"end":{"line":183,"column":null}},"type":"if","locations":[{"start":{"line":181,"column":4},"end":{"line":183,"column":null}},{"start":{},"end":{}}]},"13":{"loc":{"start":{"line":184,"column":4},"end":{"line":198,"column":null}},"type":"if","locations":[{"start":{"line":184,"column":4},"end":{"line":198,"column":null}},{"start":{},"end":{}}]},"14":{"loc":{"start":{"line":189,"column":15},"end":{"line":197,"column":null}},"type":"cond-expr","locations":[{"start":{"line":191,"column":16},"end":{"line":195,"column":null}},{"start":{"line":197,"column":14},"end":{"line":197,"column":null}}]}},"s":{"0":0,"1":0,"2":0,"3":0,"4":0,"5":0,"6":0,"7":0,"8":0,"9":0,"10":0,"11":0,"12":0,"13":0,"14":0,"15":0,"16":0,"17":0,"18":0,"19":0,"20":0,"21":0,"22":0,"23":0,"24":0,"25":0,"26":0,"27":0,"28":0,"29":0,"30":0,"31":0,"32":0,"33":0,"34":0,"35":0,"36":0,"37":0,"38":0,"39":0,"40":0,"41":0,"42":0,"43":0,"44":0,"45":0,"46":0,"47":0,"48":0,"49":0,"50":0,"51":0,"52":0,"53":0,"54":0},"f":{"0":0,"1":0,"2":0,"3":0,"4":0,"5":0,"6":0,"7":0,"8":0,"9":0,"10":0},"b":{"0":[0,0],"1":[0,0],"2":[0,0],"3":[0,0],"4":[0,0],"5":[0,0],"6":[0,0],"7":[0,0],"8":[0,0],"9":[0,0],"10":[0,0],"11":[0,0],"12":[0,0],"13":[0,0],"14":[0,0]}}
}
