{"/Users/zhongjiafeng/Desktop/5000_Project/github/githubuniver/univer/packages/docs-thread-comment-ui/tailwind.config.ts": {"path":"/Users/zhongjiafeng/Desktop/5000_Project/github/githubuniver/univer/packages/docs-thread-comment-ui/tailwind.config.ts","statementMap":{"0":{"start":{"line":20,"column":23},"end":{"line":25,"column":null}}},"fnMap":{},"branchMap":{},"s":{"0":0},"f":{},"b":{}}
,"/Users/zhongjiafeng/Desktop/5000_Project/github/githubuniver/univer/packages/docs-thread-comment-ui/src/plugin.ts": {"path":"/Users/zhongjiafeng/Desktop/5000_Project/github/githubuniver/univer/packages/docs-thread-comment-ui/src/plugin.ts","statementMap":{"0":{"start":{"line":30,"column":7},"end":{"line":76,"column":null}},"1":{"start":{"line":40,"column":8},"end":{"line":40,"column":null}},"2":{"start":{"line":35,"column":25},"end":{"line":35,"column":78}},"3":{"start":{"line":36,"column":36},"end":{"line":36,"column":null}},"4":{"start":{"line":37,"column":48},"end":{"line":37,"column":null}},"5":{"start":{"line":38,"column":41},"end":{"line":38,"column":null}},"6":{"start":{"line":43,"column":34},"end":{"line":47,"column":null}},"7":{"start":{"line":48,"column":8},"end":{"line":50,"column":null}},"8":{"start":{"line":49,"column":12},"end":{"line":49,"column":null}},"9":{"start":{"line":51,"column":8},"end":{"line":51,"column":null}},"10":{"start":{"line":55,"column":9},"end":{"line":61,"column":null}},"11":{"start":{"line":60,"column":12},"end":{"line":60,"column":null}},"12":{"start":{"line":65,"column":8},"end":{"line":65,"column":null}},"13":{"start":{"line":67,"column":8},"end":{"line":67,"column":null}},"14":{"start":{"line":68,"column":8},"end":{"line":68,"column":null}},"15":{"start":{"line":72,"column":8},"end":{"line":74,"column":null}},"16":{"start":{"line":73,"column":12},"end":{"line":73,"column":null}},"17":{"start":{"line":31,"column":4},"end":{"line":31,"column":null}},"18":{"start":{"line":32,"column":4},"end":{"line":32,"column":null}},"19":{"start":{"line":30,"column":13},"end":{"line":30,"column":53}}},"fnMap":{"0":{"name":"(anonymous_5)","decl":{"start":{"line":34,"column":4},"end":{"line":34,"column":null}},"loc":{"start":{"line":39,"column":6},"end":{"line":52,"column":null}}},"1":{"name":"(anonymous_6)","decl":{"start":{"line":54,"column":13},"end":{"line":54,"column":32}},"loc":{"start":{"line":54,"column":32},"end":{"line":62,"column":null}}},"2":{"name":"(anonymous_7)","decl":{"start":{"line":59,"column":35},"end":{"line":59,"column":36}},"loc":{"start":{"line":59,"column":44},"end":{"line":61,"column":9}}},"3":{"name":"(anonymous_8)","decl":{"start":{"line":64,"column":13},"end":{"line":64,"column":32}},"loc":{"start":{"line":64,"column":32},"end":{"line":69,"column":null}}},"4":{"name":"(anonymous_9)","decl":{"start":{"line":71,"column":12},"end":{"line":71,"column":32}},"loc":{"start":{"line":71,"column":32},"end":{"line":75,"column":null}}},"5":{"name":"(anonymous_10)","decl":{"start":{"line":72,"column":51},"end":{"line":72,"column":52}},"loc":{"start":{"line":72,"column":60},"end":{"line":74,"column":9}}}},"branchMap":{"0":{"loc":{"start":{"line":35,"column":25},"end":{"line":35,"column":null}},"type":"default-arg","locations":[{"start":{"line":35,"column":78},"end":{"line":35,"column":null}}]},"1":{"loc":{"start":{"line":48,"column":8},"end":{"line":50,"column":null}},"type":"if","locations":[{"start":{"line":48,"column":8},"end":{"line":50,"column":null}},{"start":{},"end":{}}]}},"s":{"0":0,"1":0,"2":0,"3":0,"4":0,"5":0,"6":0,"7":0,"8":0,"9":0,"10":0,"11":0,"12":0,"13":0,"14":0,"15":0,"16":0,"17":0,"18":0,"19":0},"f":{"0":0,"1":0,"2":0,"3":0,"4":0,"5":0},"b":{"0":[0],"1":[0,0]}}
,"/Users/zhongjiafeng/Desktop/5000_Project/github/githubuniver/univer/packages/docs-thread-comment-ui/src/commands/commands/add-doc-comment.command.ts": {"path":"/Users/zhongjiafeng/Desktop/5000_Project/github/githubuniver/univer/packages/docs-thread-comment-ui/src/commands/commands/add-doc-comment.command.ts","statementMap":{"0":{"start":{"line":31,"column":69},"end":{"line":75,"column":null}},"1":{"start":{"line":35,"column":8},"end":{"line":37,"column":null}},"2":{"start":{"line":36,"column":12},"end":{"line":36,"column":null}},"3":{"start":{"line":38,"column":51},"end":{"line":38,"column":null}},"4":{"start":{"line":39,"column":34},"end":{"line":39,"column":null}},"5":{"start":{"line":40,"column":24},"end":{"line":40,"column":null}},"6":{"start":{"line":41,"column":31},"end":{"line":41,"column":null}},"7":{"start":{"line":43,"column":27},"end":{"line":50,"column":null}},"8":{"start":{"line":51,"column":8},"end":{"line":71,"column":null}},"9":{"start":{"line":52,"column":31},"end":{"line":59,"column":null}},"10":{"start":{"line":61,"column":36},"end":{"line":68,"column":null}},"11":{"start":{"line":70,"column":12},"end":{"line":70,"column":null}},"12":{"start":{"line":73,"column":8},"end":{"line":73,"column":null}}},"fnMap":{"0":{"name":"(anonymous_0)","decl":{"start":{"line":34,"column":4},"end":{"line":34,"column":10}},"loc":{"start":{"line":34,"column":36},"end":{"line":74,"column":null}}}},"branchMap":{"0":{"loc":{"start":{"line":35,"column":8},"end":{"line":37,"column":null}},"type":"if","locations":[{"start":{"line":35,"column":8},"end":{"line":37,"column":null}},{"start":{},"end":{}}]},"1":{"loc":{"start":{"line":51,"column":8},"end":{"line":71,"column":null}},"type":"if","locations":[{"start":{"line":51,"column":8},"end":{"line":71,"column":null}},{"start":{},"end":{}}]}},"s":{"0":0,"1":0,"2":0,"3":0,"4":0,"5":0,"6":0,"7":0,"8":0,"9":0,"10":0,"11":0,"12":0},"f":{"0":0},"b":{"0":[0,0],"1":[0,0]}}
,"/Users/zhongjiafeng/Desktop/5000_Project/github/githubuniver/univer/packages/docs-thread-comment-ui/src/commands/commands/delete-doc-comment.command.ts": {"path":"/Users/zhongjiafeng/Desktop/5000_Project/github/githubuniver/univer/packages/docs-thread-comment-ui/src/commands/commands/delete-doc-comment.command.ts","statementMap":{"0":{"start":{"line":26,"column":75},"end":{"line":47,"column":null}},"1":{"start":{"line":30,"column":8},"end":{"line":32,"column":null}},"2":{"start":{"line":31,"column":12},"end":{"line":31,"column":null}},"3":{"start":{"line":33,"column":38},"end":{"line":33,"column":null}},"4":{"start":{"line":34,"column":31},"end":{"line":34,"column":null}},"5":{"start":{"line":36,"column":27},"end":{"line":39,"column":null}},"6":{"start":{"line":41,"column":8},"end":{"line":43,"column":null}},"7":{"start":{"line":42,"column":12},"end":{"line":42,"column":null}},"8":{"start":{"line":45,"column":8},"end":{"line":45,"column":null}}},"fnMap":{"0":{"name":"(anonymous_0)","decl":{"start":{"line":29,"column":4},"end":{"line":29,"column":10}},"loc":{"start":{"line":29,"column":36},"end":{"line":46,"column":null}}}},"branchMap":{"0":{"loc":{"start":{"line":30,"column":8},"end":{"line":32,"column":null}},"type":"if","locations":[{"start":{"line":30,"column":8},"end":{"line":32,"column":null}},{"start":{},"end":{}}]},"1":{"loc":{"start":{"line":41,"column":8},"end":{"line":43,"column":null}},"type":"if","locations":[{"start":{"line":41,"column":8},"end":{"line":43,"column":null}},{"start":{},"end":{}}]}},"s":{"0":0,"1":0,"2":0,"3":0,"4":0,"5":0,"6":0,"7":0,"8":0},"f":{"0":0},"b":{"0":[0,0],"1":[0,0]}}
,"/Users/zhongjiafeng/Desktop/5000_Project/github/githubuniver/univer/packages/docs-thread-comment-ui/src/commands/operations/show-comment-panel.operation.ts": {"path":"/Users/zhongjiafeng/Desktop/5000_Project/github/githubuniver/univer/packages/docs-thread-comment-ui/src/commands/operations/show-comment-panel.operation.ts","statementMap":{"0":{"start":{"line":34,"column":85},"end":{"line":57,"column":null}},"1":{"start":{"line":38,"column":29},"end":{"line":38,"column":null}},"2":{"start":{"line":39,"column":31},"end":{"line":39,"column":null}},"3":{"start":{"line":41,"column":8},"end":{"line":49,"column":null}},"4":{"start":{"line":42,"column":12},"end":{"line":47,"column":null}},"5":{"start":{"line":46,"column":31},"end":{"line":46,"column":null}},"6":{"start":{"line":48,"column":12},"end":{"line":48,"column":null}},"7":{"start":{"line":51,"column":8},"end":{"line":53,"column":null}},"8":{"start":{"line":52,"column":12},"end":{"line":52,"column":null}},"9":{"start":{"line":55,"column":8},"end":{"line":55,"column":null}},"10":{"start":{"line":59,"column":53},"end":{"line":81,"column":null}},"11":{"start":{"line":63,"column":29},"end":{"line":63,"column":null}},"12":{"start":{"line":64,"column":31},"end":{"line":64,"column":null}},"13":{"start":{"line":66,"column":8},"end":{"line":78,"column":null}},"14":{"start":{"line":67,"column":12},"end":{"line":72,"column":null}},"15":{"start":{"line":71,"column":31},"end":{"line":71,"column":null}},"16":{"start":{"line":73,"column":12},"end":{"line":73,"column":null}},"17":{"start":{"line":75,"column":12},"end":{"line":75,"column":null}},"18":{"start":{"line":76,"column":12},"end":{"line":76,"column":null}},"19":{"start":{"line":77,"column":12},"end":{"line":77,"column":null}},"20":{"start":{"line":79,"column":8},"end":{"line":79,"column":null}},"21":{"start":{"line":83,"column":50},"end":{"line":145,"column":null}},"22":{"start":{"line":87,"column":29},"end":{"line":87,"column":null}},"23":{"start":{"line":88,"column":38},"end":{"line":88,"column":null}},"24":{"start":{"line":89,"column":20},"end":{"line":89,"column":null}},"25":{"start":{"line":90,"column":43},"end":{"line":90,"column":null}},"26":{"start":{"line":91,"column":37},"end":{"line":91,"column":null}},"27":{"start":{"line":92,"column":35},"end":{"line":92,"column":null}},"28":{"start":{"line":93,"column":34},"end":{"line":93,"column":null}},"29":{"start":{"line":94,"column":31},"end":{"line":94,"column":null}},"30":{"start":{"line":95,"column":31},"end":{"line":95,"column":null}},"31":{"start":{"line":96,"column":26},"end":{"line":96,"column":null}},"32":{"start":{"line":97,"column":8},"end":{"line":99,"column":null}},"33":{"start":{"line":98,"column":12},"end":{"line":98,"column":null}},"34":{"start":{"line":101,"column":42},"end":{"line":101,"column":null}},"35":{"start":{"line":102,"column":8},"end":{"line":102,"column":null}},"36":{"start":{"line":103,"column":8},"end":{"line":111,"column":null}},"37":{"start":{"line":104,"column":12},"end":{"line":109,"column":null}},"38":{"start":{"line":105,"column":16},"end":{"line":105,"column":null}},"39":{"start":{"line":106,"column":16},"end":{"line":106,"column":null}},"40":{"start":{"line":108,"column":16},"end":{"line":108,"column":null}},"41":{"start":{"line":110,"column":12},"end":{"line":110,"column":null}},"42":{"start":{"line":113,"column":8},"end":{"line":113,"column":null}},"43":{"start":{"line":114,"column":23},"end":{"line":114,"column":null}},"44":{"start":{"line":115,"column":14},"end":{"line":115,"column":null}},"45":{"start":{"line":116,"column":21},"end":{"line":116,"column":null}},"46":{"start":{"line":117,"column":26},"end":{"line":117,"column":null}},"47":{"start":{"line":118,"column":26},"end":{"line":118,"column":null}},"48":{"start":{"line":119,"column":24},"end":{"line":133,"column":null}},"49":{"start":{"line":135,"column":8},"end":{"line":135,"column":null}},"50":{"start":{"line":136,"column":8},"end":{"line":136,"column":null}},"51":{"start":{"line":137,"column":8},"end":{"line":141,"column":null}},"52":{"start":{"line":143,"column":8},"end":{"line":143,"column":null}}},"fnMap":{"0":{"name":"(anonymous_0)","decl":{"start":{"line":37,"column":4},"end":{"line":37,"column":12}},"loc":{"start":{"line":37,"column":30},"end":{"line":56,"column":null}}},"1":{"name":"(anonymous_1)","decl":{"start":{"line":46,"column":25},"end":{"line":46,"column":31}},"loc":{"start":{"line":46,"column":31},"end":{"line":46,"column":null}}},"2":{"name":"(anonymous_2)","decl":{"start":{"line":62,"column":4},"end":{"line":62,"column":12}},"loc":{"start":{"line":62,"column":22},"end":{"line":80,"column":null}}},"3":{"name":"(anonymous_3)","decl":{"start":{"line":71,"column":25},"end":{"line":71,"column":31}},"loc":{"start":{"line":71,"column":31},"end":{"line":71,"column":null}}},"4":{"name":"(anonymous_4)","decl":{"start":{"line":86,"column":4},"end":{"line":86,"column":12}},"loc":{"start":{"line":86,"column":22},"end":{"line":144,"column":null}}}},"branchMap":{"0":{"loc":{"start":{"line":41,"column":8},"end":{"line":49,"column":null}},"type":"if","locations":[{"start":{"line":41,"column":8},"end":{"line":49,"column":null}},{"start":{},"end":{}}]},"1":{"loc":{"start":{"line":41,"column":12},"end":{"line":41,"column":121}},"type":"binary-expr","locations":[{"start":{"line":41,"column":12},"end":{"line":41,"column":42}},{"start":{"line":41,"column":42},"end":{"line":41,"column":121}}]},"2":{"loc":{"start":{"line":51,"column":8},"end":{"line":53,"column":null}},"type":"if","locations":[{"start":{"line":51,"column":8},"end":{"line":53,"column":null}},{"start":{},"end":{}}]},"3":{"loc":{"start":{"line":66,"column":8},"end":{"line":78,"column":null}},"type":"if","locations":[{"start":{"line":66,"column":8},"end":{"line":78,"column":null}},{"start":{"line":74,"column":15},"end":{"line":78,"column":null}}]},"4":{"loc":{"start":{"line":66,"column":12},"end":{"line":66,"column":121}},"type":"binary-expr","locations":[{"start":{"line":66,"column":12},"end":{"line":66,"column":42}},{"start":{"line":66,"column":42},"end":{"line":66,"column":121}}]},"5":{"loc":{"start":{"line":97,"column":8},"end":{"line":99,"column":null}},"type":"if","locations":[{"start":{"line":97,"column":8},"end":{"line":99,"column":null}},{"start":{},"end":{}}]},"6":{"loc":{"start":{"line":97,"column":12},"end":{"line":97,"column":32}},"type":"binary-expr","locations":[{"start":{"line":97,"column":12},"end":{"line":97,"column":20}},{"start":{"line":97,"column":20},"end":{"line":97,"column":32}}]},"7":{"loc":{"start":{"line":103,"column":8},"end":{"line":111,"column":null}},"type":"if","locations":[{"start":{"line":103,"column":8},"end":{"line":111,"column":null}},{"start":{},"end":{}}]},"8":{"loc":{"start":{"line":104,"column":12},"end":{"line":109,"column":null}},"type":"if","locations":[{"start":{"line":104,"column":12},"end":{"line":109,"column":null}},{"start":{"line":107,"column":19},"end":{"line":109,"column":null}}]},"9":{"loc":{"start":{"line":115,"column":28},"end":{"line":115,"column":61}},"type":"binary-expr","locations":[{"start":{"line":115,"column":28},"end":{"line":115,"column":57}},{"start":{"line":115,"column":57},"end":{"line":115,"column":61}}]}},"s":{"0":0,"1":0,"2":0,"3":0,"4":0,"5":0,"6":0,"7":0,"8":0,"9":0,"10":0,"11":0,"12":0,"13":0,"14":0,"15":0,"16":0,"17":0,"18":0,"19":0,"20":0,"21":0,"22":0,"23":0,"24":0,"25":0,"26":0,"27":0,"28":0,"29":0,"30":0,"31":0,"32":0,"33":0,"34":0,"35":0,"36":0,"37":0,"38":0,"39":0,"40":0,"41":0,"42":0,"43":0,"44":0,"45":0,"46":0,"47":0,"48":0,"49":0,"50":0,"51":0,"52":0},"f":{"0":0,"1":0,"2":0,"3":0,"4":0},"b":{"0":[0,0],"1":[0,0],"2":[0,0],"3":[0,0],"4":[0,0],"5":[0,0],"6":[0,0],"7":[0,0],"8":[0,0],"9":[0,0]}}
,"/Users/zhongjiafeng/Desktop/5000_Project/github/githubuniver/univer/packages/docs-thread-comment-ui/src/common/const.ts": {"path":"/Users/zhongjiafeng/Desktop/5000_Project/github/githubuniver/univer/packages/docs-thread-comment-ui/src/common/const.ts","statementMap":{"0":{"start":{"line":17,"column":27},"end":{"line":17,"column":null}},"1":{"start":{"line":19,"column":38},"end":{"line":19,"column":null}},"2":{"start":{"line":21,"column":39},"end":{"line":21,"column":null}}},"fnMap":{},"branchMap":{},"s":{"0":0,"1":0,"2":0},"f":{},"b":{}}
,"/Users/zhongjiafeng/Desktop/5000_Project/github/githubuniver/univer/packages/docs-thread-comment-ui/src/controllers/config.schema.ts": {"path":"/Users/zhongjiafeng/Desktop/5000_Project/github/githubuniver/univer/packages/docs-thread-comment-ui/src/controllers/config.schema.ts","statementMap":{"0":{"start":{"line":19,"column":56},"end":{"line":19,"column":null}},"1":{"start":{"line":21,"column":28},"end":{"line":21,"column":null}},"2":{"start":{"line":27,"column":69},"end":{"line":27,"column":null}}},"fnMap":{},"branchMap":{},"s":{"0":0,"1":0,"2":0},"f":{},"b":{}}
,"/Users/zhongjiafeng/Desktop/5000_Project/github/githubuniver/univer/packages/docs-thread-comment-ui/src/controllers/doc-thread-comment-selection.controller.ts": {"path":"/Users/zhongjiafeng/Desktop/5000_Project/github/githubuniver/univer/packages/docs-thread-comment-ui/src/controllers/doc-thread-comment-selection.controller.ts","statementMap":{"0":{"start":{"line":30,"column":7},"end":{"line":116,"column":null}},"1":{"start":{"line":39,"column":8},"end":{"line":39,"column":null}},"2":{"start":{"line":32,"column":60},"end":{"line":32,"column":null}},"3":{"start":{"line":33,"column":49},"end":{"line":33,"column":null}},"4":{"start":{"line":34,"column":42},"end":{"line":34,"column":null}},"5":{"start":{"line":35,"column":58},"end":{"line":35,"column":null}},"6":{"start":{"line":36,"column":48},"end":{"line":36,"column":null}},"7":{"start":{"line":37,"column":53},"end":{"line":37,"column":null}},"8":{"start":{"line":41,"column":8},"end":{"line":41,"column":null}},"9":{"start":{"line":42,"column":8},"end":{"line":42,"column":null}},"10":{"start":{"line":47,"column":8},"end":{"line":91,"column":null}},"11":{"start":{"line":49,"column":16},"end":{"line":89,"column":null}},"12":{"start":{"line":50,"column":35},"end":{"line":50,"column":null}},"13":{"start":{"line":51,"column":47},"end":{"line":51,"column":null}},"14":{"start":{"line":52,"column":20},"end":{"line":52,"column":null}},"15":{"start":{"line":52,"column":52},"end":{"line":52,"column":null}},"16":{"start":{"line":53,"column":32},"end":{"line":53,"column":null}},"17":{"start":{"line":54,"column":36},"end":{"line":54,"column":null}},"18":{"start":{"line":55,"column":20},"end":{"line":57,"column":null}},"19":{"start":{"line":56,"column":24},"end":{"line":56,"column":null}},"20":{"start":{"line":58,"column":20},"end":{"line":58,"column":null}},"21":{"start":{"line":59,"column":20},"end":{"line":82,"column":null}},"22":{"start":{"line":60,"column":70},"end":{"line":60,"column":null}},"23":{"start":{"line":63,"column":24},"end":{"line":67,"column":null}},"24":{"start":{"line":64,"column":28},"end":{"line":64,"column":null}},"25":{"start":{"line":64,"column":92},"end":{"line":64,"column":160}},"26":{"start":{"line":66,"column":28},"end":{"line":66,"column":null}},"27":{"start":{"line":66,"column":92},"end":{"line":66,"column":160}},"28":{"start":{"line":69,"column":24},"end":{"line":81,"column":null}},"29":{"start":{"line":70,"column":44},"end":{"line":70,"column":null}},"30":{"start":{"line":71,"column":28},"end":{"line":79,"column":null}},"31":{"start":{"line":72,"column":32},"end":{"line":78,"column":null}},"32":{"start":{"line":80,"column":28},"end":{"line":80,"column":null}},"33":{"start":{"line":84,"column":20},"end":{"line":86,"column":null}},"34":{"start":{"line":85,"column":24},"end":{"line":85,"column":null}},"35":{"start":{"line":88,"column":20},"end":{"line":88,"column":null}},"36":{"start":{"line":95,"column":8},"end":{"line":114,"column":null}},"37":{"start":{"line":96,"column":12},"end":{"line":109,"column":null}},"38":{"start":{"line":97,"column":28},"end":{"line":97,"column":null}},"39":{"start":{"line":98,"column":16},"end":{"line":108,"column":null}},"40":{"start":{"line":99,"column":49},"end":{"line":99,"column":null}},"41":{"start":{"line":100,"column":40},"end":{"line":100,"column":null}},"42":{"start":{"line":100,"column":90},"end":{"line":100,"column":126}},"43":{"start":{"line":101,"column":20},"end":{"line":107,"column":null}},"44":{"start":{"line":102,"column":24},"end":{"line":106,"column":null}},"45":{"start":{"line":111,"column":12},"end":{"line":113,"column":null}},"46":{"start":{"line":112,"column":16},"end":{"line":112,"column":null}},"47":{"start":{"line":30,"column":13},"end":{"line":30,"column":57}}},"fnMap":{"0":{"name":"(anonymous_3)","decl":{"start":{"line":31,"column":4},"end":{"line":31,"column":null}},"loc":{"start":{"line":38,"column":6},"end":{"line":43,"column":null}}},"1":{"name":"(anonymous_4)","decl":{"start":{"line":45,"column":12},"end":{"line":45,"column":35}},"loc":{"start":{"line":45,"column":35},"end":{"line":92,"column":null}}},"2":{"name":"(anonymous_5)","decl":{"start":{"line":48,"column":51},"end":{"line":48,"column":52}},"loc":{"start":{"line":48,"column":68},"end":{"line":90,"column":13}}},"3":{"name":"(anonymous_6)","decl":{"start":{"line":64,"column":81},"end":{"line":64,"column":82}},"loc":{"start":{"line":64,"column":92},"end":{"line":64,"column":160}}},"4":{"name":"(anonymous_7)","decl":{"start":{"line":66,"column":81},"end":{"line":66,"column":82}},"loc":{"start":{"line":66,"column":92},"end":{"line":66,"column":160}}},"5":{"name":"(anonymous_8)","decl":{"start":{"line":94,"column":12},"end":{"line":94,"column":39}},"loc":{"start":{"line":94,"column":39},"end":{"line":115,"column":null}}},"6":{"name":"(anonymous_9)","decl":{"start":{"line":95,"column":86},"end":{"line":95,"column":87}},"loc":{"start":{"line":95,"column":105},"end":{"line":114,"column":9}}},"7":{"name":"(anonymous_10)","decl":{"start":{"line":100,"column":79},"end":{"line":100,"column":80}},"loc":{"start":{"line":100,"column":90},"end":{"line":100,"column":126}}}},"branchMap":{"0":{"loc":{"start":{"line":49,"column":16},"end":{"line":89,"column":null}},"type":"if","locations":[{"start":{"line":49,"column":16},"end":{"line":89,"column":null}},{"start":{},"end":{}}]},"1":{"loc":{"start":{"line":52,"column":20},"end":{"line":52,"column":null}},"type":"if","locations":[{"start":{"line":52,"column":20},"end":{"line":52,"column":null}},{"start":{},"end":{}}]},"2":{"loc":{"start":{"line":55,"column":20},"end":{"line":57,"column":null}},"type":"if","locations":[{"start":{"line":55,"column":20},"end":{"line":57,"column":null}},{"start":{},"end":{}}]},"3":{"loc":{"start":{"line":55,"column":24},"end":{"line":55,"column":128}},"type":"binary-expr","locations":[{"start":{"line":55,"column":24},"end":{"line":55,"column":79}},{"start":{"line":55,"column":79},"end":{"line":55,"column":128}}]},"4":{"loc":{"start":{"line":59,"column":20},"end":{"line":82,"column":null}},"type":"if","locations":[{"start":{"line":59,"column":20},"end":{"line":82,"column":null}},{"start":{},"end":{}}]},"5":{"loc":{"start":{"line":59,"column":24},"end":{"line":59,"column":40}},"type":"binary-expr","locations":[{"start":{"line":59,"column":24},"end":{"line":59,"column":35}},{"start":{"line":59,"column":35},"end":{"line":59,"column":40}}]},"6":{"loc":{"start":{"line":63,"column":24},"end":{"line":67,"column":null}},"type":"if","locations":[{"start":{"line":63,"column":24},"end":{"line":67,"column":null}},{"start":{"line":65,"column":31},"end":{"line":67,"column":null}}]},"7":{"loc":{"start":{"line":64,"column":92},"end":{"line":64,"column":160}},"type":"binary-expr","locations":[{"start":{"line":64,"column":92},"end":{"line":64,"column":127}},{"start":{"line":64,"column":127},"end":{"line":64,"column":160}}]},"8":{"loc":{"start":{"line":66,"column":92},"end":{"line":66,"column":160}},"type":"binary-expr","locations":[{"start":{"line":66,"column":92},"end":{"line":66,"column":127}},{"start":{"line":66,"column":127},"end":{"line":66,"column":160}}]},"9":{"loc":{"start":{"line":69,"column":24},"end":{"line":81,"column":null}},"type":"if","locations":[{"start":{"line":69,"column":24},"end":{"line":81,"column":null}},{"start":{},"end":{}}]},"10":{"loc":{"start":{"line":71,"column":28},"end":{"line":79,"column":null}},"type":"if","locations":[{"start":{"line":71,"column":28},"end":{"line":79,"column":null}},{"start":{},"end":{}}]},"11":{"loc":{"start":{"line":71,"column":32},"end":{"line":71,"column":62}},"type":"binary-expr","locations":[{"start":{"line":71,"column":32},"end":{"line":71,"column":43}},{"start":{"line":71,"column":43},"end":{"line":71,"column":62}}]},"12":{"loc":{"start":{"line":84,"column":20},"end":{"line":86,"column":null}},"type":"if","locations":[{"start":{"line":84,"column":20},"end":{"line":86,"column":null}},{"start":{},"end":{}}]},"13":{"loc":{"start":{"line":96,"column":12},"end":{"line":109,"column":null}},"type":"if","locations":[{"start":{"line":96,"column":12},"end":{"line":109,"column":null}},{"start":{},"end":{}}]},"14":{"loc":{"start":{"line":98,"column":16},"end":{"line":108,"column":null}},"type":"if","locations":[{"start":{"line":98,"column":16},"end":{"line":108,"column":null}},{"start":{},"end":{}}]},"15":{"loc":{"start":{"line":101,"column":20},"end":{"line":107,"column":null}},"type":"if","locations":[{"start":{"line":101,"column":20},"end":{"line":107,"column":null}},{"start":{},"end":{}}]},"16":{"loc":{"start":{"line":101,"column":24},"end":{"line":101,"column":61}},"type":"binary-expr","locations":[{"start":{"line":101,"column":24},"end":{"line":101,"column":39}},{"start":{"line":101,"column":39},"end":{"line":101,"column":61}}]},"17":{"loc":{"start":{"line":111,"column":12},"end":{"line":113,"column":null}},"type":"if","locations":[{"start":{"line":111,"column":12},"end":{"line":113,"column":null}},{"start":{},"end":{}}]},"18":{"loc":{"start":{"line":111,"column":16},"end":{"line":111,"column":111}},"type":"binary-expr","locations":[{"start":{"line":111,"column":16},"end":{"line":111,"column":34}},{"start":{"line":111,"column":34},"end":{"line":111,"column":111}}]}},"s":{"0":0,"1":0,"2":0,"3":0,"4":0,"5":0,"6":0,"7":0,"8":0,"9":0,"10":0,"11":0,"12":0,"13":0,"14":0,"15":0,"16":0,"17":0,"18":0,"19":0,"20":0,"21":0,"22":0,"23":0,"24":0,"25":0,"26":0,"27":0,"28":0,"29":0,"30":0,"31":0,"32":0,"33":0,"34":0,"35":0,"36":0,"37":0,"38":0,"39":0,"40":0,"41":0,"42":0,"43":0,"44":0,"45":0,"46":0,"47":0},"f":{"0":0,"1":0,"2":0,"3":0,"4":0,"5":0,"6":0,"7":0},"b":{"0":[0,0],"1":[0,0],"2":[0,0],"3":[0,0],"4":[0,0],"5":[0,0],"6":[0,0],"7":[0,0],"8":[0,0],"9":[0,0],"10":[0,0],"11":[0,0],"12":[0,0],"13":[0,0],"14":[0,0],"15":[0,0],"16":[0,0],"17":[0,0],"18":[0,0]}}
,"/Users/zhongjiafeng/Desktop/5000_Project/github/githubuniver/univer/packages/docs-thread-comment-ui/src/controllers/doc-thread-comment-ui.controller.ts": {"path":"/Users/zhongjiafeng/Desktop/5000_Project/github/githubuniver/univer/packages/docs-thread-comment-ui/src/controllers/doc-thread-comment-ui.controller.ts","statementMap":{"0":{"start":{"line":26,"column":7},"end":{"line":61,"column":null}},"1":{"start":{"line":32,"column":8},"end":{"line":32,"column":null}},"2":{"start":{"line":28,"column":42},"end":{"line":28,"column":null}},"3":{"start":{"line":29,"column":46},"end":{"line":29,"column":null}},"4":{"start":{"line":30,"column":51},"end":{"line":30,"column":null}},"5":{"start":{"line":33,"column":8},"end":{"line":33,"column":null}},"6":{"start":{"line":34,"column":8},"end":{"line":34,"column":null}},"7":{"start":{"line":35,"column":8},"end":{"line":35,"column":null}},"8":{"start":{"line":39,"column":8},"end":{"line":47,"column":null}},"9":{"start":{"line":46,"column":12},"end":{"line":46,"column":null}},"10":{"start":{"line":51,"column":8},"end":{"line":51,"column":null}},"11":{"start":{"line":55,"column":8},"end":{"line":57,"column":null}},"12":{"start":{"line":56,"column":12},"end":{"line":56,"column":null}},"13":{"start":{"line":59,"column":8},"end":{"line":59,"column":null}},"14":{"start":{"line":26,"column":13},"end":{"line":26,"column":50}}},"fnMap":{"0":{"name":"(anonymous_3)","decl":{"start":{"line":27,"column":4},"end":{"line":27,"column":null}},"loc":{"start":{"line":31,"column":6},"end":{"line":36,"column":null}}},"1":{"name":"(anonymous_4)","decl":{"start":{"line":38,"column":12},"end":{"line":38,"column":28}},"loc":{"start":{"line":38,"column":28},"end":{"line":48,"column":null}}},"2":{"name":"(anonymous_5)","decl":{"start":{"line":45,"column":18},"end":{"line":45,"column":19}},"loc":{"start":{"line":45,"column":31},"end":{"line":47,"column":9}}},"3":{"name":"(anonymous_6)","decl":{"start":{"line":50,"column":12},"end":{"line":50,"column":25}},"loc":{"start":{"line":50,"column":25},"end":{"line":52,"column":null}}},"4":{"name":"(anonymous_7)","decl":{"start":{"line":54,"column":12},"end":{"line":54,"column":30}},"loc":{"start":{"line":54,"column":30},"end":{"line":60,"column":null}}},"5":{"name":"(anonymous_8)","decl":{"start":{"line":55,"column":40},"end":{"line":55,"column":41}},"loc":{"start":{"line":55,"column":50},"end":{"line":57,"column":9}}}},"branchMap":{},"s":{"0":0,"1":0,"2":0,"3":0,"4":0,"5":0,"6":0,"7":0,"8":0,"9":0,"10":0,"11":0,"12":0,"13":0,"14":0},"f":{"0":0,"1":0,"2":0,"3":0,"4":0,"5":0},"b":{}}
,"/Users/zhongjiafeng/Desktop/5000_Project/github/githubuniver/univer/packages/docs-thread-comment-ui/src/controllers/menu.schema.ts": {"path":"/Users/zhongjiafeng/Desktop/5000_Project/github/githubuniver/univer/packages/docs-thread-comment-ui/src/controllers/menu.schema.ts","statementMap":{"0":{"start":{"line":25,"column":42},"end":{"line":40,"column":null}}},"fnMap":{},"branchMap":{},"s":{"0":0},"f":{},"b":{}}
,"/Users/zhongjiafeng/Desktop/5000_Project/github/githubuniver/univer/packages/docs-thread-comment-ui/src/controllers/menu.ts": {"path":"/Users/zhongjiafeng/Desktop/5000_Project/github/githubuniver/univer/packages/docs-thread-comment-ui/src/controllers/menu.ts","statementMap":{"0":{"start":{"line":26,"column":39},"end":{"line":48,"column":null}},"1":{"start":{"line":27,"column":33},"end":{"line":27,"column":null}},"2":{"start":{"line":28,"column":39},"end":{"line":28,"column":null}},"3":{"start":{"line":29,"column":21},"end":{"line":34,"column":null}},"4":{"start":{"line":36,"column":21},"end":{"line":36,"column":null}},"5":{"start":{"line":37,"column":4},"end":{"line":39,"column":null}},"6":{"start":{"line":38,"column":8},"end":{"line":38,"column":null}},"7":{"start":{"line":41,"column":18},"end":{"line":41,"column":null}},"8":{"start":{"line":43,"column":4},"end":{"line":45,"column":null}},"9":{"start":{"line":44,"column":8},"end":{"line":44,"column":null}},"10":{"start":{"line":47,"column":4},"end":{"line":47,"column":null}},"11":{"start":{"line":51,"column":4},"end":{"line":68,"column":null}},"12":{"start":{"line":59,"column":41},"end":{"line":59,"column":null}},"13":{"start":{"line":60,"column":29},"end":{"line":62,"column":null}},"14":{"start":{"line":61,"column":16},"end":{"line":61,"column":null}},"15":{"start":{"line":64,"column":12},"end":{"line":66,"column":null}},"16":{"start":{"line":65,"column":16},"end":{"line":65,"column":null}},"17":{"start":{"line":72,"column":4},"end":{"line":79,"column":null}}},"fnMap":{"0":{"name":"(anonymous_0)","decl":{"start":{"line":26,"column":39},"end":{"line":26,"column":40}},"loc":{"start":{"line":26,"column":64},"end":{"line":48,"column":null}}},"1":{"name":"AddDocCommentMenuItemFactory","decl":{"start":{"line":50,"column":16},"end":{"line":50,"column":45}},"loc":{"start":{"line":50,"column":83},"end":{"line":69,"column":null}}},"2":{"name":"(anonymous_2)","decl":{"start":{"line":58,"column":34},"end":{"line":58,"column":44}},"loc":{"start":{"line":58,"column":55},"end":{"line":67,"column":9}}},"3":{"name":"(anonymous_3)","decl":{"start":{"line":60,"column":98},"end":{"line":60,"column":104}},"loc":{"start":{"line":60,"column":104},"end":{"line":62,"column":13}}},"4":{"name":"(anonymous_4)","decl":{"start":{"line":64,"column":19},"end":{"line":64,"column":25}},"loc":{"start":{"line":64,"column":25},"end":{"line":66,"column":null}}},"5":{"name":"ToolbarDocCommentMenuItemFactory","decl":{"start":{"line":71,"column":16},"end":{"line":71,"column":49}},"loc":{"start":{"line":71,"column":87},"end":{"line":80,"column":null}}}},"branchMap":{"0":{"loc":{"start":{"line":37,"column":4},"end":{"line":39,"column":null}},"type":"if","locations":[{"start":{"line":37,"column":4},"end":{"line":39,"column":null}},{"start":{},"end":{}}]},"1":{"loc":{"start":{"line":37,"column":8},"end":{"line":37,"column":86}},"type":"binary-expr","locations":[{"start":{"line":37,"column":8},"end":{"line":37,"column":48}},{"start":{"line":37,"column":48},"end":{"line":37,"column":86}}]},"2":{"loc":{"start":{"line":43,"column":4},"end":{"line":45,"column":null}},"type":"if","locations":[{"start":{"line":43,"column":4},"end":{"line":45,"column":null}},{"start":{},"end":{}}]},"3":{"loc":{"start":{"line":43,"column":8},"end":{"line":43,"column":42}},"type":"binary-expr","locations":[{"start":{"line":43,"column":8},"end":{"line":43,"column":25}},{"start":{"line":43,"column":25},"end":{"line":43,"column":42}}]}},"s":{"0":0,"1":0,"2":0,"3":0,"4":0,"5":0,"6":0,"7":0,"8":0,"9":0,"10":0,"11":0,"12":0,"13":0,"14":0,"15":0,"16":0,"17":0},"f":{"0":0,"1":0,"2":0,"3":0,"4":0,"5":0},"b":{"0":[0,0],"1":[0,0],"2":[0,0],"3":[0,0]}}
,"/Users/zhongjiafeng/Desktop/5000_Project/github/githubuniver/univer/packages/docs-thread-comment-ui/src/controllers/render-controllers/render.controller.ts": {"path":"/Users/zhongjiafeng/Desktop/5000_Project/github/githubuniver/univer/packages/docs-thread-comment-ui/src/controllers/render-controllers/render.controller.ts","statementMap":{"0":{"start":{"line":27,"column":7},"end":{"line":150,"column":null}},"1":{"start":{"line":37,"column":8},"end":{"line":37,"column":null}},"2":{"start":{"line":29,"column":25},"end":{"line":29,"column":null}},"3":{"start":{"line":30,"column":56},"end":{"line":30,"column":null}},"4":{"start":{"line":31,"column":60},"end":{"line":31,"column":null}},"5":{"start":{"line":32,"column":54},"end":{"line":32,"column":null}},"6":{"start":{"line":33,"column":49},"end":{"line":33,"column":null}},"7":{"start":{"line":34,"column":53},"end":{"line":34,"column":null}},"8":{"start":{"line":35,"column":42},"end":{"line":35,"column":null}},"9":{"start":{"line":39,"column":8},"end":{"line":39,"column":null}},"10":{"start":{"line":40,"column":8},"end":{"line":40,"column":null}},"11":{"start":{"line":41,"column":8},"end":{"line":41,"column":null}},"12":{"start":{"line":45,"column":8},"end":{"line":55,"column":null}},"13":{"start":{"line":46,"column":12},"end":{"line":49,"column":null}},"14":{"start":{"line":47,"column":16},"end":{"line":47,"column":null}},"15":{"start":{"line":48,"column":16},"end":{"line":48,"column":null}},"16":{"start":{"line":51,"column":27},"end":{"line":51,"column":null}},"17":{"start":{"line":52,"column":12},"end":{"line":54,"column":null}},"18":{"start":{"line":53,"column":16},"end":{"line":53,"column":null}},"19":{"start":{"line":57,"column":8},"end":{"line":61,"column":null}},"20":{"start":{"line":58,"column":12},"end":{"line":60,"column":null}},"21":{"start":{"line":59,"column":16},"end":{"line":59,"column":null}},"22":{"start":{"line":65,"column":8},"end":{"line":90,"column":null}},"23":{"start":{"line":67,"column":16},"end":{"line":69,"column":null}},"24":{"start":{"line":68,"column":20},"end":{"line":68,"column":null}},"25":{"start":{"line":70,"column":61},"end":{"line":70,"column":null}},"26":{"start":{"line":71,"column":38},"end":{"line":71,"column":null}},"27":{"start":{"line":72,"column":61},"end":{"line":72,"column":null}},"28":{"start":{"line":73,"column":47},"end":{"line":73,"column":null}},"29":{"start":{"line":73,"column":77},"end":{"line":73,"column":95}},"30":{"start":{"line":74,"column":32},"end":{"line":74,"column":null}},"31":{"start":{"line":75,"column":16},"end":{"line":80,"column":null}},"32":{"start":{"line":76,"column":20},"end":{"line":79,"column":null}},"33":{"start":{"line":82,"column":38},"end":{"line":82,"column":null}},"34":{"start":{"line":83,"column":33},"end":{"line":83,"column":null}},"35":{"start":{"line":84,"column":16},"end":{"line":88,"column":null}},"36":{"start":{"line":94,"column":23},"end":{"line":94,"column":null}},"37":{"start":{"line":95,"column":26},"end":{"line":95,"column":null}},"38":{"start":{"line":96,"column":26},"end":{"line":96,"column":null}},"39":{"start":{"line":96,"column":89},"end":{"line":96,"column":128}},"40":{"start":{"line":96,"column":141},"end":{"line":96,"column":145}},"41":{"start":{"line":97,"column":8},"end":{"line":102,"column":null}},"42":{"start":{"line":98,"column":28},"end":{"line":98,"column":null}},"43":{"start":{"line":99,"column":12},"end":{"line":101,"column":null}},"44":{"start":{"line":100,"column":16},"end":{"line":100,"column":null}},"45":{"start":{"line":103,"column":8},"end":{"line":103,"column":null}},"46":{"start":{"line":105,"column":38},"end":{"line":105,"column":null}},"47":{"start":{"line":106,"column":8},"end":{"line":148,"column":null}},"48":{"start":{"line":107,"column":12},"end":{"line":147,"column":null}},"49":{"start":{"line":108,"column":31},"end":{"line":108,"column":null}},"50":{"start":{"line":109,"column":16},"end":{"line":111,"column":null}},"51":{"start":{"line":110,"column":20},"end":{"line":110,"column":null}},"52":{"start":{"line":113,"column":41},"end":{"line":113,"column":null}},"53":{"start":{"line":113,"column":104},"end":{"line":113,"column":143}},"54":{"start":{"line":113,"column":156},"end":{"line":113,"column":160}},"55":{"start":{"line":114,"column":47},"end":{"line":114,"column":null}},"56":{"start":{"line":115,"column":16},"end":{"line":146,"column":null}},"57":{"start":{"line":116,"column":35},"end":{"line":116,"column":null}},"58":{"start":{"line":117,"column":39},"end":{"line":117,"column":null}},"59":{"start":{"line":118,"column":35},"end":{"line":118,"column":null}},"60":{"start":{"line":119,"column":38},"end":{"line":119,"column":null}},"61":{"start":{"line":121,"column":20},"end":{"line":125,"column":null}},"62":{"start":{"line":122,"column":24},"end":{"line":124,"column":null}},"63":{"start":{"line":123,"column":28},"end":{"line":123,"column":null}},"64":{"start":{"line":127,"column":20},"end":{"line":131,"column":null}},"65":{"start":{"line":128,"column":24},"end":{"line":130,"column":null}},"66":{"start":{"line":129,"column":28},"end":{"line":129,"column":null}},"67":{"start":{"line":133,"column":20},"end":{"line":133,"column":null}},"68":{"start":{"line":134,"column":20},"end":{"line":139,"column":null}},"69":{"start":{"line":135,"column":40},"end":{"line":135,"column":null}},"70":{"start":{"line":136,"column":24},"end":{"line":138,"column":null}},"71":{"start":{"line":137,"column":28},"end":{"line":137,"column":null}},"72":{"start":{"line":145,"column":20},"end":{"line":145,"column":null}},"73":{"start":{"line":27,"column":13},"end":{"line":27,"column":54}}},"fnMap":{"0":{"name":"(anonymous_3)","decl":{"start":{"line":28,"column":4},"end":{"line":28,"column":null}},"loc":{"start":{"line":36,"column":6},"end":{"line":42,"column":null}}},"1":{"name":"(anonymous_4)","decl":{"start":{"line":44,"column":12},"end":{"line":44,"column":28}},"loc":{"start":{"line":44,"column":28},"end":{"line":62,"column":null}}},"2":{"name":"(anonymous_5)","decl":{"start":{"line":45,"column":86},"end":{"line":45,"column":87}},"loc":{"start":{"line":45,"column":105},"end":{"line":55,"column":9}}},"3":{"name":"(anonymous_6)","decl":{"start":{"line":57,"column":77},"end":{"line":57,"column":78}},"loc":{"start":{"line":57,"column":89},"end":{"line":61,"column":9}}},"4":{"name":"(anonymous_7)","decl":{"start":{"line":64,"column":12},"end":{"line":64,"column":36}},"loc":{"start":{"line":64,"column":36},"end":{"line":91,"column":null}}},"5":{"name":"(anonymous_8)","decl":{"start":{"line":66,"column":21},"end":{"line":66,"column":22}},"loc":{"start":{"line":66,"column":42},"end":{"line":89,"column":null}}},"6":{"name":"(anonymous_9)","decl":{"start":{"line":73,"column":70},"end":{"line":73,"column":71}},"loc":{"start":{"line":73,"column":77},"end":{"line":73,"column":95}}},"7":{"name":"(anonymous_10)","decl":{"start":{"line":93,"column":12},"end":{"line":93,"column":32}},"loc":{"start":{"line":93,"column":32},"end":{"line":149,"column":null}}},"8":{"name":"(anonymous_11)","decl":{"start":{"line":96,"column":82},"end":{"line":96,"column":83}},"loc":{"start":{"line":96,"column":89},"end":{"line":96,"column":128}}},"9":{"name":"(anonymous_12)","decl":{"start":{"line":96,"column":134},"end":{"line":96,"column":135}},"loc":{"start":{"line":96,"column":141},"end":{"line":96,"column":145}}},"10":{"name":"(anonymous_13)","decl":{"start":{"line":97,"column":26},"end":{"line":97,"column":27}},"loc":{"start":{"line":97,"column":34},"end":{"line":102,"column":9}}},"11":{"name":"(anonymous_14)","decl":{"start":{"line":106,"column":66},"end":{"line":106,"column":67}},"loc":{"start":{"line":106,"column":83},"end":{"line":148,"column":9}}},"12":{"name":"(anonymous_15)","decl":{"start":{"line":113,"column":97},"end":{"line":113,"column":98}},"loc":{"start":{"line":113,"column":104},"end":{"line":113,"column":143}}},"13":{"name":"(anonymous_16)","decl":{"start":{"line":113,"column":149},"end":{"line":113,"column":150}},"loc":{"start":{"line":113,"column":156},"end":{"line":113,"column":160}}},"14":{"name":"(anonymous_17)","decl":{"start":{"line":121,"column":45},"end":{"line":121,"column":46}},"loc":{"start":{"line":121,"column":53},"end":{"line":125,"column":21}}},"15":{"name":"(anonymous_18)","decl":{"start":{"line":127,"column":42},"end":{"line":127,"column":43}},"loc":{"start":{"line":127,"column":50},"end":{"line":131,"column":21}}},"16":{"name":"(anonymous_19)","decl":{"start":{"line":134,"column":35},"end":{"line":134,"column":36}},"loc":{"start":{"line":134,"column":43},"end":{"line":139,"column":21}}}},"branchMap":{"0":{"loc":{"start":{"line":46,"column":12},"end":{"line":49,"column":null}},"type":"if","locations":[{"start":{"line":46,"column":12},"end":{"line":49,"column":null}},{"start":{},"end":{}}]},"1":{"loc":{"start":{"line":52,"column":12},"end":{"line":54,"column":null}},"type":"if","locations":[{"start":{"line":52,"column":12},"end":{"line":54,"column":null}},{"start":{},"end":{}}]},"2":{"loc":{"start":{"line":58,"column":12},"end":{"line":60,"column":null}},"type":"if","locations":[{"start":{"line":58,"column":12},"end":{"line":60,"column":null}},{"start":{},"end":{}}]},"3":{"loc":{"start":{"line":67,"column":16},"end":{"line":69,"column":null}},"type":"if","locations":[{"start":{"line":67,"column":16},"end":{"line":69,"column":null}},{"start":{},"end":{}}]},"4":{"loc":{"start":{"line":72,"column":61},"end":{"line":72,"column":null}},"type":"binary-expr","locations":[{"start":{"line":72,"column":61},"end":{"line":72,"column":78}},{"start":{"line":72,"column":78},"end":{"line":72,"column":null}}]},"5":{"loc":{"start":{"line":75,"column":16},"end":{"line":80,"column":null}},"type":"if","locations":[{"start":{"line":75,"column":16},"end":{"line":80,"column":null}},{"start":{},"end":{}}]},"6":{"loc":{"start":{"line":82,"column":38},"end":{"line":82,"column":null}},"type":"binary-expr","locations":[{"start":{"line":82,"column":38},"end":{"line":82,"column":64}},{"start":{"line":82,"column":64},"end":{"line":82,"column":110}},{"start":{"line":82,"column":110},"end":{"line":82,"column":null}}]},"7":{"loc":{"start":{"line":83,"column":33},"end":{"line":83,"column":null}},"type":"binary-expr","locations":[{"start":{"line":83,"column":33},"end":{"line":83,"column":61}},{"start":{"line":83,"column":61},"end":{"line":83,"column":null}}]},"8":{"loc":{"start":{"line":86,"column":28},"end":{"line":86,"column":null}},"type":"binary-expr","locations":[{"start":{"line":86,"column":28},"end":{"line":86,"column":40}},{"start":{"line":86,"column":40},"end":{"line":86,"column":null}}]},"9":{"loc":{"start":{"line":96,"column":26},"end":{"line":96,"column":null}},"type":"binary-expr","locations":[{"start":{"line":96,"column":26},"end":{"line":96,"column":150}},{"start":{"line":96,"column":150},"end":{"line":96,"column":null}}]},"10":{"loc":{"start":{"line":99,"column":12},"end":{"line":101,"column":null}},"type":"if","locations":[{"start":{"line":99,"column":12},"end":{"line":101,"column":null}},{"start":{},"end":{}}]},"11":{"loc":{"start":{"line":103,"column":8},"end":{"line":103,"column":null}},"type":"binary-expr","locations":[{"start":{"line":103,"column":8},"end":{"line":103,"column":28}},{"start":{"line":103,"column":28},"end":{"line":103,"column":null}}]},"12":{"loc":{"start":{"line":107,"column":12},"end":{"line":147,"column":null}},"type":"if","locations":[{"start":{"line":107,"column":12},"end":{"line":147,"column":null}},{"start":{},"end":{}}]},"13":{"loc":{"start":{"line":109,"column":16},"end":{"line":111,"column":null}},"type":"if","locations":[{"start":{"line":109,"column":16},"end":{"line":111,"column":null}},{"start":{},"end":{}}]},"14":{"loc":{"start":{"line":113,"column":41},"end":{"line":113,"column":null}},"type":"binary-expr","locations":[{"start":{"line":113,"column":41},"end":{"line":113,"column":165}},{"start":{"line":113,"column":165},"end":{"line":113,"column":null}}]},"15":{"loc":{"start":{"line":115,"column":16},"end":{"line":146,"column":null}},"type":"if","locations":[{"start":{"line":115,"column":16},"end":{"line":146,"column":null}},{"start":{},"end":{}}]},"16":{"loc":{"start":{"line":122,"column":24},"end":{"line":124,"column":null}},"type":"if","locations":[{"start":{"line":122,"column":24},"end":{"line":124,"column":null}},{"start":{},"end":{}}]},"17":{"loc":{"start":{"line":128,"column":24},"end":{"line":130,"column":null}},"type":"if","locations":[{"start":{"line":128,"column":24},"end":{"line":130,"column":null}},{"start":{},"end":{}}]},"18":{"loc":{"start":{"line":136,"column":24},"end":{"line":138,"column":null}},"type":"if","locations":[{"start":{"line":136,"column":24},"end":{"line":138,"column":null}},{"start":{},"end":{}}]}},"s":{"0":0,"1":0,"2":0,"3":0,"4":0,"5":0,"6":0,"7":0,"8":0,"9":0,"10":0,"11":0,"12":0,"13":0,"14":0,"15":0,"16":0,"17":0,"18":0,"19":0,"20":0,"21":0,"22":0,"23":0,"24":0,"25":0,"26":0,"27":0,"28":0,"29":0,"30":0,"31":0,"32":0,"33":0,"34":0,"35":0,"36":0,"37":0,"38":0,"39":0,"40":0,"41":0,"42":0,"43":0,"44":0,"45":0,"46":0,"47":0,"48":0,"49":0,"50":0,"51":0,"52":0,"53":0,"54":0,"55":0,"56":0,"57":0,"58":0,"59":0,"60":0,"61":0,"62":0,"63":0,"64":0,"65":0,"66":0,"67":0,"68":0,"69":0,"70":0,"71":0,"72":0,"73":0},"f":{"0":0,"1":0,"2":0,"3":0,"4":0,"5":0,"6":0,"7":0,"8":0,"9":0,"10":0,"11":0,"12":0,"13":0,"14":0,"15":0,"16":0},"b":{"0":[0,0],"1":[0,0],"2":[0,0],"3":[0,0],"4":[0,0],"5":[0,0],"6":[0,0,0],"7":[0,0],"8":[0,0],"9":[0,0],"10":[0,0],"11":[0,0],"12":[0,0],"13":[0,0],"14":[0,0],"15":[0,0],"16":[0,0],"17":[0,0],"18":[0,0]}}
,"/Users/zhongjiafeng/Desktop/5000_Project/github/githubuniver/univer/packages/docs-thread-comment-ui/src/services/doc-thread-comment.service.ts": {"path":"/Users/zhongjiafeng/Desktop/5000_Project/github/githubuniver/univer/packages/docs-thread-comment-ui/src/services/doc-thread-comment.service.ts","statementMap":{"0":{"start":{"line":24,"column":7},"end":{"line":50,"column":null}},"1":{"start":{"line":36,"column":8},"end":{"line":36,"column":null}},"2":{"start":{"line":33,"column":42},"end":{"line":33,"column":null}},"3":{"start":{"line":34,"column":60},"end":{"line":34,"column":null}},"4":{"start":{"line":38,"column":8},"end":{"line":40,"column":null}},"5":{"start":{"line":39,"column":12},"end":{"line":39,"column":null}},"6":{"start":{"line":25,"column":30},"end":{"line":25,"column":null}},"7":{"start":{"line":26,"column":30},"end":{"line":26,"column":null}},"8":{"start":{"line":29,"column":8},"end":{"line":29,"column":null}},"9":{"start":{"line":44,"column":8},"end":{"line":44,"column":null}},"10":{"start":{"line":48,"column":8},"end":{"line":48,"column":null}},"11":{"start":{"line":24,"column":13},"end":{"line":24,"column":45}}},"fnMap":{"0":{"name":"(anonymous_3)","decl":{"start":{"line":32,"column":4},"end":{"line":32,"column":null}},"loc":{"start":{"line":35,"column":6},"end":{"line":41,"column":null}}},"1":{"name":"(anonymous_4)","decl":{"start":{"line":38,"column":27},"end":{"line":38,"column":33}},"loc":{"start":{"line":38,"column":33},"end":{"line":40,"column":9}}},"2":{"name":"(anonymous_5)","decl":{"start":{"line":28,"column":4},"end":{"line":28,"column":8}},"loc":{"start":{"line":28,"column":24},"end":{"line":30,"column":null}}},"3":{"name":"(anonymous_6)","decl":{"start":{"line":43,"column":4},"end":{"line":43,"column":13}},"loc":{"start":{"line":43,"column":51},"end":{"line":45,"column":null}}},"4":{"name":"(anonymous_7)","decl":{"start":{"line":47,"column":4},"end":{"line":47,"column":13}},"loc":{"start":{"line":47,"column":13},"end":{"line":49,"column":null}}}},"branchMap":{},"s":{"0":0,"1":0,"2":0,"3":0,"4":0,"5":0,"6":0,"7":0,"8":0,"9":0,"10":0,"11":0},"f":{"0":0,"1":0,"2":0,"3":0,"4":0},"b":{}}
,"/Users/zhongjiafeng/Desktop/5000_Project/github/githubuniver/univer/packages/docs-thread-comment-ui/src/views/doc-thread-comment-panel/index.tsx": {"path":"/Users/zhongjiafeng/Desktop/5000_Project/github/githubuniver/univer/packages/docs-thread-comment-ui/src/views/doc-thread-comment-panel/index.tsx","statementMap":{"0":{"start":{"line":33,"column":37},"end":{"line":123,"column":null}},"1":{"start":{"line":34,"column":34},"end":{"line":34,"column":null}},"2":{"start":{"line":35,"column":21},"end":{"line":35,"column":null}},"3":{"start":{"line":36,"column":17},"end":{"line":36,"column":null}},"4":{"start":{"line":36,"column":31},"end":{"line":36,"column":195}},"5":{"start":{"line":36,"column":146},"end":{"line":36,"column":191}},"6":{"start":{"line":37,"column":16},"end":{"line":37,"column":null}},"7":{"start":{"line":38,"column":23},"end":{"line":38,"column":null}},"8":{"start":{"line":38,"column":37},"end":{"line":38,"column":104}},"9":{"start":{"line":38,"column":69},"end":{"line":38,"column":101}},"10":{"start":{"line":39,"column":39},"end":{"line":39,"column":null}},"11":{"start":{"line":40,"column":29},"end":{"line":43,"column":null}},"12":{"start":{"line":41,"column":14},"end":{"line":41,"column":null}},"13":{"start":{"line":44,"column":4},"end":{"line":44,"column":null}},"14":{"start":{"line":45,"column":27},"end":{"line":45,"column":null}},"15":{"start":{"line":46,"column":30},"end":{"line":46,"column":null}},"16":{"start":{"line":47,"column":24},"end":{"line":47,"column":null}},"17":{"start":{"line":48,"column":40},"end":{"line":48,"column":null}},"18":{"start":{"line":50,"column":4},"end":{"line":73,"column":null}},"19":{"start":{"line":51,"column":20},"end":{"line":51,"column":null}},"20":{"start":{"line":52,"column":29},"end":{"line":52,"column":null}},"21":{"start":{"line":53,"column":8},"end":{"line":57,"column":null}},"22":{"start":{"line":53,"column":47},"end":{"line":53,"column":51}},"23":{"start":{"line":54,"column":30},"end":{"line":54,"column":null}},"24":{"start":{"line":55,"column":12},"end":{"line":55,"column":null}},"25":{"start":{"line":56,"column":12},"end":{"line":56,"column":null}},"26":{"start":{"line":59,"column":24},"end":{"line":69,"column":null}},"27":{"start":{"line":60,"column":12},"end":{"line":68,"column":null}},"28":{"start":{"line":61,"column":28},"end":{"line":61,"column":null}},"29":{"start":{"line":62,"column":37},"end":{"line":62,"column":null}},"30":{"start":{"line":63,"column":16},"end":{"line":67,"column":null}},"31":{"start":{"line":63,"column":55},"end":{"line":63,"column":59}},"32":{"start":{"line":64,"column":38},"end":{"line":64,"column":null}},"33":{"start":{"line":65,"column":20},"end":{"line":65,"column":null}},"34":{"start":{"line":66,"column":20},"end":{"line":66,"column":null}},"35":{"start":{"line":70,"column":8},"end":{"line":72,"column":null}},"36":{"start":{"line":71,"column":12},"end":{"line":71,"column":null}},"37":{"start":{"line":75,"column":4},"end":{"line":77,"column":null}},"38":{"start":{"line":76,"column":8},"end":{"line":76,"column":null}},"39":{"start":{"line":79,"column":31},"end":{"line":79,"column":null}},"40":{"start":{"line":81,"column":19},"end":{"line":81,"column":null}},"41":{"start":{"line":83,"column":4},"end":{"line":121,"column":null}},"42":{"start":{"line":89,"column":16},"end":{"line":89,"column":null}},"43":{"start":{"line":91,"column":34},"end":{"line":91,"column":null}},"44":{"start":{"line":96,"column":16},"end":{"line":105,"column":null}},"45":{"start":{"line":97,"column":58},"end":{"line":101,"column":null}},"46":{"start":{"line":102,"column":20},"end":{"line":102,"column":null}},"47":{"start":{"line":103,"column":20},"end":{"line":103,"column":null}},"48":{"start":{"line":104,"column":20},"end":{"line":104,"column":null}},"49":{"start":{"line":107,"column":16},"end":{"line":107,"column":null}},"50":{"start":{"line":110,"column":16},"end":{"line":117,"column":null}},"51":{"start":{"line":111,"column":61},"end":{"line":114,"column":null}},"52":{"start":{"line":115,"column":20},"end":{"line":115,"column":null}},"53":{"start":{"line":116,"column":20},"end":{"line":116,"column":null}},"54":{"start":{"line":118,"column":16},"end":{"line":118,"column":null}},"55":{"start":{"line":125,"column":0},"end":{"line":125,"column":null}}},"fnMap":{"0":{"name":"(anonymous_0)","decl":{"start":{"line":33,"column":37},"end":{"line":33,"column":43}},"loc":{"start":{"line":33,"column":43},"end":{"line":123,"column":null}}},"1":{"name":"(anonymous_1)","decl":{"start":{"line":36,"column":25},"end":{"line":36,"column":31}},"loc":{"start":{"line":36,"column":31},"end":{"line":36,"column":195}}},"2":{"name":"(anonymous_2)","decl":{"start":{"line":36,"column":137},"end":{"line":36,"column":138}},"loc":{"start":{"line":36,"column":146},"end":{"line":36,"column":191}}},"3":{"name":"(anonymous_3)","decl":{"start":{"line":38,"column":31},"end":{"line":38,"column":37}},"loc":{"start":{"line":38,"column":37},"end":{"line":38,"column":104}}},"4":{"name":"(anonymous_4)","decl":{"start":{"line":38,"column":60},"end":{"line":38,"column":61}},"loc":{"start":{"line":38,"column":69},"end":{"line":38,"column":101}}},"5":{"name":"(anonymous_5)","decl":{"start":{"line":41,"column":8},"end":{"line":41,"column":14}},"loc":{"start":{"line":41,"column":14},"end":{"line":41,"column":null}}},"6":{"name":"(anonymous_6)","decl":{"start":{"line":50,"column":14},"end":{"line":50,"column":20}},"loc":{"start":{"line":50,"column":20},"end":{"line":73,"column":7}}},"7":{"name":"(anonymous_7)","decl":{"start":{"line":53,"column":40},"end":{"line":53,"column":41}},"loc":{"start":{"line":53,"column":47},"end":{"line":53,"column":51}}},"8":{"name":"(anonymous_8)","decl":{"start":{"line":53,"column":60},"end":{"line":53,"column":61}},"loc":{"start":{"line":53,"column":67},"end":{"line":57,"column":9}}},"9":{"name":"(anonymous_9)","decl":{"start":{"line":59,"column":57},"end":{"line":59,"column":58}},"loc":{"start":{"line":59,"column":70},"end":{"line":69,"column":9}}},"10":{"name":"(anonymous_10)","decl":{"start":{"line":63,"column":48},"end":{"line":63,"column":49}},"loc":{"start":{"line":63,"column":55},"end":{"line":63,"column":59}}},"11":{"name":"(anonymous_11)","decl":{"start":{"line":63,"column":68},"end":{"line":63,"column":69}},"loc":{"start":{"line":63,"column":75},"end":{"line":67,"column":17}}},"12":{"name":"(anonymous_12)","decl":{"start":{"line":70,"column":15},"end":{"line":70,"column":21}},"loc":{"start":{"line":70,"column":21},"end":{"line":72,"column":null}}},"13":{"name":"(anonymous_13)","decl":{"start":{"line":88,"column":19},"end":{"line":88,"column":25}},"loc":{"start":{"line":88,"column":25},"end":{"line":90,"column":null}}},"14":{"name":"(anonymous_14)","decl":{"start":{"line":91,"column":28},"end":{"line":91,"column":34}},"loc":{"start":{"line":91,"column":34},"end":{"line":91,"column":null}}},"15":{"name":"(anonymous_15)","decl":{"start":{"line":94,"column":26},"end":{"line":94,"column":27}},"loc":{"start":{"line":94,"column":39},"end":{"line":108,"column":null}}},"16":{"name":"(anonymous_16)","decl":{"start":{"line":109,"column":29},"end":{"line":109,"column":30}},"loc":{"start":{"line":109,"column":42},"end":{"line":119,"column":null}}}},"branchMap":{"0":{"loc":{"start":{"line":36,"column":146},"end":{"line":36,"column":191}},"type":"binary-expr","locations":[{"start":{"line":36,"column":146},"end":{"line":36,"column":155}},{"start":{"line":36,"column":155},"end":{"line":36,"column":191}}]},"1":{"loc":{"start":{"line":53,"column":22},"end":{"line":57,"column":16}},"type":"binary-expr","locations":[{"start":{"line":53,"column":22},"end":{"line":57,"column":14}},{"start":{"line":57,"column":14},"end":{"line":57,"column":16}}]},"2":{"loc":{"start":{"line":60,"column":12},"end":{"line":68,"column":null}},"type":"if","locations":[{"start":{"line":60,"column":12},"end":{"line":68,"column":null}},{"start":{},"end":{}}]},"3":{"loc":{"start":{"line":63,"column":30},"end":{"line":67,"column":24}},"type":"binary-expr","locations":[{"start":{"line":63,"column":30},"end":{"line":67,"column":22}},{"start":{"line":67,"column":22},"end":{"line":67,"column":24}}]},"4":{"loc":{"start":{"line":75,"column":4},"end":{"line":77,"column":null}},"type":"if","locations":[{"start":{"line":75,"column":4},"end":{"line":77,"column":null}},{"start":{},"end":{}}]},"5":{"loc":{"start":{"line":96,"column":16},"end":{"line":105,"column":null}},"type":"if","locations":[{"start":{"line":96,"column":16},"end":{"line":105,"column":null}},{"start":{},"end":{}}]},"6":{"loc":{"start":{"line":110,"column":16},"end":{"line":117,"column":null}},"type":"if","locations":[{"start":{"line":110,"column":16},"end":{"line":117,"column":null}},{"start":{},"end":{}}]}},"s":{"0":0,"1":0,"2":0,"3":0,"4":0,"5":0,"6":0,"7":0,"8":0,"9":0,"10":0,"11":0,"12":0,"13":0,"14":0,"15":0,"16":0,"17":0,"18":0,"19":0,"20":0,"21":0,"22":0,"23":0,"24":0,"25":0,"26":0,"27":0,"28":0,"29":0,"30":0,"31":0,"32":0,"33":0,"34":0,"35":0,"36":0,"37":0,"38":0,"39":0,"40":0,"41":0,"42":0,"43":0,"44":0,"45":0,"46":0,"47":0,"48":0,"49":0,"50":0,"51":0,"52":0,"53":0,"54":0,"55":0},"f":{"0":0,"1":0,"2":0,"3":0,"4":0,"5":0,"6":0,"7":0,"8":0,"9":0,"10":0,"11":0,"12":0,"13":0,"14":0,"15":0,"16":0},"b":{"0":[0,0],"1":[0,0],"2":[0,0],"3":[0,0],"4":[0,0],"5":[0,0],"6":[0,0]}}
}
