{"/Users/zhongjiafeng/Desktop/5000_Project/github/githubuniver/univer/packages/docs-mention-ui/tailwind.config.ts": {"path":"/Users/zhongjiafeng/Desktop/5000_Project/github/githubuniver/univer/packages/docs-mention-ui/tailwind.config.ts","statementMap":{"0":{"start":{"line":20,"column":23},"end":{"line":25,"column":null}}},"fnMap":{},"branchMap":{},"s":{"0":0},"f":{},"b":{}}
,"/Users/zhongjiafeng/Desktop/5000_Project/github/githubuniver/univer/packages/docs-mention-ui/src/plugin.ts": {"path":"/Users/zhongjiafeng/Desktop/5000_Project/github/githubuniver/univer/packages/docs-mention-ui/src/plugin.ts","statementMap":{"0":{"start":{"line":27,"column":7},"end":{"line":67,"column":null}},"1":{"start":{"line":36,"column":8},"end":{"line":36,"column":null}},"2":{"start":{"line":32,"column":25},"end":{"line":32,"column":72}},"3":{"start":{"line":33,"column":45},"end":{"line":33,"column":null}},"4":{"start":{"line":34,"column":41},"end":{"line":34,"column":null}},"5":{"start":{"line":39,"column":34},"end":{"line":43,"column":null}},"6":{"start":{"line":44,"column":8},"end":{"line":46,"column":null}},"7":{"start":{"line":45,"column":12},"end":{"line":45,"column":null}},"8":{"start":{"line":47,"column":8},"end":{"line":47,"column":null}},"9":{"start":{"line":28,"column":33},"end":{"line":28,"column":null}},"10":{"start":{"line":29,"column":27},"end":{"line":29,"column":null}},"11":{"start":{"line":51,"column":9},"end":{"line":58,"column":null}},"12":{"start":{"line":57,"column":12},"end":{"line":57,"column":null}},"13":{"start":{"line":60,"column":8},"end":{"line":60,"column":null}},"14":{"start":{"line":64,"column":8},"end":{"line":64,"column":null}},"15":{"start":{"line":65,"column":8},"end":{"line":65,"column":null}},"16":{"start":{"line":27,"column":13},"end":{"line":27,"column":47}}},"fnMap":{"0":{"name":"(anonymous_3)","decl":{"start":{"line":31,"column":4},"end":{"line":31,"column":null}},"loc":{"start":{"line":35,"column":6},"end":{"line":48,"column":null}}},"1":{"name":"(anonymous_4)","decl":{"start":{"line":50,"column":13},"end":{"line":50,"column":32}},"loc":{"start":{"line":50,"column":32},"end":{"line":61,"column":null}}},"2":{"name":"(anonymous_5)","decl":{"start":{"line":56,"column":35},"end":{"line":56,"column":36}},"loc":{"start":{"line":56,"column":44},"end":{"line":58,"column":9}}},"3":{"name":"(anonymous_6)","decl":{"start":{"line":63,"column":13},"end":{"line":63,"column":32}},"loc":{"start":{"line":63,"column":32},"end":{"line":66,"column":null}}}},"branchMap":{"0":{"loc":{"start":{"line":32,"column":25},"end":{"line":32,"column":null}},"type":"default-arg","locations":[{"start":{"line":32,"column":72},"end":{"line":32,"column":null}}]},"1":{"loc":{"start":{"line":44,"column":8},"end":{"line":46,"column":null}},"type":"if","locations":[{"start":{"line":44,"column":8},"end":{"line":46,"column":null}},{"start":{},"end":{}}]}},"s":{"0":0,"1":0,"2":0,"3":0,"4":0,"5":0,"6":0,"7":0,"8":0,"9":0,"10":0,"11":0,"12":0,"13":0,"14":0,"15":0,"16":0},"f":{"0":0,"1":0,"2":0,"3":0},"b":{"0":[0],"1":[0,0]}}
,"/Users/zhongjiafeng/Desktop/5000_Project/github/githubuniver/univer/packages/docs-mention-ui/src/commands/commands/doc-mention.command.ts": {"path":"/Users/zhongjiafeng/Desktop/5000_Project/github/githubuniver/univer/packages/docs-mention-ui/src/commands/commands/doc-mention.command.ts","statementMap":{"0":{"start":{"line":27,"column":75},"end":{"line":79,"column":null}},"1":{"start":{"line":31,"column":8},"end":{"line":33,"column":null}},"2":{"start":{"line":32,"column":12},"end":{"line":32,"column":null}},"3":{"start":{"line":35,"column":48},"end":{"line":35,"column":null}},"4":{"start":{"line":36,"column":31},"end":{"line":36,"column":null}},"5":{"start":{"line":37,"column":43},"end":{"line":37,"column":null}},"6":{"start":{"line":38,"column":28},"end":{"line":38,"column":null}},"7":{"start":{"line":39,"column":8},"end":{"line":41,"column":null}},"8":{"start":{"line":40,"column":12},"end":{"line":40,"column":null}},"9":{"start":{"line":43,"column":47},"end":{"line":43,"column":null}},"10":{"start":{"line":44,"column":27},"end":{"line":44,"column":null}},"11":{"start":{"line":45,"column":36},"end":{"line":58,"column":null}},"12":{"start":{"line":60,"column":27},"end":{"line":71,"column":null}},"13":{"start":{"line":73,"column":8},"end":{"line":75,"column":null}},"14":{"start":{"line":74,"column":12},"end":{"line":74,"column":null}},"15":{"start":{"line":77,"column":8},"end":{"line":77,"column":null}},"16":{"start":{"line":86,"column":81},"end":{"line":103,"column":null}},"17":{"start":{"line":90,"column":8},"end":{"line":92,"column":null}},"18":{"start":{"line":91,"column":12},"end":{"line":91,"column":null}},"19":{"start":{"line":93,"column":38},"end":{"line":93,"column":null}},"20":{"start":{"line":94,"column":31},"end":{"line":94,"column":null}},"21":{"start":{"line":96,"column":27},"end":{"line":96,"column":null}},"22":{"start":{"line":97,"column":8},"end":{"line":99,"column":null}},"23":{"start":{"line":98,"column":12},"end":{"line":98,"column":null}},"24":{"start":{"line":101,"column":8},"end":{"line":101,"column":null}}},"fnMap":{"0":{"name":"(anonymous_0)","decl":{"start":{"line":30,"column":13},"end":{"line":30,"column":20}},"loc":{"start":{"line":30,"column":41},"end":{"line":78,"column":null}}},"1":{"name":"(anonymous_1)","decl":{"start":{"line":89,"column":4},"end":{"line":89,"column":10}},"loc":{"start":{"line":89,"column":36},"end":{"line":102,"column":null}}}},"branchMap":{"0":{"loc":{"start":{"line":31,"column":8},"end":{"line":33,"column":null}},"type":"if","locations":[{"start":{"line":31,"column":8},"end":{"line":33,"column":null}},{"start":{},"end":{}}]},"1":{"loc":{"start":{"line":39,"column":8},"end":{"line":41,"column":null}},"type":"if","locations":[{"start":{"line":39,"column":8},"end":{"line":41,"column":null}},{"start":{},"end":{}}]},"2":{"loc":{"start":{"line":73,"column":8},"end":{"line":75,"column":null}},"type":"if","locations":[{"start":{"line":73,"column":8},"end":{"line":75,"column":null}},{"start":{},"end":{}}]},"3":{"loc":{"start":{"line":90,"column":8},"end":{"line":92,"column":null}},"type":"if","locations":[{"start":{"line":90,"column":8},"end":{"line":92,"column":null}},{"start":{},"end":{}}]},"4":{"loc":{"start":{"line":97,"column":8},"end":{"line":99,"column":null}},"type":"if","locations":[{"start":{"line":97,"column":8},"end":{"line":99,"column":null}},{"start":{},"end":{}}]}},"s":{"0":0,"1":0,"2":0,"3":0,"4":0,"5":0,"6":0,"7":0,"8":0,"9":0,"10":0,"11":0,"12":0,"13":0,"14":0,"15":0,"16":0,"17":0,"18":0,"19":0,"20":0,"21":0,"22":0,"23":0,"24":0},"f":{"0":0,"1":0},"b":{"0":[0,0],"1":[0,0],"2":[0,0],"3":[0,0],"4":[0,0]}}
,"/Users/zhongjiafeng/Desktop/5000_Project/github/githubuniver/univer/packages/docs-mention-ui/src/commands/operations/mention-popup.operation.ts": {"path":"/Users/zhongjiafeng/Desktop/5000_Project/github/githubuniver/univer/packages/docs-mention-ui/src/commands/operations/mention-popup.operation.ts","statementMap":{"0":{"start":{"line":26,"column":93},"end":{"line":32,"column":null}},"1":{"start":{"line":30,"column":8},"end":{"line":30,"column":null}},"2":{"start":{"line":34,"column":56},"end":{"line":40,"column":null}},"3":{"start":{"line":38,"column":8},"end":{"line":38,"column":null}},"4":{"start":{"line":47,"column":93},"end":{"line":58,"column":null}},"5":{"start":{"line":51,"column":8},"end":{"line":53,"column":null}},"6":{"start":{"line":52,"column":12},"end":{"line":52,"column":null}},"7":{"start":{"line":54,"column":34},"end":{"line":54,"column":null}},"8":{"start":{"line":55,"column":8},"end":{"line":55,"column":null}},"9":{"start":{"line":56,"column":8},"end":{"line":56,"column":null}},"10":{"start":{"line":60,"column":56},"end":{"line":68,"column":null}},"11":{"start":{"line":64,"column":34},"end":{"line":64,"column":null}},"12":{"start":{"line":65,"column":8},"end":{"line":65,"column":null}},"13":{"start":{"line":66,"column":8},"end":{"line":66,"column":null}}},"fnMap":{"0":{"name":"(anonymous_0)","decl":{"start":{"line":29,"column":4},"end":{"line":29,"column":12}},"loc":{"start":{"line":29,"column":30},"end":{"line":31,"column":null}}},"1":{"name":"(anonymous_1)","decl":{"start":{"line":37,"column":4},"end":{"line":37,"column":12}},"loc":{"start":{"line":37,"column":22},"end":{"line":39,"column":null}}},"2":{"name":"(anonymous_2)","decl":{"start":{"line":50,"column":4},"end":{"line":50,"column":12}},"loc":{"start":{"line":50,"column":30},"end":{"line":57,"column":null}}},"3":{"name":"(anonymous_3)","decl":{"start":{"line":63,"column":4},"end":{"line":63,"column":12}},"loc":{"start":{"line":63,"column":22},"end":{"line":67,"column":null}}}},"branchMap":{"0":{"loc":{"start":{"line":51,"column":8},"end":{"line":53,"column":null}},"type":"if","locations":[{"start":{"line":51,"column":8},"end":{"line":53,"column":null}},{"start":{},"end":{}}]}},"s":{"0":0,"1":0,"2":0,"3":0,"4":0,"5":0,"6":0,"7":0,"8":0,"9":0,"10":0,"11":0,"12":0,"13":0},"f":{"0":0,"1":0,"2":0,"3":0},"b":{"0":[0,0]}}
,"/Users/zhongjiafeng/Desktop/5000_Project/github/githubuniver/univer/packages/docs-mention-ui/src/controllers/config.schema.ts": {"path":"/Users/zhongjiafeng/Desktop/5000_Project/github/githubuniver/univer/packages/docs-mention-ui/src/controllers/config.schema.ts","statementMap":{"0":{"start":{"line":19,"column":49},"end":{"line":19,"column":null}},"1":{"start":{"line":21,"column":28},"end":{"line":21,"column":null}},"2":{"start":{"line":27,"column":63},"end":{"line":27,"column":null}}},"fnMap":{},"branchMap":{},"s":{"0":0,"1":0,"2":0},"f":{},"b":{}}
,"/Users/zhongjiafeng/Desktop/5000_Project/github/githubuniver/univer/packages/docs-mention-ui/src/controllers/doc-mention-trigger.controller.ts": {"path":"/Users/zhongjiafeng/Desktop/5000_Project/github/githubuniver/univer/packages/docs-mention-ui/src/controllers/doc-mention-trigger.controller.ts","statementMap":{"0":{"start":{"line":25,"column":7},"end":{"line":69,"column":null}},"1":{"start":{"line":32,"column":8},"end":{"line":32,"column":null}},"2":{"start":{"line":27,"column":42},"end":{"line":27,"column":null}},"3":{"start":{"line":28,"column":52},"end":{"line":28,"column":null}},"4":{"start":{"line":29,"column":61},"end":{"line":29,"column":null}},"5":{"start":{"line":30,"column":57},"end":{"line":30,"column":null}},"6":{"start":{"line":34,"column":8},"end":{"line":34,"column":null}},"7":{"start":{"line":38,"column":8},"end":{"line":67,"column":null}},"8":{"start":{"line":40,"column":16},"end":{"line":51,"column":null}},"9":{"start":{"line":41,"column":35},"end":{"line":41,"column":null}},"10":{"start":{"line":42,"column":40},"end":{"line":42,"column":null}},"11":{"start":{"line":43,"column":20},"end":{"line":50,"column":null}},"12":{"start":{"line":44,"column":24},"end":{"line":49,"column":null}},"13":{"start":{"line":45,"column":28},"end":{"line":48,"column":null}},"14":{"start":{"line":53,"column":16},"end":{"line":55,"column":null}},"15":{"start":{"line":54,"column":20},"end":{"line":54,"column":null}},"16":{"start":{"line":57,"column":16},"end":{"line":65,"column":null}},"17":{"start":{"line":58,"column":20},"end":{"line":60,"column":null}},"18":{"start":{"line":59,"column":24},"end":{"line":59,"column":null}},"19":{"start":{"line":61,"column":40},"end":{"line":61,"column":null}},"20":{"start":{"line":62,"column":20},"end":{"line":64,"column":null}},"21":{"start":{"line":63,"column":24},"end":{"line":63,"column":null}},"22":{"start":{"line":25,"column":13},"end":{"line":25,"column":49}}},"fnMap":{"0":{"name":"(anonymous_3)","decl":{"start":{"line":26,"column":4},"end":{"line":26,"column":null}},"loc":{"start":{"line":31,"column":6},"end":{"line":35,"column":null}}},"1":{"name":"(anonymous_4)","decl":{"start":{"line":37,"column":12},"end":{"line":37,"column":27}},"loc":{"start":{"line":37,"column":27},"end":{"line":68,"column":null}}},"2":{"name":"(anonymous_5)","decl":{"start":{"line":39,"column":51},"end":{"line":39,"column":52}},"loc":{"start":{"line":39,"column":68},"end":{"line":66,"column":13}}},"3":{"name":"(anonymous_6)","decl":{"start":{"line":44,"column":35},"end":{"line":44,"column":41}},"loc":{"start":{"line":44,"column":41},"end":{"line":49,"column":27}}}},"branchMap":{"0":{"loc":{"start":{"line":40,"column":16},"end":{"line":51,"column":null}},"type":"if","locations":[{"start":{"line":40,"column":16},"end":{"line":51,"column":null}},{"start":{},"end":{}}]},"1":{"loc":{"start":{"line":43,"column":20},"end":{"line":50,"column":null}},"type":"if","locations":[{"start":{"line":43,"column":20},"end":{"line":50,"column":null}},{"start":{},"end":{}}]},"2":{"loc":{"start":{"line":43,"column":24},"end":{"line":43,"column":123}},"type":"binary-expr","locations":[{"start":{"line":43,"column":24},"end":{"line":43,"column":58}},{"start":{"line":43,"column":58},"end":{"line":43,"column":73}},{"start":{"line":43,"column":73},"end":{"line":43,"column":123}}]},"3":{"loc":{"start":{"line":53,"column":16},"end":{"line":55,"column":null}},"type":"if","locations":[{"start":{"line":53,"column":16},"end":{"line":55,"column":null}},{"start":{},"end":{}}]},"4":{"loc":{"start":{"line":57,"column":16},"end":{"line":65,"column":null}},"type":"if","locations":[{"start":{"line":57,"column":16},"end":{"line":65,"column":null}},{"start":{},"end":{}}]},"5":{"loc":{"start":{"line":58,"column":20},"end":{"line":60,"column":null}},"type":"if","locations":[{"start":{"line":58,"column":20},"end":{"line":60,"column":null}},{"start":{},"end":{}}]},"6":{"loc":{"start":{"line":62,"column":20},"end":{"line":64,"column":null}},"type":"if","locations":[{"start":{"line":62,"column":20},"end":{"line":64,"column":null}},{"start":{},"end":{}}]},"7":{"loc":{"start":{"line":62,"column":24},"end":{"line":62,"column":111}},"type":"binary-expr","locations":[{"start":{"line":62,"column":24},"end":{"line":62,"column":39}},{"start":{"line":62,"column":39},"end":{"line":62,"column":111}}]}},"s":{"0":0,"1":0,"2":0,"3":0,"4":0,"5":0,"6":0,"7":0,"8":0,"9":0,"10":0,"11":0,"12":0,"13":0,"14":0,"15":0,"16":0,"17":0,"18":0,"19":0,"20":0,"21":0,"22":0},"f":{"0":0,"1":0,"2":0,"3":0},"b":{"0":[0,0],"1":[0,0],"2":[0,0,0],"3":[0,0],"4":[0,0],"5":[0,0],"6":[0,0],"7":[0,0]}}
,"/Users/zhongjiafeng/Desktop/5000_Project/github/githubuniver/univer/packages/docs-mention-ui/src/controllers/doc-mention-ui.controller.ts": {"path":"/Users/zhongjiafeng/Desktop/5000_Project/github/githubuniver/univer/packages/docs-mention-ui/src/controllers/doc-mention-ui.controller.ts","statementMap":{"0":{"start":{"line":23,"column":7},"end":{"line":54,"column":null}},"1":{"start":{"line":28,"column":8},"end":{"line":28,"column":null}},"2":{"start":{"line":25,"column":42},"end":{"line":25,"column":null}},"3":{"start":{"line":26,"column":51},"end":{"line":26,"column":null}},"4":{"start":{"line":30,"column":8},"end":{"line":30,"column":null}},"5":{"start":{"line":31,"column":8},"end":{"line":31,"column":null}},"6":{"start":{"line":35,"column":8},"end":{"line":44,"column":null}},"7":{"start":{"line":43,"column":12},"end":{"line":43,"column":null}},"8":{"start":{"line":48,"column":27},"end":{"line":48,"column":null}},"9":{"start":{"line":50,"column":8},"end":{"line":52,"column":null}},"10":{"start":{"line":51,"column":12},"end":{"line":51,"column":null}},"11":{"start":{"line":23,"column":13},"end":{"line":23,"column":44}}},"fnMap":{"0":{"name":"(anonymous_3)","decl":{"start":{"line":24,"column":4},"end":{"line":24,"column":null}},"loc":{"start":{"line":27,"column":6},"end":{"line":32,"column":null}}},"1":{"name":"(anonymous_4)","decl":{"start":{"line":34,"column":12},"end":{"line":34,"column":28}},"loc":{"start":{"line":34,"column":28},"end":{"line":45,"column":null}}},"2":{"name":"(anonymous_5)","decl":{"start":{"line":42,"column":18},"end":{"line":42,"column":19}},"loc":{"start":{"line":42,"column":33},"end":{"line":44,"column":9}}},"3":{"name":"(anonymous_6)","decl":{"start":{"line":47,"column":12},"end":{"line":47,"column":30}},"loc":{"start":{"line":47,"column":30},"end":{"line":53,"column":null}}},"4":{"name":"(anonymous_7)","decl":{"start":{"line":50,"column":27},"end":{"line":50,"column":28}},"loc":{"start":{"line":50,"column":44},"end":{"line":52,"column":9}}}},"branchMap":{},"s":{"0":0,"1":0,"2":0,"3":0,"4":0,"5":0,"6":0,"7":0,"8":0,"9":0,"10":0,"11":0},"f":{"0":0,"1":0,"2":0,"3":0,"4":0},"b":{}}
,"/Users/zhongjiafeng/Desktop/5000_Project/github/githubuniver/univer/packages/docs-mention-ui/src/services/doc-mention-popup.service.ts": {"path":"/Users/zhongjiafeng/Desktop/5000_Project/github/githubuniver/univer/packages/docs-mention-ui/src/services/doc-mention-popup.service.ts","statementMap":{"0":{"start":{"line":24,"column":7},"end":{"line":82,"column":null}},"1":{"start":{"line":41,"column":8},"end":{"line":41,"column":null}},"2":{"start":{"line":38,"column":61},"end":{"line":38,"column":null}},"3":{"start":{"line":39,"column":52},"end":{"line":39,"column":null}},"4":{"start":{"line":43,"column":8},"end":{"line":49,"column":null}},"5":{"start":{"line":44,"column":12},"end":{"line":48,"column":null}},"6":{"start":{"line":45,"column":16},"end":{"line":45,"column":null}},"7":{"start":{"line":47,"column":16},"end":{"line":47,"column":null}},"8":{"start":{"line":25,"column":35},"end":{"line":25,"column":null}},"9":{"start":{"line":26,"column":26},"end":{"line":26,"column":null}},"10":{"start":{"line":28,"column":8},"end":{"line":28,"column":null}},"11":{"start":{"line":31,"column":35},"end":{"line":31,"column":null}},"12":{"start":{"line":32,"column":26},"end":{"line":32,"column":null}},"13":{"start":{"line":34,"column":8},"end":{"line":34,"column":null}},"14":{"start":{"line":57,"column":8},"end":{"line":57,"column":null}},"15":{"start":{"line":58,"column":24},"end":{"line":68,"column":null}},"16":{"start":{"line":63,"column":20},"end":{"line":63,"column":null}},"17":{"start":{"line":69,"column":8},"end":{"line":69,"column":null}},"18":{"start":{"line":73,"column":8},"end":{"line":75,"column":null}},"19":{"start":{"line":74,"column":12},"end":{"line":74,"column":null}},"20":{"start":{"line":77,"column":8},"end":{"line":80,"column":null}},"21":{"start":{"line":78,"column":12},"end":{"line":78,"column":null}},"22":{"start":{"line":79,"column":12},"end":{"line":79,"column":null}},"23":{"start":{"line":24,"column":13},"end":{"line":24,"column":44}}},"fnMap":{"0":{"name":"(anonymous_3)","decl":{"start":{"line":37,"column":4},"end":{"line":37,"column":null}},"loc":{"start":{"line":40,"column":6},"end":{"line":50,"column":null}}},"1":{"name":"(anonymous_4)","decl":{"start":{"line":43,"column":70},"end":{"line":43,"column":71}},"loc":{"start":{"line":43,"column":83},"end":{"line":49,"column":9}}},"2":{"name":"(anonymous_5)","decl":{"start":{"line":27,"column":4},"end":{"line":27,"column":8}},"loc":{"start":{"line":27,"column":20},"end":{"line":29,"column":null}}},"3":{"name":"(anonymous_6)","decl":{"start":{"line":33,"column":4},"end":{"line":33,"column":8}},"loc":{"start":{"line":33,"column":20},"end":{"line":35,"column":null}}},"4":{"name":"(anonymous_7)","decl":{"start":{"line":52,"column":4},"end":{"line":52,"column":20}},"loc":{"start":{"line":52,"column":20},"end":{"line":52,"column":null}}},"5":{"name":"(anonymous_8)","decl":{"start":{"line":54,"column":4},"end":{"line":54,"column":21}},"loc":{"start":{"line":54,"column":21},"end":{"line":54,"column":null}}},"6":{"name":"(anonymous_9)","decl":{"start":{"line":56,"column":4},"end":{"line":56,"column":18}},"loc":{"start":{"line":56,"column":49},"end":{"line":70,"column":null}}},"7":{"name":"(anonymous_10)","decl":{"start":{"line":62,"column":32},"end":{"line":62,"column":38}},"loc":{"start":{"line":62,"column":38},"end":{"line":64,"column":null}}},"8":{"name":"(anonymous_11)","decl":{"start":{"line":72,"column":4},"end":{"line":72,"column":21}},"loc":{"start":{"line":72,"column":21},"end":{"line":81,"column":null}}}},"branchMap":{"0":{"loc":{"start":{"line":44,"column":12},"end":{"line":48,"column":null}},"type":"if","locations":[{"start":{"line":44,"column":12},"end":{"line":48,"column":null}},{"start":{"line":46,"column":19},"end":{"line":48,"column":null}}]},"1":{"loc":{"start":{"line":44,"column":16},"end":{"line":44,"column":59}},"type":"binary-expr","locations":[{"start":{"line":44,"column":16},"end":{"line":44,"column":41}},{"start":{"line":44,"column":41},"end":{"line":44,"column":59}}]},"2":{"loc":{"start":{"line":73,"column":8},"end":{"line":75,"column":null}},"type":"if","locations":[{"start":{"line":73,"column":8},"end":{"line":75,"column":null}},{"start":{},"end":{}}]},"3":{"loc":{"start":{"line":77,"column":8},"end":{"line":80,"column":null}},"type":"if","locations":[{"start":{"line":77,"column":8},"end":{"line":80,"column":null}},{"start":{},"end":{}}]}},"s":{"0":0,"1":0,"2":0,"3":0,"4":0,"5":0,"6":0,"7":0,"8":0,"9":0,"10":0,"11":0,"12":0,"13":0,"14":0,"15":0,"16":0,"17":0,"18":0,"19":0,"20":0,"21":0,"22":0,"23":0},"f":{"0":0,"1":0,"2":0,"3":0,"4":0,"5":0,"6":0,"7":0,"8":0},"b":{"0":[0,0],"1":[0,0],"2":[0,0],"3":[0,0]}}
,"/Users/zhongjiafeng/Desktop/5000_Project/github/githubuniver/univer/packages/docs-mention-ui/src/services/doc-mention.service.ts": {"path":"/Users/zhongjiafeng/Desktop/5000_Project/github/githubuniver/univer/packages/docs-mention-ui/src/services/doc-mention.service.ts","statementMap":{"0":{"start":{"line":22,"column":33},"end":{"line":22,"column":null}},"1":{"start":{"line":23,"column":24},"end":{"line":23,"column":null}},"2":{"start":{"line":26,"column":8},"end":{"line":26,"column":null}},"3":{"start":{"line":30,"column":8},"end":{"line":30,"column":null}},"4":{"start":{"line":32,"column":8},"end":{"line":34,"column":null}},"5":{"start":{"line":33,"column":12},"end":{"line":33,"column":null}},"6":{"start":{"line":38,"column":8},"end":{"line":38,"column":null}},"7":{"start":{"line":42,"column":8},"end":{"line":42,"column":null}}},"fnMap":{"0":{"name":"(anonymous_0)","decl":{"start":{"line":25,"column":4},"end":{"line":25,"column":8}},"loc":{"start":{"line":25,"column":18},"end":{"line":27,"column":null}}},"1":{"name":"(anonymous_1)","decl":{"start":{"line":29,"column":4},"end":{"line":29,"column":18}},"loc":{"start":{"line":29,"column":18},"end":{"line":35,"column":null}}},"2":{"name":"(anonymous_2)","decl":{"start":{"line":32,"column":27},"end":{"line":32,"column":33}},"loc":{"start":{"line":32,"column":33},"end":{"line":34,"column":9}}},"3":{"name":"(anonymous_3)","decl":{"start":{"line":37,"column":4},"end":{"line":37,"column":17}},"loc":{"start":{"line":37,"column":58},"end":{"line":39,"column":null}}},"4":{"name":"(anonymous_4)","decl":{"start":{"line":41,"column":4},"end":{"line":41,"column":17}},"loc":{"start":{"line":41,"column":17},"end":{"line":43,"column":null}}}},"branchMap":{},"s":{"0":0,"1":0,"2":0,"3":0,"4":0,"5":0,"6":0,"7":0},"f":{"0":0,"1":0,"2":0,"3":0,"4":0},"b":{}}
,"/Users/zhongjiafeng/Desktop/5000_Project/github/githubuniver/univer/packages/docs-mention-ui/src/types/const/const.ts": {"path":"/Users/zhongjiafeng/Desktop/5000_Project/github/githubuniver/univer/packages/docs-mention-ui/src/types/const/const.ts","statementMap":{"0":{"start":{"line":17,"column":37},"end":{"line":17,"column":null}}},"fnMap":{},"branchMap":{},"s":{"0":0},"f":{},"b":{}}
,"/Users/zhongjiafeng/Desktop/5000_Project/github/githubuniver/univer/packages/docs-mention-ui/src/views/mention-edit-popup/index.tsx": {"path":"/Users/zhongjiafeng/Desktop/5000_Project/github/githubuniver/univer/packages/docs-mention-ui/src/views/mention-edit-popup/index.tsx","statementMap":{"0":{"start":{"line":28,"column":32},"end":{"line":79,"column":null}},"1":{"start":{"line":29,"column":25},"end":{"line":29,"column":null}},"2":{"start":{"line":30,"column":27},"end":{"line":30,"column":null}},"3":{"start":{"line":31,"column":34},"end":{"line":31,"column":null}},"4":{"start":{"line":32,"column":22},"end":{"line":32,"column":null}},"5":{"start":{"line":33,"column":29},"end":{"line":33,"column":null}},"6":{"start":{"line":34,"column":26},"end":{"line":34,"column":null}},"7":{"start":{"line":35,"column":30},"end":{"line":35,"column":null}},"8":{"start":{"line":36,"column":33},"end":{"line":36,"column":null}},"9":{"start":{"line":37,"column":36},"end":{"line":37,"column":null}},"10":{"start":{"line":38,"column":27},"end":{"line":41,"column":null}},"11":{"start":{"line":39,"column":8},"end":{"line":41,"column":11}},"12":{"start":{"line":40,"column":34},"end":{"line":40,"column":72}},"13":{"start":{"line":43,"column":26},"end":{"line":43,"column":null}},"14":{"start":{"line":44,"column":19},"end":{"line":44,"column":null}},"15":{"start":{"line":46,"column":4},"end":{"line":53,"column":null}},"16":{"start":{"line":47,"column":8},"end":{"line":52,"column":null}},"17":{"start":{"line":48,"column":12},"end":{"line":51,"column":null}},"18":{"start":{"line":49,"column":28},"end":{"line":49,"column":null}},"19":{"start":{"line":50,"column":16},"end":{"line":50,"column":null}},"20":{"start":{"line":54,"column":4},"end":{"line":56,"column":null}},"21":{"start":{"line":55,"column":8},"end":{"line":55,"column":null}},"22":{"start":{"line":58,"column":4},"end":{"line":77,"column":null}},"23":{"start":{"line":62,"column":16},"end":{"line":62,"column":null}},"24":{"start":{"line":63,"column":16},"end":{"line":63,"column":null}},"25":{"start":{"line":67,"column":16},"end":{"line":74,"column":null}},"26":{"start":{"line":75,"column":16},"end":{"line":75,"column":null}},"27":{"start":{"line":81,"column":0},"end":{"line":81,"column":null}}},"fnMap":{"0":{"name":"(anonymous_0)","decl":{"start":{"line":28,"column":32},"end":{"line":28,"column":38}},"loc":{"start":{"line":28,"column":38},"end":{"line":79,"column":null}}},"1":{"name":"(anonymous_1)","decl":{"start":{"line":38,"column":35},"end":{"line":38,"column":null}},"loc":{"start":{"line":39,"column":8},"end":{"line":41,"column":11}}},"2":{"name":"(anonymous_2)","decl":{"start":{"line":40,"column":19},"end":{"line":40,"column":20}},"loc":{"start":{"line":40,"column":34},"end":{"line":40,"column":72}}},"3":{"name":"(anonymous_3)","decl":{"start":{"line":46,"column":14},"end":{"line":46,"column":20}},"loc":{"start":{"line":46,"column":20},"end":{"line":53,"column":7}}},"4":{"name":"(anonymous_4)","decl":{"start":{"line":47,"column":9},"end":{"line":47,"column":21}},"loc":{"start":{"line":47,"column":21},"end":{"line":52,"column":11}}},"5":{"name":"(anonymous_5)","decl":{"start":{"line":61,"column":21},"end":{"line":61,"column":27}},"loc":{"start":{"line":61,"column":27},"end":{"line":64,"column":null}}},"6":{"name":"(anonymous_6)","decl":{"start":{"line":66,"column":22},"end":{"line":66,"column":29}},"loc":{"start":{"line":66,"column":41},"end":{"line":76,"column":null}}}},"branchMap":{"0":{"loc":{"start":{"line":35,"column":30},"end":{"line":35,"column":null}},"type":"cond-expr","locations":[{"start":{"line":35,"column":42},"end":{"line":35,"column":111}},{"start":{"line":35,"column":111},"end":{"line":35,"column":null}}]},"1":{"loc":{"start":{"line":44,"column":19},"end":{"line":44,"column":null}},"type":"cond-expr","locations":[{"start":{"line":44,"column":31},"end":{"line":44,"column":140}},{"start":{"line":44,"column":140},"end":{"line":44,"column":null}}]},"2":{"loc":{"start":{"line":48,"column":12},"end":{"line":51,"column":null}},"type":"if","locations":[{"start":{"line":48,"column":12},"end":{"line":51,"column":null}},{"start":{},"end":{}}]},"3":{"loc":{"start":{"line":54,"column":4},"end":{"line":56,"column":null}},"type":"if","locations":[{"start":{"line":54,"column":4},"end":{"line":56,"column":null}},{"start":{},"end":{}}]}},"s":{"0":0,"1":0,"2":0,"3":0,"4":0,"5":0,"6":0,"7":0,"8":0,"9":0,"10":0,"11":0,"12":0,"13":0,"14":0,"15":0,"16":0,"17":0,"18":0,"19":0,"20":0,"21":0,"22":0,"23":0,"24":0,"25":0,"26":0,"27":0},"f":{"0":0,"1":0,"2":0,"3":0,"4":0,"5":0,"6":0},"b":{"0":[0,0],"1":[0,0],"2":[0,0],"3":[0,0]}}
,"/Users/zhongjiafeng/Desktop/5000_Project/github/githubuniver/univer/packages/docs-mention-ui/src/views/mention-list/index.tsx": {"path":"/Users/zhongjiafeng/Desktop/5000_Project/github/githubuniver/univer/packages/docs-mention-ui/src/views/mention-list/index.tsx","statementMap":{"0":{"start":{"line":30,"column":27},"end":{"line":59,"column":null}},"1":{"start":{"line":31,"column":62},"end":{"line":31,"column":null}},"2":{"start":{"line":32,"column":16},"end":{"line":32,"column":null}},"3":{"start":{"line":33,"column":36},"end":{"line":33,"column":null}},"4":{"start":{"line":34,"column":25},"end":{"line":36,"column":null}},"5":{"start":{"line":35,"column":8},"end":{"line":35,"column":null}},"6":{"start":{"line":38,"column":4},"end":{"line":57,"column":null}},"7":{"start":{"line":41,"column":16},"end":{"line":55,"column":null}},"8":{"start":{"line":44,"column":24},"end":{"line":53,"column":null}},"9":{"start":{"line":48,"column":43},"end":{"line":48,"column":null}},"10":{"start":{"line":49,"column":48},"end":{"line":49,"column":null}}},"fnMap":{"0":{"name":"(anonymous_0)","decl":{"start":{"line":30,"column":27},"end":{"line":30,"column":28}},"loc":{"start":{"line":30,"column":57},"end":{"line":59,"column":null}}},"1":{"name":"(anonymous_1)","decl":{"start":{"line":34,"column":25},"end":{"line":34,"column":26}},"loc":{"start":{"line":34,"column":45},"end":{"line":36,"column":null}}},"2":{"name":"(anonymous_2)","decl":{"start":{"line":40,"column":26},"end":{"line":40,"column":27}},"loc":{"start":{"line":41,"column":16},"end":{"line":55,"column":null}}},"3":{"name":"(anonymous_3)","decl":{"start":{"line":43,"column":47},"end":{"line":43,"column":48}},"loc":{"start":{"line":44,"column":24},"end":{"line":53,"column":null}}},"4":{"name":"(anonymous_4)","decl":{"start":{"line":48,"column":37},"end":{"line":48,"column":43}},"loc":{"start":{"line":48,"column":43},"end":{"line":48,"column":null}}},"5":{"name":"(anonymous_5)","decl":{"start":{"line":49,"column":42},"end":{"line":49,"column":48}},"loc":{"start":{"line":49,"column":48},"end":{"line":49,"column":null}}}},"branchMap":{"0":{"loc":{"start":{"line":33,"column":45},"end":{"line":33,"column":89}},"type":"binary-expr","locations":[{"start":{"line":33,"column":45},"end":{"line":33,"column":55}},{"start":{"line":33,"column":55},"end":{"line":33,"column":89}}]}},"s":{"0":0,"1":0,"2":0,"3":0,"4":0,"5":0,"6":0,"7":0,"8":0,"9":0,"10":0},"f":{"0":0,"1":0,"2":0,"3":0,"4":0,"5":0},"b":{"0":[0,0]}}
}
