{"/Users/zhongjiafeng/Desktop/5000_Project/github/githubuniver/univer/packages/docs-hyper-link-ui/tailwind.config.ts": {"path":"/Users/zhongjiafeng/Desktop/5000_Project/github/githubuniver/univer/packages/docs-hyper-link-ui/tailwind.config.ts","statementMap":{"0":{"start":{"line":20,"column":23},"end":{"line":25,"column":null}}},"fnMap":{},"branchMap":{},"s":{"0":0},"f":{},"b":{}}
,"/Users/zhongjiafeng/Desktop/5000_Project/github/githubuniver/univer/packages/docs-hyper-link-ui/src/plugin.ts": {"path":"/Users/zhongjiafeng/Desktop/5000_Project/github/githubuniver/univer/packages/docs-hyper-link-ui/src/plugin.ts","statementMap":{"0":{"start":{"line":31,"column":7},"end":{"line":84,"column":null}},"1":{"start":{"line":41,"column":8},"end":{"line":41,"column":null}},"2":{"start":{"line":36,"column":25},"end":{"line":36,"column":74}},"3":{"start":{"line":37,"column":45},"end":{"line":37,"column":null}},"4":{"start":{"line":38,"column":48},"end":{"line":38,"column":null}},"5":{"start":{"line":39,"column":41},"end":{"line":39,"column":null}},"6":{"start":{"line":44,"column":34},"end":{"line":48,"column":null}},"7":{"start":{"line":49,"column":8},"end":{"line":51,"column":null}},"8":{"start":{"line":50,"column":12},"end":{"line":50,"column":null}},"9":{"start":{"line":52,"column":8},"end":{"line":52,"column":null}},"10":{"start":{"line":56,"column":35},"end":{"line":60,"column":null}},"11":{"start":{"line":61,"column":8},"end":{"line":63,"column":null}},"12":{"start":{"line":62,"column":12},"end":{"line":62,"column":null}},"13":{"start":{"line":65,"column":8},"end":{"line":65,"column":null}},"14":{"start":{"line":69,"column":8},"end":{"line":69,"column":null}},"15":{"start":{"line":73,"column":8},"end":{"line":73,"column":null}},"16":{"start":{"line":77,"column":9},"end":{"line":82,"column":null}},"17":{"start":{"line":81,"column":12},"end":{"line":81,"column":null}},"18":{"start":{"line":32,"column":4},"end":{"line":32,"column":null}},"19":{"start":{"line":33,"column":4},"end":{"line":33,"column":null}},"20":{"start":{"line":31,"column":13},"end":{"line":31,"column":49}}},"fnMap":{"0":{"name":"(anonymous_5)","decl":{"start":{"line":35,"column":4},"end":{"line":35,"column":null}},"loc":{"start":{"line":40,"column":6},"end":{"line":53,"column":null}}},"1":{"name":"(anonymous_6)","decl":{"start":{"line":55,"column":13},"end":{"line":55,"column":32}},"loc":{"start":{"line":55,"column":32},"end":{"line":66,"column":null}}},"2":{"name":"(anonymous_7)","decl":{"start":{"line":61,"column":21},"end":{"line":61,"column":22}},"loc":{"start":{"line":61,"column":30},"end":{"line":63,"column":9}}},"3":{"name":"(anonymous_8)","decl":{"start":{"line":68,"column":13},"end":{"line":68,"column":29}},"loc":{"start":{"line":68,"column":29},"end":{"line":70,"column":null}}},"4":{"name":"(anonymous_9)","decl":{"start":{"line":72,"column":13},"end":{"line":72,"column":32}},"loc":{"start":{"line":72,"column":32},"end":{"line":74,"column":null}}},"5":{"name":"(anonymous_10)","decl":{"start":{"line":76,"column":12},"end":{"line":76,"column":32}},"loc":{"start":{"line":76,"column":32},"end":{"line":83,"column":null}}},"6":{"name":"(anonymous_11)","decl":{"start":{"line":80,"column":35},"end":{"line":80,"column":36}},"loc":{"start":{"line":80,"column":44},"end":{"line":82,"column":9}}}},"branchMap":{"0":{"loc":{"start":{"line":36,"column":25},"end":{"line":36,"column":null}},"type":"default-arg","locations":[{"start":{"line":36,"column":74},"end":{"line":36,"column":null}}]},"1":{"loc":{"start":{"line":49,"column":8},"end":{"line":51,"column":null}},"type":"if","locations":[{"start":{"line":49,"column":8},"end":{"line":51,"column":null}},{"start":{},"end":{}}]}},"s":{"0":0,"1":0,"2":0,"3":0,"4":0,"5":0,"6":0,"7":0,"8":0,"9":0,"10":0,"11":0,"12":0,"13":0,"14":0,"15":0,"16":0,"17":0,"18":0,"19":0,"20":0},"f":{"0":0,"1":0,"2":0,"3":0,"4":0,"5":0,"6":0},"b":{"0":[0],"1":[0,0]}}
,"/Users/zhongjiafeng/Desktop/5000_Project/github/githubuniver/univer/packages/docs-hyper-link-ui/src/commands/commands/add-link.command.ts": {"path":"/Users/zhongjiafeng/Desktop/5000_Project/github/githubuniver/univer/packages/docs-hyper-link-ui/src/commands/commands/add-link.command.ts","statementMap":{"0":{"start":{"line":27,"column":79},"end":{"line":57,"column":null}},"1":{"start":{"line":31,"column":8},"end":{"line":33,"column":null}},"2":{"start":{"line":32,"column":12},"end":{"line":32,"column":null}},"3":{"start":{"line":35,"column":48},"end":{"line":35,"column":null}},"4":{"start":{"line":36,"column":31},"end":{"line":36,"column":null}},"5":{"start":{"line":37,"column":19},"end":{"line":37,"column":null}},"6":{"start":{"line":38,"column":27},"end":{"line":49,"column":null}},"7":{"start":{"line":51,"column":8},"end":{"line":53,"column":null}},"8":{"start":{"line":52,"column":12},"end":{"line":52,"column":null}},"9":{"start":{"line":55,"column":8},"end":{"line":55,"column":null}}},"fnMap":{"0":{"name":"(anonymous_0)","decl":{"start":{"line":30,"column":4},"end":{"line":30,"column":10}},"loc":{"start":{"line":30,"column":36},"end":{"line":56,"column":null}}}},"branchMap":{"0":{"loc":{"start":{"line":31,"column":8},"end":{"line":33,"column":null}},"type":"if","locations":[{"start":{"line":31,"column":8},"end":{"line":33,"column":null}},{"start":{},"end":{}}]},"1":{"loc":{"start":{"line":51,"column":8},"end":{"line":53,"column":null}},"type":"if","locations":[{"start":{"line":51,"column":8},"end":{"line":53,"column":null}},{"start":{},"end":{}}]}},"s":{"0":0,"1":0,"2":0,"3":0,"4":0,"5":0,"6":0,"7":0,"8":0,"9":0},"f":{"0":0},"b":{"0":[0,0],"1":[0,0]}}
,"/Users/zhongjiafeng/Desktop/5000_Project/github/githubuniver/univer/packages/docs-hyper-link-ui/src/commands/commands/delete-link.command.ts": {"path":"/Users/zhongjiafeng/Desktop/5000_Project/github/githubuniver/univer/packages/docs-hyper-link-ui/src/commands/commands/delete-link.command.ts","statementMap":{"0":{"start":{"line":27,"column":86},"end":{"line":44,"column":null}},"1":{"start":{"line":31,"column":8},"end":{"line":33,"column":null}},"2":{"start":{"line":32,"column":12},"end":{"line":32,"column":null}},"3":{"start":{"line":34,"column":46},"end":{"line":34,"column":null}},"4":{"start":{"line":35,"column":31},"end":{"line":35,"column":null}},"5":{"start":{"line":37,"column":27},"end":{"line":37,"column":null}},"6":{"start":{"line":38,"column":8},"end":{"line":40,"column":null}},"7":{"start":{"line":39,"column":12},"end":{"line":39,"column":null}},"8":{"start":{"line":42,"column":8},"end":{"line":42,"column":null}}},"fnMap":{"0":{"name":"(anonymous_0)","decl":{"start":{"line":30,"column":4},"end":{"line":30,"column":10}},"loc":{"start":{"line":30,"column":36},"end":{"line":43,"column":null}}}},"branchMap":{"0":{"loc":{"start":{"line":31,"column":8},"end":{"line":33,"column":null}},"type":"if","locations":[{"start":{"line":31,"column":8},"end":{"line":33,"column":null}},{"start":{},"end":{}}]},"1":{"loc":{"start":{"line":38,"column":8},"end":{"line":40,"column":null}},"type":"if","locations":[{"start":{"line":38,"column":8},"end":{"line":40,"column":null}},{"start":{},"end":{}}]}},"s":{"0":0,"1":0,"2":0,"3":0,"4":0,"5":0,"6":0,"7":0,"8":0},"f":{"0":0},"b":{"0":[0,0],"1":[0,0]}}
,"/Users/zhongjiafeng/Desktop/5000_Project/github/githubuniver/univer/packages/docs-hyper-link-ui/src/commands/commands/update-link.command.ts": {"path":"/Users/zhongjiafeng/Desktop/5000_Project/github/githubuniver/univer/packages/docs-hyper-link-ui/src/commands/commands/update-link.command.ts","statementMap":{"0":{"start":{"line":29,"column":85},"end":{"line":81,"column":null}},"1":{"start":{"line":33,"column":8},"end":{"line":35,"column":null}},"2":{"start":{"line":34,"column":12},"end":{"line":34,"column":null}},"3":{"start":{"line":36,"column":55},"end":{"line":36,"column":null}},"4":{"start":{"line":37,"column":31},"end":{"line":37,"column":null}},"5":{"start":{"line":38,"column":38},"end":{"line":38,"column":null}},"6":{"start":{"line":39,"column":43},"end":{"line":39,"column":null}},"7":{"start":{"line":40,"column":33},"end":{"line":40,"column":null}},"8":{"start":{"line":41,"column":20},"end":{"line":41,"column":null}},"9":{"start":{"line":42,"column":8},"end":{"line":44,"column":null}},"10":{"start":{"line":43,"column":12},"end":{"line":43,"column":null}},"11":{"start":{"line":46,"column":24},"end":{"line":46,"column":null}},"12":{"start":{"line":47,"column":24},"end":{"line":47,"column":null}},"13":{"start":{"line":48,"column":8},"end":{"line":50,"column":null}},"14":{"start":{"line":49,"column":12},"end":{"line":49,"column":null}},"15":{"start":{"line":52,"column":33},"end":{"line":73,"column":null}},"16":{"start":{"line":75,"column":8},"end":{"line":77,"column":null}},"17":{"start":{"line":76,"column":12},"end":{"line":76,"column":null}},"18":{"start":{"line":79,"column":8},"end":{"line":79,"column":null}}},"fnMap":{"0":{"name":"(anonymous_0)","decl":{"start":{"line":32,"column":4},"end":{"line":32,"column":12}},"loc":{"start":{"line":32,"column":30},"end":{"line":80,"column":null}}}},"branchMap":{"0":{"loc":{"start":{"line":33,"column":8},"end":{"line":35,"column":null}},"type":"if","locations":[{"start":{"line":33,"column":8},"end":{"line":35,"column":null}},{"start":{},"end":{}}]},"1":{"loc":{"start":{"line":42,"column":8},"end":{"line":44,"column":null}},"type":"if","locations":[{"start":{"line":42,"column":8},"end":{"line":44,"column":null}},{"start":{},"end":{}}]},"2":{"loc":{"start":{"line":42,"column":12},"end":{"line":42,"column":39}},"type":"binary-expr","locations":[{"start":{"line":42,"column":12},"end":{"line":42,"column":33}},{"start":{"line":42,"column":33},"end":{"line":42,"column":39}}]},"3":{"loc":{"start":{"line":48,"column":8},"end":{"line":50,"column":null}},"type":"if","locations":[{"start":{"line":48,"column":8},"end":{"line":50,"column":null}},{"start":{},"end":{}}]},"4":{"loc":{"start":{"line":65,"column":26},"end":{"line":65,"column":null}},"type":"cond-expr","locations":[{"start":{"line":65,"column":36},"end":{"line":65,"column":48}},{"start":{"line":65,"column":48},"end":{"line":65,"column":null}}]},"5":{"loc":{"start":{"line":75,"column":8},"end":{"line":77,"column":null}},"type":"if","locations":[{"start":{"line":75,"column":8},"end":{"line":77,"column":null}},{"start":{},"end":{}}]}},"s":{"0":0,"1":0,"2":0,"3":0,"4":0,"5":0,"6":0,"7":0,"8":0,"9":0,"10":0,"11":0,"12":0,"13":0,"14":0,"15":0,"16":0,"17":0,"18":0},"f":{"0":0},"b":{"0":[0,0],"1":[0,0],"2":[0,0],"3":[0,0],"4":[0,0],"5":[0,0]}}
,"/Users/zhongjiafeng/Desktop/5000_Project/github/githubuniver/univer/packages/docs-hyper-link-ui/src/commands/operations/popup.operation.ts": {"path":"/Users/zhongjiafeng/Desktop/5000_Project/github/githubuniver/univer/packages/docs-hyper-link-ui/src/commands/operations/popup.operation.ts","statementMap":{"0":{"start":{"line":22,"column":36},"end":{"line":37,"column":null}},"1":{"start":{"line":23,"column":33},"end":{"line":23,"column":null}},"2":{"start":{"line":24,"column":34},"end":{"line":24,"column":null}},"3":{"start":{"line":25,"column":23},"end":{"line":25,"column":null}},"4":{"start":{"line":26,"column":4},"end":{"line":28,"column":null}},"5":{"start":{"line":27,"column":8},"end":{"line":27,"column":null}},"6":{"start":{"line":30,"column":24},"end":{"line":30,"column":null}},"7":{"start":{"line":31,"column":16},"end":{"line":31,"column":null}},"8":{"start":{"line":32,"column":4},"end":{"line":34,"column":null}},"9":{"start":{"line":33,"column":8},"end":{"line":33,"column":null}},"10":{"start":{"line":36,"column":4},"end":{"line":36,"column":null}},"11":{"start":{"line":50,"column":103},"end":{"line":68,"column":null}},"12":{"start":{"line":54,"column":25},"end":{"line":54,"column":null}},"13":{"start":{"line":55,"column":38},"end":{"line":55,"column":null}},"14":{"start":{"line":56,"column":8},"end":{"line":58,"column":null}},"15":{"start":{"line":57,"column":12},"end":{"line":57,"column":null}},"16":{"start":{"line":59,"column":33},"end":{"line":59,"column":null}},"17":{"start":{"line":60,"column":23},"end":{"line":60,"column":null}},"18":{"start":{"line":62,"column":8},"end":{"line":64,"column":null}},"19":{"start":{"line":63,"column":12},"end":{"line":63,"column":null}},"20":{"start":{"line":65,"column":8},"end":{"line":65,"column":null}},"21":{"start":{"line":66,"column":8},"end":{"line":66,"column":null}},"22":{"start":{"line":79,"column":105},"end":{"line":92,"column":null}},"23":{"start":{"line":83,"column":33},"end":{"line":83,"column":null}},"24":{"start":{"line":84,"column":8},"end":{"line":87,"column":null}},"25":{"start":{"line":85,"column":12},"end":{"line":85,"column":null}},"26":{"start":{"line":86,"column":12},"end":{"line":86,"column":null}},"27":{"start":{"line":89,"column":8},"end":{"line":89,"column":null}},"28":{"start":{"line":90,"column":8},"end":{"line":90,"column":null}},"29":{"start":{"line":94,"column":108},"end":{"line":112,"column":null}},"30":{"start":{"line":98,"column":8},"end":{"line":100,"column":null}},"31":{"start":{"line":99,"column":12},"end":{"line":99,"column":null}},"32":{"start":{"line":101,"column":46},"end":{"line":101,"column":null}},"33":{"start":{"line":102,"column":38},"end":{"line":102,"column":null}},"34":{"start":{"line":103,"column":20},"end":{"line":103,"column":null}},"35":{"start":{"line":104,"column":21},"end":{"line":104,"column":null}},"36":{"start":{"line":105,"column":21},"end":{"line":105,"column":null}},"37":{"start":{"line":105,"column":57},"end":{"line":105,"column":130}},"38":{"start":{"line":107,"column":8},"end":{"line":109,"column":null}},"39":{"start":{"line":108,"column":12},"end":{"line":108,"column":null}},"40":{"start":{"line":110,"column":8},"end":{"line":110,"column":null}}},"fnMap":{"0":{"name":"(anonymous_0)","decl":{"start":{"line":22,"column":36},"end":{"line":22,"column":37}},"loc":{"start":{"line":22,"column":61},"end":{"line":37,"column":null}}},"1":{"name":"(anonymous_1)","decl":{"start":{"line":53,"column":4},"end":{"line":53,"column":12}},"loc":{"start":{"line":53,"column":30},"end":{"line":67,"column":null}}},"2":{"name":"(anonymous_2)","decl":{"start":{"line":82,"column":4},"end":{"line":82,"column":12}},"loc":{"start":{"line":82,"column":30},"end":{"line":91,"column":null}}},"3":{"name":"(anonymous_3)","decl":{"start":{"line":97,"column":4},"end":{"line":97,"column":12}},"loc":{"start":{"line":97,"column":30},"end":{"line":111,"column":null}}},"4":{"name":"(anonymous_4)","decl":{"start":{"line":105,"column":46},"end":{"line":105,"column":47}},"loc":{"start":{"line":105,"column":57},"end":{"line":105,"column":130}}}},"branchMap":{"0":{"loc":{"start":{"line":26,"column":4},"end":{"line":28,"column":null}},"type":"if","locations":[{"start":{"line":26,"column":4},"end":{"line":28,"column":null}},{"start":{},"end":{}}]},"1":{"loc":{"start":{"line":32,"column":4},"end":{"line":34,"column":null}},"type":"if","locations":[{"start":{"line":32,"column":4},"end":{"line":34,"column":null}},{"start":{},"end":{}}]},"2":{"loc":{"start":{"line":32,"column":8},"end":{"line":32,"column":55}},"type":"binary-expr","locations":[{"start":{"line":32,"column":8},"end":{"line":32,"column":16}},{"start":{"line":32,"column":16},"end":{"line":32,"column":32}},{"start":{"line":32,"column":32},"end":{"line":32,"column":55}}]},"3":{"loc":{"start":{"line":56,"column":8},"end":{"line":58,"column":null}},"type":"if","locations":[{"start":{"line":56,"column":8},"end":{"line":58,"column":null}},{"start":{},"end":{}}]},"4":{"loc":{"start":{"line":56,"column":12},"end":{"line":56,"column":57}},"type":"binary-expr","locations":[{"start":{"line":56,"column":12},"end":{"line":56,"column":46}},{"start":{"line":56,"column":46},"end":{"line":56,"column":57}}]},"5":{"loc":{"start":{"line":60,"column":23},"end":{"line":60,"column":null}},"type":"binary-expr","locations":[{"start":{"line":60,"column":23},"end":{"line":60,"column":43}},{"start":{"line":60,"column":43},"end":{"line":60,"column":null}}]},"6":{"loc":{"start":{"line":62,"column":8},"end":{"line":64,"column":null}},"type":"if","locations":[{"start":{"line":62,"column":8},"end":{"line":64,"column":null}},{"start":{},"end":{}}]},"7":{"loc":{"start":{"line":84,"column":8},"end":{"line":87,"column":null}},"type":"if","locations":[{"start":{"line":84,"column":8},"end":{"line":87,"column":null}},{"start":{},"end":{}}]},"8":{"loc":{"start":{"line":98,"column":8},"end":{"line":100,"column":null}},"type":"if","locations":[{"start":{"line":98,"column":8},"end":{"line":100,"column":null}},{"start":{},"end":{}}]},"9":{"loc":{"start":{"line":105,"column":57},"end":{"line":105,"column":130}},"type":"binary-expr","locations":[{"start":{"line":105,"column":57},"end":{"line":105,"column":85}},{"start":{"line":105,"column":85},"end":{"line":105,"column":130}}]},"10":{"loc":{"start":{"line":107,"column":8},"end":{"line":109,"column":null}},"type":"if","locations":[{"start":{"line":107,"column":8},"end":{"line":109,"column":null}},{"start":{},"end":{}}]}},"s":{"0":0,"1":0,"2":0,"3":0,"4":0,"5":0,"6":0,"7":0,"8":0,"9":0,"10":0,"11":0,"12":0,"13":0,"14":0,"15":0,"16":0,"17":0,"18":0,"19":0,"20":0,"21":0,"22":0,"23":0,"24":0,"25":0,"26":0,"27":0,"28":0,"29":0,"30":0,"31":0,"32":0,"33":0,"34":0,"35":0,"36":0,"37":0,"38":0,"39":0,"40":0},"f":{"0":0,"1":0,"2":0,"3":0,"4":0},"b":{"0":[0,0],"1":[0,0],"2":[0,0,0],"3":[0,0],"4":[0,0],"5":[0,0],"6":[0,0],"7":[0,0],"8":[0,0],"9":[0,0],"10":[0,0]}}
,"/Users/zhongjiafeng/Desktop/5000_Project/github/githubuniver/univer/packages/docs-hyper-link-ui/src/controllers/config.schema.ts": {"path":"/Users/zhongjiafeng/Desktop/5000_Project/github/githubuniver/univer/packages/docs-hyper-link-ui/src/controllers/config.schema.ts","statementMap":{"0":{"start":{"line":19,"column":52},"end":{"line":19,"column":null}},"1":{"start":{"line":21,"column":28},"end":{"line":21,"column":null}},"2":{"start":{"line":27,"column":65},"end":{"line":27,"column":null}}},"fnMap":{},"branchMap":{},"s":{"0":0,"1":0,"2":0},"f":{},"b":{}}
,"/Users/zhongjiafeng/Desktop/5000_Project/github/githubuniver/univer/packages/docs-hyper-link-ui/src/controllers/doc-hyper-link-selection.controller.ts": {"path":"/Users/zhongjiafeng/Desktop/5000_Project/github/githubuniver/univer/packages/docs-hyper-link-ui/src/controllers/doc-hyper-link-selection.controller.ts","statementMap":{"0":{"start":{"line":23,"column":7},"end":{"line":69,"column":null}},"1":{"start":{"line":29,"column":8},"end":{"line":29,"column":null}},"2":{"start":{"line":25,"column":42},"end":{"line":25,"column":null}},"3":{"start":{"line":26,"column":49},"end":{"line":26,"column":null}},"4":{"start":{"line":27,"column":59},"end":{"line":27,"column":null}},"5":{"start":{"line":31,"column":8},"end":{"line":31,"column":null}},"6":{"start":{"line":35,"column":8},"end":{"line":67,"column":null}},"7":{"start":{"line":37,"column":16},"end":{"line":65,"column":null}},"8":{"start":{"line":38,"column":35},"end":{"line":38,"column":null}},"9":{"start":{"line":39,"column":58},"end":{"line":39,"column":null}},"10":{"start":{"line":41,"column":32},"end":{"line":41,"column":null}},"11":{"start":{"line":42,"column":36},"end":{"line":42,"column":null}},"12":{"start":{"line":43,"column":20},"end":{"line":61,"column":null}},"13":{"start":{"line":44,"column":83},"end":{"line":44,"column":null}},"14":{"start":{"line":45,"column":45},"end":{"line":45,"column":null}},"15":{"start":{"line":46,"column":24},"end":{"line":60,"column":null}},"16":{"start":{"line":48,"column":42},"end":{"line":48,"column":null}},"17":{"start":{"line":48,"column":78},"end":{"line":48,"column":143}},"18":{"start":{"line":49,"column":28},"end":{"line":53,"column":null}},"19":{"start":{"line":50,"column":52},"end":{"line":50,"column":null}},"20":{"start":{"line":51,"column":32},"end":{"line":51,"column":null}},"21":{"start":{"line":52,"column":32},"end":{"line":52,"column":null}},"22":{"start":{"line":56,"column":42},"end":{"line":56,"column":null}},"23":{"start":{"line":56,"column":72},"end":{"line":56,"column":140}},"24":{"start":{"line":57,"column":28},"end":{"line":59,"column":null}},"25":{"start":{"line":58,"column":32},"end":{"line":58,"column":null}},"26":{"start":{"line":63,"column":20},"end":{"line":63,"column":null}},"27":{"start":{"line":64,"column":20},"end":{"line":64,"column":null}},"28":{"start":{"line":23,"column":13},"end":{"line":23,"column":53}}},"fnMap":{"0":{"name":"(anonymous_3)","decl":{"start":{"line":24,"column":4},"end":{"line":24,"column":null}},"loc":{"start":{"line":28,"column":6},"end":{"line":32,"column":null}}},"1":{"name":"(anonymous_4)","decl":{"start":{"line":34,"column":12},"end":{"line":34,"column":35}},"loc":{"start":{"line":34,"column":35},"end":{"line":68,"column":null}}},"2":{"name":"(anonymous_5)","decl":{"start":{"line":36,"column":51},"end":{"line":36,"column":52}},"loc":{"start":{"line":36,"column":68},"end":{"line":66,"column":13}}},"3":{"name":"(anonymous_6)","decl":{"start":{"line":48,"column":66},"end":{"line":48,"column":67}},"loc":{"start":{"line":48,"column":78},"end":{"line":48,"column":143}}},"4":{"name":"(anonymous_7)","decl":{"start":{"line":56,"column":61},"end":{"line":56,"column":62}},"loc":{"start":{"line":56,"column":72},"end":{"line":56,"column":140}}}},"branchMap":{"0":{"loc":{"start":{"line":37,"column":16},"end":{"line":65,"column":null}},"type":"if","locations":[{"start":{"line":37,"column":16},"end":{"line":65,"column":null}},{"start":{},"end":{}}]},"1":{"loc":{"start":{"line":43,"column":20},"end":{"line":61,"column":null}},"type":"if","locations":[{"start":{"line":43,"column":20},"end":{"line":61,"column":null}},{"start":{},"end":{}}]},"2":{"loc":{"start":{"line":43,"column":24},"end":{"line":43,"column":40}},"type":"binary-expr","locations":[{"start":{"line":43,"column":24},"end":{"line":43,"column":35}},{"start":{"line":43,"column":35},"end":{"line":43,"column":40}}]},"3":{"loc":{"start":{"line":46,"column":24},"end":{"line":60,"column":null}},"type":"if","locations":[{"start":{"line":46,"column":24},"end":{"line":60,"column":null}},{"start":{"line":54,"column":31},"end":{"line":60,"column":null}}]},"4":{"loc":{"start":{"line":48,"column":42},"end":{"line":48,"column":null}},"type":"binary-expr","locations":[{"start":{"line":48,"column":42},"end":{"line":48,"column":148}},{"start":{"line":48,"column":148},"end":{"line":48,"column":null}}]},"5":{"loc":{"start":{"line":48,"column":78},"end":{"line":48,"column":143}},"type":"binary-expr","locations":[{"start":{"line":48,"column":78},"end":{"line":48,"column":113}},{"start":{"line":48,"column":113},"end":{"line":48,"column":143}}]},"6":{"loc":{"start":{"line":49,"column":28},"end":{"line":53,"column":null}},"type":"if","locations":[{"start":{"line":49,"column":28},"end":{"line":53,"column":null}},{"start":{},"end":{}}]},"7":{"loc":{"start":{"line":56,"column":72},"end":{"line":56,"column":140}},"type":"binary-expr","locations":[{"start":{"line":56,"column":72},"end":{"line":56,"column":107}},{"start":{"line":56,"column":107},"end":{"line":56,"column":140}}]},"8":{"loc":{"start":{"line":57,"column":28},"end":{"line":59,"column":null}},"type":"if","locations":[{"start":{"line":57,"column":28},"end":{"line":59,"column":null}},{"start":{},"end":{}}]}},"s":{"0":0,"1":0,"2":0,"3":0,"4":0,"5":0,"6":0,"7":0,"8":0,"9":0,"10":0,"11":0,"12":0,"13":0,"14":0,"15":0,"16":0,"17":0,"18":0,"19":0,"20":0,"21":0,"22":0,"23":0,"24":0,"25":0,"26":0,"27":0,"28":0},"f":{"0":0,"1":0,"2":0,"3":0,"4":0},"b":{"0":[0,0],"1":[0,0],"2":[0,0],"3":[0,0],"4":[0,0],"5":[0,0],"6":[0,0],"7":[0,0],"8":[0,0]}}
,"/Users/zhongjiafeng/Desktop/5000_Project/github/githubuniver/univer/packages/docs-hyper-link-ui/src/controllers/menu.schema.ts": {"path":"/Users/zhongjiafeng/Desktop/5000_Project/github/githubuniver/univer/packages/docs-hyper-link-ui/src/controllers/menu.schema.ts","statementMap":{"0":{"start":{"line":22,"column":42},"end":{"line":37,"column":null}}},"fnMap":{},"branchMap":{},"s":{"0":0},"f":{},"b":{}}
,"/Users/zhongjiafeng/Desktop/5000_Project/github/githubuniver/univer/packages/docs-hyper-link-ui/src/controllers/menu.ts": {"path":"/Users/zhongjiafeng/Desktop/5000_Project/github/githubuniver/univer/packages/docs-hyper-link-ui/src/controllers/menu.ts","statementMap":{"0":{"start":{"line":26,"column":29},"end":{"line":26,"column":null}},"1":{"start":{"line":29,"column":4},"end":{"line":46,"column":null}},"2":{"start":{"line":37,"column":41},"end":{"line":37,"column":null}},"3":{"start":{"line":38,"column":29},"end":{"line":40,"column":null}},"4":{"start":{"line":39,"column":16},"end":{"line":39,"column":null}},"5":{"start":{"line":42,"column":12},"end":{"line":44,"column":null}},"6":{"start":{"line":43,"column":16},"end":{"line":43,"column":null}},"7":{"start":{"line":49,"column":46},"end":{"line":54,"column":null}}},"fnMap":{"0":{"name":"AddHyperLinkMenuItemFactory","decl":{"start":{"line":28,"column":16},"end":{"line":28,"column":44}},"loc":{"start":{"line":28,"column":82},"end":{"line":47,"column":null}}},"1":{"name":"(anonymous_1)","decl":{"start":{"line":36,"column":34},"end":{"line":36,"column":44}},"loc":{"start":{"line":36,"column":55},"end":{"line":45,"column":9}}},"2":{"name":"(anonymous_2)","decl":{"start":{"line":38,"column":98},"end":{"line":38,"column":104}},"loc":{"start":{"line":38,"column":104},"end":{"line":40,"column":13}}},"3":{"name":"(anonymous_3)","decl":{"start":{"line":42,"column":19},"end":{"line":42,"column":25}},"loc":{"start":{"line":42,"column":25},"end":{"line":44,"column":null}}}},"branchMap":{},"s":{"0":0,"1":0,"2":0,"3":0,"4":0,"5":0,"6":0,"7":0},"f":{"0":0,"1":0,"2":0,"3":0},"b":{}}
,"/Users/zhongjiafeng/Desktop/5000_Project/github/githubuniver/univer/packages/docs-hyper-link-ui/src/controllers/ui.controller.ts": {"path":"/Users/zhongjiafeng/Desktop/5000_Project/github/githubuniver/univer/packages/docs-hyper-link-ui/src/controllers/ui.controller.ts","statementMap":{"0":{"start":{"line":34,"column":7},"end":{"line":81,"column":null}},"1":{"start":{"line":41,"column":8},"end":{"line":41,"column":null}},"2":{"start":{"line":36,"column":51},"end":{"line":36,"column":null}},"3":{"start":{"line":37,"column":42},"end":{"line":37,"column":null}},"4":{"start":{"line":38,"column":46},"end":{"line":38,"column":null}},"5":{"start":{"line":39,"column":43},"end":{"line":39,"column":null}},"6":{"start":{"line":43,"column":8},"end":{"line":43,"column":null}},"7":{"start":{"line":44,"column":8},"end":{"line":44,"column":null}},"8":{"start":{"line":45,"column":8},"end":{"line":45,"column":null}},"9":{"start":{"line":46,"column":8},"end":{"line":46,"column":null}},"10":{"start":{"line":50,"column":9},"end":{"line":56,"column":null}},"11":{"start":{"line":55,"column":12},"end":{"line":55,"column":null}},"12":{"start":{"line":60,"column":8},"end":{"line":69,"column":null}},"13":{"start":{"line":68,"column":12},"end":{"line":68,"column":null}},"14":{"start":{"line":73,"column":8},"end":{"line":75,"column":null}},"15":{"start":{"line":74,"column":12},"end":{"line":74,"column":null}},"16":{"start":{"line":79,"column":8},"end":{"line":79,"column":null}},"17":{"start":{"line":34,"column":13},"end":{"line":34,"column":46}}},"fnMap":{"0":{"name":"(anonymous_3)","decl":{"start":{"line":35,"column":4},"end":{"line":35,"column":null}},"loc":{"start":{"line":40,"column":6},"end":{"line":47,"column":null}}},"1":{"name":"(anonymous_4)","decl":{"start":{"line":49,"column":12},"end":{"line":49,"column":30}},"loc":{"start":{"line":49,"column":30},"end":{"line":57,"column":null}}},"2":{"name":"(anonymous_5)","decl":{"start":{"line":54,"column":28},"end":{"line":54,"column":29}},"loc":{"start":{"line":54,"column":45},"end":{"line":56,"column":9}}},"3":{"name":"(anonymous_6)","decl":{"start":{"line":59,"column":12},"end":{"line":59,"column":28}},"loc":{"start":{"line":59,"column":28},"end":{"line":70,"column":null}}},"4":{"name":"(anonymous_7)","decl":{"start":{"line":67,"column":18},"end":{"line":67,"column":19}},"loc":{"start":{"line":67,"column":31},"end":{"line":69,"column":9}}},"5":{"name":"(anonymous_8)","decl":{"start":{"line":72,"column":12},"end":{"line":72,"column":28}},"loc":{"start":{"line":72,"column":28},"end":{"line":76,"column":null}}},"6":{"name":"(anonymous_9)","decl":{"start":{"line":73,"column":34},"end":{"line":73,"column":35}},"loc":{"start":{"line":73,"column":48},"end":{"line":75,"column":9}}},"7":{"name":"(anonymous_10)","decl":{"start":{"line":78,"column":12},"end":{"line":78,"column":25}},"loc":{"start":{"line":78,"column":25},"end":{"line":80,"column":null}}}},"branchMap":{},"s":{"0":0,"1":0,"2":0,"3":0,"4":0,"5":0,"6":0,"7":0,"8":0,"9":0,"10":0,"11":0,"12":0,"13":0,"14":0,"15":0,"16":0,"17":0},"f":{"0":0,"1":0,"2":0,"3":0,"4":0,"5":0,"6":0,"7":0},"b":{}}
,"/Users/zhongjiafeng/Desktop/5000_Project/github/githubuniver/univer/packages/docs-hyper-link-ui/src/controllers/render-controllers/hyper-link-event.render-controller.ts": {"path":"/Users/zhongjiafeng/Desktop/5000_Project/github/githubuniver/univer/packages/docs-hyper-link-ui/src/controllers/render-controllers/hyper-link-event.render-controller.ts","statementMap":{"0":{"start":{"line":25,"column":7},"end":{"line":104,"column":null}},"1":{"start":{"line":38,"column":8},"end":{"line":38,"column":null}},"2":{"start":{"line":31,"column":25},"end":{"line":31,"column":null}},"3":{"start":{"line":32,"column":57},"end":{"line":32,"column":null}},"4":{"start":{"line":33,"column":42},"end":{"line":33,"column":null}},"5":{"start":{"line":34,"column":59},"end":{"line":34,"column":null}},"6":{"start":{"line":35,"column":60},"end":{"line":35,"column":null}},"7":{"start":{"line":36,"column":61},"end":{"line":36,"column":null}},"8":{"start":{"line":40,"column":8},"end":{"line":42,"column":null}},"9":{"start":{"line":41,"column":12},"end":{"line":41,"column":null}},"10":{"start":{"line":44,"column":8},"end":{"line":44,"column":null}},"11":{"start":{"line":45,"column":8},"end":{"line":45,"column":null}},"12":{"start":{"line":27,"column":8},"end":{"line":27,"column":null}},"13":{"start":{"line":49,"column":8},"end":{"line":53,"column":null}},"14":{"start":{"line":50,"column":12},"end":{"line":52,"column":null}},"15":{"start":{"line":57,"column":8},"end":{"line":84,"column":null}},"16":{"start":{"line":59,"column":29},"end":{"line":59,"column":null}},"17":{"start":{"line":59,"column":52},"end":{"line":59,"column":103}},"18":{"start":{"line":60,"column":37},"end":{"line":60,"column":null}},"19":{"start":{"line":61,"column":41},"end":{"line":61,"column":null}},"20":{"start":{"line":62,"column":16},"end":{"line":65,"column":null}},"21":{"start":{"line":63,"column":20},"end":{"line":63,"column":null}},"22":{"start":{"line":64,"column":20},"end":{"line":64,"column":null}},"23":{"start":{"line":67,"column":16},"end":{"line":82,"column":null}},"24":{"start":{"line":68,"column":20},"end":{"line":79,"column":null}},"25":{"start":{"line":81,"column":20},"end":{"line":81,"column":null}},"26":{"start":{"line":88,"column":8},"end":{"line":102,"column":null}},"27":{"start":{"line":90,"column":29},"end":{"line":90,"column":null}},"28":{"start":{"line":91,"column":16},"end":{"line":100,"column":null}},"29":{"start":{"line":92,"column":20},"end":{"line":99,"column":null}},"30":{"start":{"line":25,"column":13},"end":{"line":25,"column":55}}},"fnMap":{"0":{"name":"(anonymous_3)","decl":{"start":{"line":30,"column":4},"end":{"line":30,"column":null}},"loc":{"start":{"line":37,"column":6},"end":{"line":46,"column":null}}},"1":{"name":"(anonymous_4)","decl":{"start":{"line":26,"column":4},"end":{"line":26,"column":8}},"loc":{"start":{"line":26,"column":20},"end":{"line":28,"column":null}}},"2":{"name":"(anonymous_5)","decl":{"start":{"line":48,"column":12},"end":{"line":48,"column":29}},"loc":{"start":{"line":48,"column":29},"end":{"line":54,"column":null}}},"3":{"name":"(anonymous_6)","decl":{"start":{"line":56,"column":12},"end":{"line":56,"column":25}},"loc":{"start":{"line":56,"column":25},"end":{"line":85,"column":null}}},"4":{"name":"(anonymous_7)","decl":{"start":{"line":58,"column":70},"end":{"line":58,"column":71}},"loc":{"start":{"line":58,"column":82},"end":{"line":83,"column":13}}},"5":{"name":"(anonymous_8)","decl":{"start":{"line":59,"column":41},"end":{"line":59,"column":42}},"loc":{"start":{"line":59,"column":52},"end":{"line":59,"column":103}}},"6":{"name":"(anonymous_9)","decl":{"start":{"line":87,"column":12},"end":{"line":87,"column":25}},"loc":{"start":{"line":87,"column":25},"end":{"line":103,"column":null}}},"7":{"name":"(anonymous_10)","decl":{"start":{"line":89,"column":70},"end":{"line":89,"column":71}},"loc":{"start":{"line":89,"column":81},"end":{"line":101,"column":13}}}},"branchMap":{"0":{"loc":{"start":{"line":40,"column":8},"end":{"line":42,"column":null}},"type":"if","locations":[{"start":{"line":40,"column":8},"end":{"line":42,"column":null}},{"start":{},"end":{}}]},"1":{"loc":{"start":{"line":40,"column":12},"end":{"line":40,"column":125}},"type":"binary-expr","locations":[{"start":{"line":40,"column":12},"end":{"line":40,"column":68}},{"start":{"line":40,"column":68},"end":{"line":40,"column":125}}]},"2":{"loc":{"start":{"line":49,"column":8},"end":{"line":53,"column":null}},"type":"if","locations":[{"start":{"line":49,"column":8},"end":{"line":53,"column":null}},{"start":{},"end":{}}]},"3":{"loc":{"start":{"line":62,"column":16},"end":{"line":65,"column":null}},"type":"if","locations":[{"start":{"line":62,"column":16},"end":{"line":65,"column":null}},{"start":{},"end":{}}]},"4":{"loc":{"start":{"line":62,"column":21},"end":{"line":62,"column":48}},"type":"binary-expr","locations":[{"start":{"line":62,"column":21},"end":{"line":62,"column":40}},{"start":{"line":62,"column":40},"end":{"line":62,"column":48}}]},"5":{"loc":{"start":{"line":67,"column":16},"end":{"line":82,"column":null}},"type":"if","locations":[{"start":{"line":67,"column":16},"end":{"line":82,"column":null}},{"start":{"line":80,"column":23},"end":{"line":82,"column":null}}]},"6":{"loc":{"start":{"line":91,"column":16},"end":{"line":100,"column":null}},"type":"if","locations":[{"start":{"line":91,"column":16},"end":{"line":100,"column":null}},{"start":{},"end":{}}]}},"s":{"0":0,"1":0,"2":0,"3":0,"4":0,"5":0,"6":0,"7":0,"8":0,"9":0,"10":0,"11":0,"12":0,"13":0,"14":0,"15":0,"16":0,"17":0,"18":0,"19":0,"20":0,"21":0,"22":0,"23":0,"24":0,"25":0,"26":0,"27":0,"28":0,"29":0,"30":0},"f":{"0":0,"1":0,"2":0,"3":0,"4":0,"5":0,"6":0,"7":0},"b":{"0":[0,0],"1":[0,0],"2":[0,0],"3":[0,0],"4":[0,0],"5":[0,0],"6":[0,0]}}
,"/Users/zhongjiafeng/Desktop/5000_Project/github/githubuniver/univer/packages/docs-hyper-link-ui/src/controllers/render-controllers/render.controller.ts": {"path":"/Users/zhongjiafeng/Desktop/5000_Project/github/githubuniver/univer/packages/docs-hyper-link-ui/src/controllers/render-controllers/render.controller.ts","statementMap":{"0":{"start":{"line":25,"column":7},"end":{"line":82,"column":null}},"1":{"start":{"line":32,"column":8},"end":{"line":32,"column":null}},"2":{"start":{"line":27,"column":25},"end":{"line":27,"column":null}},"3":{"start":{"line":28,"column":56},"end":{"line":28,"column":null}},"4":{"start":{"line":29,"column":59},"end":{"line":29,"column":null}},"5":{"start":{"line":30,"column":54},"end":{"line":30,"column":null}},"6":{"start":{"line":34,"column":8},"end":{"line":34,"column":null}},"7":{"start":{"line":35,"column":8},"end":{"line":35,"column":null}},"8":{"start":{"line":39,"column":8},"end":{"line":61,"column":null}},"9":{"start":{"line":41,"column":16},"end":{"line":43,"column":null}},"10":{"start":{"line":42,"column":20},"end":{"line":42,"column":null}},"11":{"start":{"line":44,"column":42},"end":{"line":44,"column":null}},"12":{"start":{"line":45,"column":35},"end":{"line":45,"column":null}},"13":{"start":{"line":47,"column":16},"end":{"line":52,"column":null}},"14":{"start":{"line":48,"column":20},"end":{"line":51,"column":null}},"15":{"start":{"line":53,"column":77},"end":{"line":53,"column":null}},"16":{"start":{"line":54,"column":33},"end":{"line":54,"column":null}},"17":{"start":{"line":56,"column":16},"end":{"line":59,"column":null}},"18":{"start":{"line":65,"column":8},"end":{"line":80,"column":null}},"19":{"start":{"line":67,"column":52},"end":{"line":67,"column":152}},"20":{"start":{"line":71,"column":16},"end":{"line":79,"column":null}},"21":{"start":{"line":72,"column":20},"end":{"line":74,"column":null}},"22":{"start":{"line":73,"column":24},"end":{"line":73,"column":null}},"23":{"start":{"line":76,"column":20},"end":{"line":78,"column":null}},"24":{"start":{"line":77,"column":24},"end":{"line":77,"column":null}},"25":{"start":{"line":25,"column":13},"end":{"line":25,"column":50}}},"fnMap":{"0":{"name":"(anonymous_3)","decl":{"start":{"line":26,"column":4},"end":{"line":26,"column":null}},"loc":{"start":{"line":31,"column":6},"end":{"line":36,"column":null}}},"1":{"name":"(anonymous_4)","decl":{"start":{"line":38,"column":12},"end":{"line":38,"column":20}},"loc":{"start":{"line":38,"column":20},"end":{"line":62,"column":null}}},"2":{"name":"(anonymous_5)","decl":{"start":{"line":40,"column":21},"end":{"line":40,"column":22}},"loc":{"start":{"line":40,"column":42},"end":{"line":60,"column":null}}},"3":{"name":"(anonymous_6)","decl":{"start":{"line":64,"column":12},"end":{"line":64,"column":28}},"loc":{"start":{"line":64,"column":28},"end":{"line":81,"column":null}}},"4":{"name":"(anonymous_7)","decl":{"start":{"line":67,"column":37},"end":{"line":67,"column":38}},"loc":{"start":{"line":67,"column":52},"end":{"line":67,"column":152}}},"5":{"name":"(anonymous_8)","decl":{"start":{"line":70,"column":23},"end":{"line":70,"column":24}},"loc":{"start":{"line":70,"column":44},"end":{"line":80,"column":13}}}},"branchMap":{"0":{"loc":{"start":{"line":41,"column":16},"end":{"line":43,"column":null}},"type":"if","locations":[{"start":{"line":41,"column":16},"end":{"line":43,"column":null}},{"start":{},"end":{}}]},"1":{"loc":{"start":{"line":47,"column":16},"end":{"line":52,"column":null}},"type":"if","locations":[{"start":{"line":47,"column":16},"end":{"line":52,"column":null}},{"start":{},"end":{}}]},"2":{"loc":{"start":{"line":54,"column":33},"end":{"line":54,"column":null}},"type":"binary-expr","locations":[{"start":{"line":54,"column":33},"end":{"line":54,"column":58}},{"start":{"line":54,"column":58},"end":{"line":54,"column":85}},{"start":{"line":54,"column":85},"end":{"line":54,"column":108}},{"start":{"line":54,"column":108},"end":{"line":54,"column":null}}]},"3":{"loc":{"start":{"line":67,"column":52},"end":{"line":67,"column":152}},"type":"binary-expr","locations":[{"start":{"line":67,"column":52},"end":{"line":67,"column":84}},{"start":{"line":67,"column":84},"end":{"line":67,"column":116}},{"start":{"line":67,"column":116},"end":{"line":67,"column":152}}]},"4":{"loc":{"start":{"line":71,"column":16},"end":{"line":79,"column":null}},"type":"if","locations":[{"start":{"line":71,"column":16},"end":{"line":79,"column":null}},{"start":{"line":75,"column":23},"end":{"line":79,"column":null}}]},"5":{"loc":{"start":{"line":72,"column":20},"end":{"line":74,"column":null}},"type":"if","locations":[{"start":{"line":72,"column":20},"end":{"line":74,"column":null}},{"start":{},"end":{}}]},"6":{"loc":{"start":{"line":76,"column":20},"end":{"line":78,"column":null}},"type":"if","locations":[{"start":{"line":76,"column":20},"end":{"line":78,"column":null}},{"start":{},"end":{}}]},"7":{"loc":{"start":{"line":76,"column":24},"end":{"line":76,"column":76}},"type":"binary-expr","locations":[{"start":{"line":76,"column":24},"end":{"line":76,"column":35}},{"start":{"line":76,"column":35},"end":{"line":76,"column":76}}]}},"s":{"0":0,"1":0,"2":0,"3":0,"4":0,"5":0,"6":0,"7":0,"8":0,"9":0,"10":0,"11":0,"12":0,"13":0,"14":0,"15":0,"16":0,"17":0,"18":0,"19":0,"20":0,"21":0,"22":0,"23":0,"24":0,"25":0},"f":{"0":0,"1":0,"2":0,"3":0,"4":0,"5":0},"b":{"0":[0,0],"1":[0,0],"2":[0,0,0,0],"3":[0,0,0],"4":[0,0],"5":[0,0],"6":[0,0],"7":[0,0]}}
,"/Users/zhongjiafeng/Desktop/5000_Project/github/githubuniver/univer/packages/docs-hyper-link-ui/src/services/hyper-link-popup.service.ts": {"path":"/Users/zhongjiafeng/Desktop/5000_Project/github/githubuniver/univer/packages/docs-hyper-link-ui/src/services/hyper-link-popup.service.ts","statementMap":{"0":{"start":{"line":34,"column":7},"end":{"line":155,"column":null}},"1":{"start":{"line":48,"column":8},"end":{"line":48,"column":null}},"2":{"start":{"line":44,"column":61},"end":{"line":44,"column":null}},"3":{"start":{"line":45,"column":61},"end":{"line":45,"column":null}},"4":{"start":{"line":46,"column":49},"end":{"line":46,"column":null}},"5":{"start":{"line":50,"column":8},"end":{"line":53,"column":null}},"6":{"start":{"line":51,"column":12},"end":{"line":51,"column":null}},"7":{"start":{"line":52,"column":12},"end":{"line":52,"column":null}},"8":{"start":{"line":35,"column":37},"end":{"line":35,"column":null}},"9":{"start":{"line":36,"column":37},"end":{"line":36,"column":null}},"10":{"start":{"line":37,"column":28},"end":{"line":37,"column":null}},"11":{"start":{"line":38,"column":28},"end":{"line":38,"column":null}},"12":{"start":{"line":40,"column":48},"end":{"line":40,"column":null}},"13":{"start":{"line":41,"column":48},"end":{"line":41,"column":null}},"14":{"start":{"line":57,"column":8},"end":{"line":57,"column":null}},"15":{"start":{"line":61,"column":8},"end":{"line":61,"column":null}},"16":{"start":{"line":65,"column":8},"end":{"line":67,"column":null}},"17":{"start":{"line":66,"column":12},"end":{"line":66,"column":null}},"18":{"start":{"line":68,"column":8},"end":{"line":68,"column":null}},"19":{"start":{"line":69,"column":27},"end":{"line":69,"column":null}},"20":{"start":{"line":70,"column":26},"end":{"line":70,"column":null}},"21":{"start":{"line":72,"column":8},"end":{"line":86,"column":null}},"22":{"start":{"line":73,"column":69},"end":{"line":73,"column":null}},"23":{"start":{"line":74,"column":12},"end":{"line":80,"column":null}},"24":{"start":{"line":82,"column":12},"end":{"line":85,"column":null}},"25":{"start":{"line":88,"column":8},"end":{"line":98,"column":null}},"26":{"start":{"line":89,"column":12},"end":{"line":96,"column":null}},"27":{"start":{"line":97,"column":12},"end":{"line":97,"column":null}},"28":{"start":{"line":100,"column":8},"end":{"line":100,"column":null}},"29":{"start":{"line":104,"column":8},"end":{"line":104,"column":null}},"30":{"start":{"line":105,"column":8},"end":{"line":105,"column":null}},"31":{"start":{"line":109,"column":81},"end":{"line":109,"column":null}},"32":{"start":{"line":110,"column":8},"end":{"line":119,"column":null}},"33":{"start":{"line":118,"column":12},"end":{"line":118,"column":null}},"34":{"start":{"line":121,"column":8},"end":{"line":123,"column":null}},"35":{"start":{"line":122,"column":12},"end":{"line":122,"column":null}},"36":{"start":{"line":124,"column":20},"end":{"line":124,"column":null}},"37":{"start":{"line":125,"column":8},"end":{"line":127,"column":null}},"38":{"start":{"line":126,"column":12},"end":{"line":126,"column":null}},"39":{"start":{"line":128,"column":8},"end":{"line":128,"column":null}},"40":{"start":{"line":130,"column":8},"end":{"line":147,"column":null}},"41":{"start":{"line":143,"column":20},"end":{"line":143,"column":null}},"42":{"start":{"line":148,"column":8},"end":{"line":148,"column":null}},"43":{"start":{"line":152,"column":8},"end":{"line":152,"column":null}},"44":{"start":{"line":153,"column":8},"end":{"line":153,"column":null}},"45":{"start":{"line":34,"column":13},"end":{"line":34,"column":46}}},"fnMap":{"0":{"name":"(anonymous_3)","decl":{"start":{"line":43,"column":4},"end":{"line":43,"column":null}},"loc":{"start":{"line":47,"column":6},"end":{"line":54,"column":null}}},"1":{"name":"(anonymous_4)","decl":{"start":{"line":50,"column":27},"end":{"line":50,"column":33}},"loc":{"start":{"line":50,"column":33},"end":{"line":53,"column":9}}},"2":{"name":"(anonymous_5)","decl":{"start":{"line":56,"column":4},"end":{"line":56,"column":8}},"loc":{"start":{"line":56,"column":18},"end":{"line":58,"column":null}}},"3":{"name":"(anonymous_6)","decl":{"start":{"line":60,"column":4},"end":{"line":60,"column":8}},"loc":{"start":{"line":60,"column":18},"end":{"line":62,"column":null}}},"4":{"name":"(anonymous_7)","decl":{"start":{"line":64,"column":4},"end":{"line":64,"column":18}},"loc":{"start":{"line":64,"column":88},"end":{"line":101,"column":null}}},"5":{"name":"(anonymous_8)","decl":{"start":{"line":103,"column":4},"end":{"line":103,"column":20}},"loc":{"start":{"line":103,"column":20},"end":{"line":106,"column":null}}},"6":{"name":"(anonymous_9)","decl":{"start":{"line":108,"column":4},"end":{"line":108,"column":18}},"loc":{"start":{"line":108,"column":58},"end":{"line":149,"column":null}}},"7":{"name":"(anonymous_10)","decl":{"start":{"line":142,"column":32},"end":{"line":142,"column":38}},"loc":{"start":{"line":142,"column":38},"end":{"line":144,"column":null}}},"8":{"name":"(anonymous_11)","decl":{"start":{"line":151,"column":4},"end":{"line":151,"column":20}},"loc":{"start":{"line":151,"column":20},"end":{"line":154,"column":null}}}},"branchMap":{"0":{"loc":{"start":{"line":65,"column":8},"end":{"line":67,"column":null}},"type":"if","locations":[{"start":{"line":65,"column":8},"end":{"line":67,"column":null}},{"start":{},"end":{}}]},"1":{"loc":{"start":{"line":72,"column":8},"end":{"line":86,"column":null}},"type":"if","locations":[{"start":{"line":72,"column":8},"end":{"line":86,"column":null}},{"start":{},"end":{}}]},"2":{"loc":{"start":{"line":88,"column":8},"end":{"line":98,"column":null}},"type":"if","locations":[{"start":{"line":88,"column":8},"end":{"line":98,"column":null}},{"start":{},"end":{}}]},"3":{"loc":{"start":{"line":110,"column":8},"end":{"line":119,"column":null}},"type":"if","locations":[{"start":{"line":110,"column":8},"end":{"line":119,"column":null}},{"start":{},"end":{}}]},"4":{"loc":{"start":{"line":111,"column":12},"end":{"line":116,"column":null}},"type":"binary-expr","locations":[{"start":{"line":111,"column":12},"end":{"line":111,"column":null}},{"start":{"line":112,"column":12},"end":{"line":112,"column":null}},{"start":{"line":113,"column":12},"end":{"line":113,"column":null}},{"start":{"line":114,"column":12},"end":{"line":114,"column":null}},{"start":{"line":115,"column":12},"end":{"line":115,"column":null}},{"start":{"line":116,"column":12},"end":{"line":116,"column":null}}]},"5":{"loc":{"start":{"line":121,"column":8},"end":{"line":123,"column":null}},"type":"if","locations":[{"start":{"line":121,"column":8},"end":{"line":123,"column":null}},{"start":{},"end":{}}]},"6":{"loc":{"start":{"line":125,"column":8},"end":{"line":127,"column":null}},"type":"if","locations":[{"start":{"line":125,"column":8},"end":{"line":127,"column":null}},{"start":{},"end":{}}]}},"s":{"0":0,"1":0,"2":0,"3":0,"4":0,"5":0,"6":0,"7":0,"8":0,"9":0,"10":0,"11":0,"12":0,"13":0,"14":0,"15":0,"16":0,"17":0,"18":0,"19":0,"20":0,"21":0,"22":0,"23":0,"24":0,"25":0,"26":0,"27":0,"28":0,"29":0,"30":0,"31":0,"32":0,"33":0,"34":0,"35":0,"36":0,"37":0,"38":0,"39":0,"40":0,"41":0,"42":0,"43":0,"44":0,"45":0},"f":{"0":0,"1":0,"2":0,"3":0,"4":0,"5":0,"6":0,"7":0,"8":0},"b":{"0":[0,0],"1":[0,0],"2":[0,0],"3":[0,0],"4":[0,0,0,0,0,0],"5":[0,0],"6":[0,0]}}
,"/Users/zhongjiafeng/Desktop/5000_Project/github/githubuniver/univer/packages/docs-hyper-link-ui/src/types/const/index.ts": {"path":"/Users/zhongjiafeng/Desktop/5000_Project/github/githubuniver/univer/packages/docs-hyper-link-ui/src/types/const/index.ts","statementMap":{"0":{"start":{"line":17,"column":40},"end":{"line":17,"column":null}}},"fnMap":{},"branchMap":{},"s":{"0":0},"f":{},"b":{}}
,"/Users/zhongjiafeng/Desktop/5000_Project/github/githubuniver/univer/packages/docs-hyper-link-ui/src/views/hyper-link-edit/index.tsx": {"path":"/Users/zhongjiafeng/Desktop/5000_Project/github/githubuniver/univer/packages/docs-hyper-link-ui/src/views/hyper-link-edit/index.tsx","statementMap":{"0":{"start":{"line":29,"column":20},"end":{"line":29,"column":null}},"1":{"start":{"line":30,"column":4},"end":{"line":30,"column":null}},"2":{"start":{"line":34,"column":20},"end":{"line":34,"column":null}},"3":{"start":{"line":35,"column":4},"end":{"line":35,"column":null}},"4":{"start":{"line":39,"column":4},"end":{"line":39,"column":null}},"5":{"start":{"line":42,"column":32},"end":{"line":173,"column":null}},"6":{"start":{"line":43,"column":29},"end":{"line":43,"column":null}},"7":{"start":{"line":44,"column":26},"end":{"line":44,"column":null}},"8":{"start":{"line":45,"column":20},"end":{"line":45,"column":null}},"9":{"start":{"line":46,"column":27},"end":{"line":46,"column":null}},"10":{"start":{"line":47,"column":34},"end":{"line":47,"column":null}},"11":{"start":{"line":49,"column":39},"end":{"line":49,"column":null}},"12":{"start":{"line":50,"column":28},"end":{"line":50,"column":null}},"13":{"start":{"line":51,"column":30},"end":{"line":51,"column":null}},"14":{"start":{"line":52,"column":38},"end":{"line":52,"column":null}},"15":{"start":{"line":53,"column":20},"end":{"line":53,"column":null}},"16":{"start":{"line":54,"column":16},"end":{"line":56,"column":null}},"17":{"start":{"line":58,"column":4},"end":{"line":80,"column":null}},"18":{"start":{"line":59,"column":28},"end":{"line":59,"column":null}},"19":{"start":{"line":60,"column":8},"end":{"line":62,"column":null}},"20":{"start":{"line":61,"column":12},"end":{"line":61,"column":null}},"21":{"start":{"line":64,"column":8},"end":{"line":72,"column":null}},"22":{"start":{"line":65,"column":25},"end":{"line":65,"column":null}},"23":{"start":{"line":66,"column":33},"end":{"line":66,"column":null}},"24":{"start":{"line":66,"column":65},"end":{"line":66,"column":168}},"25":{"start":{"line":67,"column":12},"end":{"line":70,"column":null}},"26":{"start":{"line":68,"column":16},"end":{"line":68,"column":null}},"27":{"start":{"line":69,"column":16},"end":{"line":69,"column":null}},"28":{"start":{"line":71,"column":12},"end":{"line":71,"column":null}},"29":{"start":{"line":74,"column":21},"end":{"line":74,"column":null}},"30":{"start":{"line":75,"column":26},"end":{"line":75,"column":null}},"31":{"start":{"line":76,"column":29},"end":{"line":76,"column":null}},"32":{"start":{"line":77,"column":8},"end":{"line":79,"column":null}},"33":{"start":{"line":78,"column":12},"end":{"line":78,"column":null}},"34":{"start":{"line":82,"column":25},"end":{"line":84,"column":null}},"35":{"start":{"line":83,"column":8},"end":{"line":83,"column":null}},"36":{"start":{"line":85,"column":26},"end":{"line":111,"column":null}},"37":{"start":{"line":86,"column":8},"end":{"line":86,"column":null}},"38":{"start":{"line":87,"column":8},"end":{"line":89,"column":null}},"39":{"start":{"line":88,"column":12},"end":{"line":88,"column":null}},"40":{"start":{"line":90,"column":26},"end":{"line":90,"column":null}},"41":{"start":{"line":92,"column":8},"end":{"line":109,"column":null}},"42":{"start":{"line":93,"column":12},"end":{"line":96,"column":null}},"43":{"start":{"line":98,"column":12},"end":{"line":100,"column":null}},"44":{"start":{"line":99,"column":16},"end":{"line":99,"column":null}},"45":{"start":{"line":102,"column":12},"end":{"line":108,"column":null}},"46":{"start":{"line":110,"column":8},"end":{"line":110,"column":null}},"47":{"start":{"line":113,"column":4},"end":{"line":115,"column":null}},"48":{"start":{"line":114,"column":8},"end":{"line":114,"column":null}},"49":{"start":{"line":117,"column":4},"end":{"line":171,"column":null}},"50":{"start":{"line":131,"column":36},"end":{"line":133,"column":null}},"51":{"start":{"line":132,"column":40},"end":{"line":132,"column":null}},"52":{"start":{"line":148,"column":28},"end":{"line":150,"column":null}},"53":{"start":{"line":149,"column":32},"end":{"line":149,"column":null}},"54":{"start":{"line":175,"column":0},"end":{"line":175,"column":null}}},"fnMap":{"0":{"name":"hasProtocol","decl":{"start":{"line":28,"column":9},"end":{"line":28,"column":21}},"loc":{"start":{"line":28,"column":40},"end":{"line":31,"column":null}}},"1":{"name":"isEmail","decl":{"start":{"line":33,"column":9},"end":{"line":33,"column":17}},"loc":{"start":{"line":33,"column":30},"end":{"line":36,"column":null}}},"2":{"name":"transformUrl","decl":{"start":{"line":38,"column":9},"end":{"line":38,"column":22}},"loc":{"start":{"line":38,"column":38},"end":{"line":40,"column":null}}},"3":{"name":"(anonymous_3)","decl":{"start":{"line":42,"column":32},"end":{"line":42,"column":38}},"loc":{"start":{"line":42,"column":38},"end":{"line":173,"column":null}}},"4":{"name":"(anonymous_4)","decl":{"start":{"line":58,"column":14},"end":{"line":58,"column":20}},"loc":{"start":{"line":58,"column":20},"end":{"line":80,"column":7}}},"5":{"name":"(anonymous_5)","decl":{"start":{"line":66,"column":58},"end":{"line":66,"column":59}},"loc":{"start":{"line":66,"column":65},"end":{"line":66,"column":168}}},"6":{"name":"(anonymous_6)","decl":{"start":{"line":82,"column":25},"end":{"line":82,"column":31}},"loc":{"start":{"line":82,"column":31},"end":{"line":84,"column":null}}},"7":{"name":"(anonymous_7)","decl":{"start":{"line":85,"column":26},"end":{"line":85,"column":32}},"loc":{"start":{"line":85,"column":32},"end":{"line":111,"column":null}}},"8":{"name":"(anonymous_8)","decl":{"start":{"line":130,"column":43},"end":{"line":130,"column":44}},"loc":{"start":{"line":130,"column":52},"end":{"line":134,"column":null}}},"9":{"name":"(anonymous_9)","decl":{"start":{"line":147,"column":35},"end":{"line":147,"column":36}},"loc":{"start":{"line":147,"column":44},"end":{"line":151,"column":null}}}},"branchMap":{"0":{"loc":{"start":{"line":39,"column":11},"end":{"line":39,"column":null}},"type":"cond-expr","locations":[{"start":{"line":39,"column":33},"end":{"line":39,"column":42}},{"start":{"line":39,"column":42},"end":{"line":39,"column":null}}]},"1":{"loc":{"start":{"line":39,"column":42},"end":{"line":39,"column":null}},"type":"cond-expr","locations":[{"start":{"line":39,"column":60},"end":{"line":39,"column":83}},{"start":{"line":39,"column":83},"end":{"line":39,"column":null}}]},"2":{"loc":{"start":{"line":54,"column":16},"end":{"line":56,"column":null}},"type":"cond-expr","locations":[{"start":{"line":55,"column":10},"end":{"line":55,"column":null}},{"start":{"line":56,"column":8},"end":{"line":56,"column":null}}]},"3":{"loc":{"start":{"line":60,"column":8},"end":{"line":62,"column":null}},"type":"if","locations":[{"start":{"line":60,"column":8},"end":{"line":62,"column":null}},{"start":{},"end":{}}]},"4":{"loc":{"start":{"line":64,"column":8},"end":{"line":72,"column":null}},"type":"if","locations":[{"start":{"line":64,"column":8},"end":{"line":72,"column":null}},{"start":{},"end":{}}]},"5":{"loc":{"start":{"line":66,"column":65},"end":{"line":66,"column":168}},"type":"binary-expr","locations":[{"start":{"line":66,"column":65},"end":{"line":66,"column":98}},{"start":{"line":66,"column":98},"end":{"line":66,"column":137}},{"start":{"line":66,"column":137},"end":{"line":66,"column":168}}]},"6":{"loc":{"start":{"line":67,"column":12},"end":{"line":70,"column":null}},"type":"if","locations":[{"start":{"line":67,"column":12},"end":{"line":70,"column":null}},{"start":{},"end":{}}]},"7":{"loc":{"start":{"line":67,"column":16},"end":{"line":67,"column":37}},"type":"binary-expr","locations":[{"start":{"line":67,"column":16},"end":{"line":67,"column":23}},{"start":{"line":67,"column":23},"end":{"line":67,"column":37}}]},"8":{"loc":{"start":{"line":68,"column":24},"end":{"line":68,"column":58}},"type":"binary-expr","locations":[{"start":{"line":68,"column":24},"end":{"line":68,"column":56}},{"start":{"line":68,"column":56},"end":{"line":68,"column":58}}]},"9":{"loc":{"start":{"line":75,"column":26},"end":{"line":75,"column":null}},"type":"cond-expr","locations":[{"start":{"line":75,"column":33},"end":{"line":75,"column":47}},{"start":{"line":75,"column":47},"end":{"line":75,"column":null}}]},"10":{"loc":{"start":{"line":76,"column":29},"end":{"line":76,"column":null}},"type":"binary-expr","locations":[{"start":{"line":76,"column":29},"end":{"line":76,"column":42}},{"start":{"line":76,"column":42},"end":{"line":76,"column":null}}]},"11":{"loc":{"start":{"line":76,"column":118},"end":{"line":76,"column":142}},"type":"binary-expr","locations":[{"start":{"line":76,"column":118},"end":{"line":76,"column":140}},{"start":{"line":76,"column":140},"end":{"line":76,"column":142}}]},"12":{"loc":{"start":{"line":77,"column":8},"end":{"line":79,"column":null}},"type":"if","locations":[{"start":{"line":77,"column":8},"end":{"line":79,"column":null}},{"start":{},"end":{}}]},"13":{"loc":{"start":{"line":77,"column":12},"end":{"line":77,"column":33}},"type":"binary-expr","locations":[{"start":{"line":77,"column":12},"end":{"line":77,"column":19}},{"start":{"line":77,"column":19},"end":{"line":77,"column":33}}]},"14":{"loc":{"start":{"line":78,"column":20},"end":{"line":78,"column":55}},"type":"binary-expr","locations":[{"start":{"line":78,"column":20},"end":{"line":78,"column":53}},{"start":{"line":78,"column":53},"end":{"line":78,"column":55}}]},"15":{"loc":{"start":{"line":87,"column":8},"end":{"line":89,"column":null}},"type":"if","locations":[{"start":{"line":87,"column":8},"end":{"line":89,"column":null}},{"start":{},"end":{}}]},"16":{"loc":{"start":{"line":87,"column":12},"end":{"line":87,"column":30}},"type":"binary-expr","locations":[{"start":{"line":87,"column":12},"end":{"line":87,"column":24}},{"start":{"line":87,"column":24},"end":{"line":87,"column":30}}]},"17":{"loc":{"start":{"line":92,"column":8},"end":{"line":109,"column":null}},"type":"if","locations":[{"start":{"line":92,"column":8},"end":{"line":109,"column":null}},{"start":{"line":97,"column":15},"end":{"line":109,"column":null}}]},"18":{"loc":{"start":{"line":98,"column":12},"end":{"line":100,"column":null}},"type":"if","locations":[{"start":{"line":98,"column":12},"end":{"line":100,"column":null}},{"start":{},"end":{}}]},"19":{"loc":{"start":{"line":113,"column":4},"end":{"line":115,"column":null}},"type":"if","locations":[{"start":{"line":113,"column":4},"end":{"line":115,"column":null}},{"start":{},"end":{}}]},"20":{"loc":{"start":{"line":120,"column":17},"end":{"line":138,"column":null}},"type":"cond-expr","locations":[{"start":{"line":122,"column":24},"end":{"line":136,"column":null}},{"start":{"line":138,"column":22},"end":{"line":138,"column":null}}]},"21":{"loc":{"start":{"line":124,"column":35},"end":{"line":124,"column":null}},"type":"cond-expr","locations":[{"start":{"line":124,"column":57},"end":{"line":124,"column":102}},{"start":{"line":124,"column":102},"end":{"line":124,"column":null}}]},"22":{"loc":{"start":{"line":124,"column":35},"end":{"line":124,"column":57}},"type":"binary-expr","locations":[{"start":{"line":124,"column":35},"end":{"line":124,"column":48}},{"start":{"line":124,"column":48},"end":{"line":124,"column":57}}]},"23":{"loc":{"start":{"line":131,"column":36},"end":{"line":133,"column":null}},"type":"if","locations":[{"start":{"line":131,"column":36},"end":{"line":133,"column":null}},{"start":{},"end":{}}]},"24":{"loc":{"start":{"line":141,"column":27},"end":{"line":141,"column":null}},"type":"cond-expr","locations":[{"start":{"line":141,"column":51},"end":{"line":141,"column":98}},{"start":{"line":141,"column":98},"end":{"line":141,"column":null}}]},"25":{"loc":{"start":{"line":141,"column":27},"end":{"line":141,"column":51}},"type":"binary-expr","locations":[{"start":{"line":141,"column":27},"end":{"line":141,"column":40}},{"start":{"line":141,"column":40},"end":{"line":141,"column":51}}]},"26":{"loc":{"start":{"line":148,"column":28},"end":{"line":150,"column":null}},"type":"if","locations":[{"start":{"line":148,"column":28},"end":{"line":150,"column":null}},{"start":{},"end":{}}]}},"s":{"0":0,"1":0,"2":0,"3":0,"4":0,"5":0,"6":0,"7":0,"8":0,"9":0,"10":0,"11":0,"12":0,"13":0,"14":0,"15":0,"16":0,"17":0,"18":0,"19":0,"20":0,"21":0,"22":0,"23":0,"24":0,"25":0,"26":0,"27":0,"28":0,"29":0,"30":0,"31":0,"32":0,"33":0,"34":0,"35":0,"36":0,"37":0,"38":0,"39":0,"40":0,"41":0,"42":0,"43":0,"44":0,"45":0,"46":0,"47":0,"48":0,"49":0,"50":0,"51":0,"52":0,"53":0,"54":0},"f":{"0":0,"1":0,"2":0,"3":0,"4":0,"5":0,"6":0,"7":0,"8":0,"9":0},"b":{"0":[0,0],"1":[0,0],"2":[0,0],"3":[0,0],"4":[0,0],"5":[0,0,0],"6":[0,0],"7":[0,0],"8":[0,0],"9":[0,0],"10":[0,0],"11":[0,0],"12":[0,0],"13":[0,0],"14":[0,0],"15":[0,0],"16":[0,0],"17":[0,0],"18":[0,0],"19":[0,0],"20":[0,0],"21":[0,0],"22":[0,0],"23":[0,0],"24":[0,0],"25":[0,0],"26":[0,0]}}
,"/Users/zhongjiafeng/Desktop/5000_Project/github/githubuniver/univer/packages/docs-hyper-link-ui/src/views/hyper-link-popup/index.tsx": {"path":"/Users/zhongjiafeng/Desktop/5000_Project/github/githubuniver/univer/packages/docs-hyper-link-ui/src/views/hyper-link-popup/index.tsx","statementMap":{"0":{"start":{"line":27,"column":28},"end":{"line":109,"column":null}},"1":{"start":{"line":28,"column":29},"end":{"line":28,"column":null}},"2":{"start":{"line":29,"column":27},"end":{"line":29,"column":null}},"3":{"start":{"line":30,"column":27},"end":{"line":30,"column":null}},"4":{"start":{"line":31,"column":26},"end":{"line":31,"column":null}},"5":{"start":{"line":32,"column":25},"end":{"line":32,"column":null}},"6":{"start":{"line":33,"column":34},"end":{"line":33,"column":null}},"7":{"start":{"line":34,"column":4},"end":{"line":36,"column":null}},"8":{"start":{"line":35,"column":8},"end":{"line":35,"column":null}},"9":{"start":{"line":38,"column":64},"end":{"line":38,"column":null}},"10":{"start":{"line":39,"column":16},"end":{"line":39,"column":null}},"11":{"start":{"line":40,"column":17},"end":{"line":40,"column":null}},"12":{"start":{"line":41,"column":17},"end":{"line":41,"column":null}},"13":{"start":{"line":41,"column":53},"end":{"line":41,"column":192}},"14":{"start":{"line":43,"column":4},"end":{"line":45,"column":null}},"15":{"start":{"line":44,"column":8},"end":{"line":44,"column":null}},"16":{"start":{"line":47,"column":16},"end":{"line":47,"column":null}},"17":{"start":{"line":49,"column":4},"end":{"line":107,"column":null}},"18":{"start":{"line":53,"column":16},"end":{"line":53,"column":null}},"19":{"start":{"line":56,"column":72},"end":{"line":56,"column":null}},"20":{"start":{"line":68,"column":24},"end":{"line":68,"column":null}},"21":{"start":{"line":69,"column":24},"end":{"line":72,"column":null}},"22":{"start":{"line":83,"column":24},"end":{"line":85,"column":null}},"23":{"start":{"line":95,"column":24},"end":{"line":99,"column":null}},"24":{"start":{"line":111,"column":0},"end":{"line":111,"column":null}}},"fnMap":{"0":{"name":"(anonymous_0)","decl":{"start":{"line":27,"column":28},"end":{"line":27,"column":34}},"loc":{"start":{"line":27,"column":34},"end":{"line":109,"column":null}}},"1":{"name":"(anonymous_1)","decl":{"start":{"line":41,"column":42},"end":{"line":41,"column":43}},"loc":{"start":{"line":41,"column":53},"end":{"line":41,"column":192}}},"2":{"name":"(anonymous_2)","decl":{"start":{"line":52,"column":21},"end":{"line":52,"column":27}},"loc":{"start":{"line":52,"column":27},"end":{"line":54,"column":null}}},"3":{"name":"(anonymous_3)","decl":{"start":{"line":56,"column":66},"end":{"line":56,"column":72}},"loc":{"start":{"line":56,"column":72},"end":{"line":56,"column":null}}},"4":{"name":"(anonymous_4)","decl":{"start":{"line":67,"column":29},"end":{"line":67,"column":35}},"loc":{"start":{"line":67,"column":35},"end":{"line":73,"column":null}}},"5":{"name":"(anonymous_5)","decl":{"start":{"line":82,"column":29},"end":{"line":82,"column":35}},"loc":{"start":{"line":82,"column":35},"end":{"line":86,"column":null}}},"6":{"name":"(anonymous_6)","decl":{"start":{"line":94,"column":29},"end":{"line":94,"column":35}},"loc":{"start":{"line":94,"column":35},"end":{"line":100,"column":null}}}},"branchMap":{"0":{"loc":{"start":{"line":34,"column":4},"end":{"line":36,"column":null}},"type":"if","locations":[{"start":{"line":34,"column":4},"end":{"line":36,"column":null}},{"start":{},"end":{}}]},"1":{"loc":{"start":{"line":41,"column":53},"end":{"line":41,"column":192}},"type":"binary-expr","locations":[{"start":{"line":41,"column":53},"end":{"line":41,"column":81}},{"start":{"line":41,"column":81},"end":{"line":41,"column":130}},{"start":{"line":41,"column":130},"end":{"line":41,"column":165}},{"start":{"line":41,"column":165},"end":{"line":41,"column":192}}]},"2":{"loc":{"start":{"line":43,"column":4},"end":{"line":45,"column":null}},"type":"if","locations":[{"start":{"line":43,"column":4},"end":{"line":45,"column":null}},{"start":{},"end":{}}]}},"s":{"0":0,"1":0,"2":0,"3":0,"4":0,"5":0,"6":0,"7":0,"8":0,"9":0,"10":0,"11":0,"12":0,"13":0,"14":0,"15":0,"16":0,"17":0,"18":0,"19":0,"20":0,"21":0,"22":0,"23":0,"24":0},"f":{"0":0,"1":0,"2":0,"3":0,"4":0,"5":0,"6":0},"b":{"0":[0,0],"1":[0,0,0,0],"2":[0,0]}}
}
